detect commit
-------------------------------------------------------------
--- for qualifying rounds (vs cheese,teriyaki,clubhouse) ---  
              vs cheese    vs teriyaki    vs clubhouse
winning rate:      1.00           1.00            0.95
onekill win :      0.00           0.27            0.09
onekill lose:      0.00           0.00            0.00
my_score:          5.00           9.32            8.05
enemy_score:       1.00           1.64            2.05

number of games: 22
total_winning_rate   :  0.95
total_onekill_rate   :  0.00
total_score(my)      :  22.36
total_score(enemy)   :  4.35
total_score(my-enemy):  18.02

--- for final rounds ---  
              vs enemy_bot_level4    vs enemy_bot_level5    vs enemy_bot_level6    vs enemy_bot_level7    vs enemy_bot_level8
winning rate:                0.95                   0.73                   0.95                   0.95                   0.91
onekill win :                0.14                   0.18                   0.73                   0.55                   0.00
onekill lose:                0.00                   0.05                   0.00                   0.05                   0.00
my_score:                    7.55                  13.36                  12.95                  12.77                   2.73
enemy_score:                 3.00                   9.95                   4.32                   5.05                   0.14
--
              vs enemy_bot_level9    vs enemy_bot_level10    vs enemy_bot_level11    vs enemy_bot_level12
winning rate:                0.86                    1.00                    1.00                    0.05
onekill win :                0.05                    0.32                    0.36                    0.00
onekill lose:                0.00                    0.00                    0.00                    0.05
my_score:                    5.73                   13.73                   10.36                    4.95
enemy_score:                 2.91                    6.50                    3.09                    7.45

number of games: 22
# each enemy_bot is maybe following... in detail, please see enemy_bot/README.md
#  - level4: old seigot
#  - level5: 0xDEADBEEF
#  - level6: sugarman
#  - level7: raucha(ikepoyo)
#  - level8: Gantetsu
#  - level9: YusukeMori3250(Tokuyo-Unagi)
#  - level10: Arthur-MA2(X-ranger)
#  - level11: shunsuke-f(sampleprogram)
#  - level12: maou
