detect commit
-------------------------------------------------------------
--- for qualifying rounds (vs cheese,teriyaki,clubhouse) ---  
              vs cheese    vs teriyaki    vs clubhouse
winning rate:      0.00           0.00            0.00
onekill win :      0.00           0.00            0.00
onekill lose:      0.00           0.00            0.00
my_score:          0.00           2.00            0.00
enemy_score:       1.00           5.25            4.00

number of games: 4
total_winning_rate   :  0.00
total_onekill_rate   :  0.00
total_score(my)      :  2.00
total_score(enemy)   :  22.00
total_score(my-enemy):  -20.00

--- for final rounds ---  
              vs enemy_bot_level4    vs enemy_bot_level5    vs enemy_bot_level6    vs enemy_bot_level7    vs enemy_bot_level8
winning rate:                0.00                   0.00                   0.25                   0.00                   0.00
onekill win :                0.00                   0.00                   0.00                   0.00                   0.00
onekill lose:                0.75                   0.00                   0.00                   0.75                   0.00
my_score:                    2.00                   9.50                  10.25                   2.75                   0.00
enemy_score:                11.00                  12.75                  11.50                  11.00                   0.00
--
              vs enemy_bot_level9    vs enemy_bot_level10    vs enemy_bot_level11    vs enemy_bot_level12
winning rate:                0.00                    0.00                    0.00                    0.00
onekill win :                0.00                    0.00                    0.00                    0.00
onekill lose:                0.00                    0.75                    0.00                    0.00
my_score:                    0.00                    0.00                    0.00                    0.00
enemy_score:                 0.00                    9.75                    5.75                    0.00

number of games: 4
# each enemy_bot is maybe following... in detail, please see enemy_bot/README.md
#  - level4: old seigot
#  - level5: 0xDEADBEEF
#  - level6: sugarman
#  - level7: raucha(ikepoyo)
#  - level8: Gantetsu
#  - level9: YusukeMori3250(Tokuyo-Unagi)
#  - level10: Arthur-MA2(X-ranger)
#  - level11: shunsuke-f(sampleprogram)
#  - level12: maou
