detect commit
-------------------------------------------------------------
--- for qualifying rounds (vs cheese,teriyaki,clubhouse) ---  
              vs cheese    vs teriyaki    vs clubhouse
winning rate:      0.64           0.73            0.09
onekill win :      0.00           0.00            0.00
onekill lose:      0.00           0.00            0.45
my_score:          7.27           5.27            3.91
enemy_score:       5.45           3.45           10.91

number of games: 11
total_winning_rate   :  0.04
total_onekill_rate   :  0.00
total_score(my)      :  16.45
total_score(enemy)   :  43.14
total_score(my-enemy):  -26.69

--- for final rounds ---  
              vs enemy_bot_level4    vs enemy_bot_level5    vs enemy_bot_level6    vs enemy_bot_level7    vs enemy_bot_level8
winning rate:                0.27                   0.00                   0.00                   0.00                   0.27
onekill win :                0.00                   0.00                   0.00                   0.00                   0.00
onekill lose:                0.36                   0.73                   0.36                   0.55                   0.00
my_score:                    5.82                   6.09                   4.91                   4.91                   4.18
enemy_score:                 9.73                  14.45                  12.91                  13.55                   6.18
--
              vs enemy_bot_level9    vs enemy_bot_level10    vs enemy_bot_level11    vs enemy_bot_level12
winning rate:                0.09                    0.00                    0.30                    0.00
onekill win :                0.00                    0.00                    0.00                    0.00
onekill lose:                0.18                    1.00                    0.40                    0.60
my_score:                    4.82                    2.80                    5.80                    2.80
enemy_score:                11.00                   14.00                   10.90                   12.20

number of games: 11
# each enemy_bot is maybe following... in detail, please see enemy_bot/README.md
#  - level4: old seigot
#  - level5: 0xDEADBEEF
#  - level6: sugarman
#  - level7: raucha(ikepoyo)
#  - level8: Gantetsu
#  - level9: YusukeMori3250(Tokuyo-Unagi)
#  - level10: Arthur-MA2(X-ranger)
#  - level11: shunsuke-f(sampleprogram)
#  - level12: maou
