detect commit
-------------------------------------------------------------
--- for qualifying rounds (vs cheese,teriyaki,clubhouse) ---  
              vs cheese    vs teriyaki    vs clubhouse
winning rate:      0.76           0.46            0.16
onekill win :      0.14           0.03            0.00
onekill lose:      0.00           0.03            0.41
my_score:          7.32           6.57            5.22
enemy_score:       4.54           7.14           10.30

number of games: 37
total_winning_rate   :  0.06
total_onekill_rate   :  0.00
total_score(my)      :  19.11
total_score(enemy)   :  78.01
total_score(my-enemy):  -58.91

--- for final rounds ---  
              vs enemy_bot_level4    vs enemy_bot_level5    vs enemy_bot_level6    vs enemy_bot_level7    vs enemy_bot_level8
winning rate:                0.35                   0.08                   0.19                   0.14                   0.30
onekill win :                0.00                   0.03                   0.05                   0.03                   0.00
onekill lose:                0.24                   0.43                   0.35                   0.43                   0.08
my_score:                    7.68                   7.59                   6.14                   5.24                   4.24
enemy_score:                10.62                  13.65                  10.14                  11.78                   7.30
--
              vs enemy_bot_level9    vs enemy_bot_level10    vs enemy_bot_level11    vs enemy_bot_level12
winning rate:                0.14                    0.03                    0.16                    0.00
onekill win :                0.00                    0.00                    0.00                    0.00
onekill lose:                0.24                    0.54                    0.24                    0.81
my_score:                    5.00                    4.81                    5.00                    2.95
enemy_score:                10.03                   13.00                    9.14                   12.81

number of games: 37
# each enemy_bot is maybe following... in detail, please see enemy_bot/README.md
#  - level4: old seigot
#  - level5: 0xDEADBEEF
#  - level6: sugarman
#  - level7: raucha(ikepoyo)
#  - level8: Gantetsu
#  - level9: YusukeMori3250(Tokuyo-Unagi)
#  - level10: Arthur-MA2(X-ranger)
#  - level11: shunsuke-f(sampleprogram)
#  - level12: maou
