detect commit
-------------------------------------------------------------
--- for qualifying rounds (vs cheese,teriyaki,clubhouse) ---  
              vs cheese    vs teriyaki    vs clubhouse
winning rate:      0.80           0.40            0.10
onekill win :      0.00           0.20            0.00
onekill lose:      0.00           0.30            0.70
my_score:          2.80           6.80            3.80
enemy_score:       1.00           9.00           11.40

number of games: 10
total_winning_rate   :  0.03
total_onekill_rate   :  0.00
total_score(my)      :  13.40
total_score(enemy)   :  103.60
total_score(my-enemy):  -90.20

--- for final rounds ---  
              vs enemy_bot_level4    vs enemy_bot_level5    vs enemy_bot_level6    vs enemy_bot_level7    vs enemy_bot_level8
winning rate:                0.00                   0.00                   0.10                   0.00                   0.80
onekill win :                0.00                   0.00                   0.00                   0.00                   0.00
onekill lose:                1.00                   1.00                   0.60                   1.00                   0.20
my_score:                    1.60                   3.20                   4.60                   1.90                   2.20
enemy_score:                12.70                  14.90                  12.60                  13.70                   2.30
--
              vs enemy_bot_level9    vs enemy_bot_level10    vs enemy_bot_level11    vs enemy_bot_level12
winning rate:                0.00                    0.10                    0.00                    0.00
onekill win :                0.00                    0.00                    0.00                    0.00
onekill lose:                0.90                    0.50                    0.90                    1.00
my_score:                    2.10                    4.80                    2.00                    1.30
enemy_score:                12.30                   11.70                   12.50                   12.50

number of games: 10
# each enemy_bot is maybe following... in detail, please see enemy_bot/README.md
#  - level4: old seigot
#  - level5: 0xDEADBEEF
#  - level6: sugarman
#  - level7: raucha(ikepoyo)
#  - level8: Gantetsu
#  - level9: YusukeMori3250(Tokuyo-Unagi)
#  - level10: Arthur-MA2(X-ranger)
#  - level11: shunsuke-f(sampleprogram)
#  - level12: maou
