detect commit
-------------------------------------------------------------
--- for qualifying rounds (vs cheese,teriyaki,clubhouse) ---  
              vs cheese    vs teriyaki    vs clubhouse
winning rate:      0.57           0.29            0.00
onekill win :      0.00           0.00            0.00
onekill lose:      0.00           0.14            0.57
my_score:          2.57           6.86            4.14
enemy_score:       0.86          10.14           12.00

number of games: 7
total_winning_rate   :  0.00
total_onekill_rate   :  0.00
total_score(my)      :  13.57
total_score(enemy)   :  122.57
total_score(my-enemy):  -109.00

--- for final rounds ---  
              vs enemy_bot_level4    vs enemy_bot_level5    vs enemy_bot_level6    vs enemy_bot_level7    vs enemy_bot_level8
winning rate:                0.00                   0.00                   0.00                   0.00                   0.71
onekill win :                0.00                   0.00                   0.00                   0.00                   0.00
onekill lose:                0.86                   0.71                   1.00                   1.00                   0.00
my_score:                    2.71                   6.57                   2.14                   1.43                   2.86
enemy_score:                14.57                  15.71                  13.00                  12.43                   1.71
--
              vs enemy_bot_level9    vs enemy_bot_level10    vs enemy_bot_level11    vs enemy_bot_level12
winning rate:                0.00                    0.00                    0.29                    0.00
onekill win :                0.00                    0.00                    0.00                    0.00
onekill lose:                0.86                    0.43                    0.71                    1.00
my_score:                    2.00                    4.57                    4.14                    0.43
enemy_score:                11.71                   11.29                   10.43                   12.57

number of games: 7
# each enemy_bot is maybe following... in detail, please see enemy_bot/README.md
#  - level4: old seigot
#  - level5: 0xDEADBEEF
#  - level6: sugarman
#  - level7: raucha(ikepoyo)
#  - level8: Gantetsu
#  - level9: YusukeMori3250(Tokuyo-Unagi)
#  - level10: Arthur-MA2(X-ranger)
#  - level11: shunsuke-f(sampleprogram)
#  - level12: maou
