detect commit
-------------------------------------------------------------
--- for qualifying rounds (vs cheese,teriyaki,clubhouse) ---  
              vs cheese    vs teriyaki    vs clubhouse
winning rate:      1.00           1.00            1.00
onekill win :      1.00           1.00            1.00
onekill lose:      0.00           0.00            0.00
my_score:         12.50          10.00           10.00
enemy_score:       0.75           0.00            0.00

number of games: 8
total_winning_rate   :  1.00
total_onekill_rate   :  1.00
total_score(my)      :  32.50
total_score(enemy)   :  0.75
total_score(my-enemy):  31.75

--- for final rounds ---  
              vs enemy_bot_level4    vs enemy_bot_level5    vs enemy_bot_level6    vs enemy_bot_level7    vs enemy_bot_level8
winning rate:                1.00                   0.88                   1.00                   1.00                   1.00
onekill win :                0.38                   0.50                   0.62                   0.88                   0.38
onekill lose:                0.00                   0.00                   0.00                   0.00                   0.00
my_score:                   12.25                  13.25                  14.88                  15.25                   9.75
enemy_score:                 3.88                   6.38                   5.12                   4.75                   2.00

number of games: 8
# each enemy_bot is maybe following... in detail, please see enemy_bot/README.md
#  - level4: old seigot
#  - level5: 0xDEADBEEF
#  - level6: sugarman
#  - level7: raucha(ikepoyo)
#  - level8: Gantetsu
