detect commit
-------------------------------------------------------------
--- for qualifying rounds (vs cheese,teriyaki,clubhouse) ---  
              vs cheese    vs teriyaki    vs clubhouse
winning rate:      0.00           0.00            0.00
onekill win :      0.00           0.00            0.00
onekill lose:      0.00           0.00            0.00
my_score:          0.00           0.00            0.00
enemy_score:       1.00           3.80            3.60

number of games: 5
total_winning_rate   :  0.00
total_onekill_rate   :  0.00
total_score(my)      :  0.00
total_score(enemy)   :  14.68
total_score(my-enemy):  -14.68

--- for final rounds ---  
              vs enemy_bot_level4    vs enemy_bot_level5    vs enemy_bot_level6    vs enemy_bot_level7    vs enemy_bot_level8
winning rate:                0.00                   0.00                   0.00                   0.00                   0.00
onekill win :                0.00                   0.00                   0.00                   0.00                   0.00
onekill lose:                0.00                   0.00                   0.00                   0.40                   0.00
my_score:                    0.00                  10.40                  10.40                   0.00                   0.00
enemy_score:                 8.20                  12.60                  11.60                   9.40                   0.00
--
              vs enemy_bot_level9    vs enemy_bot_level10    vs enemy_bot_level11    vs enemy_bot_level12
winning rate:                0.00                    0.00                    0.00                    0.00
onekill win :                0.00                    0.00                    0.00                    0.00
onekill lose:                0.00                    0.00                    0.00                    0.00
my_score:                    0.60                    0.00                    0.00                    0.00
enemy_score:                 4.80                    5.40                    3.00                    6.00

number of games: 5
# each enemy_bot is maybe following... in detail, please see enemy_bot/README.md
#  - level4: old seigot
#  - level5: 0xDEADBEEF
#  - level6: sugarman
#  - level7: raucha(ikepoyo)
#  - level8: Gantetsu
#  - level9: YusukeMori3250(Tokuyo-Unagi)
#  - level10: Arthur-MA2(X-ranger)
#  - level11: shunsuke-f(sampleprogram)
#  - level12: maou
