detect commit
-------------------------------------------------------------
--- for qualifying rounds (vs cheese,teriyaki,clubhouse) ---  
              vs cheese    vs teriyaki    vs clubhouse
winning rate:      0.72           0.58            0.14
onekill win :      0.22           0.11            0.00
onekill lose:      0.00           0.00            0.47
my_score:          8.22           6.42            4.53
enemy_score:       4.83           4.94           10.72

number of games: 36
total_winning_rate   :  0.06
total_onekill_rate   :  0.00
total_score(my)      :  19.17
total_score(enemy)   :  57.85
total_score(my-enemy):  -38.68

--- for final rounds ---  
              vs enemy_bot_level4    vs enemy_bot_level5    vs enemy_bot_level6    vs enemy_bot_level7    vs enemy_bot_level8
winning rate:                0.06                   0.14                   0.11                   0.06                   0.44
onekill win :                0.00                   0.06                   0.03                   0.00                   0.03
onekill lose:                0.39                   0.53                   0.53                   0.69                   0.03
my_score:                    4.78                   8.06                   5.42                   4.03                   5.08
enemy_score:                11.47                  14.47                  12.08                  12.47                   5.89
--
              vs enemy_bot_level9    vs enemy_bot_level10    vs enemy_bot_level11    vs enemy_bot_level12
winning rate:                0.08                    0.00                    0.00                    0.00
onekill win :                0.03                    0.00                    0.00                    0.00
onekill lose:                0.22                    0.81                    0.39                    0.69
my_score:                    5.36                    4.11                    3.92                    2.86
enemy_score:                10.28                   14.03                   10.28                   12.33

number of games: 36
# each enemy_bot is maybe following... in detail, please see enemy_bot/README.md
#  - level4: old seigot
#  - level5: 0xDEADBEEF
#  - level6: sugarman
#  - level7: raucha(ikepoyo)
#  - level8: Gantetsu
#  - level9: YusukeMori3250(Tokuyo-Unagi)
#  - level10: Arthur-MA2(X-ranger)
#  - level11: shunsuke-f(sampleprogram)
#  - level12: maou
