detect commit
-------------------------------------------------------------
--- for qualifying rounds (vs cheese,teriyaki,clubhouse) ---  
              vs cheese    vs teriyaki    vs clubhouse
winning rate:      0.60           1.00            1.00
onekill win :      0.20           0.80            1.00
onekill lose:      0.00           0.00            0.00
my_score:         11.00          10.60           10.00
enemy_score:       6.40           0.40            0.00

number of games: 5
total_winning_rate   :  0.60
total_onekill_rate   :  0.16
total_score(my)      :  31.60
total_score(enemy)   :  6.40
total_score(my-enemy):  25.20

--- for final rounds ---  
              vs enemy_bot_level4    vs enemy_bot_level5    vs enemy_bot_level6    vs enemy_bot_level7    vs enemy_bot_level8
winning rate:                0.60                   0.40                   0.80                   1.00                   0.60
onekill win :                0.00                   0.20                   0.80                   0.80                   0.00
onekill lose:                0.00                   0.00                   0.20                   0.00                   0.20
my_score:                    7.20                   9.80                  13.20                  11.40                   8.60
enemy_score:                 4.80                   7.40                   6.80                   2.80                  10.20

number of games: 5
# each enemy_bot is maybe following... in detail, please see enemy_bot/README.md
#  - level4: old seigot
#  - level5: 0xDEADBEEF
#  - level6: sugarman
#  - level7: raucha(ikepoyo)
#  - level8: Gantetsu
