detect commit
-------------------------------------------------------------
--- for qualifying rounds (vs cheese,teriyaki,clubhouse) ---  
              vs cheese    vs teriyaki    vs clubhouse
winning rate:      0.95           1.00            1.00
onekill win :      0.73           1.00            1.00
onekill lose:      0.00           0.00            0.00
my_score:         10.82          10.05           10.00
enemy_score:       2.00           0.05            0.00

number of games: 22
total_winning_rate   :  0.95
total_onekill_rate   :  0.73
total_score(my)      :  30.86
total_score(enemy)   :  2.00
total_score(my-enemy):  28.86

--- for final rounds ---  
              vs enemy_bot_level4    vs enemy_bot_level5    vs enemy_bot_level6    vs enemy_bot_level7    vs enemy_bot_level8
winning rate:                1.00                   0.86                   0.95                   1.00                   1.00
onekill win :                0.50                   0.77                   0.41                   1.00                   0.32
onekill lose:                0.00                   0.00                   0.00                   0.00                   0.00
my_score:                   12.09                  13.32                  15.55                  14.77                  10.14
enemy_score:                 3.27                   4.68                   8.64                   3.59                   1.55

number of games: 22
# each enemy_bot is maybe following... in detail, please see enemy_bot/README.md
#  - level4: old seigot
#  - level5: 0xDEADBEEF
#  - level6: sugarman
#  - level7: raucha(ikepoyo)
#  - level8: Gantetsu
