detect commit
-------------------------------------------------------------
--- for qualifying rounds (vs cheese,teriyaki,clubhouse) ---  
              vs cheese    vs teriyaki    vs clubhouse
winning rate:      0.91           1.00            0.82
onekill win :      0.64           1.00            0.36
onekill lose:      0.00           0.00            0.00
my_score:         12.36          11.09           12.91
enemy_score:       4.09           0.91            7.45

number of games: 11
total_winning_rate   :  0.74
total_onekill_rate   :  0.23
total_score(my)      :  36.36
total_score(enemy)   :  10.87
total_score(my-enemy):  25.50

--- for final rounds ---  
              vs enemy_bot_level4    vs enemy_bot_level5    vs enemy_bot_level6    vs enemy_bot_level7    vs enemy_bot_level8
winning rate:                0.64                   0.64                   0.45                   0.55                   0.64
onekill win :                0.36                   0.27                   0.18                   0.09                   0.09
onekill lose:                0.00                   0.18                   0.45                   0.18                   0.09
my_score:                   11.82                  11.27                  10.45                  11.73                  12.91
enemy_score:                 8.82                   9.27                  12.45                  11.91                  11.09
--
              vs enemy_bot_level9    vs enemy_bot_level10    vs enemy_bot_level11    vs enemy_bot_level12
winning rate:                0.36                    0.82                    0.82                    0.00
onekill win :                0.18                    0.36                    0.55                    0.00
onekill lose:                0.27                    0.09                    0.00                    0.64
my_score:                   10.27                    9.91                   10.36                    5.55
enemy_score:                11.73                    6.09                    5.45                   14.45

number of games: 11
# each enemy_bot is maybe following... in detail, please see enemy_bot/README.md
#  - level4: old seigot
#  - level5: 0xDEADBEEF
#  - level6: sugarman
#  - level7: raucha(ikepoyo)
#  - level8: Gantetsu
#  - level9: YusukeMori3250(Tokuyo-Unagi)
#  - level10: Arthur-MA2(X-ranger)
#  - level11: shunsuke-f(sampleprogram)
#  - level12: maou
