detect commit
-------------------------------------------------------------
--- for qualifying rounds (vs cheese,teriyaki,clubhouse) ---  
              vs cheese    vs teriyaki    vs clubhouse
winning rate:      0.90           0.35            0.10
onekill win :      0.00           0.00            0.00
onekill lose:      0.00           0.25            0.50
my_score:          4.90           8.15            6.00
enemy_score:       2.20          10.85           12.65

number of games: 20
total_winning_rate   :  0.03
total_onekill_rate   :  0.00
total_score(my)      :  19.05
total_score(enemy)   :  139.45
total_score(my-enemy):  -120.40

--- for final rounds ---  
              vs enemy_bot_level4    vs enemy_bot_level5    vs enemy_bot_level6    vs enemy_bot_level7    vs enemy_bot_level8
winning rate:                0.00                   0.05                   0.05                   0.00                   0.65
onekill win :                0.00                   0.05                   0.00                   0.00                   0.00
onekill lose:                0.80                   0.70                   0.90                   0.75                   0.10
my_score:                    4.35                   7.55                   3.90                   4.75                   3.25
enemy_score:                14.45                  16.30                  13.40                  14.30                   2.45

number of games: 20
# each enemy_bot is maybe following... in detail, please see enemy_bot/README.md
#  - level4: old seigot
#  - level5: 0xDEADBEEF
#  - level6: sugarman
#  - level7: raucha(ikepoyo)
#  - level8: Gantetsu
