detect commit
-------------------------------------------------------------
--- for qualifying rounds (vs cheese,teriyaki,clubhouse) ---  
              vs cheese    vs teriyaki    vs clubhouse
winning rate:      1.00           1.00            1.00
onekill win :      0.00           1.00            1.00
onekill lose:      0.00           0.00            0.00
my_score:          7.43          11.71           10.29
enemy_score:       1.00           0.14            0.29

number of games: 7
total_winning_rate   :  1.00
total_onekill_rate   :  0.00
total_score(my)      :  29.43
total_score(enemy)   :  1.04
total_score(my-enemy):  28.39

--- for final rounds ---  
              vs enemy_bot_level4    vs enemy_bot_level5    vs enemy_bot_level6    vs enemy_bot_level7    vs enemy_bot_level8
winning rate:                1.00                   1.00                   1.00                   1.00                   0.86
onekill win :                0.43                   1.00                   1.00                   0.86                   0.00
onekill lose:                0.00                   0.00                   0.00                   0.00                   0.00
my_score:                   11.71                  14.71                  14.57                  12.57                   4.86
enemy_score:                 4.00                   3.71                   4.00                   2.71                   1.43
--
              vs enemy_bot_level9    vs enemy_bot_level10    vs enemy_bot_level11    vs enemy_bot_level12
winning rate:                1.00                    1.00                    1.00                    0.33
onekill win :                0.17                    1.00                    1.00                    0.00
onekill lose:                0.00                    0.00                    0.00                    0.00
my_score:                    7.83                   11.33                   11.67                    5.33
enemy_score:                 2.67                    1.00                    1.00                    6.67

number of games: 7
# each enemy_bot is maybe following... in detail, please see enemy_bot/README.md
#  - level4: old seigot
#  - level5: 0xDEADBEEF
#  - level6: sugarman
#  - level7: raucha(ikepoyo)
#  - level8: Gantetsu
#  - level9: YusukeMori3250(Tokuyo-Unagi)
#  - level10: Arthur-MA2(X-ranger)
#  - level11: shunsuke-f(sampleprogram)
#  - level12: maou
