detect commit
-------------------------------------------------------------
--- for qualifying rounds (vs cheese,teriyaki,clubhouse) ---  
              vs cheese    vs teriyaki    vs clubhouse
winning rate:      1.00           1.00            1.00
onekill win :      0.50           1.00            1.00
onekill lose:      0.00           0.00            0.00
my_score:         10.50          10.00           10.00
enemy_score:       1.25           0.00            0.00

number of games: 4
total_winning_rate   :  1.00
total_onekill_rate   :  0.50
total_score(my)      :  30.50
total_score(enemy)   :  1.25
total_score(my-enemy):  29.25

--- for final rounds ---  
              vs enemy_bot_level4    vs enemy_bot_level5    vs enemy_bot_level6    vs enemy_bot_level7    vs enemy_bot_level8
winning rate:                1.00                   1.00                   1.00                   1.00                   0.75
onekill win :                0.25                   1.00                   0.75                   0.75                   0.00
onekill lose:                0.00                   0.00                   0.00                   0.00                   0.00
my_score:                    9.00                  14.50                  14.75                  10.75                   5.00
enemy_score:                 3.50                   3.00                   4.00                   2.50                   3.50

number of games: 4
# each enemy_bot is maybe following... in detail, please see enemy_bot/README.md
#  - level4: old seigot
#  - level5: 0xDEADBEEF
#  - level6: sugarman
#  - level7: raucha(ikepoyo)
#  - level8: Gantetsu
