detect commit
-------------------------------------------------------------
--- for qualifying rounds (vs cheese,teriyaki,clubhouse) ---  
              vs cheese    vs teriyaki    vs clubhouse
winning rate:      1.00           1.00            0.94
onekill win :      0.00           0.38            0.06
onekill lose:      0.00           0.00            0.00
my_score:          5.00           9.69            8.06
enemy_score:       1.00           1.56            2.25

number of games: 16
total_winning_rate   :  0.94
total_onekill_rate   :  0.00
total_score(my)      :  22.75
total_score(enemy)   :  4.52
total_score(my-enemy):  18.23

--- for final rounds ---  
              vs enemy_bot_level4    vs enemy_bot_level5    vs enemy_bot_level6    vs enemy_bot_level7    vs enemy_bot_level8
winning rate:                1.00                   0.75                   0.94                   0.94                   0.88
onekill win :                0.19                   0.25                   0.69                   0.50                   0.00
onekill lose:                0.00                   0.06                   0.00                   0.06                   0.00
my_score:                    8.19                  13.50                  12.62                  12.38                   3.00
enemy_score:                 2.88                  10.12                   4.56                   5.12                   0.19
--
              vs enemy_bot_level9    vs enemy_bot_level10    vs enemy_bot_level11    vs enemy_bot_level12
winning rate:                0.81                    1.00                    1.00                    0.06
onekill win :                0.00                    0.31                    0.44                    0.00
onekill lose:                0.00                    0.00                    0.00                    0.06
my_score:                    6.06                   14.06                   11.50                    4.56
enemy_score:                 3.44                    6.81                    3.44                    7.19

number of games: 16
# each enemy_bot is maybe following... in detail, please see enemy_bot/README.md
#  - level4: old seigot
#  - level5: 0xDEADBEEF
#  - level6: sugarman
#  - level7: raucha(ikepoyo)
#  - level8: Gantetsu
#  - level9: YusukeMori3250(Tokuyo-Unagi)
#  - level10: Arthur-MA2(X-ranger)
#  - level11: shunsuke-f(sampleprogram)
#  - level12: maou
