detect commit
-------------------------------------------------------------
--- for qualifying rounds (vs cheese,teriyaki,clubhouse) ---  
              vs cheese    vs teriyaki    vs clubhouse
winning rate:      0.78           0.48            0.22
onekill win :      0.22           0.17            0.00
onekill lose:      0.00           0.00            0.22
my_score:          9.22           6.91            5.17
enemy_score:       5.78           5.91            8.78

number of games: 23
total_winning_rate   :  0.08
total_onekill_rate   :  0.00
total_score(my)      :  21.30
total_score(enemy)   :  57.71
total_score(my-enemy):  -36.41

--- for final rounds ---  
              vs enemy_bot_level4    vs enemy_bot_level5    vs enemy_bot_level6    vs enemy_bot_level7    vs enemy_bot_level8
winning rate:                0.09                   0.04                   0.09                   0.04                   0.35
onekill win :                0.00                   0.04                   0.04                   0.00                   0.00
onekill lose:                0.26                   0.65                   0.35                   0.61                   0.17
my_score:                    5.83                   5.91                   6.91                   4.39                   5.30
enemy_score:                11.22                  13.78                  12.52                  12.52                   7.61
--
              vs enemy_bot_level9    vs enemy_bot_level10    vs enemy_bot_level11    vs enemy_bot_level12
winning rate:                0.04                    0.00                    0.04                    0.00
onekill win :                0.00                    0.00                    0.00                    0.00
onekill lose:                0.17                    0.78                    0.26                    0.57
my_score:                    6.04                    4.22                    4.04                    3.17
enemy_score:                10.30                   13.96                   10.04                   12.70

number of games: 23
# each enemy_bot is maybe following... in detail, please see enemy_bot/README.md
#  - level4: old seigot
#  - level5: 0xDEADBEEF
#  - level6: sugarman
#  - level7: raucha(ikepoyo)
#  - level8: Gantetsu
#  - level9: YusukeMori3250(Tokuyo-Unagi)
#  - level10: Arthur-MA2(X-ranger)
#  - level11: shunsuke-f(sampleprogram)
#  - level12: maou
