detect commit
-------------------------------------------------------------
--- for qualifying rounds (vs cheese,teriyaki,clubhouse) ---  
              vs cheese    vs teriyaki    vs clubhouse
winning rate:      0.00           0.00            0.00
onekill win :      0.00           0.00            0.00
onekill lose:      0.00           0.00            0.00
my_score:          0.00           0.00            0.00
enemy_score:       1.00           4.71            3.29

number of games: 7
total_winning_rate   :  0.00
total_onekill_rate   :  0.00
total_score(my)      :  0.00
total_score(enemy)   :  16.49
total_score(my-enemy):  -16.49

--- for final rounds ---  
              vs enemy_bot_level4    vs enemy_bot_level5    vs enemy_bot_level6    vs enemy_bot_level7    vs enemy_bot_level8
winning rate:                0.00                   0.00                   0.00                   0.00                   0.00
onekill win :                0.00                   0.00                   0.00                   0.00                   0.00
onekill lose:                0.14                   0.00                   0.14                   0.57                   0.00
my_score:                    0.00                   8.71                   9.00                   0.00                   0.00
enemy_score:                 9.00                  12.86                  12.00                   9.57                   0.00
--
              vs enemy_bot_level9    vs enemy_bot_level10    vs enemy_bot_level11    vs enemy_bot_level12
winning rate:                0.00                    0.00                    0.00                    0.00
onekill win :                0.00                    0.00                    0.00                    0.00
onekill lose:                0.00                    0.00                    0.00                    0.00
my_score:                    0.00                    0.00                    0.00                    0.00
enemy_score:                 4.71                    5.14                    1.43                    8.57

number of games: 7
# each enemy_bot is maybe following... in detail, please see enemy_bot/README.md
#  - level4: old seigot
#  - level5: 0xDEADBEEF
#  - level6: sugarman
#  - level7: raucha(ikepoyo)
#  - level8: Gantetsu
#  - level9: YusukeMori3250(Tokuyo-Unagi)
#  - level10: Arthur-MA2(X-ranger)
#  - level11: shunsuke-f(sampleprogram)
#  - level12: maou
