detect commit
-------------------------------------------------------------
--- for qualifying rounds (vs cheese,teriyaki,clubhouse) ---  
              vs cheese    vs teriyaki    vs clubhouse
winning rate:      0.83           0.17            0.17
onekill win :      0.00           0.00            0.00
onekill lose:      0.00           0.33            0.67
my_score:          2.83           4.17            4.50
enemy_score:       1.00           9.67           11.17

number of games: 6
total_winning_rate   :  0.02
total_onekill_rate   :  0.00
total_score(my)      :  11.50
total_score(enemy)   :  108.94
total_score(my-enemy):  -97.44

--- for final rounds ---  
              vs enemy_bot_level4    vs enemy_bot_level5    vs enemy_bot_level6    vs enemy_bot_level7    vs enemy_bot_level8
winning rate:                0.00                   0.00                   0.17                   0.00                   0.67
onekill win :                0.00                   0.00                   0.00                   0.00                   0.00
onekill lose:                1.00                   1.00                   0.50                   1.00                   0.33
my_score:                    1.83                   3.17                   6.50                   2.00                   2.00
enemy_score:                12.83                  14.67                  13.83                  14.17                   3.83
--
              vs enemy_bot_level9    vs enemy_bot_level10    vs enemy_bot_level11    vs enemy_bot_level12
winning rate:                0.00                    0.17                    0.00                    0.00
onekill win :                0.00                    0.00                    0.00                    0.00
onekill lose:                0.83                    0.67                    1.00                    1.00
my_score:                    2.33                    3.50                    1.33                    1.17
enemy_score:                12.67                   10.17                   12.17                   12.67

number of games: 6
# each enemy_bot is maybe following... in detail, please see enemy_bot/README.md
#  - level4: old seigot
#  - level5: 0xDEADBEEF
#  - level6: sugarman
#  - level7: raucha(ikepoyo)
#  - level8: Gantetsu
#  - level9: YusukeMori3250(Tokuyo-Unagi)
#  - level10: Arthur-MA2(X-ranger)
#  - level11: shunsuke-f(sampleprogram)
#  - level12: maou
