detect commit
-------------------------------------------------------------
--- for qualifying rounds (vs cheese,teriyaki,clubhouse) ---  
              vs cheese    vs teriyaki    vs clubhouse
winning rate:      1.00           1.00            1.00
onekill win :      0.00           1.00            1.00
onekill lose:      0.00           0.00            0.00
my_score:         11.00          10.00           10.00
enemy_score:       5.75           0.00            0.00

number of games: 4
total_winning_rate   :  1.00
total_onekill_rate   :  0.00
total_score(my)      :  31.00
total_score(enemy)   :  5.75
total_score(my-enemy):  25.25

--- for final rounds ---  
              vs enemy_bot_level4    vs enemy_bot_level5    vs enemy_bot_level6    vs enemy_bot_level7    vs enemy_bot_level8
winning rate:                1.00                   0.75                   0.75                   1.00                   1.00
onekill win :                0.75                   0.50                   0.50                   1.00                   0.25
onekill lose:                0.00                   0.00                   0.00                   0.00                   0.00
my_score:                   12.50                  13.25                  15.00                  16.75                   9.75
enemy_score:                 3.50                   5.50                   9.75                   4.75                   1.25

number of games: 4
# each enemy_bot is maybe following... in detail, please see enemy_bot/README.md
#  - level4: old seigot
#  - level5: 0xDEADBEEF
#  - level6: sugarman
#  - level7: raucha(ikepoyo)
#  - level8: Gantetsu
