detect commit
-------------------------------------------------------------
--- for qualifying rounds (vs cheese,teriyaki,clubhouse) ---  
              vs cheese    vs teriyaki    vs clubhouse
winning rate:      1.00           1.00            1.00
onekill win :      0.00           1.00            0.95
onekill lose:      0.00           0.00            0.00
my_score:          7.53          11.05           10.21
enemy_score:       1.00           0.05            0.26

number of games: 19
total_winning_rate   :  1.00
total_onekill_rate   :  0.00
total_score(my)      :  28.79
total_score(enemy)   :  1.01
total_score(my-enemy):  27.78

--- for final rounds ---  
              vs enemy_bot_level4    vs enemy_bot_level5    vs enemy_bot_level6    vs enemy_bot_level7    vs enemy_bot_level8
winning rate:                1.00                   0.95                   1.00                   0.95                   1.00
onekill win :                0.74                   0.84                   0.95                   0.95                   0.00
onekill lose:                0.00                   0.00                   0.00                   0.00                   0.00
my_score:                   12.84                  14.16                  14.26                  13.32                   5.32
enemy_score:                 3.79                   3.89                   4.00                   3.00                   1.58
--
              vs enemy_bot_level9    vs enemy_bot_level10    vs enemy_bot_level11    vs enemy_bot_level12
winning rate:                1.00                    0.89                    1.00                    0.53
onekill win :                0.21                    0.89                    1.00                    0.00
onekill lose:                0.00                    0.00                    0.00                    0.00
my_score:                    7.95                   10.53                   11.42                    6.26
enemy_score:                 2.37                    1.21                    0.68                    5.79

number of games: 19
# each enemy_bot is maybe following... in detail, please see enemy_bot/README.md
#  - level4: old seigot
#  - level5: 0xDEADBEEF
#  - level6: sugarman
#  - level7: raucha(ikepoyo)
#  - level8: Gantetsu
#  - level9: YusukeMori3250(Tokuyo-Unagi)
#  - level10: Arthur-MA2(X-ranger)
#  - level11: shunsuke-f(sampleprogram)
#  - level12: maou
