detect commit
-------------------------------------------------------------
--- for qualifying rounds (vs cheese,teriyaki,clubhouse) ---  
              vs cheese    vs teriyaki    vs clubhouse
winning rate:      1.00           1.00            1.00
onekill win :      1.00           1.00            1.00
onekill lose:      0.00           0.00            0.00
my_score:         12.00          10.50           10.00
enemy_score:       2.00           0.50            0.00

number of games: 2
total_winning_rate   :  1.00
total_onekill_rate   :  1.00
total_score(my)      :  32.50
total_score(enemy)   :  2.00
total_score(my-enemy):  30.50

--- for final rounds ---  
              vs enemy_bot_level4    vs enemy_bot_level5    vs enemy_bot_level6    vs enemy_bot_level7    vs enemy_bot_level8
winning rate:                1.00                   0.50                   0.50                   1.00                   1.00
onekill win :                0.50                   0.50                   0.00                   1.00                   0.50
onekill lose:                0.00                   0.00                   0.00                   0.00                   0.00
my_score:                   12.00                  12.50                  14.50                  13.00                  15.00
enemy_score:                 3.50                   7.50                  12.50                   2.50                   4.50

number of games: 2
# each enemy_bot is maybe following... in detail, please see enemy_bot/README.md
#  - level4: old seigot
#  - level5: 0xDEADBEEF
#  - level6: sugarman
#  - level7: raucha(ikepoyo)
#  - level8: Gantetsu
