detect commit
-------------------------------------------------------------
--- for qualifying rounds (vs cheese,teriyaki,clubhouse) ---  
              vs cheese    vs teriyaki    vs clubhouse
winning rate:      0.62           0.62            0.08
onekill win :      0.15           0.08            0.08
onekill lose:      0.08           0.08            0.46
my_score:          7.54           6.54            3.46
enemy_score:       6.00           5.85            8.85

number of games: 13
total_winning_rate   :  0.03
total_onekill_rate   :  0.00
total_score(my)      :  17.54
total_score(enemy)   :  57.72
total_score(my-enemy):  -40.18

--- for final rounds ---  
              vs enemy_bot_level4    vs enemy_bot_level5    vs enemy_bot_level6    vs enemy_bot_level7    vs enemy_bot_level8
winning rate:                0.31                   0.00                   0.23                   0.08                   0.31
onekill win :                0.08                   0.00                   0.08                   0.00                   0.00
onekill lose:                0.54                   0.54                   0.46                   0.38                   0.15
my_score:                    5.46                   7.85                   6.31                   5.23                   4.08
enemy_score:                10.77                  15.31                  10.85                  11.85                   7.00
--
              vs enemy_bot_level9    vs enemy_bot_level10    vs enemy_bot_level11    vs enemy_bot_level12
winning rate:                0.15                    0.00                    0.15                    0.00
onekill win :                0.00                    0.00                    0.08                    0.00
onekill lose:                0.31                    0.69                    0.54                    0.54
my_score:                    5.69                    4.08                    3.62                    3.92
enemy_score:                10.62                   13.23                    9.92                   12.23

number of games: 13
# each enemy_bot is maybe following... in detail, please see enemy_bot/README.md
#  - level4: old seigot
#  - level5: 0xDEADBEEF
#  - level6: sugarman
#  - level7: raucha(ikepoyo)
#  - level8: Gantetsu
#  - level9: YusukeMori3250(Tokuyo-Unagi)
#  - level10: Arthur-MA2(X-ranger)
#  - level11: shunsuke-f(sampleprogram)
#  - level12: maou
