detect commit
-------------------------------------------------------------
--- for qualifying rounds (vs cheese,teriyaki,clubhouse) ---  
              vs cheese    vs teriyaki    vs clubhouse
winning rate:      1.00           1.00            1.00
onekill win :      1.00           1.00            1.00
onekill lose:      0.00           0.00            0.00
my_score:         10.89          10.22           10.00
enemy_score:       0.22           0.22            0.00

number of games: 9
total_winning_rate   :  1.00
total_onekill_rate   :  1.00
total_score(my)      :  31.11
total_score(enemy)   :  0.22
total_score(my-enemy):  30.89

--- for final rounds ---  
              vs enemy_bot_level4    vs enemy_bot_level5    vs enemy_bot_level6    vs enemy_bot_level7    vs enemy_bot_level8
winning rate:                1.00                   0.89                   1.00                   1.00                   1.00
onekill win :                0.78                   0.78                   0.78                   1.00                   0.22
onekill lose:                0.00                   0.00                   0.00                   0.00                   0.00
my_score:                   14.22                  13.00                  15.67                  14.67                  11.56
enemy_score:                 3.67                   3.44                   5.67                   2.89                   2.78
--
              vs enemy_bot_level9    vs enemy_bot_level10
winning rate:                1.00                    1.00
onekill win :                0.78                    0.00
onekill lose:                0.00                    0.00
my_score:                   13.78                    9.00
enemy_score:                 4.11                    0.00

number of games: 9
# each enemy_bot is maybe following... in detail, please see enemy_bot/README.md
#  - level4: old seigot
#  - level5: 0xDEADBEEF
#  - level6: sugarman
#  - level7: raucha(ikepoyo)
#  - level8: Gantetsu
#  - level9: YusukeMori3250(Tokuyo-Unagi)
#  - level10: Arthur-MA2(X-ranger)
