detect commit
-------------------------------------------------------------
--- for qualifying rounds (vs cheese,teriyaki,clubhouse) ---  
              vs cheese    vs teriyaki    vs clubhouse
winning rate:      0.50           0.33            0.00
onekill win :      0.00           0.00            0.00
onekill lose:      0.00           0.50            0.67
my_score:          4.50           4.67            4.00
enemy_score:       3.50           9.17           12.67

number of games: 6
total_winning_rate   :  0.00
total_onekill_rate   :  0.00
total_score(my)      :  13.17
total_score(enemy)   :  119.61
total_score(my-enemy):  -106.44

--- for final rounds ---  
              vs enemy_bot_level4    vs enemy_bot_level5    vs enemy_bot_level6    vs enemy_bot_level7    vs enemy_bot_level8
winning rate:                0.00                   0.00                   0.00                   0.00                   1.00
onekill win :                0.00                   0.00                   0.00                   0.00                   0.00
onekill lose:                1.00                   0.83                   0.83                   1.00                   0.00
my_score:                    1.33                   3.67                   4.83                   1.00                   4.00
enemy_score:                13.33                  12.83                  14.17                  12.83                   0.00
--
              vs enemy_bot_level9    vs enemy_bot_level10    vs enemy_bot_level11    vs enemy_bot_level12
winning rate:                0.00                    0.00                    0.17                    0.00
onekill win :                0.00                    0.00                    0.00                    0.00
onekill lose:                0.50                    0.50                    0.50                    1.00
my_score:                    2.17                    2.50                    7.17                    0.67
enemy_score:                 9.17                   10.83                   12.33                   12.00

number of games: 6
# each enemy_bot is maybe following... in detail, please see enemy_bot/README.md
#  - level4: old seigot
#  - level5: 0xDEADBEEF
#  - level6: sugarman
#  - level7: raucha(ikepoyo)
#  - level8: Gantetsu
#  - level9: YusukeMori3250(Tokuyo-Unagi)
#  - level10: Arthur-MA2(X-ranger)
#  - level11: shunsuke-f(sampleprogram)
#  - level12: maou
