detect commit
-------------------------------------------------------------
--- for qualifying rounds (vs cheese,teriyaki,clubhouse) ---  
              vs cheese    vs teriyaki    vs clubhouse
winning rate:      0.67           1.00            1.00
onekill win :      0.50           0.83            0.67
onekill lose:      0.00           0.00            0.00
my_score:         11.50           9.67            8.00
enemy_score:       5.00           0.33            0.17

number of games: 6
total_winning_rate   :  0.67
total_onekill_rate   :  0.28
total_score(my)      :  29.17
total_score(enemy)   :  5.06
total_score(my-enemy):  24.11

--- for final rounds ---  
              vs enemy_bot_level4    vs enemy_bot_level5    vs enemy_bot_level6    vs enemy_bot_level7    vs enemy_bot_level8
winning rate:                0.67                   0.67                   1.00                   1.00                   0.67
onekill win :                0.17                   0.33                   1.00                   0.33                   0.00
onekill lose:                0.00                   0.00                   0.00                   0.00                   0.00
my_score:                    8.33                  10.83                  14.83                  11.17                   8.00
enemy_score:                 3.83                   6.67                   4.17                   4.50                   6.17

number of games: 6
# each enemy_bot is maybe following... in detail, please see enemy_bot/README.md
#  - level4: old seigot
#  - level5: 0xDEADBEEF
#  - level6: sugarman
#  - level7: raucha(ikepoyo)
#  - level8: Gantetsu
