detect commit
-------------------------------------------------------------
--- for qualifying rounds (vs cheese,teriyaki,clubhouse) ---  
              vs cheese    vs teriyaki    vs clubhouse
winning rate:      0.00           0.00            0.00
onekill win :      0.00           0.00            0.00
onekill lose:      0.00           0.00            0.00
my_score:          0.00           0.00            0.00
enemy_score:       1.00           4.00            4.00

number of games: 1
total_winning_rate   :  0.00
total_onekill_rate   :  0.00
total_score(my)      :  0.00
total_score(enemy)   :  17.00
total_score(my-enemy):  -17.00

--- for final rounds ---  
              vs enemy_bot_level4    vs enemy_bot_level5    vs enemy_bot_level6    vs enemy_bot_level7    vs enemy_bot_level8
winning rate:                0.00                   0.00                   0.00                   0.00                   0.00
onekill win :                0.00                   0.00                   0.00                   0.00                   0.00
onekill lose:                0.00                   0.00                   0.00                   0.00                   0.00
my_score:                    0.00                   8.00                   6.00                   0.00                   0.00
enemy_score:                 8.00                  12.00                  14.00                   9.00                   0.00
--
              vs enemy_bot_level9    vs enemy_bot_level10    vs enemy_bot_level11    vs enemy_bot_level12
winning rate:                0.00                    0.00                    0.00                    0.00
onekill win :                0.00                    0.00                    0.00                    0.00
onekill lose:                0.00                    0.00                    0.00                    0.00
my_score:                    0.00                    0.00                    0.00                    0.00
enemy_score:                 5.00                    4.00                    3.00                    8.00

number of games: 1
# each enemy_bot is maybe following... in detail, please see enemy_bot/README.md
#  - level4: old seigot
#  - level5: 0xDEADBEEF
#  - level6: sugarman
#  - level7: raucha(ikepoyo)
#  - level8: Gantetsu
#  - level9: YusukeMori3250(Tokuyo-Unagi)
#  - level10: Arthur-MA2(X-ranger)
#  - level11: shunsuke-f(sampleprogram)
#  - level12: maou
