detect commit
-------------------------------------------------------------
--- for qualifying rounds (vs cheese,teriyaki,clubhouse) ---  
              vs cheese    vs teriyaki    vs clubhouse
winning rate:      0.94           1.00            0.94
onekill win :      0.53           0.00            0.24
onekill lose:      0.00           0.00            0.00
my_score:         11.47           5.29            7.35
enemy_score:       3.76           0.65            1.59

number of games: 17
total_winning_rate   :  0.89
total_onekill_rate   :  0.00
total_score(my)      :  24.12
total_score(enemy)   :  4.79
total_score(my-enemy):  19.33

--- for final rounds ---  
              vs enemy_bot_level4    vs enemy_bot_level5    vs enemy_bot_level6    vs enemy_bot_level7    vs enemy_bot_level8
winning rate:                0.06                   0.06                   0.18                   0.06                   0.06
onekill win :                0.06                   0.00                   0.00                   0.00                   0.00
onekill lose:                0.35                   0.59                   0.35                   0.18                   0.53
my_score:                    6.18                   3.47                   7.76                   5.59                   4.53
enemy_score:                11.88                  10.82                  12.53                  10.18                  11.94
--
              vs enemy_bot_level9    vs enemy_bot_level10    vs enemy_bot_level11    vs enemy_bot_level12
winning rate:                0.00                    0.06                    0.88                    0.00
onekill win :                0.00                    0.00                    0.18                    0.00
onekill lose:                0.65                    0.12                    0.00                    0.94
my_score:                    5.00                    3.24                   10.41                    1.18
enemy_score:                13.94                    7.00                    5.41                   11.82

number of games: 17
# each enemy_bot is maybe following... in detail, please see enemy_bot/README.md
#  - level4: old seigot
#  - level5: 0xDEADBEEF
#  - level6: sugarman
#  - level7: raucha(ikepoyo)
#  - level8: Gantetsu
#  - level9: YusukeMori3250(Tokuyo-Unagi)
#  - level10: Arthur-MA2(X-ranger)
#  - level11: shunsuke-f(sampleprogram)
#  - level12: maou
