detect commit
-------------------------------------------------------------
--- for qualifying rounds (vs cheese,teriyaki,clubhouse) ---  
              vs cheese    vs teriyaki    vs clubhouse
winning rate:      0.84           0.37            0.11
onekill win :      0.00           0.11            0.00
onekill lose:      0.00           0.37            0.84
my_score:          4.89           7.26            3.68
enemy_score:       2.95           9.63           12.32

number of games: 19
total_winning_rate   :  0.03
total_onekill_rate   :  0.00
total_score(my)      :  15.84
total_score(enemy)   :  121.57
total_score(my-enemy):  -105.73

--- for final rounds ---  
              vs enemy_bot_level4    vs enemy_bot_level5    vs enemy_bot_level6    vs enemy_bot_level7    vs enemy_bot_level8
winning rate:                0.00                   0.05                   0.11                   0.00                   0.53
onekill win :                0.00                   0.00                   0.00                   0.00                   0.05
onekill lose:                0.95                   0.74                   0.68                   0.84                   0.11
my_score:                    2.32                   6.74                   6.42                   5.37                   3.63
enemy_score:                13.84                  16.05                  14.89                  15.32                   3.47

number of games: 19
# each enemy_bot is maybe following... in detail, please see enemy_bot/README.md
#  - level4: old seigot
#  - level5: 0xDEADBEEF
#  - level6: sugarman
#  - level7: raucha(ikepoyo)
#  - level8: Gantetsu
