detect commit
-------------------------------------------------------------
--- for qualifying rounds (vs cheese,teriyaki,clubhouse) ---  
              vs cheese    vs teriyaki    vs clubhouse
winning rate:      1.00           1.00            1.00
onekill win :      1.00           1.00            1.00
onekill lose:      0.00           0.00            0.00
my_score:         11.12          10.18           10.00
enemy_score:       0.27           0.18            0.00

number of games: 33
total_winning_rate   :  1.00
total_onekill_rate   :  1.00
total_score(my)      :  31.30
total_score(enemy)   :  0.27
total_score(my-enemy):  31.03

--- for final rounds ---  
              vs enemy_bot_level4    vs enemy_bot_level5    vs enemy_bot_level6    vs enemy_bot_level7    vs enemy_bot_level8
winning rate:                1.00                   0.97                   1.00                   1.00                   1.00
onekill win :                0.85                   0.70                   0.79                   1.00                   0.39
onekill lose:                0.00                   0.00                   0.00                   0.00                   0.00
my_score:                   13.76                  12.67                  15.27                  14.79                  10.85
enemy_score:                 3.18                   3.76                   5.97                   3.12                   2.15
--
              vs enemy_bot_level9    vs enemy_bot_level10
winning rate:                1.00                    1.00
onekill win :                0.76                    0.00
onekill lose:                0.00                    0.00
my_score:                   12.70                    9.00
enemy_score:                 3.39                    0.00

number of games: 33
# each enemy_bot is maybe following... in detail, please see enemy_bot/README.md
#  - level4: old seigot
#  - level5: 0xDEADBEEF
#  - level6: sugarman
#  - level7: raucha(ikepoyo)
#  - level8: Gantetsu
#  - level9: YusukeMori3250(Tokuyo-Unagi)
#  - level10: Arthur-MA2(X-ranger)
