detect commit
-------------------------------------------------------------
--- for qualifying rounds (vs cheese,teriyaki,clubhouse) ---  
              vs cheese    vs teriyaki    vs clubhouse
winning rate:      1.00           0.89            0.67
onekill win :      0.11           0.78            0.44
onekill lose:      0.00           0.00            0.11
my_score:          9.11          10.44           10.44
enemy_score:       0.89           2.00            6.44

number of games: 9
total_winning_rate   :  0.59
total_onekill_rate   :  0.04
total_score(my)      :  30.00
total_score(enemy)   :  13.78
total_score(my-enemy):  16.22

--- for final rounds ---  
              vs enemy_bot_level4    vs enemy_bot_level5    vs enemy_bot_level6    vs enemy_bot_level7    vs enemy_bot_level8
winning rate:                0.67                   0.00                   0.44                   0.78                   1.00
onekill win :                0.11                   0.00                   0.00                   0.67                   0.11
onekill lose:                0.00                   0.22                   0.00                   0.00                   0.00
my_score:                   10.44                   8.11                  10.44                  11.22                   8.67
enemy_score:                 9.11                  12.22                   9.78                   4.89                   3.11
--
              vs enemy_bot_level9    vs enemy_bot_level10    vs enemy_bot_level11    vs enemy_bot_level12
winning rate:                0.44                    0.89                    0.89                    0.00
onekill win :                0.00                    0.56                    0.67                    0.00
onekill lose:                0.00                    0.11                    0.00                    0.78
my_score:                    8.67                   11.44                   11.44                    2.89
enemy_score:                 8.11                    4.11                    4.00                   12.78

number of games: 9
# each enemy_bot is maybe following... in detail, please see enemy_bot/README.md
#  - level4: old seigot
#  - level5: 0xDEADBEEF
#  - level6: sugarman
#  - level7: raucha(ikepoyo)
#  - level8: Gantetsu
#  - level9: YusukeMori3250(Tokuyo-Unagi)
#  - level10: Arthur-MA2(X-ranger)
#  - level11: shunsuke-f(sampleprogram)
#  - level12: maou
