detect commit
-------------------------------------------------------------
--- for qualifying rounds (vs cheese,teriyaki,clubhouse) ---  
              vs cheese    vs teriyaki    vs clubhouse
winning rate:      1.00           1.00            1.00
onekill win :      0.69           1.00            0.97
onekill lose:      0.00           0.00            0.00
my_score:         11.78          10.56            9.98
enemy_score:       1.51           0.20            0.08

number of games: 59
total_winning_rate   :  1.00
total_onekill_rate   :  0.67
total_score(my)      :  32.32
total_score(enemy)   :  1.53
total_score(my-enemy):  30.80

--- for final rounds ---  
              vs enemy_bot_level4    vs enemy_bot_level5    vs enemy_bot_level6    vs enemy_bot_level7    vs enemy_bot_level8
winning rate:                0.97                   0.83                   0.97                   0.95                   0.76
onekill win :                0.25                   0.63                   0.88                   0.86                   0.07
onekill lose:                0.00                   0.00                   0.00                   0.02                   0.02
my_score:                    9.10                  12.34                  14.58                  11.90                   7.98
enemy_score:                 3.07                   4.86                   4.56                   2.58                   5.03

number of games: 59
# each enemy_bot is maybe following... in detail, please see enemy_bot/README.md
#  - level4: old seigot
#  - level5: 0xDEADBEEF
#  - level6: sugarman
#  - level7: raucha(ikepoyo)
#  - level8: Gantetsu
