detect commit
-------------------------------------------------------------
--- for qualifying rounds (vs cheese,teriyaki,clubhouse) ---  
              vs cheese    vs teriyaki    vs clubhouse
winning rate:      1.00           1.00            1.00
onekill win :      0.25           0.50            0.75
onekill lose:      0.00           0.00            0.00
my_score:          9.50           9.25            9.00
enemy_score:       1.25           1.50            0.75

number of games: 4
total_winning_rate   :  1.00
total_onekill_rate   :  0.09
total_score(my)      :  27.75
total_score(enemy)   :  2.38
total_score(my-enemy):  25.38

--- for final rounds ---  
              vs enemy_bot_level4    vs enemy_bot_level5    vs enemy_bot_level6    vs enemy_bot_level7    vs enemy_bot_level8
winning rate:                1.00                   1.00                   1.00                   1.00                   1.00
onekill win :                0.25                   1.00                   1.00                   1.00                   0.25
onekill lose:                0.00                   0.00                   0.00                   0.00                   0.00
my_score:                    9.75                  14.50                  14.50                  13.25                  11.00
enemy_score:                 2.75                   2.75                   3.25                   2.25                   5.00

number of games: 4
# each enemy_bot is maybe following... in detail, please see enemy_bot/README.md
#  - level4: old seigot
#  - level5: 0xDEADBEEF
#  - level6: sugarman
#  - level7: raucha(ikepoyo)
#  - level8: Gantetsu
