detect commit
unknown enemy
unknown enemy
unknown enemy
unknown enemy
-------------------------------------------------------------
--- for qualifying rounds (vs cheese,teriyaki,clubhouse) ---  
              vs cheese    vs teriyaki    vs clubhouse
winning rate:      1.00           0.50            1.00
onekill win :      0.00           0.50            1.00
onekill lose:      0.00           0.00            0.00
my_score:          7.00           5.50           10.00
enemy_score:       1.00           0.00            0.00

number of games: 2
total_winning_rate   :  0.50
total_onekill_rate   :  0.00
total_score(my)      :  22.50
total_score(enemy)   :  1.00
total_score(my-enemy):  21.50

--- for final rounds ---  
              vs enemy_bot_level4    vs enemy_bot_level5    vs enemy_bot_level6    vs enemy_bot_level7    vs enemy_bot_level8
winning rate:                1.00                   1.00                   1.00                   1.00                   1.00
onekill win :                0.50                   1.00                   1.00                   1.00                   0.00
onekill lose:                0.00                   0.00                   0.00                   0.00                   0.00
my_score:                   16.50                  15.00                  13.00                  14.00                   4.50
enemy_score:                 6.00                   3.50                   2.50                   3.00                   2.50
--
              vs enemy_bot_level9    vs enemy_bot_level10
winning rate:                1.00                    1.00
onekill win :                0.00                    1.00
onekill lose:                0.00                    0.00
my_score:                    5.00                   10.50
enemy_score:                 2.00                    0.50

number of games: 2
# each enemy_bot is maybe following... in detail, please see enemy_bot/README.md
#  - level4: old seigot
#  - level5: 0xDEADBEEF
#  - level6: sugarman
#  - level7: raucha(ikepoyo)
#  - level8: Gantetsu
#  - level9: YusukeMori3250(Tokuyo-Unagi)
#  - level10: Arthur-MA2(X-ranger)
