detect commit
-------------------------------------------------------------
--- for qualifying rounds (vs cheese,teriyaki,clubhouse) ---  
              vs cheese    vs teriyaki    vs clubhouse
winning rate:      1.00           1.00            0.97
onekill win :      0.86           1.00            0.93
onekill lose:      0.00           0.00            0.00
my_score:         11.83          11.17           10.62
enemy_score:       1.69           1.03            1.34

number of games: 29
total_winning_rate   :  0.97
total_onekill_rate   :  0.80
total_score(my)      :  33.62
total_score(enemy)   :  3.08
total_score(my-enemy):  30.54

--- for final rounds ---  
              vs enemy_bot_level4    vs enemy_bot_level5    vs enemy_bot_level6    vs enemy_bot_level7    vs enemy_bot_level8
winning rate:                0.97                   0.83                   0.97                   0.97                   0.97
onekill win :                0.76                   0.62                   0.86                   0.69                   0.90
onekill lose:                0.03                   0.00                   0.00                   0.00                   0.00
my_score:                   11.83                  14.24                  16.69                  13.48                  11.31
enemy_score:                 3.03                   7.41                   6.76                   5.52                   0.14

number of games: 29
# each enemy_bot is maybe following... in detail, please see enemy_bot/README.md
#  - level4: old seigot
#  - level5: 0xDEADBEEF
#  - level6: sugarman
#  - level7: raucha(ikepoyo)
#  - level8: Gantetsu
