detect commit
-------------------------------------------------------------
--- for qualifying rounds (vs cheese,teriyaki,clubhouse) ---  
              vs cheese    vs teriyaki    vs clubhouse
winning rate:      0.94           0.88            0.41
onekill win :      0.91           0.00            0.00
onekill lose:      0.00           0.00            0.00
my_score:         11.09           4.69            6.00
enemy_score:       1.66           2.16            6.91

number of games: 32
total_winning_rate   :  0.33
total_onekill_rate   :  0.00
total_score(my)      :  21.78
total_score(enemy)   :  16.55
total_score(my-enemy):  5.23

--- for final rounds ---  
              vs enemy_bot_level4    vs enemy_bot_level5    vs enemy_bot_level6    vs enemy_bot_level7    vs enemy_bot_level8
winning rate:                0.06                   0.03                   0.34                   0.00                   0.00
onekill win :                0.06                   0.00                   0.00                   0.00                   0.00
onekill lose:                0.25                   0.75                   0.34                   0.09                   0.41
my_score:                    3.38                   2.25                   8.31                   2.69                   3.91
enemy_score:                 9.19                  10.72                  11.22                   8.44                  11.22
--
              vs enemy_bot_level9    vs enemy_bot_level10    vs enemy_bot_level11    vs enemy_bot_level12
winning rate:                0.00                    0.09                    0.47                    0.03
onekill win :                0.00                    0.00                    0.06                    0.00
onekill lose:                0.59                    0.19                    0.00                    0.94
my_score:                    4.19                    3.06                    4.91                    1.47
enemy_score:                12.84                    7.78                    4.09                   11.97

number of games: 32
# each enemy_bot is maybe following... in detail, please see enemy_bot/README.md
#  - level4: old seigot
#  - level5: 0xDEADBEEF
#  - level6: sugarman
#  - level7: raucha(ikepoyo)
#  - level8: Gantetsu
#  - level9: YusukeMori3250(Tokuyo-Unagi)
#  - level10: Arthur-MA2(X-ranger)
#  - level11: shunsuke-f(sampleprogram)
#  - level12: maou
