detect commit
-------------------------------------------------------------
--- for qualifying rounds (vs cheese,teriyaki,clubhouse) ---  
              vs cheese    vs teriyaki    vs clubhouse
winning rate:      1.00           1.00            1.00
onekill win :      0.50           1.00            1.00
onekill lose:      0.00           0.00            0.00
my_score:         10.88          10.50           10.00
enemy_score:       2.62           0.50            0.00

number of games: 8
total_winning_rate   :  1.00
total_onekill_rate   :  0.50
total_score(my)      :  31.38
total_score(enemy)   :  2.62
total_score(my-enemy):  28.75

--- for final rounds ---  
              vs enemy_bot_level4    vs enemy_bot_level5    vs enemy_bot_level6    vs enemy_bot_level7    vs enemy_bot_level8
winning rate:                1.00                   1.00                   1.00                   1.00                   1.00
onekill win :                0.75                   0.88                   0.75                   0.88                   0.12
onekill lose:                0.00                   0.00                   0.00                   0.00                   0.00
my_score:                   15.38                  13.88                  15.25                  14.12                   9.75
enemy_score:                 4.38                   3.50                   5.88                   3.62                   1.62

number of games: 8
# each enemy_bot is maybe following... in detail, please see enemy_bot/README.md
#  - level4: old seigot
#  - level5: 0xDEADBEEF
#  - level6: sugarman
#  - level7: raucha(ikepoyo)
#  - level8: Gantetsu
