detect commit
-------------------------------------------------------------
--- for qualifying rounds (vs cheese,teriyaki,clubhouse) ---  
              vs cheese    vs teriyaki    vs clubhouse
winning rate:      1.00           1.00            1.00
onekill win :      0.94           0.94            1.00
onekill lose:      0.00           0.00            0.00
my_score:         10.41           9.88           10.00
enemy_score:       0.18           0.12            0.00

number of games: 17
total_winning_rate   :  1.00
total_onekill_rate   :  0.89
total_score(my)      :  30.29
total_score(enemy)   :  0.18
total_score(my-enemy):  30.12

--- for final rounds ---  
              vs enemy_bot_level4    vs enemy_bot_level5    vs enemy_bot_level6    vs enemy_bot_level7    vs enemy_bot_level8
winning rate:                1.00                   1.00                   1.00                   1.00                   1.00
onekill win :                0.82                   0.88                   0.88                   1.00                   0.41
onekill lose:                0.00                   0.00                   0.00                   0.00                   0.00
my_score:                   13.65                  14.41                  15.24                  14.59                  11.71
enemy_score:                 3.88                   3.53                   5.18                   3.71                   3.00
--
              vs enemy_bot_level9    vs enemy_bot_level10
winning rate:                1.00                    1.00
onekill win :                0.82                    1.00
onekill lose:                0.00                    0.00
my_score:                   12.88                   13.88
enemy_score:                 2.65                    2.59

number of games: 17
# each enemy_bot is maybe following... in detail, please see enemy_bot/README.md
#  - level4: old seigot
#  - level5: 0xDEADBEEF
#  - level6: sugarman
#  - level7: raucha(ikepoyo)
#  - level8: Gantetsu
#  - level9: YusukeMori3250(Tokuyo-Unagi)
#  - level10: Arthur-MA2(X-ranger)
