detect commit
-------------------------------------------------------------
--- for qualifying rounds (vs cheese,teriyaki,clubhouse) ---  
              vs cheese    vs teriyaki    vs clubhouse
winning rate:      0.96           0.12            0.68
onekill win :      0.00           0.00            0.08
onekill lose:      0.00           0.08            0.04
my_score:          8.12           1.68            5.24
enemy_score:       1.00           3.92            3.80

number of games: 25
total_winning_rate   :  0.08
total_onekill_rate   :  0.00
total_score(my)      :  15.04
total_score(enemy)   :  15.90
total_score(my-enemy):  -0.86

--- for final rounds ---  
              vs enemy_bot_level4    vs enemy_bot_level5    vs enemy_bot_level6    vs enemy_bot_level7    vs enemy_bot_level8
winning rate:                0.88                   0.32                   0.76                   0.76                   1.00
onekill win :                0.00                   0.04                   0.00                   0.04                   0.00
onekill lose:                0.04                   0.40                   0.04                   0.08                   0.00
my_score:                   11.92                   7.84                  11.92                  10.72                   3.32
enemy_score:                 8.20                  10.76                  10.48                   8.76                   0.00
--
              vs enemy_bot_level9    vs enemy_bot_level10    vs enemy_bot_level11    vs enemy_bot_level12
winning rate:                1.00                    0.24                    0.64                    0.00
onekill win :                0.00                    0.00                    0.08                    0.00
onekill lose:                0.00                    0.12                    0.00                    0.84
my_score:                    3.08                    4.80                    6.96                    1.84
enemy_score:                 0.00                    7.76                    4.52                   10.84

number of games: 25
# each enemy_bot is maybe following... in detail, please see enemy_bot/README.md
#  - level4: old seigot
#  - level5: 0xDEADBEEF
#  - level6: sugarman
#  - level7: raucha(ikepoyo)
#  - level8: Gantetsu
#  - level9: YusukeMori3250(Tokuyo-Unagi)
#  - level10: Arthur-MA2(X-ranger)
#  - level11: shunsuke-f(sampleprogram)
#  - level12: maou
