detect commit
-------------------------------------------------------------
--- for qualifying rounds (vs cheese,teriyaki,clubhouse) ---  
              vs cheese    vs teriyaki    vs clubhouse
winning rate:      1.00           1.00            1.00
onekill win :      1.00           1.00            0.89
onekill lose:      0.00           0.00            0.00
my_score:         11.56          10.00            9.56
enemy_score:       1.00           0.00            0.11

number of games: 9
total_winning_rate   :  1.00
total_onekill_rate   :  0.89
total_score(my)      :  31.11
total_score(enemy)   :  1.00
total_score(my-enemy):  30.11

--- for final rounds ---  
              vs enemy_bot_level4    vs enemy_bot_level5    vs enemy_bot_level6    vs enemy_bot_level7    vs enemy_bot_level8
winning rate:                1.00                   0.89                   1.00                   1.00                   1.00
onekill win :                0.44                   0.78                   0.56                   1.00                   0.22
onekill lose:                0.00                   0.00                   0.00                   0.00                   0.00
my_score:                   13.22                  13.33                  15.89                  13.56                  10.44
enemy_score:                 4.33                   4.78                   7.22                   3.00                   4.00

number of games: 9
# each enemy_bot is maybe following... in detail, please see enemy_bot/README.md
#  - level4: old seigot
#  - level5: 0xDEADBEEF
#  - level6: sugarman
#  - level7: raucha(ikepoyo)
#  - level8: Gantetsu
