detect commit
-------------------------------------------------------------
--- for qualifying rounds (vs cheese,teriyaki,clubhouse) ---  
              vs cheese    vs teriyaki    vs clubhouse
winning rate:      0.67           0.67            0.00
onekill win :      0.00           0.33            0.00
onekill lose:      0.00           0.33            1.00
my_score:          5.00          11.33            2.00
enemy_score:       2.67          10.67           12.67

number of games: 3
total_winning_rate   :  0.00
total_onekill_rate   :  0.00
total_score(my)      :  18.33
total_score(enemy)   :  137.78
total_score(my-enemy):  -119.44

--- for final rounds ---  
              vs enemy_bot_level4    vs enemy_bot_level5    vs enemy_bot_level6    vs enemy_bot_level7    vs enemy_bot_level8
winning rate:                0.00                   0.33                   0.33                   0.00                   0.67
onekill win :                0.00                   0.33                   0.00                   0.00                   0.00
onekill lose:                1.00                   0.67                   0.67                   1.00                   0.00
my_score:                    1.33                   5.00                   9.33                   2.33                   3.00
enemy_score:                14.33                   9.00                  15.33                  13.33                   3.67

number of games: 3
# each enemy_bot is maybe following... in detail, please see enemy_bot/README.md
#  - level4: old seigot
#  - level5: 0xDEADBEEF
#  - level6: sugarman
#  - level7: raucha(ikepoyo)
#  - level8: Gantetsu
