detect commit
-------------------------------------------------------------
--- for qualifying rounds (vs cheese,teriyaki,clubhouse) ---  
              vs cheese    vs teriyaki    vs clubhouse
winning rate:      0.91           0.64            0.09
onekill win :      0.00           0.18            0.00
onekill lose:      0.00           0.00            0.73
my_score:          4.45          12.27            4.55
enemy_score:       2.27           9.64           12.82

number of games: 11
total_winning_rate   :  0.05
total_onekill_rate   :  0.00
total_score(my)      :  21.27
total_score(enemy)   :  125.79
total_score(my-enemy):  -104.52

--- for final rounds ---  
              vs enemy_bot_level4    vs enemy_bot_level5    vs enemy_bot_level6    vs enemy_bot_level7    vs enemy_bot_level8
winning rate:                0.00                   0.09                   0.09                   0.00                   0.73
onekill win :                0.00                   0.00                   0.00                   0.00                   0.00
onekill lose:                1.00                   0.73                   0.91                   1.00                   0.09
my_score:                    3.73                   7.18                   6.00                   3.09                   4.45
enemy_score:                14.73                  15.36                  15.45                  14.36                   3.45

number of games: 11
# each enemy_bot is maybe following... in detail, please see enemy_bot/README.md
#  - level4: old seigot
#  - level5: 0xDEADBEEF
#  - level6: sugarman
#  - level7: raucha(ikepoyo)
#  - level8: Gantetsu
