detect commit
-------------------------------------------------------------
--- for qualifying rounds (vs cheese,teriyaki,clubhouse) ---  
              vs cheese    vs teriyaki    vs clubhouse
winning rate:      0.88           0.60            0.12
onekill win :      0.14           0.11            0.00
onekill lose:      0.00           0.04            0.46
my_score:          7.25           6.77            4.19
enemy_score:       3.91           5.32           10.49

number of games: 57
total_winning_rate   :  0.06
total_onekill_rate   :  0.00
total_score(my)      :  18.21
total_score(enemy)   :  59.68
total_score(my-enemy):  -41.47

--- for final rounds ---  
              vs enemy_bot_level4    vs enemy_bot_level5    vs enemy_bot_level6    vs enemy_bot_level7    vs enemy_bot_level8
winning rate:                0.21                   0.05                   0.14                   0.04                   0.41
onekill win :                0.00                   0.05                   0.02                   0.00                   0.00
onekill lose:                0.32                   0.53                   0.46                   0.60                   0.11
my_score:                    6.98                   7.32                   5.74                   4.51                   4.54
enemy_score:                11.95                  14.05                  11.81                  12.67                   6.79
--
              vs enemy_bot_level9    vs enemy_bot_level10    vs enemy_bot_level11    vs enemy_bot_level12
winning rate:                0.20                    0.00                    0.21                    0.00
onekill win :                0.00                    0.00                    0.07                    0.00
onekill lose:                0.20                    0.80                    0.27                    0.70
my_score:                    5.46                    3.59                    6.09                    2.59
enemy_score:                 9.20                   13.30                   10.21                   12.09

number of games: 57
# each enemy_bot is maybe following... in detail, please see enemy_bot/README.md
#  - level4: old seigot
#  - level5: 0xDEADBEEF
#  - level6: sugarman
#  - level7: raucha(ikepoyo)
#  - level8: Gantetsu
#  - level9: YusukeMori3250(Tokuyo-Unagi)
#  - level10: Arthur-MA2(X-ranger)
#  - level11: shunsuke-f(sampleprogram)
#  - level12: maou
