detect commit
-------------------------------------------------------------
--- for qualifying rounds (vs cheese,teriyaki,clubhouse) ---  
              vs cheese    vs teriyaki    vs clubhouse
winning rate:      0.71           0.71            0.06
onekill win :      0.06           0.00            0.00
onekill lose:      0.00           0.00            0.50
my_score:          6.65           6.18            4.69
enemy_score:       4.12           4.12           11.50

number of games: 17
total_winning_rate   :  0.03
total_onekill_rate   :  0.00
total_score(my)      :  17.51
total_score(enemy)   :  51.47
total_score(my-enemy):  -33.96

--- for final rounds ---  
              vs enemy_bot_level4    vs enemy_bot_level5    vs enemy_bot_level6    vs enemy_bot_level7    vs enemy_bot_level8
winning rate:                0.19                   0.12                   0.00                   0.00                   0.25
onekill win :                0.00                   0.00                   0.00                   0.00                   0.00
onekill lose:                0.38                   0.56                   0.31                   0.50                   0.06
my_score:                    5.31                   8.12                   4.56                   4.81                   4.75
enemy_score:                10.06                  15.06                  12.19                  12.69                   6.94
--
              vs enemy_bot_level9    vs enemy_bot_level10    vs enemy_bot_level11    vs enemy_bot_level12
winning rate:                0.12                    0.00                    0.33                    0.00
onekill win :                0.00                    0.00                    0.00                    0.00
onekill lose:                0.25                    1.00                    0.33                    0.60
my_score:                    4.88                    2.20                    5.60                    3.20
enemy_score:                10.81                   13.53                    9.67                   12.33

number of games: 16
# each enemy_bot is maybe following... in detail, please see enemy_bot/README.md
#  - level4: old seigot
#  - level5: 0xDEADBEEF
#  - level6: sugarman
#  - level7: raucha(ikepoyo)
#  - level8: Gantetsu
#  - level9: YusukeMori3250(Tokuyo-Unagi)
#  - level10: Arthur-MA2(X-ranger)
#  - level11: shunsuke-f(sampleprogram)
#  - level12: maou
