detect commit
-------------------------------------------------------------
--- for qualifying rounds (vs cheese,teriyaki,clubhouse) ---  
              vs cheese    vs teriyaki    vs clubhouse
winning rate:      1.00           0.50            0.50
onekill win :      0.00           0.00            0.00
onekill lose:      0.00           0.00            0.00
my_score:          9.50           3.50            3.00
enemy_score:       1.00           1.50            4.50

number of games: 2
total_winning_rate   :  0.25
total_onekill_rate   :  0.00
total_score(my)      :  16.00
total_score(enemy)   :  7.75
total_score(my-enemy):  8.25

--- for final rounds ---  
              vs enemy_bot_level4    vs enemy_bot_level5    vs enemy_bot_level6    vs enemy_bot_level7    vs enemy_bot_level8
winning rate:                0.00                   0.00                   1.00                   0.00                   0.00
onekill win :                0.00                   0.00                   0.50                   0.00                   0.00
onekill lose:                0.50                   0.50                   0.00                   0.00                   1.00
my_score:                    2.00                   6.00                  13.00                   4.00                   1.00
enemy_score:                 9.50                  12.00                   7.50                   9.00                  11.50
--
              vs enemy_bot_level9    vs enemy_bot_level10    vs enemy_bot_level11    vs enemy_bot_level12
winning rate:                0.00                    0.00                    1.00                    0.00
onekill win :                0.00                    0.00                    0.00                    0.00
onekill lose:                0.50                    0.00                    0.00                    0.50
my_score:                    5.00                    4.00                    4.50                    3.00
enemy_score:                13.00                    6.50                    2.50                    9.00

number of games: 2
# each enemy_bot is maybe following... in detail, please see enemy_bot/README.md
#  - level4: old seigot
#  - level5: 0xDEADBEEF
#  - level6: sugarman
#  - level7: raucha(ikepoyo)
#  - level8: Gantetsu
#  - level9: YusukeMori3250(Tokuyo-Unagi)
#  - level10: Arthur-MA2(X-ranger)
#  - level11: shunsuke-f(sampleprogram)
#  - level12: maou
