detect commit
-------------------------------------------------------------
--- for qualifying rounds (vs cheese,teriyaki,clubhouse) ---  
              vs cheese    vs teriyaki    vs clubhouse
winning rate:      1.00           1.00            1.00
onekill win :      0.75           0.00            0.50
onekill lose:      0.00           0.00            0.00
my_score:         11.25           8.50            9.25
enemy_score:       1.00           0.75            1.75

number of games: 4
total_winning_rate   :  1.00
total_onekill_rate   :  0.00
total_score(my)      :  29.00
total_score(enemy)   :  2.31
total_score(my-enemy):  26.69

--- for final rounds ---  
              vs enemy_bot_level4    vs enemy_bot_level5    vs enemy_bot_level6    vs enemy_bot_level7    vs enemy_bot_level8
winning rate:                0.75                   0.75                   1.00                   0.75                   0.00
onekill win :                0.25                   0.00                   0.25                   0.00                   0.00
onekill lose:                0.00                   0.00                   0.00                   0.00                   0.00
my_score:                   10.00                   7.00                  14.50                   9.50                   8.25
enemy_score:                 6.25                   5.75                   7.00                  10.00                  13.50
--
              vs enemy_bot_level9    vs enemy_bot_level10    vs enemy_bot_level11    vs enemy_bot_level12
winning rate:                0.50                    1.00                    1.00                    0.00
onekill win :                0.00                    0.00                    0.50                    0.00
onekill lose:                0.25                    0.00                    0.00                    0.75
my_score:                    8.75                    6.50                    9.00                    1.50
enemy_score:                11.75                    3.75                    1.50                   10.75

number of games: 4
# each enemy_bot is maybe following... in detail, please see enemy_bot/README.md
#  - level4: old seigot
#  - level5: 0xDEADBEEF
#  - level6: sugarman
#  - level7: raucha(ikepoyo)
#  - level8: Gantetsu
#  - level9: YusukeMori3250(Tokuyo-Unagi)
#  - level10: Arthur-MA2(X-ranger)
#  - level11: shunsuke-f(sampleprogram)
#  - level12: maou
