detect commit
-------------------------------------------------------------
--- for qualifying rounds (vs cheese,teriyaki,clubhouse) ---  
              vs cheese    vs teriyaki    vs clubhouse
winning rate:      0.74           1.00            1.00
onekill win :      0.47           0.95            0.89
onekill lose:      0.00           0.00            0.00
my_score:         11.32          10.95            9.37
enemy_score:       4.89           0.37            0.05

number of games: 19
total_winning_rate   :  0.74
total_onekill_rate   :  0.40
total_score(my)      :  31.63
total_score(enemy)   :  4.91
total_score(my-enemy):  26.72

--- for final rounds ---  
              vs enemy_bot_level4    vs enemy_bot_level5    vs enemy_bot_level6    vs enemy_bot_level7    vs enemy_bot_level8
winning rate:                0.74                   0.74                   1.00                   1.00                   0.42
onekill win :                0.21                   0.47                   0.95                   0.53                   0.00
onekill lose:                0.00                   0.00                   0.00                   0.00                   0.05
my_score:                    8.79                  11.37                  15.05                  12.05                   7.53
enemy_score:                 3.89                   5.63                   4.37                   4.11                   7.95

number of games: 19
# each enemy_bot is maybe following... in detail, please see enemy_bot/README.md
#  - level4: old seigot
#  - level5: 0xDEADBEEF
#  - level6: sugarman
#  - level7: raucha(ikepoyo)
#  - level8: Gantetsu
