detect commit
-------------------------------------------------------------
--- for qualifying rounds (vs cheese,teriyaki,clubhouse) ---  
              vs cheese    vs teriyaki    vs clubhouse
winning rate:      0.98           1.00            1.00
onekill win :      0.83           1.00            1.00
onekill lose:      0.00           0.00            0.00
my_score:         12.05          10.16           10.00
enemy_score:       2.22           0.13            0.00

number of games: 63
total_winning_rate   :  0.98
total_onekill_rate   :  0.83
total_score(my)      :  32.21
total_score(enemy)   :  2.22
total_score(my-enemy):  29.98

--- for final rounds ---  
              vs enemy_bot_level4    vs enemy_bot_level5    vs enemy_bot_level6    vs enemy_bot_level7    vs enemy_bot_level8
winning rate:                0.97                   0.90                   0.87                   0.98                   0.98
onekill win :                0.49                   0.83                   0.44                   0.97                   0.37
onekill lose:                0.00                   0.00                   0.02                   0.02                   0.00
my_score:                   11.51                  14.16                  15.41                  14.41                  10.43
enemy_score:                 3.68                   4.70                   9.24                   3.78                   2.00

number of games: 63
# each enemy_bot is maybe following... in detail, please see enemy_bot/README.md
#  - level4: old seigot
#  - level5: 0xDEADBEEF
#  - level6: sugarman
#  - level7: raucha(ikepoyo)
#  - level8: Gantetsu
