detect commit
-------------------------------------------------------------
--- for qualifying rounds (vs cheese,teriyaki,clubhouse) ---  
              vs cheese    vs teriyaki    vs clubhouse
winning rate:      1.00           1.00            1.00
onekill win :      0.65           0.96            1.00
onekill lose:      0.00           0.00            0.00
my_score:         11.88          10.15           10.00
enemy_score:       2.27           0.19            0.00

number of games: 26
total_winning_rate   :  1.00
total_onekill_rate   :  0.63
total_score(my)      :  32.04
total_score(enemy)   :  2.27
total_score(my-enemy):  29.77

--- for final rounds ---  
              vs enemy_bot_level4    vs enemy_bot_level5    vs enemy_bot_level6    vs enemy_bot_level7    vs enemy_bot_level8
winning rate:                1.00                   0.96                   0.92                   1.00                   1.00
onekill win :                0.58                   0.88                   0.54                   0.96                   0.27
onekill lose:                0.00                   0.00                   0.00                   0.00                   0.00
my_score:                   13.31                  14.35                  15.46                  14.08                   9.88
enemy_score:                 3.81                   4.15                   7.88                   3.54                   1.54

number of games: 26
# each enemy_bot is maybe following... in detail, please see enemy_bot/README.md
#  - level4: old seigot
#  - level5: 0xDEADBEEF
#  - level6: sugarman
#  - level7: raucha(ikepoyo)
#  - level8: Gantetsu
