detect commit
-------------------------------------------------------------
--- for qualifying rounds (vs cheese,teriyaki,clubhouse) ---  
              vs cheese    vs teriyaki    vs clubhouse
winning rate:      1.00           1.00            1.00
onekill win :      0.74           1.00            1.00
onekill lose:      0.00           0.00            0.00
my_score:         11.43          10.19           10.00
enemy_score:       2.55           0.19            0.00

number of games: 42
total_winning_rate   :  1.00
total_onekill_rate   :  0.74
total_score(my)      :  31.62
total_score(enemy)   :  2.55
total_score(my-enemy):  29.07

--- for final rounds ---  
              vs enemy_bot_level4    vs enemy_bot_level5    vs enemy_bot_level6    vs enemy_bot_level7    vs enemy_bot_level8
winning rate:                0.93                   0.88                   0.93                   0.98                   0.98
onekill win :                0.52                   0.83                   0.40                   0.95                   0.26
onekill lose:                0.00                   0.00                   0.00                   0.02                   0.00
my_score:                   12.62                  14.26                  15.36                  14.26                   9.76
enemy_score:                 4.21                   4.64                   9.00                   3.86                   1.76

number of games: 42
# each enemy_bot is maybe following... in detail, please see enemy_bot/README.md
#  - level4: old seigot
#  - level5: 0xDEADBEEF
#  - level6: sugarman
#  - level7: raucha(ikepoyo)
#  - level8: Gantetsu
