detect commit
-------------------------------------------------------------
--- for qualifying rounds (vs cheese,teriyaki,clubhouse) ---  
              vs cheese    vs teriyaki    vs clubhouse
winning rate:      1.00           1.00            1.00
onekill win :      1.00           1.00            1.00
onekill lose:      0.00           0.00            0.00
my_score:         10.62          10.29           10.00
enemy_score:       0.12           0.25            0.00

number of games: 24
total_winning_rate   :  1.00
total_onekill_rate   :  1.00
total_score(my)      :  30.92
total_score(enemy)   :  0.12
total_score(my-enemy):  30.79

--- for final rounds ---  
              vs enemy_bot_level4    vs enemy_bot_level5    vs enemy_bot_level6    vs enemy_bot_level7    vs enemy_bot_level8
winning rate:                1.00                   1.00                   1.00                   1.00                   1.00
onekill win :                0.88                   0.92                   0.92                   1.00                   0.54
onekill lose:                0.00                   0.00                   0.00                   0.00                   0.00
my_score:                   13.38                  13.62                  14.88                  13.88                  11.58
enemy_score:                 2.92                   3.38                   4.46                   2.79                   2.54
--
              vs enemy_bot_level9    vs enemy_bot_level10
winning rate:                0.92                    1.00
onekill win :                0.67                    0.00
onekill lose:                0.00                    0.00
my_score:                   11.92                    9.00
enemy_score:                 3.50                    0.00

number of games: 24
# each enemy_bot is maybe following... in detail, please see enemy_bot/README.md
#  - level4: old seigot
#  - level5: 0xDEADBEEF
#  - level6: sugarman
#  - level7: raucha(ikepoyo)
#  - level8: Gantetsu
#  - level9: YusukeMori3250(Tokuyo-Unagi)
#  - level10: Arthur-MA2(X-ranger)
