detect commit
-------------------------------------------------------------
--- for qualifying rounds (vs cheese,teriyaki,clubhouse) ---  
              vs cheese    vs teriyaki    vs clubhouse
winning rate:      1.00           1.00            1.00
onekill win :      0.97           0.97            0.99
onekill lose:      0.00           0.00            0.00
my_score:         10.80          10.10            9.94
enemy_score:       0.23           0.20            0.01

number of games: 71
total_winning_rate   :  1.00
total_onekill_rate   :  0.93
total_score(my)      :  30.85
total_score(enemy)   :  0.23
total_score(my-enemy):  30.62

--- for final rounds ---  
              vs enemy_bot_level4    vs enemy_bot_level5    vs enemy_bot_level6    vs enemy_bot_level7    vs enemy_bot_level8
winning rate:                1.00                   0.96                   0.97                   1.00                   1.00
onekill win :                0.83                   0.85                   0.76                   1.00                   0.37
onekill lose:                0.00                   0.00                   0.01                   0.00                   0.00
my_score:                   13.99                  13.70                  13.99                  14.75                  10.72
enemy_score:                 3.55                   3.65                   5.31                   3.52                   2.23
--
              vs enemy_bot_level9    vs enemy_bot_level10
winning rate:                0.94                    0.97
onekill win :                0.65                    0.92
onekill lose:                0.00                    0.00
my_score:                   12.03                   13.58
enemy_score:                 3.45                    2.77

number of games: 71
# each enemy_bot is maybe following... in detail, please see enemy_bot/README.md
#  - level4: old seigot
#  - level5: 0xDEADBEEF
#  - level6: sugarman
#  - level7: raucha(ikepoyo)
#  - level8: Gantetsu
#  - level9: YusukeMori3250(Tokuyo-Unagi)
#  - level10: Arthur-MA2(X-ranger)
