iteration, enemy_level, game_time(s), date, my_score, enemy_score, battle_result, my_side
#--> latest commit:e2967234319cf56d5cf2f188cc3c490f5582c24b 20220118014012 in burger_war_dev
0, 1, 240, 2022-01-18T13:46:17+09:00, 7, 1, WIN, r
0, 2, 240, 2022-01-18T13:51:22+09:00, 11, 0, WIN, r
0, 3, 240, 2022-01-18T13:56:12+09:00, 10, 0, WIN, r
0, 4, 240, 2022-01-18T14:01:17+09:00, 12, 8, WIN, r
0, 5, 240, 2022-01-18T14:06:22+09:00, 17, 6, WIN, r
0, 6, 240, 2022-01-18T14:11:27+09:00, 15, 5, WIN, r
0, 7, 240, 2022-01-18T14:16:32+09:00, 12, 2, WIN, r
0, 8, 240, 2022-01-18T14:21:37+09:00, 4, 1, WIN, r
0, 9, 240, 2022-01-18T14:26:42+09:00, 6, 3, WIN, r
0, 10, 240, 2022-01-18T14:31:47+09:00, 12, 1, WIN, r
0, 11, 240, 2022-01-18T14:36:52+09:00, 12, 1, WIN, r
0, 12, 240, 2022-01-18T14:41:43+09:00, 5, 7, LOSE, r
1, 1, 240, 2022-01-18T15:50:57+09:00, 9, 1, WIN, r
1, 2, 240, 2022-01-18T15:56:01+09:00, 11, 1, WIN, r
1, 3, 240, 2022-01-18T16:01:06+09:00, 12, 2, WIN, r
1, 4, 240, 2022-01-18T16:06:12+09:00, 17, 3, WIN, r
1, 5, 240, 2022-01-18T16:11:17+09:00, 14, 4, WIN, r
1, 6, 240, 2022-01-18T16:16:22+09:00, 15, 4, WIN, r
1, 7, 240, 2022-01-18T16:21:26+09:00, 11, 0, WIN, r
1, 8, 240, 2022-01-18T16:26:32+09:00, 6, 1, WIN, r
1, 9, 240, 2022-01-18T16:31:37+09:00, 10, 3, WIN, r
1, 10, 240, 2022-01-18T16:36:42+09:00, 11, 1, WIN, r
1, 11, 240, 2022-01-18T16:41:46+09:00, 13, 0, WIN, r
1, 12, 240, 2022-01-18T16:46:51+09:00, 5, 7, LOSE, r
2, 1, 240, 2022-01-18T17:56:07+09:00, 7, 1, WIN, r
2, 2, 240, 2022-01-18T18:01:12+09:00, 11, 0, WIN, r
2, 3, 240, 2022-01-18T18:06:17+09:00, 10, 0, WIN, r
2, 4, 240, 2022-01-18T18:11:22+09:00, 4, 2, WIN, r
2, 5, 240, 2022-01-18T18:16:27+09:00, 13, 3, WIN, r
2, 6, 240, 2022-01-18T18:21:32+09:00, 14, 4, WIN, r
2, 7, 240, 2022-01-18T18:26:37+09:00, 15, 4, WIN, r
2, 8, 240, 2022-01-18T18:31:42+09:00, 5, 1, WIN, r
2, 9, 240, 2022-01-18T18:36:33+09:00, 15, 4, WIN, r
2, 10, 240, 2022-01-18T18:41:38+09:00, 11, 0, WIN, r
2, 11, 240, 2022-01-18T18:46:43+09:00, 11, 1, WIN, r
2, 12, 240, 2022-01-18T18:51:47+09:00, 3, 9, LOSE, r
3, 1, 240, 2022-01-18T20:00:48+09:00, 7, 1, WIN, r
3, 2, 240, 2022-01-18T20:05:53+09:00, 14, 0, WIN, r
3, 3, 240, 2022-01-18T20:10:58+09:00, 10, 0, WIN, r
3, 4, 240, 2022-01-18T20:16:03+09:00, 16, 2, WIN, r
3, 5, 240, 2022-01-18T20:21:08+09:00, 14, 3, WIN, r
3, 6, 240, 2022-01-18T20:25:59+09:00, 15, 4, WIN, r
3, 7, 240, 2022-01-18T20:31:04+09:00, 11, 1, WIN, r
3, 8, 240, 2022-01-18T20:36:09+09:00, 5, 1, WIN, r
0, 1, 190, 2022-01-18T21:42:41+09:00, 7, 1, WIN, r
0, 2, 190, 2022-01-18T21:46:54+09:00, 14, 0, WIN, r
0, 3, 190, 2022-01-18T21:51:08+09:00, 10, 0, WIN, r
0, 4, 190, 2022-01-18T21:55:22+09:00, 7, 5, WIN, r
0, 5, 190, 2022-01-18T21:59:35+09:00, 15, 4, WIN, r
0, 6, 190, 2022-01-18T22:03:49+09:00, 15, 4, WIN, r
0, 7, 190, 2022-01-18T22:08:03+09:00, 12, 2, WIN, r
0, 8, 190, 2022-01-18T22:12:16+09:00, 4, 1, WIN, r
0, 9, 190, 2022-01-18T22:16:30+09:00, 5, 2, WIN, r
0, 10, 190, 2022-01-18T22:20:44+09:00, 12, 2, WIN, r
0, 11, 190, 2022-01-18T22:24:58+09:00, 12, 2, WIN, r
0, 12, 190, 2022-01-18T22:29:12+09:00, 7, 5, WIN, r
1, 1, 190, 2022-01-19T01:14:58+09:00, 6, 1, WIN, r
1, 2, 190, 2022-01-19T01:19:12+09:00, 10, 0, WIN, r
1, 3, 190, 2022-01-19T01:23:25+09:00, 10, 0, WIN, r
1, 4, 190, 2022-01-19T01:27:39+09:00, 15, 3, WIN, r
1, 5, 190, 2022-01-19T01:31:53+09:00, 15, 3, WIN, r
1, 6, 190, 2022-01-19T01:36:07+09:00, 13, 3, WIN, r
1, 7, 190, 2022-01-19T01:40:21+09:00, 12, 2, WIN, r
1, 8, 190, 2022-01-19T01:44:35+09:00, 6, 1, WIN, r
1, 9, 190, 2022-01-19T01:48:49+09:00, 7, 2, WIN, r
1, 10, 190, 2022-01-19T01:53:03+09:00, 11, 1, WIN, r
1, 11, 190, 2022-01-19T01:57:16+09:00, 10, 0, WIN, r
1, 12, 190, 2022-01-19T02:01:30+09:00, 7, 5, WIN, r
2, 1, 190, 2022-01-19T04:43:53+09:00, 9, 1, WIN, r
2, 2, 190, 2022-01-19T04:48:07+09:00, 11, 0, WIN, r
2, 3, 190, 2022-01-19T04:52:20+09:00, 10, 0, WIN, r
2, 4, 190, 2022-01-19T04:56:34+09:00, 11, 5, WIN, r
2, 5, 190, 2022-01-19T05:00:48+09:00, 15, 3, WIN, r
2, 6, 190, 2022-01-19T05:05:02+09:00, 15, 4, WIN, r
2, 7, 190, 2022-01-19T05:09:15+09:00, 15, 8, WIN, r
2, 8, 190, 2022-01-19T05:13:29+09:00, 4, 4, LOSE, r
2, 9, 190, 2022-01-19T05:17:43+09:00, 4, 2, WIN, r
2, 10, 190, 2022-01-19T05:21:57+09:00, 11, 1, WIN, r
2, 11, 190, 2022-01-19T05:26:10+09:00, 12, 2, WIN, r
2, 12, 190, 2022-01-19T05:30:24+09:00, 5, 7, LOSE, r
3, 1, 190, 2022-01-19T08:13:02+09:00, 11, 1, WIN, r
3, 2, 190, 2022-01-19T08:17:16+09:00, 10, 0, WIN, r
3, 3, 190, 2022-01-19T08:21:30+09:00, 10, 0, WIN, r
3, 4, 190, 2022-01-19T08:25:43+09:00, 6, 3, WIN, r
3, 5, 190, 2022-01-19T08:29:57+09:00, 14, 4, WIN, r
3, 6, 190, 2022-01-19T08:34:10+09:00, 15, 8, WIN, r
3, 7, 190, 2022-01-19T08:38:24+09:00, 11, 0, WIN, r
3, 8, 190, 2022-01-19T08:42:38+09:00, 4, 4, LOSE, r
3, 9, 190, 2022-01-19T08:46:52+09:00, 14, 6, WIN, r
3, 10, 190, 2022-01-19T08:51:05+09:00, 13, 2, WIN, r
3, 11, 190, 2022-01-19T08:55:19+09:00, 10, 0, WIN, r
3, 12, 190, 2022-01-19T08:59:32+09:00, 8, 4, WIN, r
4, 1, 190, 2022-01-19T11:42:08+09:00, 7, 1, WIN, r
4, 2, 190, 2022-01-19T11:46:21+09:00, 11, 0, WIN, r
4, 3, 190, 2022-01-19T11:50:35+09:00, 10, 0, WIN, r
4, 4, 190, 2022-01-19T11:54:49+09:00, 10, 5, WIN, r
4, 5, 190, 2022-01-19T11:59:03+09:00, 15, 4, WIN, r
4, 6, 190, 2022-01-19T12:03:16+09:00, 15, 4, WIN, r
4, 7, 190, 2022-01-19T12:07:30+09:00, 16, 5, WIN, r
4, 8, 190, 2022-01-19T12:11:44+09:00, 4, 1, WIN, r
4, 9, 190, 2022-01-19T12:15:58+09:00, 4, 3, WIN, r
4, 10, 190, 2022-01-19T12:20:12+09:00, 13, 2, WIN, r
4, 11, 190, 2022-01-19T12:24:26+09:00, 16, 2, WIN, r
4, 12, 190, 2022-01-19T12:28:40+09:00, 8, 4, WIN, r
5, 1, 190, 2022-01-19T15:11:39+09:00, 6, 1, WIN, r
5, 2, 190, 2022-01-19T15:15:53+09:00, 14, 0, WIN, r
5, 3, 190, 2022-01-19T15:20:06+09:00, 10, 0, WIN, r
5, 4, 190, 2022-01-19T15:24:20+09:00, 8, 3, WIN, r
5, 5, 190, 2022-01-19T15:28:34+09:00, 13, 2, WIN, r
5, 6, 190, 2022-01-19T15:32:47+09:00, 13, 3, WIN, r
5, 7, 190, 2022-01-19T15:37:02+09:00, 13, 2, WIN, r
5, 8, 190, 2022-01-19T15:41:16+09:00, 6, 1, WIN, r
5, 9, 190, 2022-01-19T15:45:30+09:00, 17, 5, WIN, r
5, 10, 190, 2022-01-19T15:49:44+09:00, 13, 2, WIN, r
5, 11, 190, 2022-01-19T15:53:57+09:00, 14, 2, WIN, r
5, 12, 190, 2022-01-19T15:58:11+09:00, 7, 5, WIN, r
#--> latest commit:2019fee5ed543432d5233e154e59095e770c0e58 20220119063639 in burger_war_dev
6, 1, 190, 2022-01-19T18:41:51+09:00, 8, 1, WIN, r
6, 2, 190, 2022-01-19T18:46:05+09:00, 10, 0, WIN, r
6, 3, 190, 2022-01-19T18:50:19+09:00, 10, 0, WIN, r
6, 4, 190, 2022-01-19T18:54:33+09:00, 8, 2, WIN, r
6, 5, 190, 2022-01-19T18:58:46+09:00, 8, 7, WIN, r
6, 6, 190, 2022-01-19T19:03:00+09:00, 15, 4, WIN, r
6, 7, 190, 2022-01-19T19:07:14+09:00, 14, 3, WIN, r
6, 8, 190, 2022-01-19T19:11:28+09:00, 5, 3, WIN, r
6, 9, 190, 2022-01-19T19:15:41+09:00, 4, 1, WIN, r
6, 10, 190, 2022-01-19T19:19:55+09:00, 10, 0, WIN, r
6, 11, 190, 2022-01-19T19:24:09+09:00, 12, 1, WIN, r
6, 12, 190, 2022-01-19T19:28:23+09:00, 4, 8, LOSE, r
#--> latest commit:34f967c26995cabd12d9c728bf24dd44ceb00f2b 20220119100742 in burger_war_dev
7, 1, 190, 2022-01-19T22:12:57+09:00, 7, 1, WIN, r
7, 2, 190, 2022-01-19T22:17:10+09:00, 11, 0, WIN, r
7, 3, 190, 2022-01-19T22:21:24+09:00, 10, 0, WIN, r
7, 4, 190, 2022-01-19T22:25:38+09:00, 13, 9, WIN, r
7, 5, 190, 2022-01-19T22:29:52+09:00, 9, 11, LOSE, r
7, 6, 190, 2022-01-19T22:34:05+09:00, 15, 4, WIN, r
7, 7, 190, 2022-01-19T22:38:19+09:00, 15, 4, WIN, r
7, 8, 190, 2022-01-19T22:42:33+09:00, 7, 3, WIN, r
7, 9, 190, 2022-01-19T22:46:47+09:00, 12, 2, WIN, r
7, 10, 190, 2022-01-19T22:51:01+09:00, 11, 1, WIN, r
7, 11, 190, 2022-01-19T22:55:14+09:00, 11, 0, WIN, r
7, 12, 190, 2022-01-19T22:59:28+09:00, 4, 8, LOSE, r
#--> latest commit:fa76486f28211dace8325386d9b03c16bcf5f780 20220120013840 in burger_war_dev
8, 1, 190, 2022-01-20T01:43:51+09:00, 9, 1, WIN, r
8, 2, 190, 2022-01-20T01:48:04+09:00, 13, 0, WIN, r
8, 3, 190, 2022-01-20T01:52:04+09:00, 10, 0, WIN, r
8, 4, 190, 2022-01-20T01:56:18+09:00, 10, 3, WIN, r
8, 5, 190, 2022-01-20T02:00:32+09:00, 15, 5, WIN, r
8, 6, 190, 2022-01-20T02:04:45+09:00, 15, 5, WIN, r
8, 7, 190, 2022-01-20T02:08:59+09:00, 16, 4, WIN, r
8, 8, 190, 2022-01-20T02:13:13+09:00, 4, 1, WIN, r
8, 9, 190, 2022-01-20T02:17:27+09:00, 16, 7, WIN, r
8, 10, 190, 2022-01-20T02:21:41+09:00, 11, 1, WIN, r
8, 11, 190, 2022-01-20T02:25:55+09:00, 12, 2, WIN, r
8, 12, 190, 2022-01-20T02:30:08+09:00, 5, 7, LOSE, r
9, 1, 190, 2022-01-20T05:12:48+09:00, 9, 1, WIN, r
9, 2, 190, 2022-01-20T05:17:02+09:00, 13, 0, WIN, r
9, 3, 190, 2022-01-20T05:21:15+09:00, 11, 1, WIN, r
9, 4, 190, 2022-01-20T05:25:29+09:00, 19, 9, WIN, r
9, 5, 190, 2022-01-20T05:29:43+09:00, 15, 5, WIN, r
9, 6, 190, 2022-01-20T05:33:57+09:00, 14, 4, WIN, r
9, 7, 190, 2022-01-20T05:38:10+09:00, 13, 3, WIN, r
9, 8, 190, 2022-01-20T05:42:24+09:00, 5, 1, WIN, r
9, 9, 190, 2022-01-20T05:46:38+09:00, 10, 3, WIN, r
9, 10, 190, 2022-01-20T05:50:51+09:00, 13, 2, WIN, r
9, 11, 190, 2022-01-20T05:55:05+09:00, 12, 0, WIN, r
9, 12, 190, 2022-01-20T05:59:19+09:00, 3, 9, LOSE, r
10, 1, 190, 2022-01-20T08:41:33+09:00, 9, 1, WIN, r
10, 2, 190, 2022-01-20T08:45:46+09:00, 10, 0, WIN, r
10, 3, 190, 2022-01-20T08:50:00+09:00, 12, 1, WIN, r
10, 4, 190, 2022-01-20T08:54:14+09:00, 8, 7, WIN, r
10, 5, 190, 2022-01-20T08:58:27+09:00, 13, 2, WIN, r
10, 6, 190, 2022-01-20T09:02:41+09:00, 15, 4, WIN, r
10, 7, 190, 2022-01-20T09:06:41+09:00, 16, 2, WIN, r
10, 8, 190, 2022-01-20T09:10:55+09:00, 6, 7, LOSE, r
10, 9, 190, 2022-01-20T09:15:08+09:00, 5, 1, WIN, r
10, 10, 190, 2022-01-20T09:19:22+09:00, 12, 0, WIN, r
10, 11, 190, 2022-01-20T09:23:36+09:00, 10, 0, WIN, r
10, 12, 190, 2022-01-20T09:27:49+09:00, 5, 7, LOSE, r
11, 1, 190, 2022-01-20T12:10:24+09:00, 8, 1, WIN, r
11, 2, 190, 2022-01-20T12:14:38+09:00, 10, 0, WIN, r
11, 3, 190, 2022-01-20T12:18:51+09:00, 11, 0, WIN, r
11, 4, 190, 2022-01-20T12:23:05+09:00, 16, 6, WIN, r
11, 5, 190, 2022-01-20T12:27:19+09:00, 11, 1, WIN, r
11, 6, 190, 2022-01-20T12:31:32+09:00, 14, 4, WIN, r
11, 7, 190, 2022-01-20T12:35:46+09:00, 13, 2, WIN, r
11, 8, 190, 2022-01-20T12:40:00+09:00, 3, 1, WIN, r
11, 9, 190, 2022-01-20T12:44:14+09:00, 3, 2, WIN, r
11, 10, 190, 2022-01-20T12:48:28+09:00, 10, 0, WIN, r
11, 11, 190, 2022-01-20T12:52:42+09:00, 12, 1, WIN, r
11, 12, 190, 2022-01-20T12:56:56+09:00, 7, 5, WIN, r
12, 1, 190, 2022-01-20T15:39:25+09:00, 7, 1, WIN, r
12, 2, 190, 2022-01-20T15:43:39+09:00, 13, 0, WIN, r
12, 3, 190, 2022-01-20T15:47:53+09:00, 10, 0, WIN, r
12, 4, 190, 2022-01-20T15:52:07+09:00, 6, 4, WIN, r
12, 5, 190, 2022-01-20T15:56:20+09:00, 13, 3, WIN, r
12, 6, 190, 2022-01-20T16:00:34+09:00, 14, 4, WIN, r
12, 7, 190, 2022-01-20T16:04:48+09:00, 12, 2, WIN, r
12, 8, 190, 2022-01-20T16:09:02+09:00, 4, 7, LOSE, r
12, 9, 190, 2022-01-20T16:13:16+09:00, 11, 1, WIN, r
12, 10, 190, 2022-01-20T16:17:30+09:00, 11, 0, WIN, r
12, 11, 190, 2022-01-20T16:21:44+09:00, 9, 2, WIN, r
12, 12, 190, 2022-01-20T16:25:57+09:00, 5, 7, LOSE, r
13, 1, 190, 2022-01-20T19:08:36+09:00, 7, 1, WIN, r
13, 2, 190, 2022-01-20T19:12:49+09:00, 10, 0, WIN, r
13, 3, 190, 2022-01-20T19:16:49+09:00, 10, 0, WIN, r
13, 4, 190, 2022-01-20T19:21:03+09:00, 17, 5, WIN, r
13, 5, 190, 2022-01-20T19:25:17+09:00, 17, 3, WIN, r
13, 6, 190, 2022-01-20T19:29:30+09:00, 15, 4, WIN, r
13, 7, 190, 2022-01-20T19:33:30+09:00, 12, 2, WIN, r
13, 8, 190, 2022-01-20T19:37:44+09:00, 12, 0, WIN, r
13, 9, 190, 2022-01-20T19:41:58+09:00, 5, 2, WIN, r
13, 10, 190, 2022-01-20T19:46:12+09:00, 12, 1, WIN, r
13, 11, 190, 2022-01-20T19:50:26+09:00, 11, 1, WIN, r
13, 12, 190, 2022-01-20T19:54:39+09:00, 5, 7, LOSE, r
14, 1, 190, 2022-01-20T22:36:37+09:00, 8, 1, WIN, r
14, 2, 190, 2022-01-20T22:40:36+09:00, 11, 0, WIN, r
14, 3, 190, 2022-01-20T22:44:50+09:00, 10, 0, WIN, r
14, 4, 190, 2022-01-20T22:49:04+09:00, 15, 4, WIN, r
14, 5, 190, 2022-01-20T22:53:17+09:00, 14, 9, WIN, r
14, 6, 190, 2022-01-20T22:57:31+09:00, 14, 3, WIN, r
14, 7, 190, 2022-01-20T23:01:45+09:00, 15, 5, WIN, r
14, 8, 190, 2022-01-20T23:05:59+09:00, 6, 4, WIN, r
14, 9, 190, 2022-01-20T23:10:13+09:00, 14, 3, WIN, r
14, 10, 190, 2022-01-20T23:14:27+09:00, 11, 0, WIN, r
14, 11, 190, 2022-01-20T23:18:41+09:00, 13, 1, WIN, r
14, 12, 190, 2022-01-20T23:22:54+09:00, 3, 9, LOSE, r
15, 1, 190, 2022-01-21T02:05:44+09:00, 8, 1, WIN, r
15, 2, 190, 2022-01-21T02:09:58+09:00, 10, 0, WIN, r
15, 3, 190, 2022-01-21T02:14:12+09:00, 10, 0, WIN, r
15, 4, 190, 2022-01-21T02:18:25+09:00, 9, 2, WIN, r
15, 5, 190, 2022-01-21T02:22:40+09:00, 15, 5, WIN, r
15, 6, 190, 2022-01-21T02:26:54+09:00, 13, 3, WIN, r
15, 7, 190, 2022-01-21T02:31:08+09:00, 13, 3, WIN, r
15, 8, 190, 2022-01-21T02:35:22+09:00, 5, 1, WIN, r
15, 9, 190, 2022-01-21T02:39:36+09:00, 10, 1, WIN, r
15, 10, 190, 2022-01-21T02:43:50+09:00, 11, 1, WIN, r
15, 11, 190, 2022-01-21T02:48:03+09:00, 14, 3, WIN, r
15, 12, 190, 2022-01-21T02:52:17+09:00, 7, 5, WIN, r
16, 1, 190, 2022-01-21T05:35:02+09:00, 9, 1, WIN, r
16, 2, 190, 2022-01-21T05:39:02+09:00, 11, 1, WIN, r
16, 3, 190, 2022-01-21T05:43:22+09:00, 12, 2, WIN, r
16, 4, 190, 2022-01-21T05:47:35+09:00, 9, 4, WIN, r
16, 5, 190, 2022-01-21T05:51:49+09:00, 14, 3, WIN, r
16, 6, 190, 2022-01-21T05:56:03+09:00, 14, 3, WIN, r
16, 7, 190, 2022-01-21T06:00:17+09:00, 14, 4, WIN, r
16, 8, 190, 2022-01-21T06:04:31+09:00, 4, 1, WIN, r
16, 9, 190, 2022-01-21T06:08:44+09:00, 5, 1, WIN, r
16, 10, 190, 2022-01-21T06:12:58+09:00, 15, 1, WIN, r
16, 11, 190, 2022-01-21T06:17:13+09:00, 9, 3, WIN, r
16, 12, 190, 2022-01-21T06:21:27+09:00, 5, 7, LOSE, r
17, 1, 190, 2022-01-21T09:03:32+09:00, 8, 1, WIN, r
17, 2, 190, 2022-01-21T09:07:46+09:00, 11, 0, WIN, r
17, 3, 190, 2022-01-21T09:11:59+09:00, 10, 0, WIN, r
17, 4, 190, 2022-01-21T09:16:13+09:00, 14, 3, WIN, r
17, 5, 190, 2022-01-21T09:20:27+09:00, 14, 4, WIN, r
17, 6, 190, 2022-01-21T09:24:41+09:00, 14, 4, WIN, r
17, 7, 190, 2022-01-21T09:28:55+09:00, 19, 9, WIN, r
17, 8, 190, 2022-01-21T09:33:09+09:00, 4, 1, WIN, r
17, 9, 190, 2022-01-21T09:37:23+09:00, 14, 2, WIN, r
17, 10, 190, 2022-01-21T09:41:36+09:00, 11, 4, WIN, r
17, 11, 190, 2022-01-21T09:45:50+09:00, 10, 0, WIN, r
17, 12, 190, 2022-01-21T09:50:04+09:00, 8, 4, WIN, r
#--> latest commit:e13b4e8678cfaf921fc3a0049765cf390db8e9cc 20220121121738 in burger_war_dev
0, 1, 190, 2022-01-21T12:25:40+09:00, 0, 0, LOSE, r
0, 2, 190, 2022-01-21T12:29:54+09:00, 1, 12, LOSE, r
0, 3, 190, 2022-01-21T12:34:08+09:00, 0, 12, LOSE, r
0, 4, 190, 2022-01-21T12:38:22+09:00, 1, 12, LOSE, r
0, 5, 190, 2022-01-21T12:42:36+09:00, 8, 12, LOSE, r
0, 6, 190, 2022-01-21T12:46:50+09:00, 8, 18, LOSE, r
0, 7, 190, 2022-01-21T12:51:04+09:00, 1, 13, LOSE, r
0, 8, 190, 2022-01-21T12:55:18+09:00, 2, 0, WIN, r
0, 9, 190, 2022-01-21T12:59:32+09:00, 3, 14, LOSE, r
0, 10, 190, 2022-01-21T13:03:46+09:00, 0, 12, LOSE, r
0, 11, 190, 2022-01-21T13:08:00+09:00, 2, 13, LOSE, r
0, 12, 190, 2022-01-21T13:12:14+09:00, 1, 12, LOSE, r
1, 1, 190, 2022-01-21T15:02:02+09:00, 6, 1, WIN, r
1, 2, 190, 2022-01-21T15:06:16+09:00, 12, 5, WIN, r
1, 3, 190, 2022-01-21T15:10:29+09:00, 7, 13, LOSE, r
1, 4, 190, 2022-01-21T15:14:43+09:00, 5, 15, LOSE, r
1, 5, 190, 2022-01-21T15:18:57+09:00, 1, 11, LOSE, r
1, 6, 190, 2022-01-21T15:23:11+09:00, 1, 14, LOSE, r
1, 7, 190, 2022-01-21T15:27:25+09:00, 1, 15, LOSE, r
1, 8, 190, 2022-01-21T15:31:39+09:00, 4, 0, WIN, r
1, 9, 190, 2022-01-21T15:35:53+09:00, 3, 4, LOSE, r
1, 10, 190, 2022-01-21T15:40:07+09:00, 0, 13, LOSE, r
1, 11, 190, 2022-01-21T15:44:21+09:00, 14, 8, WIN, r
1, 12, 190, 2022-01-21T15:48:21+09:00, 0, 12, LOSE, r
2, 1, 190, 2022-01-21T17:38:27+09:00, 5, 1, WIN, r
2, 2, 190, 2022-01-21T17:42:41+09:00, 0, 12, LOSE, r
2, 3, 190, 2022-01-21T17:46:55+09:00, 11, 12, LOSE, r
2, 4, 190, 2022-01-21T17:51:09+09:00, 1, 13, LOSE, r
2, 5, 190, 2022-01-21T17:55:23+09:00, 9, 19, LOSE, r
2, 6, 190, 2022-01-21T17:59:37+09:00, 12, 14, LOSE, r
2, 7, 190, 2022-01-21T18:03:50+09:00, 3, 17, LOSE, r
2, 8, 190, 2022-01-21T18:08:04+09:00, 5, 0, WIN, r
2, 9, 190, 2022-01-21T18:12:18+09:00, 2, 5, LOSE, r
2, 10, 190, 2022-01-21T18:16:32+09:00, 0, 7, LOSE, r
2, 11, 190, 2022-01-21T18:20:46+09:00, 13, 14, LOSE, r
2, 12, 190, 2022-01-21T18:24:59+09:00, 1, 14, LOSE, r
3, 1, 190, 2022-01-21T20:15:22+09:00, 3, 6, LOSE, r
3, 2, 190, 2022-01-21T20:19:36+09:00, 6, 4, WIN, r
3, 3, 190, 2022-01-21T20:23:50+09:00, 0, 12, LOSE, r
3, 4, 190, 2022-01-21T20:28:04+09:00, 0, 11, LOSE, r
3, 5, 190, 2022-01-21T20:32:17+09:00, 1, 11, LOSE, r
3, 6, 190, 2022-01-21T20:36:31+09:00, 6, 16, LOSE, r
3, 7, 190, 2022-01-21T20:40:45+09:00, 0, 11, LOSE, r
3, 8, 190, 2022-01-21T20:44:59+09:00, 5, 0, WIN, r
3, 9, 190, 2022-01-21T20:49:13+09:00, 2, 15, LOSE, r
3, 10, 190, 2022-01-21T20:53:27+09:00, 12, 16, LOSE, r
3, 11, 190, 2022-01-21T20:57:40+09:00, 9, 12, LOSE, r
3, 12, 190, 2022-01-21T21:01:54+09:00, 0, 10, LOSE, r
4, 1, 190, 2022-01-21T22:51:37+09:00, 9, 12, LOSE, r
4, 2, 190, 2022-01-21T22:55:37+09:00, 1, 12, LOSE, r
4, 3, 190, 2022-01-21T22:59:51+09:00, 2, 13, LOSE, r
4, 4, 190, 2022-01-21T23:04:05+09:00, 0, 14, LOSE, r
4, 5, 190, 2022-01-21T23:08:18+09:00, 0, 10, LOSE, r
4, 6, 190, 2022-01-21T23:12:32+09:00, 1, 11, LOSE, r
4, 7, 190, 2022-01-21T23:16:46+09:00, 0, 10, LOSE, r
4, 8, 190, 2022-01-21T23:21:00+09:00, 3, 0, WIN, r
4, 9, 190, 2022-01-21T23:25:14+09:00, 1, 11, LOSE, r
4, 10, 190, 2022-01-21T23:29:28+09:00, 2, 4, LOSE, r
4, 11, 190, 2022-01-21T23:33:42+09:00, 2, 13, LOSE, r
4, 12, 190, 2022-01-21T23:37:55+09:00, 2, 13, LOSE, r
5, 1, 190, 2022-01-22T01:28:15+09:00, 4, 1, WIN, r
5, 2, 190, 2022-01-22T01:32:29+09:00, 8, 10, LOSE, r
5, 3, 190, 2022-01-22T01:36:43+09:00, 4, 14, LOSE, r
5, 4, 190, 2022-01-22T01:40:57+09:00, 1, 15, LOSE, r
5, 5, 190, 2022-01-22T01:45:11+09:00, 3, 14, LOSE, r
5, 6, 190, 2022-01-22T01:49:25+09:00, 1, 12, LOSE, r
5, 7, 190, 2022-01-22T01:53:39+09:00, 1, 11, LOSE, r
5, 8, 190, 2022-01-22T01:57:53+09:00, 5, 0, WIN, r
5, 9, 190, 2022-01-22T02:02:07+09:00, 2, 6, LOSE, r
5, 10, 190, 2022-01-22T02:06:21+09:00, 1, 13, LOSE, r
5, 11, 190, 2022-01-22T02:10:34+09:00, 3, 14, LOSE, r
5, 12, 190, 2022-01-22T02:14:48+09:00, 0, 11, LOSE, r
6, 1, 190, 2022-01-22T04:06:29+09:00, 14, 9, WIN, r
6, 2, 190, 2022-01-22T04:10:43+09:00, 10, 12, LOSE, r
6, 3, 190, 2022-01-22T04:14:57+09:00, 0, 12, LOSE, r
6, 4, 190, 2022-01-22T04:19:11+09:00, 1, 15, LOSE, r
6, 5, 190, 2022-01-22T04:23:24+09:00, 9, 19, LOSE, r
6, 6, 190, 2022-01-22T04:27:38+09:00, 1, 13, LOSE, r
6, 7, 190, 2022-01-22T04:31:52+09:00, 1, 11, LOSE, r
6, 8, 190, 2022-01-22T04:36:06+09:00, 1, 10, LOSE, r
6, 9, 190, 2022-01-22T04:40:20+09:00, 0, 8, LOSE, r
6, 10, 190, 2022-01-22T04:44:34+09:00, 14, 18, LOSE, r
6, 11, 190, 2022-01-22T04:48:47+09:00, 0, 10, LOSE, r
6, 12, 190, 2022-01-22T04:53:01+09:00, 0, 14, LOSE, r
7, 1, 190, 2022-01-22T06:43:10+09:00, 3, 1, WIN, r
7, 2, 190, 2022-01-22T06:47:24+09:00, 8, 10, LOSE, r
7, 3, 190, 2022-01-22T06:51:38+09:00, 4, 12, LOSE, r
7, 4, 190, 2022-01-22T06:55:52+09:00, 0, 14, LOSE, r
7, 5, 190, 2022-01-22T07:00:06+09:00, 9, 19, LOSE, r
7, 6, 190, 2022-01-22T07:04:20+09:00, 7, 4, WIN, r
7, 7, 190, 2022-01-22T07:08:34+09:00, 6, 18, LOSE, r
7, 8, 190, 2022-01-22T07:12:48+09:00, 4, 3, WIN, r
7, 9, 190, 2022-01-22T07:17:02+09:00, 3, 1, WIN, r
7, 10, 190, 2022-01-22T07:21:15+09:00, 2, 12, LOSE, r
7, 11, 190, 2022-01-22T07:25:29+09:00, 1, 12, LOSE, r
7, 12, 190, 2022-01-22T07:29:43+09:00, 1, 15, LOSE, r
8, 1, 190, 2022-01-22T09:19:46+09:00, 4, 1, WIN, r
8, 2, 190, 2022-01-22T09:24:00+09:00, 5, 10, LOSE, r
8, 3, 190, 2022-01-22T09:28:14+09:00, 3, 13, LOSE, r
8, 4, 190, 2022-01-22T09:32:28+09:00, 1, 15, LOSE, r
8, 5, 190, 2022-01-22T09:36:42+09:00, 0, 10, LOSE, r
8, 6, 190, 2022-01-22T09:40:56+09:00, 0, 10, LOSE, r
8, 7, 190, 2022-01-22T09:45:09+09:00, 8, 19, LOSE, r
8, 8, 190, 2022-01-22T09:49:23+09:00, 5, 8, LOSE, r
8, 9, 190, 2022-01-22T09:53:38+09:00, 1, 13, LOSE, r
8, 10, 190, 2022-01-22T09:57:51+09:00, 2, 15, LOSE, r
8, 11, 190, 2022-01-22T10:02:05+09:00, 4, 15, LOSE, r
8, 12, 190, 2022-01-22T10:06:19+09:00, 1, 12, LOSE, r
9, 1, 190, 2022-01-22T11:56:45+09:00, 3, 1, WIN, r
9, 2, 190, 2022-01-22T12:00:59+09:00, 0, 12, LOSE, r
9, 3, 190, 2022-01-22T12:05:12+09:00, 3, 13, LOSE, r
9, 4, 190, 2022-01-22T12:09:26+09:00, 6, 16, LOSE, r
9, 5, 190, 2022-01-22T12:13:40+09:00, 1, 11, LOSE, r
9, 6, 190, 2022-01-22T12:17:54+09:00, 3, 13, LOSE, r
9, 7, 190, 2022-01-22T12:22:08+09:00, 4, 15, LOSE, r
9, 8, 190, 2022-01-22T12:26:22+09:00, 3, 0, WIN, r
9, 9, 190, 2022-01-22T12:30:36+09:00, 2, 13, LOSE, r
9, 10, 190, 2022-01-22T12:34:50+09:00, 2, 12, LOSE, r
9, 11, 190, 2022-01-22T12:39:04+09:00, 4, 14, LOSE, r
9, 12, 190, 2022-01-22T12:43:18+09:00, 0, 12, LOSE, r
10, 1, 190, 2022-01-22T14:33:39+09:00, 2, 1, WIN, r
10, 2, 190, 2022-01-22T14:37:53+09:00, 2, 12, LOSE, r
10, 3, 190, 2022-01-22T14:42:07+09:00, 1, 12, LOSE, r
10, 4, 190, 2022-01-22T14:46:21+09:00, 1, 11, LOSE, r
10, 5, 190, 2022-01-22T14:50:35+09:00, 1, 12, LOSE, r
10, 6, 190, 2022-01-22T14:54:49+09:00, 0, 10, LOSE, r
10, 7, 190, 2022-01-22T14:59:03+09:00, 0, 11, LOSE, r
10, 8, 190, 2022-01-22T15:03:17+09:00, 5, 11, LOSE, r
10, 9, 190, 2022-01-22T15:07:30+09:00, 2, 13, LOSE, r
10, 10, 190, 2022-01-22T15:11:44+09:00, 1, 12, LOSE, r
10, 11, 190, 2022-01-22T15:15:58+09:00, 2, 14, LOSE, r
10, 12, 190, 2022-01-22T15:20:12+09:00, 1, 11, LOSE, r
11, 1, 190, 2022-01-22T17:10:16+09:00, 2, 1, WIN, r
11, 2, 190, 2022-01-22T17:14:30+09:00, 10, 12, LOSE, r
11, 3, 190, 2022-01-22T17:18:44+09:00, 1, 12, LOSE, r
11, 4, 190, 2022-01-22T17:22:58+09:00, 1, 14, LOSE, r
11, 5, 190, 2022-01-22T17:27:11+09:00, 0, 10, LOSE, r
11, 6, 190, 2022-01-22T17:31:25+09:00, 0, 12, LOSE, r
11, 7, 190, 2022-01-22T17:35:39+09:00, 0, 10, LOSE, r
11, 8, 190, 2022-01-22T17:39:53+09:00, 3, 0, WIN, r
11, 9, 190, 2022-01-22T17:44:07+09:00, 1, 13, LOSE, r
11, 10, 190, 2022-01-22T17:48:20+09:00, 1, 12, LOSE, r
11, 11, 190, 2022-01-22T17:52:34+09:00, 2, 2, LOSE, r
11, 12, 190, 2022-01-22T17:56:48+09:00, 0, 11, LOSE, r
12, 1, 190, 2022-01-22T19:47:08+09:00, 6, 1, WIN, r
12, 2, 190, 2022-01-22T19:51:22+09:00, 3, 13, LOSE, r
12, 3, 190, 2022-01-22T19:55:36+09:00, 11, 13, LOSE, r
12, 4, 190, 2022-01-22T19:59:49+09:00, 4, 15, LOSE, r
12, 5, 190, 2022-01-22T20:04:03+09:00, 11, 12, LOSE, r
12, 6, 190, 2022-01-22T20:08:17+09:00, 8, 17, LOSE, r
12, 7, 190, 2022-01-22T20:12:31+09:00, 14, 19, LOSE, r
12, 8, 190, 2022-01-22T20:16:44+09:00, 2, 0, WIN, r
12, 9, 190, 2022-01-22T20:20:58+09:00, 2, 14, LOSE, r
12, 10, 190, 2022-01-22T20:25:12+09:00, 0, 12, LOSE, r
12, 11, 190, 2022-01-22T20:29:26+09:00, 1, 13, LOSE, r
12, 12, 190, 2022-01-22T20:33:40+09:00, 0, 11, LOSE, r
13, 1, 190, 2022-01-22T22:23:52+09:00, 3, 1, WIN, r
13, 2, 190, 2022-01-22T22:28:06+09:00, 11, 1, WIN, r
13, 3, 190, 2022-01-22T22:32:20+09:00, 0, 12, LOSE, r
13, 4, 190, 2022-01-22T22:36:33+09:00, 1, 14, LOSE, r
13, 5, 190, 2022-01-22T22:40:47+09:00, 1, 11, LOSE, r
13, 6, 190, 2022-01-22T22:45:01+09:00, 3, 14, LOSE, r
13, 7, 190, 2022-01-22T22:49:15+09:00, 1, 12, LOSE, r
13, 8, 190, 2022-01-22T22:53:29+09:00, 3, 3, LOSE, r
13, 9, 190, 2022-01-22T22:57:42+09:00, 5, 16, LOSE, r
13, 10, 190, 2022-01-22T23:01:56+09:00, 3, 14, LOSE, r
13, 11, 190, 2022-01-22T23:05:55+09:00, 1, 13, LOSE, r
13, 12, 190, 2022-01-22T23:10:09+09:00, 0, 12, LOSE, r
14, 1, 190, 2022-01-23T01:00:19+09:00, 2, 1, WIN, r
14, 2, 190, 2022-01-23T01:04:33+09:00, 0, 10, LOSE, r
14, 3, 190, 2022-01-23T01:08:47+09:00, 13, 9, WIN, r
14, 4, 190, 2022-01-23T01:13:01+09:00, 11, 22, LOSE, r
14, 5, 190, 2022-01-23T01:17:15+09:00, 0, 11, LOSE, r
14, 6, 190, 2022-01-23T01:21:28+09:00, 10, 15, LOSE, r
14, 7, 190, 2022-01-23T01:25:42+09:00, 1, 15, LOSE, r
14, 8, 190, 2022-01-23T01:29:56+09:00, 3, 0, WIN, r
14, 9, 190, 2022-01-23T01:34:10+09:00, 5, 16, LOSE, r
14, 10, 190, 2022-01-23T01:38:24+09:00, 0, 10, LOSE, r
14, 11, 190, 2022-01-23T01:42:38+09:00, 1, 9, LOSE, r
14, 12, 190, 2022-01-23T01:46:52+09:00, 1, 11, LOSE, r
15, 1, 190, 2022-01-23T03:37:21+09:00, 3, 1, WIN, r
15, 2, 190, 2022-01-23T03:41:35+09:00, 9, 12, LOSE, r
15, 3, 190, 2022-01-23T03:45:48+09:00, 11, 12, LOSE, r
15, 4, 190, 2022-01-23T03:50:02+09:00, 1, 12, LOSE, r
15, 5, 190, 2022-01-23T03:54:16+09:00, 1, 14, LOSE, r
15, 6, 190, 2022-01-23T03:58:30+09:00, 1, 12, LOSE, r
15, 7, 190, 2022-01-23T04:02:44+09:00, 0, 10, LOSE, r
15, 8, 190, 2022-01-23T04:06:58+09:00, 2, 0, WIN, r
15, 9, 190, 2022-01-23T04:11:11+09:00, 3, 14, LOSE, r
15, 10, 190, 2022-01-23T04:15:25+09:00, 0, 10, LOSE, r
15, 11, 190, 2022-01-23T04:19:39+09:00, 1, 11, LOSE, r
15, 12, 190, 2022-01-23T04:23:53+09:00, 0, 11, LOSE, r
16, 1, 190, 2022-01-23T06:14:16+09:00, 2, 1, WIN, r
16, 2, 190, 2022-01-23T06:18:30+09:00, 11, 14, LOSE, r
16, 3, 190, 2022-01-23T06:22:44+09:00, 10, 8, WIN, r
16, 4, 190, 2022-01-23T06:26:58+09:00, 4, 6, LOSE, r
16, 5, 190, 2022-01-23T06:31:12+09:00, 1, 11, LOSE, r
16, 6, 190, 2022-01-23T06:35:25+09:00, 4, 14, LOSE, r
16, 7, 190, 2022-01-23T06:39:39+09:00, 2, 16, LOSE, r
16, 8, 190, 2022-01-23T06:43:53+09:00, 2, 0, WIN, r
16, 9, 190, 2022-01-23T06:48:07+09:00, 3, 13, LOSE, r
16, 10, 190, 2022-01-23T06:52:21+09:00, 3, 9, LOSE, r
16, 11, 190, 2022-01-23T06:56:35+09:00, 2, 10, LOSE, r
16, 12, 190, 2022-01-23T07:00:49+09:00, 2, 12, LOSE, r
17, 1, 190, 2022-01-23T08:50:55+09:00, 9, 1, WIN, r
17, 2, 190, 2022-01-23T08:55:09+09:00, 4, 2, WIN, r
17, 3, 190, 2022-01-23T08:59:23+09:00, 1, 13, LOSE, r
17, 4, 190, 2022-01-23T09:03:37+09:00, 0, 12, LOSE, r
17, 5, 190, 2022-01-23T09:07:50+09:00, 1, 11, LOSE, r
17, 6, 190, 2022-01-23T09:12:04+09:00, 8, 12, LOSE, r
17, 7, 190, 2022-01-23T09:16:18+09:00, 1, 13, LOSE, r
17, 8, 190, 2022-01-23T09:20:32+09:00, 3, 0, WIN, r
17, 9, 190, 2022-01-23T09:24:46+09:00, 2, 12, LOSE, r
17, 10, 190, 2022-01-23T09:29:00+09:00, 3, 15, LOSE, r
17, 11, 190, 2022-01-23T09:33:14+09:00, 2, 7, LOSE, r
17, 12, 190, 2022-01-23T09:37:28+09:00, 4, 16, LOSE, r
18, 1, 190, 2022-01-23T11:27:29+09:00, 2, 1, WIN, r
18, 2, 190, 2022-01-23T11:31:42+09:00, 12, 13, LOSE, r
18, 3, 190, 2022-01-23T11:35:56+09:00, 9, 13, LOSE, r
18, 4, 190, 2022-01-23T11:40:10+09:00, 0, 12, LOSE, r
18, 5, 190, 2022-01-23T11:44:24+09:00, 9, 22, LOSE, r
18, 6, 190, 2022-01-23T11:48:38+09:00, 6, 16, LOSE, r
18, 7, 190, 2022-01-23T11:52:52+09:00, 4, 8, LOSE, r
18, 8, 190, 2022-01-23T11:57:06+09:00, 1, 0, WIN, r
18, 9, 190, 2022-01-23T12:01:19+09:00, 1, 13, LOSE, r
18, 10, 190, 2022-01-23T12:05:33+09:00, 1, 12, LOSE, r
18, 11, 190, 2022-01-23T12:09:47+09:00, 5, 6, LOSE, r
18, 12, 190, 2022-01-23T12:14:01+09:00, 0, 10, LOSE, r
19, 1, 190, 2022-01-23T14:04:29+09:00, 5, 1, WIN, r
19, 2, 190, 2022-01-23T14:08:43+09:00, 1, 12, LOSE, r
19, 3, 190, 2022-01-23T14:12:57+09:00, 2, 12, LOSE, r
19, 4, 190, 2022-01-23T14:17:11+09:00, 1, 11, LOSE, r
19, 5, 190, 2022-01-23T14:21:25+09:00, 2, 13, LOSE, r
19, 6, 190, 2022-01-23T14:25:39+09:00, 14, 18, LOSE, r
19, 7, 190, 2022-01-23T14:29:52+09:00, 1, 13, LOSE, r
19, 8, 190, 2022-01-23T14:34:06+09:00, 1, 0, WIN, r
19, 9, 190, 2022-01-23T14:38:20+09:00, 3, 13, LOSE, r
19, 10, 190, 2022-01-23T14:42:34+09:00, 3, 14, LOSE, r
19, 11, 190, 2022-01-23T14:46:48+09:00, 1, 12, LOSE, r
19, 12, 190, 2022-01-23T14:51:02+09:00, 0, 10, LOSE, r
#--> latest commit:ed2408815412e180b22edee3da77dfe6702e771a 20220123043751 in burger_war_dev
20, 1, 190, 2022-01-23T16:43:05+09:00, 5, 1, WIN, r
20, 2, 190, 2022-01-23T16:47:19+09:00, 10, 7, WIN, r
20, 3, 190, 2022-01-23T16:51:33+09:00, 2, 12, LOSE, r
20, 4, 190, 2022-01-23T16:55:47+09:00, 2, 13, LOSE, r
20, 5, 190, 2022-01-23T17:00:01+09:00, 1, 11, LOSE, r
20, 6, 190, 2022-01-23T17:04:15+09:00, 2, 13, LOSE, r
20, 7, 190, 2022-01-23T17:08:29+09:00, 1, 14, LOSE, r
20, 8, 190, 2022-01-23T17:12:43+09:00, 2, 14, LOSE, r
20, 9, 190, 2022-01-23T17:16:57+09:00, 2, 13, LOSE, r
20, 10, 190, 2022-01-23T17:21:11+09:00, 5, 15, LOSE, r
20, 11, 190, 2022-01-23T17:25:25+09:00, 0, 10, LOSE, r
20, 12, 190, 2022-01-23T17:29:39+09:00, 0, 12, LOSE, r
#--> latest commit:57402fb5178dd157665a335ffda05dcd8c0819b3 20220123071553 in burger_war_dev
21, 1, 190, 2022-01-23T19:21:08+09:00, 2, 1, WIN, r
21, 2, 190, 2022-01-23T19:25:22+09:00, 6, 12, LOSE, r
21, 3, 190, 2022-01-23T19:29:36+09:00, 13, 8, WIN, r
21, 4, 190, 2022-01-23T19:33:50+09:00, 5, 15, LOSE, r
21, 5, 190, 2022-01-23T19:38:04+09:00, 2, 13, LOSE, r
21, 6, 190, 2022-01-23T19:42:18+09:00, 2, 14, LOSE, r
21, 7, 190, 2022-01-23T19:46:32+09:00, 0, 14, LOSE, r
21, 8, 190, 2022-01-23T19:50:46+09:00, 5, 0, WIN, r
21, 9, 190, 2022-01-23T19:55:00+09:00, 1, 13, LOSE, r
21, 10, 190, 2022-01-23T19:59:14+09:00, 0, 11, LOSE, r
21, 11, 190, 2022-01-23T20:03:27+09:00, 3, 16, LOSE, r
21, 12, 190, 2022-01-23T20:07:41+09:00, 1, 11, LOSE, r
22, 1, 190, 2022-01-23T21:57:54+09:00, 2, 1, WIN, r
22, 2, 190, 2022-01-23T22:02:08+09:00, 2, 13, LOSE, r
22, 3, 190, 2022-01-23T22:06:22+09:00, 2, 12, LOSE, r
22, 4, 190, 2022-01-23T22:10:22+09:00, 1, 13, LOSE, r
22, 5, 190, 2022-01-23T22:14:36+09:00, 8, 18, LOSE, r
22, 6, 190, 2022-01-23T22:18:50+09:00, 3, 13, LOSE, r
22, 7, 190, 2022-01-23T22:23:04+09:00, 4, 18, LOSE, r
22, 8, 190, 2022-01-23T22:27:17+09:00, 2, 0, WIN, r
22, 9, 190, 2022-01-23T22:31:31+09:00, 2, 14, LOSE, r
22, 10, 190, 2022-01-23T22:35:45+09:00, 1, 11, LOSE, r
22, 11, 190, 2022-01-23T22:39:59+09:00, 1, 12, LOSE, r
22, 12, 190, 2022-01-23T22:44:13+09:00, 2, 14, LOSE, r
23, 1, 190, 2022-01-24T00:34:51+09:00, 1, 1, LOSE, r
23, 2, 190, 2022-01-24T00:39:05+09:00, 1, 12, LOSE, r
23, 3, 190, 2022-01-24T00:43:19+09:00, 1, 12, LOSE, r
23, 4, 190, 2022-01-24T00:47:18+09:00, 0, 11, LOSE, r
23, 5, 190, 2022-01-24T00:51:32+09:00, 1, 11, LOSE, r
23, 6, 190, 2022-01-24T00:55:47+09:00, 1, 11, LOSE, r
23, 7, 190, 2022-01-24T01:00:00+09:00, 0, 11, LOSE, r
23, 8, 190, 2022-01-24T01:04:14+09:00, 0, 11, LOSE, r
23, 9, 190, 2022-01-24T01:08:28+09:00, 3, 14, LOSE, r
23, 10, 190, 2022-01-24T01:12:42+09:00, 1, 13, LOSE, r
23, 11, 190, 2022-01-24T01:16:56+09:00, 0, 10, LOSE, r
23, 12, 190, 2022-01-24T01:21:09+09:00, 1, 13, LOSE, r
24, 1, 190, 2022-01-24T03:11:47+09:00, 3, 1, WIN, r
24, 2, 190, 2022-01-24T03:16:01+09:00, 5, 9, LOSE, r
24, 3, 190, 2022-01-24T03:20:15+09:00, 1, 12, LOSE, r
24, 4, 190, 2022-01-24T03:24:28+09:00, 2, 14, LOSE, r
24, 5, 190, 2022-01-24T03:28:42+09:00, 8, 19, LOSE, r
24, 6, 190, 2022-01-24T03:32:56+09:00, 13, 21, LOSE, r
24, 7, 190, 2022-01-24T03:37:10+09:00, 1, 14, LOSE, r
24, 8, 190, 2022-01-24T03:41:24+09:00, 2, 0, WIN, r
24, 9, 190, 2022-01-24T03:45:24+09:00, 5, 16, LOSE, r
24, 10, 190, 2022-01-24T03:49:38+09:00, 1, 11, LOSE, r
24, 11, 190, 2022-01-24T03:53:52+09:00, 0, 10, LOSE, r
24, 12, 190, 2022-01-24T03:58:05+09:00, 0, 10, LOSE, r
25, 1, 190, 2022-01-24T05:48:39+09:00, 4, 1, WIN, r
25, 2, 190, 2022-01-24T05:52:53+09:00, 8, 10, LOSE, r
25, 3, 190, 2022-01-24T05:57:07+09:00, 9, 11, LOSE, r
25, 4, 190, 2022-01-24T06:01:21+09:00, 1, 12, LOSE, r
25, 5, 190, 2022-01-24T06:05:35+09:00, 0, 14, LOSE, r
25, 6, 190, 2022-01-24T06:09:49+09:00, 12, 8, WIN, r
25, 7, 190, 2022-01-24T06:14:03+09:00, 5, 15, LOSE, r
25, 8, 190, 2022-01-24T06:18:17+09:00, 0, 12, LOSE, r
25, 9, 190, 2022-01-24T06:22:31+09:00, 2, 12, LOSE, r
25, 10, 190, 2022-01-24T06:26:45+09:00, 8, 4, WIN, r
25, 11, 190, 2022-01-24T06:30:58+09:00, 1, 12, LOSE, r
25, 12, 190, 2022-01-24T06:35:12+09:00, 2, 13, LOSE, r
26, 1, 190, 2022-01-24T08:25:31+09:00, 5, 1, WIN, r
26, 2, 190, 2022-01-24T08:29:45+09:00, 3, 2, WIN, r
26, 3, 190, 2022-01-24T08:33:59+09:00, 1, 12, LOSE, r
26, 4, 190, 2022-01-24T08:38:13+09:00, 2, 12, LOSE, r
26, 5, 190, 2022-01-24T08:42:27+09:00, 0, 13, LOSE, r
26, 6, 190, 2022-01-24T08:46:41+09:00, 8, 16, LOSE, r
26, 7, 190, 2022-01-24T08:50:55+09:00, 2, 13, LOSE, r
26, 8, 190, 2022-01-24T08:55:09+09:00, 3, 0, WIN, r
26, 9, 190, 2022-01-24T08:59:23+09:00, 1, 7, LOSE, r
26, 10, 190, 2022-01-24T09:03:37+09:00, 10, 11, LOSE, r
26, 11, 190, 2022-01-24T09:07:51+09:00, 3, 13, LOSE, r
26, 12, 190, 2022-01-24T09:12:05+09:00, 1, 15, LOSE, r
27, 1, 190, 2022-01-24T11:02:46+09:00, 2, 1, WIN, r
27, 2, 190, 2022-01-24T11:07:00+09:00, 12, 2, WIN, r
27, 3, 190, 2022-01-24T11:11:13+09:00, 0, 11, LOSE, r
27, 4, 190, 2022-01-24T11:15:27+09:00, 2, 15, LOSE, r
27, 5, 190, 2022-01-24T11:19:41+09:00, 9, 19, LOSE, r
27, 6, 190, 2022-01-24T11:23:55+09:00, 4, 10, LOSE, r
27, 7, 190, 2022-01-24T11:28:10+09:00, 6, 17, LOSE, r
27, 8, 190, 2022-01-24T11:32:23+09:00, 4, 0, WIN, r
27, 9, 190, 2022-01-24T11:36:37+09:00, 2, 12, LOSE, r
27, 10, 190, 2022-01-24T11:40:51+09:00, 9, 14, LOSE, r
27, 11, 190, 2022-01-24T11:45:05+09:00, 9, 14, LOSE, r
27, 12, 190, 2022-01-24T11:49:19+09:00, 0, 10, LOSE, r
28, 1, 190, 2022-01-24T13:40:01+09:00, 4, 1, WIN, r
28, 2, 190, 2022-01-24T13:44:15+09:00, 16, 6, WIN, r
28, 3, 190, 2022-01-24T13:48:29+09:00, 1, 11, LOSE, r
28, 4, 190, 2022-01-24T13:52:43+09:00, 0, 11, LOSE, r
28, 5, 190, 2022-01-24T13:56:57+09:00, 0, 14, LOSE, r
28, 6, 190, 2022-01-24T14:01:11+09:00, 1, 11, LOSE, r
28, 7, 190, 2022-01-24T14:05:25+09:00, 0, 14, LOSE, r
28, 8, 190, 2022-01-24T14:09:39+09:00, 2, 0, WIN, r
28, 9, 190, 2022-01-24T14:13:53+09:00, 2, 12, LOSE, r
28, 10, 190, 2022-01-24T14:18:07+09:00, 6, 11, LOSE, r
28, 11, 190, 2022-01-24T14:22:21+09:00, 0, 11, LOSE, r
28, 12, 190, 2022-01-24T14:26:35+09:00, 0, 11, LOSE, r
29, 1, 190, 2022-01-24T16:18:47+09:00, 1, 1, LOSE, r
29, 2, 190, 2022-01-24T16:23:01+09:00, 15, 12, WIN, r
29, 3, 190, 2022-01-24T16:27:15+09:00, 2, 12, LOSE, r
29, 4, 190, 2022-01-24T16:31:29+09:00, 1, 11, LOSE, r
29, 5, 190, 2022-01-24T16:35:43+09:00, 1, 11, LOSE, r
29, 6, 190, 2022-01-24T16:39:57+09:00, 1, 11, LOSE, r
29, 7, 190, 2022-01-24T16:44:10+09:00, 1, 11, LOSE, r
29, 8, 190, 2022-01-24T16:48:24+09:00, 2, 0, WIN, r
29, 9, 190, 2022-01-24T16:52:38+09:00, 2, 12, LOSE, r
29, 10, 190, 2022-01-24T16:56:52+09:00, 12, 18, LOSE, r
29, 11, 190, 2022-01-24T17:01:06+09:00, 1, 15, LOSE, r
29, 12, 190, 2022-01-24T17:05:20+09:00, 5, 17, LOSE, r
30, 1, 190, 2022-01-24T18:55:19+09:00, 4, 1, WIN, r
30, 2, 190, 2022-01-24T18:59:33+09:00, 0, 12, LOSE, r
30, 3, 190, 2022-01-24T19:03:48+09:00, 8, 13, LOSE, r
30, 4, 190, 2022-01-24T19:08:02+09:00, 2, 13, LOSE, r
30, 5, 190, 2022-01-24T19:12:16+09:00, 3, 17, LOSE, r
30, 6, 190, 2022-01-24T19:16:30+09:00, 1, 11, LOSE, r
30, 7, 190, 2022-01-24T19:20:44+09:00, 0, 10, LOSE, r
30, 8, 190, 2022-01-24T19:24:57+09:00, 2, 0, WIN, r
30, 9, 190, 2022-01-24T19:28:57+09:00, 1, 11, LOSE, r
30, 10, 190, 2022-01-24T19:33:11+09:00, 0, 13, LOSE, r
30, 11, 190, 2022-01-24T19:37:25+09:00, 2, 12, LOSE, r
30, 12, 190, 2022-01-24T19:41:39+09:00, 1, 11, LOSE, r
#--> latest commit:c0327f9829d04687a1933498aa32f30d2881ef52 20220124092826 in burger_war_dev
31, 1, 190, 2022-01-24T21:33:42+09:00, 4, 1, WIN, r
31, 2, 190, 2022-01-24T21:37:55+09:00, 6, 10, LOSE, r
31, 3, 190, 2022-01-24T21:42:09+09:00, 9, 13, LOSE, r
31, 4, 190, 2022-01-24T21:46:23+09:00, 0, 14, LOSE, r
31, 5, 190, 2022-01-24T21:50:37+09:00, 12, 22, LOSE, r
31, 6, 190, 2022-01-24T21:54:51+09:00, 4, 16, LOSE, r
31, 7, 190, 2022-01-24T21:59:05+09:00, 2, 14, LOSE, r
31, 8, 190, 2022-01-24T22:03:19+09:00, 2, 0, WIN, r
31, 9, 190, 2022-01-24T22:07:35+09:00, 4, 14, LOSE, r
31, 10, 190, 2022-01-24T22:11:49+09:00, 4, 14, LOSE, r
31, 11, 190, 2022-01-24T22:16:03+09:00, 14, 13, WIN, r
31, 12, 190, 2022-01-24T22:20:17+09:00, 3, 13, LOSE, r
32, 1, 190, 2022-01-25T00:10:56+09:00, 3, 1, WIN, r
32, 2, 190, 2022-01-25T00:15:10+09:00, 7, 4, WIN, r
32, 3, 190, 2022-01-25T00:19:24+09:00, 1, 12, LOSE, r
32, 4, 190, 2022-01-25T00:23:38+09:00, 1, 11, LOSE, r
32, 5, 190, 2022-01-25T00:27:52+09:00, 13, 2, WIN, r
32, 6, 190, 2022-01-25T00:32:06+09:00, 13, 18, LOSE, r
32, 7, 190, 2022-01-25T00:36:20+09:00, 2, 14, LOSE, r
32, 8, 190, 2022-01-25T00:40:34+09:00, 4, 0, WIN, r
32, 9, 190, 2022-01-25T00:44:47+09:00, 1, 14, LOSE, r
32, 10, 190, 2022-01-25T00:49:01+09:00, 4, 10, LOSE, r
32, 11, 190, 2022-01-25T00:53:15+09:00, 2, 13, LOSE, r
32, 12, 190, 2022-01-25T00:57:29+09:00, 1, 11, LOSE, r
#--> latest commit:9c380618c6b8d4e0075e5b4a61931dc0f14ae25f 20220125024414 in burger_war_dev
33, 1, 190, 2022-01-25T02:49:57+09:00, 0, 0, LOSE, r
33, 2, 190, 2022-01-25T02:54:11+09:00, 5, 10, LOSE, r
33, 3, 190, 2022-01-25T02:58:25+09:00, 0, 12, LOSE, r
33, 4, 190, 2022-01-25T03:02:39+09:00, 9, 18, LOSE, r
33, 5, 190, 2022-01-25T03:06:53+09:00, 4, 15, LOSE, r
33, 6, 190, 2022-01-25T03:11:07+09:00, 9, 21, LOSE, r
33, 7, 190, 2022-01-25T03:15:21+09:00, 0, 14, LOSE, r
33, 8, 190, 2022-01-25T03:19:35+09:00, 1, 0, WIN, r
33, 9, 190, 2022-01-25T03:23:49+09:00, 2, 12, LOSE, r
33, 10, 190, 2022-01-25T03:28:02+09:00, 2, 4, LOSE, r
33, 11, 190, 2022-01-25T03:32:17+09:00, 0, 12, LOSE, r
33, 12, 190, 2022-01-25T03:36:31+09:00, 1, 14, LOSE, r
34, 1, 190, 2022-01-25T05:26:25+09:00, 4, 1, WIN, r
34, 2, 190, 2022-01-25T05:30:39+09:00, 8, 9, LOSE, r
34, 3, 190, 2022-01-25T05:34:53+09:00, 1, 12, LOSE, r
34, 4, 190, 2022-01-25T05:39:06+09:00, 1, 15, LOSE, r
34, 5, 190, 2022-01-25T05:43:20+09:00, 9, 19, LOSE, r
34, 6, 190, 2022-01-25T05:47:34+09:00, 0, 11, LOSE, r
34, 7, 190, 2022-01-25T05:51:48+09:00, 2, 12, LOSE, r
34, 8, 190, 2022-01-25T05:56:02+09:00, 2, 2, LOSE, r
34, 9, 190, 2022-01-25T06:00:16+09:00, 1, 13, LOSE, r
34, 10, 190, 2022-01-25T06:04:30+09:00, 4, 14, LOSE, r
34, 11, 190, 2022-01-25T06:08:43+09:00, 1, 11, LOSE, r
34, 12, 190, 2022-01-25T06:12:57+09:00, 1, 14, LOSE, r
35, 1, 190, 2022-01-25T08:03:31+09:00, 0, 1, LOSE, r
35, 2, 190, 2022-01-25T08:07:45+09:00, 1, 12, LOSE, r
35, 3, 190, 2022-01-25T08:11:59+09:00, 7, 10, LOSE, r
35, 4, 190, 2022-01-25T08:16:13+09:00, 4, 18, LOSE, r
35, 5, 190, 2022-01-25T08:20:27+09:00, 8, 12, LOSE, r
35, 6, 190, 2022-01-25T08:24:27+09:00, 1, 13, LOSE, r
35, 7, 190, 2022-01-25T08:28:41+09:00, 5, 15, LOSE, r
35, 8, 190, 2022-01-25T08:32:55+09:00, 3, 0, WIN, r
35, 9, 190, 2022-01-25T08:37:09+09:00, 4, 14, LOSE, r
35, 10, 190, 2022-01-25T08:41:23+09:00, 15, 16, LOSE, r
35, 11, 190, 2022-01-25T08:45:37+09:00, 0, 10, LOSE, r
35, 12, 190, 2022-01-25T08:49:50+09:00, 0, 13, LOSE, r
36, 1, 190, 2022-01-25T10:40:00+09:00, 5, 1, WIN, r
36, 2, 190, 2022-01-25T10:44:00+09:00, 10, 15, LOSE, r
36, 3, 190, 2022-01-25T10:48:14+09:00, 9, 12, LOSE, r
36, 4, 190, 2022-01-25T10:52:28+09:00, 0, 13, LOSE, r
36, 5, 190, 2022-01-25T10:56:42+09:00, 3, 13, LOSE, r
36, 6, 190, 2022-01-25T11:00:41+09:00, 3, 13, LOSE, r
36, 7, 190, 2022-01-25T11:04:55+09:00, 0, 10, LOSE, r
36, 8, 190, 2022-01-25T11:09:09+09:00, 5, 10, LOSE, r
36, 9, 190, 2022-01-25T11:13:23+09:00, 2, 15, LOSE, r
36, 10, 190, 2022-01-25T11:17:37+09:00, 6, 11, LOSE, r
36, 11, 190, 2022-01-25T11:21:37+09:00, 16, 11, WIN, r
36, 12, 190, 2022-01-25T11:25:51+09:00, 0, 12, LOSE, r
37, 1, 190, 2022-01-25T13:16:04+09:00, 2, 1, WIN, r
37, 2, 190, 2022-01-25T13:20:18+09:00, 6, 9, LOSE, r
37, 3, 190, 2022-01-25T13:24:32+09:00, 8, 12, LOSE, r
37, 4, 190, 2022-01-25T13:28:46+09:00, 2, 14, LOSE, r
37, 5, 190, 2022-01-25T13:33:00+09:00, 12, 22, LOSE, r
37, 6, 190, 2022-01-25T13:37:14+09:00, 0, 10, LOSE, r
37, 7, 190, 2022-01-25T13:41:28+09:00, 3, 15, LOSE, r
37, 8, 190, 2022-01-25T13:45:41+09:00, 4, 0, WIN, r
37, 9, 190, 2022-01-25T13:49:56+09:00, 0, 11, LOSE, r
37, 10, 190, 2022-01-25T13:54:09+09:00, 3, 11, LOSE, r
37, 11, 190, 2022-01-25T13:58:23+09:00, 6, 2, WIN, r
37, 12, 190, 2022-01-25T14:02:37+09:00, 0, 12, LOSE, r
38, 1, 190, 2022-01-25T15:53:07+09:00, 6, 1, WIN, r
38, 2, 190, 2022-01-25T15:57:21+09:00, 13, 12, WIN, r
38, 3, 190, 2022-01-25T16:01:35+09:00, 3, 14, LOSE, r
38, 4, 190, 2022-01-25T16:05:49+09:00, 1, 12, LOSE, r
38, 5, 190, 2022-01-25T16:10:03+09:00, 8, 15, LOSE, r
38, 6, 190, 2022-01-25T16:14:03+09:00, 0, 10, LOSE, r
38, 7, 190, 2022-01-25T16:18:17+09:00, 0, 11, LOSE, r
38, 8, 190, 2022-01-25T16:22:30+09:00, 2, 0, WIN, r
38, 9, 190, 2022-01-25T16:26:44+09:00, 3, 4, LOSE, r
38, 10, 190, 2022-01-25T16:30:58+09:00, 1, 12, LOSE, r
38, 11, 190, 2022-01-25T16:35:12+09:00, 5, 15, LOSE, r
38, 12, 190, 2022-01-25T16:39:26+09:00, 0, 10, LOSE, r
39, 1, 190, 2022-01-25T18:32:06+09:00, 1, 1, LOSE, r
39, 2, 190, 2022-01-25T18:36:22+09:00, 5, 4, WIN, r
39, 3, 190, 2022-01-25T18:40:37+09:00, 1, 12, LOSE, r
39, 4, 190, 2022-01-25T18:44:52+09:00, 2, 12, LOSE, r
39, 5, 190, 2022-01-25T18:49:07+09:00, 2, 14, LOSE, r
39, 6, 190, 2022-01-25T18:53:23+09:00, 2, 13, LOSE, r
39, 7, 190, 2022-01-25T18:57:38+09:00, 0, 10, LOSE, r
39, 8, 190, 2022-01-25T19:01:54+09:00, 3, 0, WIN, r
39, 9, 190, 2022-01-25T19:06:09+09:00, 2, 13, LOSE, r
39, 10, 190, 2022-01-25T19:10:25+09:00, 1, 11, LOSE, r
39, 11, 190, 2022-01-25T19:14:41+09:00, 1, 12, LOSE, r
39, 12, 190, 2022-01-25T19:18:57+09:00, 1, 13, LOSE, r
40, 1, 190, 2022-01-25T21:15:28+09:00, 1, 1, LOSE, r
40, 2, 190, 2022-01-25T21:19:43+09:00, 11, 2, WIN, r
40, 3, 190, 2022-01-25T21:23:59+09:00, 3, 9, LOSE, r
40, 4, 190, 2022-01-25T21:28:14+09:00, 1, 15, LOSE, r
40, 5, 190, 2022-01-25T21:32:30+09:00, 7, 14, LOSE, r
40, 6, 190, 2022-01-25T21:36:46+09:00, 0, 12, LOSE, r
40, 7, 190, 2022-01-25T21:41:01+09:00, 1, 11, LOSE, r
40, 8, 190, 2022-01-25T21:45:17+09:00, 2, 8, LOSE, r
40, 9, 190, 2022-01-25T21:49:33+09:00, 2, 12, LOSE, r
40, 10, 190, 2022-01-25T21:53:48+09:00, 2, 14, LOSE, r
40, 11, 190, 2022-01-25T21:58:04+09:00, 3, 6, LOSE, r
40, 12, 190, 2022-01-25T22:02:19+09:00, 0, 11, LOSE, r
#--> latest commit:b43786aa60b2ed6b44dbdc43c97a4a2f2d501595 20220125115531 in burger_war_dev
41, 1, 190, 2022-01-26T00:02:35+09:00, 7, 9, LOSE, r
41, 2, 190, 2022-01-26T00:06:51+09:00, 2, 5, LOSE, r
41, 3, 190, 2022-01-26T00:11:07+09:00, 14, 12, WIN, r
41, 4, 190, 2022-01-26T00:15:23+09:00, 0, 10, LOSE, r
41, 5, 190, 2022-01-26T00:19:38+09:00, 0, 10, LOSE, r
41, 6, 190, 2022-01-26T00:23:54+09:00, 4, 15, LOSE, r
41, 7, 190, 2022-01-26T00:28:09+09:00, 3, 13, LOSE, r
41, 8, 190, 2022-01-26T00:32:25+09:00, 3, 10, LOSE, r
41, 9, 190, 2022-01-26T00:36:41+09:00, 1, 13, LOSE, r
41, 10, 190, 2022-01-26T00:40:56+09:00, 2, 13, LOSE, r
41, 11, 190, 2022-01-26T00:45:12+09:00, 1, 11, LOSE, r
41, 12, 190, 2022-01-26T00:49:28+09:00, 0, 10, LOSE, r
#--> latest commit:0d0787a1714b8ec0b10c79b41b569677c837705b 20220126024238 in burger_war_dev
42, 1, 190, 2022-01-26T02:49:38+09:00, 0, 1, LOSE, r
42, 2, 190, 2022-01-26T02:53:53+09:00, 0, 5, LOSE, r
42, 3, 190, 2022-01-26T02:58:08+09:00, 0, 4, LOSE, r
42, 4, 190, 2022-01-26T03:02:24+09:00, 0, 9, LOSE, r
42, 5, 190, 2022-01-26T03:06:39+09:00, 11, 12, LOSE, r
42, 6, 190, 2022-01-26T03:10:55+09:00, 11, 12, LOSE, r
42, 7, 190, 2022-01-26T03:15:10+09:00, 0, 9, LOSE, r
42, 8, 190, 2022-01-26T03:19:26+09:00, 0, 0, LOSE, r
42, 9, 190, 2022-01-26T03:23:42+09:00, 0, 5, LOSE, r
42, 10, 190, 2022-01-26T03:27:57+09:00, 0, 4, LOSE, r
42, 11, 190, 2022-01-26T03:32:13+09:00, 0, 4, LOSE, r
42, 12, 190, 2022-01-26T03:36:29+09:00, 0, 8, LOSE, r
43, 1, 190, 2022-01-26T05:33:32+09:00, 0, 1, LOSE, r
43, 2, 190, 2022-01-26T05:37:48+09:00, 0, 5, LOSE, r
43, 3, 190, 2022-01-26T05:42:03+09:00, 0, 3, LOSE, r
43, 4, 190, 2022-01-26T05:46:18+09:00, 0, 9, LOSE, r
43, 5, 190, 2022-01-26T05:50:33+09:00, 11, 12, LOSE, r
43, 6, 190, 2022-01-26T05:54:49+09:00, 11, 12, LOSE, r
43, 7, 190, 2022-01-26T05:59:04+09:00, 0, 10, LOSE, r
43, 8, 190, 2022-01-26T06:03:20+09:00, 0, 0, LOSE, r
43, 9, 190, 2022-01-26T06:07:35+09:00, 0, 4, LOSE, r
43, 10, 190, 2022-01-26T06:11:51+09:00, 0, 7, LOSE, r
43, 11, 190, 2022-01-26T06:16:06+09:00, 0, 4, LOSE, r
43, 12, 190, 2022-01-26T06:20:22+09:00, 0, 7, LOSE, r
44, 1, 190, 2022-01-26T08:17:10+09:00, 0, 1, LOSE, r
44, 2, 190, 2022-01-26T08:21:25+09:00, 0, 4, LOSE, r
44, 3, 190, 2022-01-26T08:25:40+09:00, 0, 4, LOSE, r
44, 4, 190, 2022-01-26T08:29:56+09:00, 0, 7, LOSE, r
44, 5, 190, 2022-01-26T08:34:11+09:00, 8, 12, LOSE, r
44, 6, 190, 2022-01-26T08:38:26+09:00, 11, 11, LOSE, r
44, 7, 190, 2022-01-26T08:42:42+09:00, 0, 9, LOSE, r
44, 8, 190, 2022-01-26T08:46:58+09:00, 0, 0, LOSE, r
44, 9, 190, 2022-01-26T08:51:13+09:00, 0, 4, LOSE, r
44, 10, 190, 2022-01-26T08:55:29+09:00, 0, 5, LOSE, r
44, 11, 190, 2022-01-26T08:59:44+09:00, 0, 2, LOSE, r
44, 12, 190, 2022-01-26T09:04:00+09:00, 0, 8, LOSE, r
45, 1, 190, 2022-01-26T11:01:05+09:00, 0, 1, LOSE, r
45, 2, 190, 2022-01-26T11:05:20+09:00, 0, 5, LOSE, r
45, 3, 190, 2022-01-26T11:09:36+09:00, 0, 4, LOSE, r
45, 4, 190, 2022-01-26T11:13:51+09:00, 0, 8, LOSE, r
45, 5, 190, 2022-01-26T11:18:07+09:00, 11, 15, LOSE, r
45, 6, 190, 2022-01-26T11:22:23+09:00, 11, 11, LOSE, r
45, 7, 190, 2022-01-26T11:26:39+09:00, 0, 10, LOSE, r
45, 8, 190, 2022-01-26T11:30:55+09:00, 0, 0, LOSE, r
45, 9, 190, 2022-01-26T11:35:11+09:00, 0, 6, LOSE, r
45, 10, 190, 2022-01-26T11:39:27+09:00, 0, 3, LOSE, r
45, 11, 190, 2022-01-26T11:43:43+09:00, 0, 2, LOSE, r
45, 12, 190, 2022-01-26T11:48:26+09:00, 0, 0, LOSE, r
46, 1, 190, 2022-01-26T13:44:15+09:00, 0, 1, LOSE, r
46, 2, 190, 2022-01-26T13:48:58+09:00, 0, 0, LOSE, r
46, 3, 190, 2022-01-26T13:53:12+09:00, 0, 3, LOSE, r
46, 4, 190, 2022-01-26T13:57:26+09:00, 0, 8, LOSE, r
46, 5, 190, 2022-01-26T14:01:41+09:00, 11, 12, LOSE, r
46, 6, 190, 2022-01-26T14:05:41+09:00, 8, 12, LOSE, r
46, 7, 190, 2022-01-26T14:09:55+09:00, 0, 9, LOSE, r
46, 8, 190, 2022-01-26T14:14:09+09:00, 0, 0, LOSE, r
46, 9, 190, 2022-01-26T14:18:23+09:00, 3, 5, LOSE, r
46, 10, 190, 2022-01-26T14:22:37+09:00, 0, 8, LOSE, r
46, 11, 190, 2022-01-26T14:26:51+09:00, 0, 3, LOSE, r
46, 12, 190, 2022-01-26T14:31:05+09:00, 0, 7, LOSE, r
47, 1, 190, 2022-01-26T16:21:38+09:00, 0, 1, LOSE, r
47, 2, 190, 2022-01-26T16:25:53+09:00, 0, 5, LOSE, r
47, 3, 190, 2022-01-26T16:30:07+09:00, 0, 3, LOSE, r
47, 4, 190, 2022-01-26T16:34:21+09:00, 0, 9, LOSE, r
47, 5, 190, 2022-01-26T16:38:35+09:00, 8, 15, LOSE, r
47, 6, 190, 2022-01-26T16:42:49+09:00, 11, 11, LOSE, r
47, 7, 190, 2022-01-26T16:47:03+09:00, 0, 10, LOSE, r
47, 8, 190, 2022-01-26T16:51:17+09:00, 0, 0, LOSE, r
47, 9, 190, 2022-01-26T16:55:32+09:00, 0, 5, LOSE, r
47, 10, 190, 2022-01-26T16:59:46+09:00, 0, 5, LOSE, r
47, 11, 190, 2022-01-26T17:04:00+09:00, 0, 2, LOSE, r
47, 12, 190, 2022-01-26T17:08:14+09:00, 0, 9, LOSE, r
48, 1, 190, 2022-01-26T18:59:11+09:00, 0, 1, LOSE, r
48, 2, 190, 2022-01-26T19:03:25+09:00, 0, 5, LOSE, r
48, 3, 190, 2022-01-26T19:07:40+09:00, 0, 4, LOSE, r
48, 4, 190, 2022-01-26T19:11:54+09:00, 0, 7, LOSE, r
48, 5, 190, 2022-01-26T19:16:08+09:00, 8, 15, LOSE, r
48, 6, 190, 2022-01-26T19:20:22+09:00, 11, 11, LOSE, r
48, 7, 190, 2022-01-26T19:24:36+09:00, 0, 9, LOSE, r
48, 8, 190, 2022-01-26T19:28:50+09:00, 0, 0, LOSE, r
48, 9, 190, 2022-01-26T19:33:04+09:00, 0, 4, LOSE, r
48, 10, 190, 2022-01-26T19:37:18+09:00, 0, 4, LOSE, r
48, 11, 190, 2022-01-26T19:41:32+09:00, 0, 1, LOSE, r
48, 12, 190, 2022-01-26T19:45:46+09:00, 0, 9, LOSE, r
49, 1, 190, 2022-01-26T21:36:22+09:00, 0, 1, LOSE, r
49, 2, 190, 2022-01-26T21:40:36+09:00, 0, 5, LOSE, r
49, 3, 190, 2022-01-26T21:44:51+09:00, 0, 4, LOSE, r
49, 4, 190, 2022-01-26T21:49:05+09:00, 0, 9, LOSE, r
49, 5, 190, 2022-01-26T21:53:19+09:00, 8, 15, LOSE, r
49, 6, 190, 2022-01-26T21:57:33+09:00, 6, 12, LOSE, r
49, 7, 190, 2022-01-26T22:01:47+09:00, 0, 10, LOSE, r
49, 8, 190, 2022-01-26T22:06:01+09:00, 0, 0, LOSE, r
49, 9, 190, 2022-01-26T22:10:15+09:00, 0, 8, LOSE, r
49, 10, 190, 2022-01-26T22:14:29+09:00, 0, 3, LOSE, r
49, 11, 190, 2022-01-26T22:18:43+09:00, 0, 1, LOSE, r
49, 12, 190, 2022-01-26T22:22:57+09:00, 0, 9, LOSE, r
#--> latest commit:b150e013ffb415afd3c32364c3c741fba0d317b6 20220127121002 in burger_war_dev
50, 1, 190, 2022-01-27T00:15:19+09:00, 0, 1, LOSE, r
50, 2, 190, 2022-01-27T00:19:33+09:00, 0, 4, LOSE, r
50, 3, 190, 2022-01-27T00:23:48+09:00, 0, 4, LOSE, r
50, 4, 190, 2022-01-27T00:28:02+09:00, 0, 10, LOSE, r
50, 5, 190, 2022-01-27T00:32:16+09:00, 8, 15, LOSE, r
50, 6, 190, 2022-01-27T00:36:30+09:00, 6, 12, LOSE, r
50, 7, 190, 2022-01-27T00:40:44+09:00, 0, 8, LOSE, r
50, 8, 190, 2022-01-27T00:44:58+09:00, 0, 0, LOSE, r
50, 9, 190, 2022-01-27T00:49:12+09:00, 5, 6, LOSE, r
50, 10, 190, 2022-01-27T00:53:27+09:00, 0, 6, LOSE, r
50, 11, 190, 2022-01-27T00:57:41+09:00, 0, 3, LOSE, r
50, 12, 190, 2022-01-27T01:01:55+09:00, 0, 7, LOSE, r
#--> latest commit:45641babdafcf6b95bee044110371bee5c73ca50 20220127024859 in burger_war_dev
51, 1, 190, 2022-01-27T02:54:15+09:00, 0, 1, LOSE, r
51, 2, 190, 2022-01-27T02:58:29+09:00, 0, 4, LOSE, r
51, 3, 190, 2022-01-27T03:02:43+09:00, 0, 4, LOSE, r
51, 4, 190, 2022-01-27T03:06:57+09:00, 0, 8, LOSE, r
51, 5, 190, 2022-01-27T03:11:11+09:00, 8, 15, LOSE, r
51, 6, 190, 2022-01-27T03:15:25+09:00, 11, 12, LOSE, r
51, 7, 190, 2022-01-27T03:19:38+09:00, 0, 10, LOSE, r
51, 8, 190, 2022-01-27T03:23:53+09:00, 0, 0, LOSE, r
51, 9, 190, 2022-01-27T03:28:07+09:00, 0, 5, LOSE, r
51, 10, 190, 2022-01-27T03:32:21+09:00, 0, 4, LOSE, r
51, 11, 190, 2022-01-27T03:36:35+09:00, 0, 2, LOSE, r
51, 12, 190, 2022-01-27T03:40:49+09:00, 0, 9, LOSE, r
52, 1, 190, 2022-01-27T05:31:26+09:00, 0, 1, LOSE, r
52, 2, 190, 2022-01-27T05:35:41+09:00, 0, 5, LOSE, r
52, 3, 190, 2022-01-27T05:39:55+09:00, 0, 4, LOSE, r
52, 4, 190, 2022-01-27T05:44:09+09:00, 0, 9, LOSE, r
52, 5, 190, 2022-01-27T05:48:23+09:00, 11, 12, LOSE, r
52, 6, 190, 2022-01-27T05:52:37+09:00, 0, 10, LOSE, r
52, 7, 190, 2022-01-27T05:56:51+09:00, 0, 9, LOSE, r
52, 8, 190, 2022-01-27T06:01:05+09:00, 0, 0, LOSE, r
52, 9, 190, 2022-01-27T06:05:19+09:00, 0, 5, LOSE, r
52, 10, 190, 2022-01-27T06:09:33+09:00, 0, 4, LOSE, r
52, 11, 190, 2022-01-27T06:13:47+09:00, 0, 2, LOSE, r
52, 12, 190, 2022-01-27T06:18:02+09:00, 0, 8, LOSE, r
53, 1, 190, 2022-01-27T08:08:26+09:00, 0, 1, LOSE, r
53, 2, 190, 2022-01-27T08:12:40+09:00, 0, 5, LOSE, r
53, 3, 190, 2022-01-27T08:16:40+09:00, 0, 4, LOSE, r
53, 4, 190, 2022-01-27T08:20:54+09:00, 0, 9, LOSE, r
53, 5, 190, 2022-01-27T08:25:08+09:00, 8, 15, LOSE, r
53, 6, 190, 2022-01-27T08:29:22+09:00, 11, 12, LOSE, r
53, 7, 190, 2022-01-27T08:33:36+09:00, 0, 10, LOSE, r
53, 8, 190, 2022-01-27T08:37:50+09:00, 0, 0, LOSE, r
53, 9, 190, 2022-01-27T08:42:04+09:00, 0, 5, LOSE, r
53, 10, 190, 2022-01-27T08:46:18+09:00, 3, 9, LOSE, r
53, 11, 190, 2022-01-27T08:50:32+09:00, 0, 2, LOSE, r
53, 12, 190, 2022-01-27T08:54:46+09:00, 0, 8, LOSE, r
54, 1, 190, 2022-01-27T10:45:31+09:00, 0, 1, LOSE, r
54, 2, 190, 2022-01-27T10:49:45+09:00, 0, 8, LOSE, r
54, 3, 190, 2022-01-27T10:54:28+09:00, 0, 0, LOSE, r
54, 4, 190, 2022-01-27T10:58:28+09:00, 0, 9, LOSE, r
54, 5, 190, 2022-01-27T11:02:42+09:00, 11, 12, LOSE, r
54, 6, 190, 2022-01-27T11:06:56+09:00, 11, 11, LOSE, r
54, 7, 190, 2022-01-27T11:11:10+09:00, 0, 10, LOSE, r
54, 8, 190, 2022-01-27T11:15:24+09:00, 0, 0, LOSE, r
54, 9, 190, 2022-01-27T11:19:38+09:00, 0, 4, LOSE, r
54, 10, 190, 2022-01-27T11:23:52+09:00, 0, 6, LOSE, r
54, 11, 190, 2022-01-27T11:28:06+09:00, 0, 3, LOSE, r
54, 12, 190, 2022-01-27T11:32:21+09:00, 0, 7, LOSE, r
55, 1, 190, 2022-01-27T13:23:13+09:00, 0, 1, LOSE, r
55, 2, 190, 2022-01-27T13:27:27+09:00, 0, 4, LOSE, r
55, 3, 190, 2022-01-27T13:31:41+09:00, 0, 4, LOSE, r
55, 4, 190, 2022-01-27T13:35:55+09:00, 0, 7, LOSE, r
55, 5, 190, 2022-01-27T13:40:09+09:00, 11, 12, LOSE, r
55, 6, 190, 2022-01-27T13:44:24+09:00, 11, 14, LOSE, r
55, 7, 190, 2022-01-27T13:48:38+09:00, 0, 10, LOSE, r
55, 8, 190, 2022-01-27T13:52:52+09:00, 0, 0, LOSE, r
55, 9, 190, 2022-01-27T13:57:06+09:00, 0, 5, LOSE, r
55, 10, 190, 2022-01-27T14:01:20+09:00, 0, 5, LOSE, r
55, 11, 190, 2022-01-27T14:05:34+09:00, 0, 1, LOSE, r
55, 12, 190, 2022-01-27T14:09:49+09:00, 0, 8, LOSE, r
56, 1, 190, 2022-01-27T16:00:28+09:00, 0, 1, LOSE, r
56, 2, 190, 2022-01-27T16:04:42+09:00, 0, 5, LOSE, r
56, 3, 190, 2022-01-27T16:08:56+09:00, 0, 4, LOSE, r
56, 4, 190, 2022-01-27T16:13:10+09:00, 0, 9, LOSE, r
56, 5, 190, 2022-01-27T16:17:25+09:00, 8, 12, LOSE, r
56, 6, 190, 2022-01-27T16:21:39+09:00, 11, 11, LOSE, r
56, 7, 190, 2022-01-27T16:25:53+09:00, 0, 9, LOSE, r
56, 8, 190, 2022-01-27T16:30:07+09:00, 0, 0, LOSE, r
56, 9, 190, 2022-01-27T16:34:21+09:00, 0, 4, LOSE, r
56, 10, 190, 2022-01-27T16:38:35+09:00, 0, 6, LOSE, r
56, 11, 190, 2022-01-27T16:42:49+09:00, 0, 2, LOSE, r
56, 12, 190, 2022-01-27T16:47:03+09:00, 0, 9, LOSE, r
57, 1, 190, 2022-01-27T18:37:49+09:00, 0, 1, LOSE, r
57, 2, 190, 2022-01-27T18:42:03+09:00, 3, 2, WIN, r
57, 3, 190, 2022-01-27T18:46:17+09:00, 0, 3, LOSE, r
57, 4, 190, 2022-01-27T18:50:31+09:00, 0, 9, LOSE, r
57, 5, 190, 2022-01-27T18:54:45+09:00, 6, 15, LOSE, r
57, 6, 190, 2022-01-27T18:58:59+09:00, 11, 11, LOSE, r
57, 7, 190, 2022-01-27T19:03:14+09:00, 0, 10, LOSE, r
57, 8, 190, 2022-01-27T19:07:28+09:00, 0, 0, LOSE, r
57, 9, 190, 2022-01-27T19:11:42+09:00, 0, 6, LOSE, r
57, 10, 190, 2022-01-27T19:15:56+09:00, 0, 5, LOSE, r
57, 11, 190, 2022-01-27T19:20:10+09:00, 0, 4, LOSE, r
57, 12, 190, 2022-01-27T19:24:24+09:00, 0, 8, LOSE, r
58, 1, 190, 2022-01-27T21:15:13+09:00, 0, 1, LOSE, r
58, 2, 190, 2022-01-27T21:19:27+09:00, 0, 4, LOSE, r
58, 3, 190, 2022-01-27T21:23:41+09:00, 0, 4, LOSE, r
58, 4, 190, 2022-01-27T21:27:55+09:00, 0, 9, LOSE, r
58, 5, 190, 2022-01-27T21:32:09+09:00, 6, 12, LOSE, r
58, 6, 190, 2022-01-27T21:36:23+09:00, 11, 12, LOSE, r
58, 7, 190, 2022-01-27T21:40:37+09:00, 0, 10, LOSE, r
58, 8, 190, 2022-01-27T21:44:52+09:00, 0, 0, LOSE, r
58, 9, 190, 2022-01-27T21:49:11+09:00, 0, 5, LOSE, r
58, 10, 190, 2022-01-27T21:53:26+09:00, 0, 4, LOSE, r
58, 11, 190, 2022-01-27T21:57:40+09:00, 0, 3, LOSE, r
58, 12, 190, 2022-01-27T22:01:54+09:00, 0, 8, LOSE, r
#--> latest commit:66f12cface52186b01ea66363c5e35c0120c40e4 20220127114848 in burger_war_dev
59, 1, 190, 2022-01-27T23:53:59+09:00, 0, 1, LOSE, r
59, 2, 190, 2022-01-27T23:58:13+09:00, 0, 5, LOSE, r
59, 3, 190, 2022-01-28T00:02:27+09:00, 0, 4, LOSE, r
59, 4, 190, 2022-01-28T00:06:27+09:00, 0, 5, LOSE, r
59, 5, 190, 2022-01-28T00:10:41+09:00, 11, 12, LOSE, r
59, 6, 190, 2022-01-28T00:14:55+09:00, 11, 12, LOSE, r
59, 7, 190, 2022-01-28T00:19:10+09:00, 0, 10, LOSE, r
59, 8, 190, 2022-01-28T00:23:24+09:00, 0, 0, LOSE, r
59, 9, 190, 2022-01-28T00:27:38+09:00, 0, 5, LOSE, r
59, 10, 190, 2022-01-28T00:31:52+09:00, 0, 7, LOSE, r
59, 11, 190, 2022-01-28T00:36:06+09:00, 0, 2, LOSE, r
59, 12, 190, 2022-01-28T00:40:20+09:00, 0, 8, LOSE, r
#--> latest commit:ff7f40db2483189667353a8e0cd3aa51a1478cda 20220128022728 in burger_war_dev
60, 1, 190, 2022-01-28T02:32:41+09:00, 0, 1, LOSE, r
60, 2, 190, 2022-01-28T02:36:55+09:00, 0, 4, LOSE, r
60, 3, 190, 2022-01-28T02:41:09+09:00, 0, 4, LOSE, r
60, 4, 190, 2022-01-28T02:45:23+09:00, 0, 8, LOSE, r
60, 5, 190, 2022-01-28T02:49:37+09:00, 8, 12, LOSE, r
60, 6, 190, 2022-01-28T02:53:51+09:00, 6, 14, LOSE, r
60, 7, 190, 2022-01-28T02:58:05+09:00, 0, 9, LOSE, r
60, 8, 190, 2022-01-28T03:02:19+09:00, 0, 0, LOSE, r
60, 9, 190, 2022-01-28T03:06:33+09:00, 0, 5, LOSE, r
60, 10, 190, 2022-01-28T03:10:47+09:00, 0, 4, LOSE, r
60, 11, 190, 2022-01-28T03:15:01+09:00, 0, 3, LOSE, r
60, 12, 190, 2022-01-28T03:19:15+09:00, 0, 8, LOSE, r
61, 1, 190, 2022-01-28T05:09:56+09:00, 0, 1, LOSE, r
61, 2, 190, 2022-01-28T05:14:10+09:00, 3, 5, LOSE, r
61, 3, 190, 2022-01-28T05:18:24+09:00, 0, 4, LOSE, r
61, 4, 190, 2022-01-28T05:22:38+09:00, 0, 9, LOSE, r
61, 5, 190, 2022-01-28T05:26:52+09:00, 11, 12, LOSE, r
61, 6, 190, 2022-01-28T05:31:06+09:00, 11, 15, LOSE, r
61, 7, 190, 2022-01-28T05:35:20+09:00, 0, 10, LOSE, r
61, 8, 190, 2022-01-28T05:39:34+09:00, 0, 0, LOSE, r
61, 9, 190, 2022-01-28T05:43:48+09:00, 0, 5, LOSE, r
61, 10, 190, 2022-01-28T05:48:03+09:00, 0, 5, LOSE, r
61, 11, 190, 2022-01-28T05:52:17+09:00, 0, 3, LOSE, r
61, 12, 190, 2022-01-28T05:56:31+09:00, 0, 8, LOSE, r
62, 1, 190, 2022-01-28T07:46:55+09:00, 0, 1, LOSE, r
62, 2, 190, 2022-01-28T07:51:09+09:00, 0, 5, LOSE, r
62, 3, 190, 2022-01-28T07:55:23+09:00, 0, 4, LOSE, r
62, 4, 190, 2022-01-28T07:59:37+09:00, 0, 7, LOSE, r
62, 5, 190, 2022-01-28T08:03:51+09:00, 11, 12, LOSE, r
62, 6, 190, 2022-01-28T08:07:51+09:00, 11, 12, LOSE, r
62, 7, 190, 2022-01-28T08:12:05+09:00, 0, 9, LOSE, r
62, 8, 190, 2022-01-28T08:16:19+09:00, 0, 0, LOSE, r
62, 9, 190, 2022-01-28T08:20:33+09:00, 0, 5, LOSE, r
62, 10, 190, 2022-01-28T08:24:47+09:00, 0, 6, LOSE, r
62, 11, 190, 2022-01-28T08:29:01+09:00, 0, 2, LOSE, r
62, 12, 190, 2022-01-28T08:33:14+09:00, 0, 9, LOSE, r
63, 1, 190, 2022-01-28T10:23:44+09:00, 0, 1, LOSE, r
63, 2, 190, 2022-01-28T10:27:58+09:00, 3, 5, LOSE, r
63, 3, 190, 2022-01-28T10:32:12+09:00, 0, 4, LOSE, r
63, 4, 190, 2022-01-28T10:36:26+09:00, 0, 9, LOSE, r
63, 5, 190, 2022-01-28T10:40:40+09:00, 8, 12, LOSE, r
63, 6, 190, 2022-01-28T10:44:54+09:00, 11, 14, LOSE, r
63, 7, 190, 2022-01-28T10:49:08+09:00, 3, 7, LOSE, r
63, 8, 190, 2022-01-28T10:53:22+09:00, 0, 0, LOSE, r
63, 9, 190, 2022-01-28T10:57:36+09:00, 0, 4, LOSE, r
63, 10, 190, 2022-01-28T11:01:51+09:00, 0, 6, LOSE, r
63, 11, 190, 2022-01-28T11:06:04+09:00, 0, 2, LOSE, r
63, 12, 190, 2022-01-28T11:10:19+09:00, 0, 8, LOSE, r
64, 1, 190, 2022-01-28T13:01:03+09:00, 0, 1, LOSE, r
64, 2, 190, 2022-01-28T13:05:17+09:00, 0, 5, LOSE, r
64, 3, 190, 2022-01-28T13:09:31+09:00, 0, 3, LOSE, r
64, 4, 190, 2022-01-28T13:13:45+09:00, 0, 9, LOSE, r
64, 5, 190, 2022-01-28T13:17:59+09:00, 8, 15, LOSE, r
64, 6, 190, 2022-01-28T13:22:13+09:00, 6, 12, LOSE, r
64, 7, 190, 2022-01-28T13:26:27+09:00, 0, 10, LOSE, r
64, 8, 190, 2022-01-28T13:30:42+09:00, 0, 0, LOSE, r
64, 9, 190, 2022-01-28T13:34:56+09:00, 0, 4, LOSE, r
64, 10, 190, 2022-01-28T13:39:10+09:00, 0, 6, LOSE, r
64, 11, 190, 2022-01-28T13:43:24+09:00, 0, 2, LOSE, r
64, 12, 190, 2022-01-28T13:47:38+09:00, 0, 8, LOSE, r
65, 1, 190, 2022-01-28T15:38:29+09:00, 0, 1, LOSE, r
65, 2, 190, 2022-01-28T15:42:43+09:00, 0, 5, LOSE, r
65, 3, 190, 2022-01-28T15:46:57+09:00, 0, 4, LOSE, r
65, 4, 190, 2022-01-28T15:51:11+09:00, 0, 8, LOSE, r
65, 5, 190, 2022-01-28T15:55:26+09:00, 6, 12, LOSE, r
65, 6, 190, 2022-01-28T15:59:40+09:00, 11, 14, LOSE, r
65, 7, 190, 2022-01-28T16:03:54+09:00, 0, 10, LOSE, r
65, 8, 190, 2022-01-28T16:08:08+09:00, 0, 0, LOSE, r
65, 9, 190, 2022-01-28T16:12:22+09:00, 0, 5, LOSE, r
65, 10, 190, 2022-01-28T16:16:36+09:00, 11, 6, WIN, r
65, 11, 190, 2022-01-28T16:20:50+09:00, 0, 4, LOSE, r
65, 12, 190, 2022-01-28T16:25:04+09:00, 0, 7, LOSE, r
#--> latest commit:c6a088c3bfe24286ba133ab157cea27891707606 20220128061336 in burger_war_dev
66, 1, 190, 2022-01-28T18:17:18+09:00, 0, 1, LOSE, r
66, 2, 190, 2022-01-28T18:21:32+09:00, 1, 5, LOSE, r
66, 3, 190, 2022-01-28T18:25:46+09:00, 0, 4, LOSE, r
66, 4, 190, 2022-01-28T18:30:00+09:00, 0, 10, LOSE, r
66, 5, 190, 2022-01-28T18:34:14+09:00, 8, 12, LOSE, r
66, 6, 190, 2022-01-28T18:38:28+09:00, 11, 12, LOSE, r
66, 7, 190, 2022-01-28T18:42:42+09:00, 0, 10, LOSE, r
66, 8, 190, 2022-01-28T18:46:56+09:00, 0, 0, LOSE, r
66, 9, 190, 2022-01-28T18:51:10+09:00, 0, 0, LOSE, r
66, 10, 190, 2022-01-28T18:55:24+09:00, 0, 10, LOSE, r
66, 11, 190, 2022-01-28T18:59:38+09:00, 0, 6, LOSE, r
66, 12, 190, 2022-01-28T19:03:52+09:00, 0, 0, LOSE, r
67, 1, 190, 2022-01-28T20:52:55+09:00, 0, 1, LOSE, r
67, 2, 190, 2022-01-28T20:57:09+09:00, 0, 5, LOSE, r
67, 3, 190, 2022-01-28T21:01:23+09:00, 0, 4, LOSE, r
67, 4, 190, 2022-01-28T21:05:37+09:00, 0, 10, LOSE, r
67, 5, 190, 2022-01-28T21:09:51+09:00, 11, 15, LOSE, r
67, 6, 190, 2022-01-28T21:14:05+09:00, 11, 12, LOSE, r
67, 7, 190, 2022-01-28T21:18:19+09:00, 0, 10, LOSE, r
67, 8, 190, 2022-01-28T21:22:32+09:00, 0, 0, LOSE, r
67, 9, 190, 2022-01-28T21:26:47+09:00, 0, 0, LOSE, r
67, 10, 190, 2022-01-28T21:31:00+09:00, 0, 10, LOSE, r
67, 11, 190, 2022-01-28T21:35:14+09:00, 0, 5, LOSE, r
67, 12, 190, 2022-01-28T21:39:28+09:00, 0, 0, LOSE, r
68, 1, 190, 2022-01-28T23:28:27+09:00, 0, 1, LOSE, r
68, 2, 190, 2022-01-28T23:32:42+09:00, 6, 6, LOSE, r
68, 3, 190, 2022-01-28T23:36:56+09:00, 0, 4, LOSE, r
68, 4, 190, 2022-01-28T23:41:10+09:00, 8, 14, LOSE, r
68, 5, 190, 2022-01-28T23:45:24+09:00, 11, 12, LOSE, r
68, 6, 190, 2022-01-28T23:49:38+09:00, 11, 15, LOSE, r
68, 7, 190, 2022-01-28T23:53:52+09:00, 11, 14, LOSE, r
68, 8, 190, 2022-01-28T23:58:06+09:00, 0, 0, LOSE, r
68, 9, 190, 2022-01-29T00:02:20+09:00, 0, 0, LOSE, r
68, 10, 190, 2022-01-29T00:06:34+09:00, 0, 10, LOSE, r
68, 11, 190, 2022-01-29T00:10:48+09:00, 0, 6, LOSE, r
68, 12, 190, 2022-01-29T00:15:02+09:00, 0, 0, LOSE, r
69, 1, 190, 2022-01-29T02:04:06+09:00, 0, 1, LOSE, r
69, 2, 190, 2022-01-29T02:08:20+09:00, 1, 5, LOSE, r
69, 3, 190, 2022-01-29T02:12:34+09:00, 0, 4, LOSE, r
69, 4, 190, 2022-01-29T02:16:48+09:00, 0, 10, LOSE, r
69, 5, 190, 2022-01-29T02:21:02+09:00, 8, 12, LOSE, r
69, 6, 190, 2022-01-29T02:25:16+09:00, 8, 7, WIN, r
69, 7, 190, 2022-01-29T02:29:30+09:00, 0, 10, LOSE, r
69, 8, 190, 2022-01-29T02:33:44+09:00, 0, 0, LOSE, r
69, 9, 190, 2022-01-29T02:37:58+09:00, 0, 0, LOSE, r
69, 10, 190, 2022-01-29T02:42:12+09:00, 0, 9, LOSE, r
69, 11, 190, 2022-01-29T02:46:26+09:00, 0, 6, LOSE, r
69, 12, 190, 2022-01-29T02:50:40+09:00, 0, 0, LOSE, r
#--> latest commit:d61f5d682649c7617fe090238e2b2d2bda0d97ff 20220129043615 in burger_war_dev
70, 1, 190, 2022-01-29T04:39:58+09:00, 0, 1, LOSE, r
70, 2, 190, 2022-01-29T04:44:12+09:00, 9, 5, WIN, r
70, 3, 190, 2022-01-29T04:48:26+09:00, 0, 4, LOSE, r
70, 4, 190, 2022-01-29T04:52:40+09:00, 8, 14, LOSE, r
70, 5, 190, 2022-01-29T04:56:53+09:00, 11, 12, LOSE, r
70, 6, 190, 2022-01-29T05:01:07+09:00, 11, 12, LOSE, r
70, 7, 190, 2022-01-29T05:05:21+09:00, 6, 14, LOSE, r
70, 8, 190, 2022-01-29T05:09:35+09:00, 0, 0, LOSE, r
70, 9, 190, 2022-01-29T05:13:49+09:00, 0, 0, LOSE, r
70, 10, 190, 2022-01-29T05:17:49+09:00, 0, 10, LOSE, r
70, 11, 190, 2022-01-29T05:22:03+09:00, 0, 6, LOSE, r
70, 12, 190, 2022-01-29T05:26:17+09:00, 0, 0, LOSE, r
71, 1, 190, 2022-01-29T07:15:16+09:00, 0, 1, LOSE, r
71, 2, 190, 2022-01-29T07:19:30+09:00, 1, 6, LOSE, r
71, 3, 190, 2022-01-29T07:23:44+09:00, 0, 4, LOSE, r
71, 4, 190, 2022-01-29T07:27:58+09:00, 8, 14, LOSE, r
71, 5, 190, 2022-01-29T07:32:12+09:00, 8, 15, LOSE, r
71, 6, 190, 2022-01-29T07:36:26+09:00, 11, 15, LOSE, r
71, 7, 190, 2022-01-29T07:40:40+09:00, 0, 10, LOSE, r
71, 8, 190, 2022-01-29T07:44:54+09:00, 0, 0, LOSE, r
71, 9, 190, 2022-01-29T07:49:07+09:00, 0, 0, LOSE, r
71, 10, 190, 2022-01-29T07:53:21+09:00, 0, 9, LOSE, r
71, 11, 190, 2022-01-29T07:57:35+09:00, 0, 6, LOSE, r
71, 12, 190, 2022-01-29T08:01:49+09:00, 0, 0, LOSE, r
72, 1, 190, 2022-01-29T09:50:47+09:00, 0, 1, LOSE, r
72, 2, 190, 2022-01-29T09:55:01+09:00, 3, 5, LOSE, r
72, 3, 190, 2022-01-29T09:59:15+09:00, 0, 4, LOSE, r
72, 4, 190, 2022-01-29T10:03:29+09:00, 0, 10, LOSE, r
72, 5, 190, 2022-01-29T10:07:43+09:00, 11, 12, LOSE, r
72, 6, 190, 2022-01-29T10:11:57+09:00, 11, 18, LOSE, r
72, 7, 190, 2022-01-29T10:16:11+09:00, 0, 10, LOSE, r
72, 8, 190, 2022-01-29T10:20:25+09:00, 0, 0, LOSE, r
72, 9, 190, 2022-01-29T10:24:39+09:00, 0, 0, LOSE, r
72, 10, 190, 2022-01-29T10:28:53+09:00, 0, 10, LOSE, r
72, 11, 190, 2022-01-29T10:33:07+09:00, 0, 6, LOSE, r
72, 12, 190, 2022-01-29T10:37:21+09:00, 0, 0, LOSE, r
#--> latest commit:571827c5a8b06c61d043d6383f103af24ed622ed 20220129122223 in burger_war_dev
73, 1, 190, 2022-01-29T12:26:05+09:00, 0, 1, LOSE, r
73, 2, 190, 2022-01-29T12:30:19+09:00, 1, 5, LOSE, r
73, 3, 190, 2022-01-29T12:34:33+09:00, 0, 4, LOSE, r
73, 4, 190, 2022-01-29T12:38:47+09:00, 3, 14, LOSE, r
73, 5, 190, 2022-01-29T12:43:01+09:00, 11, 12, LOSE, r
73, 6, 190, 2022-01-29T12:47:15+09:00, 11, 15, LOSE, r
73, 7, 190, 2022-01-29T12:51:29+09:00, 0, 10, LOSE, r
73, 8, 190, 2022-01-29T12:55:43+09:00, 0, 0, LOSE, r
73, 9, 190, 2022-01-29T12:59:57+09:00, 0, 0, LOSE, r
73, 10, 190, 2022-01-29T13:04:11+09:00, 0, 10, LOSE, r
73, 11, 190, 2022-01-29T13:08:25+09:00, 0, 6, LOSE, r
73, 12, 190, 2022-01-29T13:12:39+09:00, 0, 0, LOSE, r
#--> latest commit:365eef55721dfd5a8b5a0502ed2dbd42a6217e07 20220129025809 in burger_war_dev
74, 1, 190, 2022-01-29T15:01:51+09:00, 0, 1, LOSE, r
74, 2, 190, 2022-01-29T15:06:06+09:00, 9, 5, WIN, r
74, 3, 190, 2022-01-29T15:10:20+09:00, 5, 4, WIN, r
74, 4, 190, 2022-01-29T15:14:33+09:00, 8, 14, LOSE, r
74, 5, 190, 2022-01-29T15:18:47+09:00, 11, 14, LOSE, r
74, 6, 190, 2022-01-29T15:23:01+09:00, 11, 15, LOSE, r
74, 7, 190, 2022-01-29T15:27:15+09:00, 0, 10, LOSE, r
74, 8, 190, 2022-01-29T15:31:29+09:00, 0, 0, LOSE, r
74, 9, 190, 2022-01-29T15:35:43+09:00, 0, 0, LOSE, r
74, 10, 190, 2022-01-29T15:39:57+09:00, 0, 10, LOSE, r
74, 11, 190, 2022-01-29T15:44:11+09:00, 0, 6, LOSE, r
74, 12, 190, 2022-01-29T15:48:25+09:00, 0, 0, LOSE, r
#--> latest commit:6cfdb513e31a21fe7c9ba56ca334cf2e4fd44455 20220129053359 in burger_war_dev
75, 1, 190, 2022-01-29T17:37:41+09:00, 0, 2, LOSE, r
75, 2, 190, 2022-01-29T17:41:55+09:00, 1, 4, LOSE, r
75, 3, 190, 2022-01-29T17:46:09+09:00, 0, 4, LOSE, r
75, 4, 190, 2022-01-29T17:50:23+09:00, 3, 13, LOSE, r
75, 5, 190, 2022-01-29T17:54:37+09:00, 11, 12, LOSE, r
75, 6, 190, 2022-01-29T17:58:51+09:00, 11, 12, LOSE, r
75, 7, 190, 2022-01-29T18:03:05+09:00, 0, 10, LOSE, r
75, 8, 190, 2022-01-29T18:07:19+09:00, 0, 0, LOSE, r
75, 9, 190, 2022-01-29T18:11:33+09:00, 0, 0, LOSE, r
75, 10, 190, 2022-01-29T18:15:47+09:00, 0, 10, LOSE, r
75, 11, 190, 2022-01-29T18:20:01+09:00, 0, 6, LOSE, r
75, 12, 190, 2022-01-29T18:24:15+09:00, 0, 0, LOSE, r
76, 1, 190, 2022-01-29T20:12:58+09:00, 0, 2, LOSE, r
76, 2, 190, 2022-01-29T20:16:57+09:00, 0, 5, LOSE, r
76, 3, 190, 2022-01-29T20:21:11+09:00, 0, 4, LOSE, r
76, 4, 190, 2022-01-29T20:25:25+09:00, 8, 18, LOSE, r
76, 5, 190, 2022-01-29T20:29:39+09:00, 11, 15, LOSE, r
76, 6, 190, 2022-01-29T20:33:53+09:00, 11, 12, LOSE, r
76, 7, 190, 2022-01-29T20:38:07+09:00, 3, 13, LOSE, r
76, 8, 190, 2022-01-29T20:42:07+09:00, 0, 0, LOSE, r
76, 9, 190, 2022-01-29T20:46:21+09:00, 0, 0, LOSE, r
76, 10, 190, 2022-01-29T20:50:35+09:00, 0, 10, LOSE, r
76, 11, 190, 2022-01-29T20:54:49+09:00, 0, 6, LOSE, r
76, 12, 190, 2022-01-29T20:59:03+09:00, 1, 0, WIN, r
#--> latest commit:e1111aa1ce9b866f3468e3adfeb0d231c3e398ec 20220129104410 in burger_war_dev
77, 1, 190, 2022-01-29T22:47:53+09:00, 0, 1, LOSE, r
77, 2, 190, 2022-01-29T22:52:07+09:00, 1, 6, LOSE, r
77, 3, 190, 2022-01-29T22:56:21+09:00, 0, 4, LOSE, r
77, 4, 190, 2022-01-29T23:00:35+09:00, 0, 10, LOSE, r
77, 5, 190, 2022-01-29T23:04:49+09:00, 11, 15, LOSE, r
77, 6, 190, 2022-01-29T23:09:03+09:00, 11, 15, LOSE, r
77, 7, 190, 2022-01-29T23:13:17+09:00, 0, 10, LOSE, r
77, 8, 190, 2022-01-29T23:17:32+09:00, 5, 0, WIN, r
77, 9, 190, 2022-01-29T23:21:46+09:00, 0, 0, LOSE, r
77, 10, 190, 2022-01-29T23:26:00+09:00, 0, 10, LOSE, r
77, 11, 190, 2022-01-29T23:30:14+09:00, 0, 6, LOSE, r
77, 12, 190, 2022-01-29T23:34:28+09:00, 0, 0, LOSE, r
#--> latest commit:1617a0346152ea880fbe7902c775ce983ee783e4 20220130011958 in burger_war_dev
78, 1, 190, 2022-01-30T01:23:41+09:00, 0, 1, LOSE, r
78, 2, 190, 2022-01-30T01:27:55+09:00, 3, 8, LOSE, r
78, 3, 190, 2022-01-30T01:32:09+09:00, 5, 4, WIN, r
78, 4, 190, 2022-01-30T01:36:23+09:00, 8, 15, LOSE, r
78, 5, 190, 2022-01-30T01:40:37+09:00, 8, 15, LOSE, r
78, 6, 190, 2022-01-30T01:44:51+09:00, 11, 15, LOSE, r
78, 7, 190, 2022-01-30T01:49:05+09:00, 0, 10, LOSE, r
78, 8, 190, 2022-01-30T01:53:19+09:00, 0, 0, LOSE, r
78, 9, 190, 2022-01-30T01:57:33+09:00, 0, 0, LOSE, r
78, 10, 190, 2022-01-30T02:01:46+09:00, 0, 10, LOSE, r
78, 11, 190, 2022-01-30T02:06:01+09:00, 0, 6, LOSE, r
78, 12, 190, 2022-01-30T02:10:14+09:00, 0, 0, LOSE, r
#--> latest commit:8658b9b10d92b692e2bf505b3a1e12f18dbfb225 20220130035535 in burger_war_dev
79, 1, 190, 2022-01-30T03:59:17+09:00, 0, 1, LOSE, r
79, 2, 190, 2022-01-30T04:03:31+09:00, 1, 5, LOSE, r
79, 3, 190, 2022-01-30T04:07:45+09:00, 0, 4, LOSE, r
79, 4, 190, 2022-01-30T04:11:59+09:00, 0, 10, LOSE, r
79, 5, 190, 2022-01-30T04:16:13+09:00, 8, 12, LOSE, r
79, 6, 190, 2022-01-30T04:20:27+09:00, 11, 12, LOSE, r
79, 7, 190, 2022-01-30T04:24:40+09:00, 0, 10, LOSE, r
79, 8, 190, 2022-01-30T04:28:54+09:00, 0, 0, LOSE, r
79, 9, 190, 2022-01-30T04:33:08+09:00, 0, 0, LOSE, r
79, 10, 190, 2022-01-30T04:37:22+09:00, 0, 10, LOSE, r
79, 11, 190, 2022-01-30T04:41:37+09:00, 0, 6, LOSE, r
79, 12, 190, 2022-01-30T04:45:51+09:00, 0, 0, LOSE, r
80, 1, 190, 2022-01-30T06:34:44+09:00, 0, 1, LOSE, r
80, 2, 190, 2022-01-30T06:38:58+09:00, 1, 5, LOSE, r
80, 3, 190, 2022-01-30T06:43:12+09:00, 0, 4, LOSE, r
80, 4, 190, 2022-01-30T06:47:26+09:00, 0, 10, LOSE, r
80, 5, 190, 2022-01-30T06:51:40+09:00, 8, 12, LOSE, r
80, 6, 190, 2022-01-30T06:55:54+09:00, 11, 12, LOSE, r
80, 7, 190, 2022-01-30T07:00:08+09:00, 0, 10, LOSE, r
80, 8, 190, 2022-01-30T07:04:22+09:00, 0, 0, LOSE, r
80, 9, 190, 2022-01-30T07:08:36+09:00, 0, 0, LOSE, r
80, 10, 190, 2022-01-30T07:12:50+09:00, 0, 10, LOSE, r
80, 11, 190, 2022-01-30T07:17:04+09:00, 6, 5, WIN, r
80, 12, 190, 2022-01-30T07:21:18+09:00, 0, 0, LOSE, r
81, 1, 190, 2022-01-30T09:10:25+09:00, 0, 1, LOSE, r
81, 2, 190, 2022-01-30T09:14:39+09:00, 1, 8, LOSE, r
81, 3, 190, 2022-01-30T09:18:53+09:00, 0, 4, LOSE, r
81, 4, 190, 2022-01-30T09:23:07+09:00, 0, 10, LOSE, r
81, 5, 190, 2022-01-30T09:27:21+09:00, 8, 15, LOSE, r
81, 6, 190, 2022-01-30T09:31:35+09:00, 11, 12, LOSE, r
81, 7, 190, 2022-01-30T09:35:49+09:00, 3, 13, LOSE, r
81, 8, 190, 2022-01-30T09:40:03+09:00, 0, 0, LOSE, r
81, 9, 190, 2022-01-30T09:44:16+09:00, 0, 0, LOSE, r
81, 10, 190, 2022-01-30T09:48:31+09:00, 0, 10, LOSE, r
81, 11, 190, 2022-01-30T09:52:45+09:00, 0, 6, LOSE, r
81, 12, 190, 2022-01-30T09:56:59+09:00, 0, 0, LOSE, r
#--> latest commit:58dc280c47ed1f5129deba96e01eb811f0ee3800 20220130114206 in burger_war_dev
82, 1, 190, 2022-01-30T11:45:49+09:00, 0, 1, LOSE, r
82, 2, 190, 2022-01-30T11:50:03+09:00, 1, 5, LOSE, r
82, 3, 190, 2022-01-30T11:54:17+09:00, 0, 4, LOSE, r
82, 4, 190, 2022-01-30T11:58:31+09:00, 3, 14, LOSE, r
82, 5, 190, 2022-01-30T12:02:44+09:00, 11, 12, LOSE, r
82, 6, 190, 2022-01-30T12:06:58+09:00, 16, 15, WIN, r
82, 7, 190, 2022-01-30T12:11:12+09:00, 0, 10, LOSE, r
82, 8, 190, 2022-01-30T12:15:26+09:00, 0, 0, LOSE, r
82, 9, 190, 2022-01-30T12:19:40+09:00, 0, 0, LOSE, r
82, 10, 190, 2022-01-30T12:23:54+09:00, 0, 10, LOSE, r
82, 11, 190, 2022-01-30T12:28:08+09:00, 0, 7, LOSE, r
82, 12, 190, 2022-01-30T12:32:22+09:00, 0, 0, LOSE, r
#--> latest commit:d25bd8aaa4a4d26c6533fad560da874c968a6952 20220130021746 in burger_war_dev
83, 1, 190, 2022-01-30T14:21:29+09:00, 0, 1, LOSE, r
83, 2, 190, 2022-01-30T14:25:43+09:00, 0, 4, LOSE, r
83, 3, 190, 2022-01-30T14:29:57+09:00, 0, 4, LOSE, r
83, 4, 190, 2022-01-30T14:34:11+09:00, 3, 13, LOSE, r
83, 5, 190, 2022-01-30T14:38:25+09:00, 11, 15, LOSE, r
83, 6, 190, 2022-01-30T14:42:38+09:00, 11, 12, LOSE, r
83, 7, 190, 2022-01-30T14:46:52+09:00, 0, 10, LOSE, r
83, 8, 190, 2022-01-30T14:51:06+09:00, 0, 0, LOSE, r
83, 9, 190, 2022-01-30T14:55:20+09:00, 0, 0, LOSE, r
83, 10, 190, 2022-01-30T14:59:34+09:00, 0, 10, LOSE, r
83, 11, 190, 2022-01-30T15:03:48+09:00, 0, 6, LOSE, r
83, 12, 190, 2022-01-30T15:08:02+09:00, 0, 0, LOSE, r
#--> latest commit:44b36b5e1518ec7bd2d5baa7e0ba9121879dda35 20220130045322 in burger_war_dev
84, 1, 190, 2022-01-30T16:57:04+09:00, 0, 1, LOSE, r
84, 2, 190, 2022-01-30T17:01:19+09:00, 1, 5, LOSE, r
84, 3, 190, 2022-01-30T17:05:32+09:00, 0, 4, LOSE, r
84, 4, 190, 2022-01-30T17:09:46+09:00, 3, 13, LOSE, r
84, 5, 190, 2022-01-30T17:14:00+09:00, 8, 12, LOSE, r
84, 6, 190, 2022-01-30T17:18:15+09:00, 11, 12, LOSE, r
84, 7, 190, 2022-01-30T17:22:29+09:00, 0, 10, LOSE, r
84, 8, 190, 2022-01-30T17:26:43+09:00, 0, 0, LOSE, r
84, 9, 190, 2022-01-30T17:30:57+09:00, 0, 0, LOSE, r
84, 10, 190, 2022-01-30T17:35:11+09:00, 0, 10, LOSE, r
84, 11, 190, 2022-01-30T17:39:25+09:00, 0, 5, LOSE, r
84, 12, 190, 2022-01-30T17:43:39+09:00, 0, 0, LOSE, r
#--> latest commit:d3015cf8d76a5cb6f2dae15932d4034d9b79b2bb 20220130072901 in burger_war_dev
85, 1, 190, 2022-01-30T19:32:43+09:00, 0, 1, LOSE, r
85, 2, 190, 2022-01-30T19:36:57+09:00, 1, 6, LOSE, r
85, 3, 190, 2022-01-30T19:41:11+09:00, 0, 4, LOSE, r
85, 4, 190, 2022-01-30T19:45:25+09:00, 0, 10, LOSE, r
85, 5, 190, 2022-01-30T19:49:39+09:00, 8, 12, LOSE, r
85, 6, 190, 2022-01-30T19:53:53+09:00, 11, 15, LOSE, r
85, 7, 190, 2022-01-30T19:58:07+09:00, 0, 10, LOSE, r
85, 8, 190, 2022-01-30T20:02:21+09:00, 0, 0, LOSE, r
85, 9, 190, 2022-01-30T20:06:36+09:00, 0, 0, LOSE, r
85, 10, 190, 2022-01-30T20:10:50+09:00, 0, 10, LOSE, r
85, 11, 190, 2022-01-30T20:15:33+09:00, 0, 0, LOSE, r
85, 12, 190, 2022-01-30T20:19:33+09:00, 0, 0, LOSE, r
86, 1, 190, 2022-01-30T22:08:46+09:00, 5, 1, WIN, r
86, 2, 190, 2022-01-30T22:13:00+09:00, 8, 6, WIN, r
86, 3, 190, 2022-01-30T22:17:14+09:00, 0, 4, LOSE, r
86, 4, 190, 2022-01-30T22:21:28+09:00, 0, 10, LOSE, r
86, 5, 190, 2022-01-30T22:25:42+09:00, 11, 15, LOSE, r
86, 6, 190, 2022-01-30T22:29:55+09:00, 11, 12, LOSE, r
86, 7, 190, 2022-01-30T22:34:09+09:00, 11, 14, LOSE, r
86, 8, 190, 2022-01-30T22:38:23+09:00, 0, 0, LOSE, r
86, 9, 190, 2022-01-30T22:42:37+09:00, 0, 0, LOSE, r
86, 10, 190, 2022-01-30T22:46:51+09:00, 0, 10, LOSE, r
86, 11, 190, 2022-01-30T22:51:05+09:00, 0, 6, LOSE, r
86, 12, 190, 2022-01-30T22:55:19+09:00, 0, 0, LOSE, r
#--> latest commit:6c08a95f15cd3c1d409d7034c2dd5adf485ca598 20220131124054 in burger_war_dev
87, 1, 190, 2022-01-31T00:44:36+09:00, 0, 1, LOSE, r
87, 2, 190, 2022-01-31T00:48:50+09:00, 0, 5, LOSE, r
87, 3, 190, 2022-01-31T00:53:04+09:00, 0, 4, LOSE, r
87, 4, 190, 2022-01-31T00:57:18+09:00, 0, 10, LOSE, r
87, 5, 190, 2022-01-31T01:01:32+09:00, 11, 12, LOSE, r
87, 6, 190, 2022-01-31T01:05:46+09:00, 11, 12, LOSE, r
87, 7, 190, 2022-01-31T01:10:00+09:00, 0, 10, LOSE, r
87, 8, 190, 2022-01-31T01:14:14+09:00, 0, 0, LOSE, r
87, 9, 190, 2022-01-31T01:18:28+09:00, 0, 0, LOSE, r
87, 10, 190, 2022-01-31T01:22:42+09:00, 0, 10, LOSE, r
87, 11, 190, 2022-01-31T01:26:56+09:00, 0, 5, LOSE, r
87, 12, 190, 2022-01-31T01:31:10+09:00, 5, 0, WIN, r
#--> latest commit:6474509ee282f21b02a00f2be4e98838140099cb 20220131031627 in burger_war_dev
88, 1, 190, 2022-01-31T03:20:09+09:00, 0, 1, LOSE, r
88, 2, 190, 2022-01-31T03:24:23+09:00, 1, 5, LOSE, r
88, 3, 190, 2022-01-31T03:28:37+09:00, 0, 4, LOSE, r
88, 4, 190, 2022-01-31T03:32:51+09:00, 0, 10, LOSE, r
88, 5, 190, 2022-01-31T03:37:05+09:00, 11, 15, LOSE, r
88, 6, 190, 2022-01-31T03:41:19+09:00, 11, 12, LOSE, r
88, 7, 190, 2022-01-31T03:45:33+09:00, 11, 14, LOSE, r
88, 8, 190, 2022-01-31T03:49:47+09:00, 0, 0, LOSE, r
88, 9, 190, 2022-01-31T03:54:00+09:00, 0, 0, LOSE, r
88, 10, 190, 2022-01-31T03:58:15+09:00, 0, 9, LOSE, r
88, 11, 190, 2022-01-31T04:02:28+09:00, 0, 6, LOSE, r
88, 12, 190, 2022-01-31T04:06:42+09:00, 0, 0, LOSE, r
89, 1, 190, 2022-01-31T05:55:53+09:00, 0, 1, LOSE, r
89, 2, 190, 2022-01-31T06:00:07+09:00, 0, 5, LOSE, r
89, 3, 190, 2022-01-31T06:04:21+09:00, 0, 4, LOSE, r
89, 4, 190, 2022-01-31T06:08:35+09:00, 0, 10, LOSE, r
89, 5, 190, 2022-01-31T06:12:48+09:00, 11, 12, LOSE, r
89, 6, 190, 2022-01-31T06:17:02+09:00, 11, 12, LOSE, r
89, 7, 190, 2022-01-31T06:21:16+09:00, 0, 10, LOSE, r
89, 8, 190, 2022-01-31T06:25:30+09:00, 0, 0, LOSE, r
89, 9, 190, 2022-01-31T06:29:44+09:00, 0, 0, LOSE, r
89, 10, 190, 2022-01-31T06:33:58+09:00, 0, 10, LOSE, r
89, 11, 190, 2022-01-31T06:38:13+09:00, 0, 6, LOSE, r
89, 12, 190, 2022-01-31T06:42:27+09:00, 0, 0, LOSE, r
90, 1, 190, 2022-01-31T08:31:14+09:00, 0, 1, LOSE, r
90, 2, 190, 2022-01-31T08:35:28+09:00, 1, 5, LOSE, r
90, 3, 190, 2022-01-31T08:39:42+09:00, 0, 4, LOSE, r
90, 4, 190, 2022-01-31T08:43:56+09:00, 3, 13, LOSE, r
90, 5, 190, 2022-01-31T08:48:10+09:00, 11, 12, LOSE, r
90, 6, 190, 2022-01-31T08:52:24+09:00, 11, 12, LOSE, r
90, 7, 190, 2022-01-31T08:56:38+09:00, 0, 10, LOSE, r
90, 8, 190, 2022-01-31T09:00:52+09:00, 0, 0, LOSE, r
90, 9, 190, 2022-01-31T09:05:06+09:00, 0, 0, LOSE, r
90, 10, 190, 2022-01-31T09:09:20+09:00, 0, 10, LOSE, r
90, 11, 190, 2022-01-31T09:13:34+09:00, 0, 6, LOSE, r
90, 12, 190, 2022-01-31T09:17:48+09:00, 0, 0, LOSE, r
#--> latest commit:22a44258f05d2a67e8689819793718a386c07e88 20220131110318 in burger_war_dev
91, 1, 190, 2022-01-31T11:07:00+09:00, 0, 1, LOSE, r
91, 2, 190, 2022-01-31T11:11:14+09:00, 0, 5, LOSE, r
91, 3, 190, 2022-01-31T11:15:28+09:00, 0, 4, LOSE, r
91, 4, 190, 2022-01-31T11:19:42+09:00, 0, 10, LOSE, r
91, 5, 190, 2022-01-31T11:23:56+09:00, 8, 12, LOSE, r
91, 6, 190, 2022-01-31T11:28:10+09:00, 11, 14, LOSE, r
91, 7, 190, 2022-01-31T11:32:24+09:00, 0, 10, LOSE, r
91, 8, 190, 2022-01-31T11:36:38+09:00, 0, 0, LOSE, r
91, 9, 190, 2022-01-31T11:40:52+09:00, 0, 0, LOSE, r
91, 10, 190, 2022-01-31T11:45:06+09:00, 0, 10, LOSE, r
91, 11, 190, 2022-01-31T11:49:20+09:00, 0, 6, LOSE, r
91, 12, 190, 2022-01-31T11:53:34+09:00, 5, 0, WIN, r
92, 1, 190, 2022-01-31T13:42:16+09:00, 0, 1, LOSE, r
92, 2, 190, 2022-01-31T13:46:30+09:00, 0, 5, LOSE, r
92, 3, 190, 2022-01-31T13:50:44+09:00, 0, 4, LOSE, r
92, 4, 190, 2022-01-31T13:54:59+09:00, 3, 11, LOSE, r
92, 5, 190, 2022-01-31T13:59:13+09:00, 11, 12, LOSE, r
92, 6, 190, 2022-01-31T14:03:27+09:00, 11, 14, LOSE, r
92, 7, 190, 2022-01-31T14:07:41+09:00, 0, 10, LOSE, r
92, 8, 190, 2022-01-31T14:11:55+09:00, 0, 0, LOSE, r
92, 9, 190, 2022-01-31T14:16:09+09:00, 0, 0, LOSE, r
92, 10, 190, 2022-01-31T14:20:23+09:00, 0, 10, LOSE, r
92, 11, 190, 2022-01-31T14:24:37+09:00, 0, 6, LOSE, r
92, 12, 190, 2022-01-31T14:28:51+09:00, 0, 0, LOSE, r
#--> latest commit:33cbf0d675a950d49956fccc0dae96f3d107170a 20220131041411 in burger_war_dev
93, 1, 190, 2022-01-31T16:17:53+09:00, 0, 1, LOSE, r
93, 2, 190, 2022-01-31T16:22:08+09:00, 8, 6, WIN, r
93, 3, 190, 2022-01-31T16:26:22+09:00, 0, 4, LOSE, r
93, 4, 190, 2022-01-31T16:30:35+09:00, 3, 14, LOSE, r
93, 5, 190, 2022-01-31T16:34:49+09:00, 11, 12, LOSE, r
93, 6, 190, 2022-01-31T16:39:03+09:00, 16, 11, WIN, r
93, 7, 190, 2022-01-31T16:43:17+09:00, 1, 14, LOSE, r
93, 8, 190, 2022-01-31T16:47:31+09:00, 0, 0, LOSE, r
93, 9, 190, 2022-01-31T16:51:45+09:00, 0, 0, LOSE, r
93, 10, 190, 2022-01-31T16:55:59+09:00, 0, 3, LOSE, r
93, 11, 190, 2022-01-31T17:00:13+09:00, 0, 6, LOSE, r
93, 12, 190, 2022-01-31T17:04:28+09:00, 0, 0, LOSE, r
94, 1, 190, 2022-01-31T18:53:48+09:00, 0, 1, LOSE, r
94, 2, 190, 2022-01-31T18:58:02+09:00, 1, 4, LOSE, r
94, 3, 190, 2022-01-31T19:02:16+09:00, 0, 4, LOSE, r
94, 4, 190, 2022-01-31T19:06:30+09:00, 8, 14, LOSE, r
94, 5, 190, 2022-01-31T19:10:44+09:00, 8, 12, LOSE, r
94, 6, 190, 2022-01-31T19:14:58+09:00, 11, 15, LOSE, r
94, 7, 190, 2022-01-31T19:19:12+09:00, 0, 10, LOSE, r
94, 8, 190, 2022-01-31T19:23:26+09:00, 0, 0, LOSE, r
94, 9, 190, 2022-01-31T19:27:40+09:00, 0, 0, LOSE, r
94, 10, 190, 2022-01-31T19:31:54+09:00, 0, 10, LOSE, r
94, 11, 190, 2022-01-31T19:36:08+09:00, 0, 7, LOSE, r
94, 12, 190, 2022-01-31T19:40:22+09:00, 0, 0, LOSE, r
#--> latest commit:198f8032b42f3a642f41c58bbf37b9e66f1663dc 20220131092526 in burger_war_dev
95, 1, 190, 2022-01-31T21:29:08+09:00, 0, 2, LOSE, r
95, 2, 190, 2022-01-31T21:33:22+09:00, 1, 5, LOSE, r
95, 3, 190, 2022-01-31T21:37:36+09:00, 5, 4, WIN, r
95, 4, 190, 2022-01-31T21:41:50+09:00, 8, 18, LOSE, r
95, 5, 190, 2022-01-31T21:46:04+09:00, 3, 12, LOSE, r
95, 6, 190, 2022-01-31T21:50:18+09:00, 11, 12, LOSE, r
95, 7, 190, 2022-01-31T21:54:32+09:00, 0, 10, LOSE, r
95, 8, 190, 2022-01-31T21:58:46+09:00, 0, 0, LOSE, r
95, 9, 190, 2022-01-31T22:03:00+09:00, 0, 0, LOSE, r
95, 10, 190, 2022-01-31T22:07:14+09:00, 0, 10, LOSE, r
95, 11, 190, 2022-01-31T22:11:28+09:00, 0, 5, LOSE, r
95, 12, 190, 2022-01-31T22:15:42+09:00, 0, 0, LOSE, r
96, 1, 190, 2022-02-01T00:04:38+09:00, 0, 1, LOSE, r
96, 2, 190, 2022-02-01T00:08:52+09:00, 0, 5, LOSE, r
96, 3, 190, 2022-02-01T00:13:06+09:00, 0, 4, LOSE, r
96, 4, 190, 2022-02-01T00:17:20+09:00, 8, 14, LOSE, r
96, 5, 190, 2022-02-01T00:21:34+09:00, 8, 15, LOSE, r
96, 6, 190, 2022-02-01T00:25:48+09:00, 11, 12, LOSE, r
96, 7, 190, 2022-02-01T00:30:02+09:00, 0, 10, LOSE, r
96, 8, 190, 2022-02-01T00:34:16+09:00, 0, 0, LOSE, r
96, 9, 190, 2022-02-01T00:38:30+09:00, 0, 0, LOSE, r
96, 10, 190, 2022-02-01T00:42:44+09:00, 0, 10, LOSE, r
96, 11, 190, 2022-02-01T00:46:58+09:00, 0, 7, LOSE, r
96, 12, 190, 2022-02-01T00:51:12+09:00, 0, 0, LOSE, r
97, 1, 190, 2022-02-01T02:40:24+09:00, 0, 1, LOSE, r
97, 2, 190, 2022-02-01T02:44:38+09:00, 0, 5, LOSE, r
97, 3, 190, 2022-02-01T02:48:52+09:00, 0, 4, LOSE, r
97, 4, 190, 2022-02-01T02:53:06+09:00, 0, 10, LOSE, r
97, 5, 190, 2022-02-01T02:57:20+09:00, 11, 15, LOSE, r
97, 6, 190, 2022-02-01T03:01:34+09:00, 11, 15, LOSE, r
97, 7, 190, 2022-02-01T03:05:48+09:00, 0, 10, LOSE, r
97, 8, 190, 2022-02-01T03:10:02+09:00, 0, 0, LOSE, r
97, 9, 190, 2022-02-01T03:14:16+09:00, 0, 0, LOSE, r
97, 10, 190, 2022-02-01T03:18:30+09:00, 0, 6, LOSE, r
97, 11, 190, 2022-02-01T03:22:44+09:00, 5, 6, LOSE, r
97, 12, 190, 2022-02-01T03:26:58+09:00, 0, 0, LOSE, r
98, 1, 190, 2022-02-01T05:15:52+09:00, 0, 1, LOSE, r
98, 2, 190, 2022-02-01T05:20:06+09:00, 5, 5, LOSE, r
98, 3, 190, 2022-02-01T05:24:20+09:00, 0, 4, LOSE, r
98, 4, 190, 2022-02-01T05:28:34+09:00, 3, 14, LOSE, r
98, 5, 190, 2022-02-01T05:32:48+09:00, 11, 12, LOSE, r
98, 6, 190, 2022-02-01T05:37:02+09:00, 11, 12, LOSE, r
98, 7, 190, 2022-02-01T05:41:16+09:00, 0, 10, LOSE, r
98, 8, 190, 2022-02-01T05:45:16+09:00, 0, 0, LOSE, r
98, 9, 190, 2022-02-01T05:49:30+09:00, 0, 0, LOSE, r
98, 10, 190, 2022-02-01T05:53:44+09:00, 0, 10, LOSE, r
98, 11, 190, 2022-02-01T05:57:58+09:00, 0, 6, LOSE, r
98, 12, 190, 2022-02-01T06:02:12+09:00, 0, 0, LOSE, r
99, 1, 190, 2022-02-01T07:51:04+09:00, 0, 1, LOSE, r
99, 2, 190, 2022-02-01T07:55:18+09:00, 0, 4, LOSE, r
99, 3, 190, 2022-02-01T07:59:32+09:00, 0, 4, LOSE, r
99, 4, 190, 2022-02-01T08:03:47+09:00, 0, 10, LOSE, r
99, 5, 190, 2022-02-01T08:08:00+09:00, 8, 15, LOSE, r
99, 6, 190, 2022-02-01T08:12:14+09:00, 11, 12, LOSE, r
99, 7, 190, 2022-02-01T08:16:29+09:00, 3, 13, LOSE, r
99, 8, 190, 2022-02-01T08:20:43+09:00, 0, 0, LOSE, r
99, 9, 190, 2022-02-01T08:24:57+09:00, 0, 0, LOSE, r
99, 10, 190, 2022-02-01T08:29:11+09:00, 0, 10, LOSE, r
99, 11, 190, 2022-02-01T08:33:25+09:00, 0, 6, LOSE, r
99, 12, 190, 2022-02-01T08:37:39+09:00, 0, 0, LOSE, r
#--> latest commit:532aec9ff4dd6552a01ee2b474c916e9fc1e2a59 20220201102311 in burger_war_dev
100, 1, 190, 2022-02-01T10:26:53+09:00, 0, 1, LOSE, r
100, 2, 190, 2022-02-01T10:31:07+09:00, 1, 5, LOSE, r
100, 3, 190, 2022-02-01T10:35:21+09:00, 0, 4, LOSE, r
100, 4, 190, 2022-02-01T10:39:35+09:00, 0, 10, LOSE, r
100, 5, 190, 2022-02-01T10:43:49+09:00, 8, 15, LOSE, r
100, 6, 190, 2022-02-01T10:48:03+09:00, 11, 15, LOSE, r
100, 7, 190, 2022-02-01T10:52:17+09:00, 0, 10, LOSE, r
100, 8, 190, 2022-02-01T10:56:31+09:00, 0, 0, LOSE, r
100, 9, 190, 2022-02-01T11:00:45+09:00, 0, 0, LOSE, r
100, 10, 190, 2022-02-01T11:04:59+09:00, 0, 10, LOSE, r
100, 11, 190, 2022-02-01T11:09:13+09:00, 0, 6, LOSE, r
100, 12, 190, 2022-02-01T11:13:27+09:00, 0, 0, LOSE, r
