iteration, enemy_level, game_time(s), date, my_score, enemy_score, battle_result, my_side
#--> latest commit:459fa86fefe76168a6cd8e232e4ce1e161e0beb9 20220204060958 in burger_war_dev
0, 1, 190, 2022-02-04T06:14:52+09:00, 9, 1, WIN, r
0, 2, 190, 2022-02-04T06:19:06+09:00, 0, 5, LOSE, r
0, 3, 190, 2022-02-04T06:23:20+09:00, 2, 0, WIN, r
0, 4, 190, 2022-02-04T06:27:34+09:00, 16, 7, WIN, r
0, 5, 190, 2022-02-04T06:31:49+09:00, 11, 12, LOSE, r
0, 6, 190, 2022-02-04T06:36:04+09:00, 6, 13, LOSE, r
0, 7, 190, 2022-02-04T06:40:18+09:00, 8, 10, LOSE, r
0, 8, 190, 2022-02-04T06:44:33+09:00, 3, 0, WIN, r
0, 9, 190, 2022-02-04T06:48:47+09:00, 1, 0, WIN, r
0, 10, 190, 2022-02-04T06:53:02+09:00, 9, 8, WIN, r
0, 11, 190, 2022-02-04T06:57:16+09:00, 12, 7, WIN, r
0, 12, 190, 2022-02-04T07:01:30+09:00, 0, 10, LOSE, r
1, 1, 190, 2022-02-04T14:06:53+09:00, 9, 1, WIN, r
1, 2, 190, 2022-02-04T14:11:07+09:00, 1, 5, LOSE, r
1, 3, 190, 2022-02-04T14:15:21+09:00, 2, 4, LOSE, r
1, 4, 190, 2022-02-04T14:19:35+09:00, 10, 8, WIN, r
1, 5, 190, 2022-02-04T14:23:49+09:00, 0, 10, LOSE, r
1, 6, 190, 2022-02-04T14:28:03+09:00, 13, 9, WIN, r
1, 7, 190, 2022-02-04T14:32:18+09:00, 9, 10, LOSE, r
1, 8, 190, 2022-02-04T14:36:32+09:00, 3, 0, WIN, r
1, 9, 190, 2022-02-04T14:40:46+09:00, 3, 0, WIN, r
1, 10, 190, 2022-02-04T14:45:01+09:00, 1, 8, LOSE, r
1, 11, 190, 2022-02-04T14:49:15+09:00, 0, 3, LOSE, r
1, 12, 190, 2022-02-04T14:53:29+09:00, 0, 10, LOSE, r
#--> latest commit:08c65d25eaca8b7eeea7ef8c8fb1008ff651aa09 20220204095519 in burger_war_dev
2, 1, 190, 2022-02-04T22:00:15+09:00, 9, 1, WIN, r
2, 2, 190, 2022-02-04T22:04:30+09:00, 0, 2, LOSE, r
2, 3, 190, 2022-02-04T22:08:44+09:00, 3, 1, WIN, r
2, 4, 190, 2022-02-04T22:12:58+09:00, 14, 8, WIN, r
2, 5, 190, 2022-02-04T22:17:12+09:00, 0, 10, LOSE, r
2, 6, 190, 2022-02-04T22:21:26+09:00, 13, 10, WIN, r
2, 7, 190, 2022-02-04T22:25:40+09:00, 13, 9, WIN, r
2, 8, 190, 2022-02-04T22:29:55+09:00, 4, 0, WIN, r
2, 9, 190, 2022-02-04T22:34:09+09:00, 3, 0, WIN, r
2, 10, 190, 2022-02-04T22:38:23+09:00, 3, 8, LOSE, r
2, 11, 190, 2022-02-04T22:42:38+09:00, 11, 5, WIN, r
2, 12, 190, 2022-02-04T22:46:52+09:00, 1, 11, LOSE, r
0, 1, 190, 2022-02-05T07:22:03+09:00, 8, 1, WIN, r
0, 2, 190, 2022-02-05T07:26:17+09:00, 0, 2, LOSE, r
0, 3, 190, 2022-02-05T07:30:31+09:00, 1, 5, LOSE, r
0, 4, 190, 2022-02-05T07:34:45+09:00, 11, 9, WIN, r
0, 5, 190, 2022-02-05T07:38:59+09:00, 11, 12, LOSE, r
0, 6, 190, 2022-02-05T07:43:13+09:00, 14, 9, WIN, r
0, 7, 190, 2022-02-05T07:47:27+09:00, 12, 13, LOSE, r
0, 8, 190, 2022-02-05T07:51:41+09:00, 3, 0, WIN, r
0, 9, 190, 2022-02-05T07:55:55+09:00, 3, 0, WIN, r
0, 10, 190, 2022-02-05T08:00:09+09:00, 4, 8, LOSE, r
0, 11, 190, 2022-02-05T08:04:23+09:00, 1, 3, LOSE, r
0, 12, 190, 2022-02-05T08:08:37+09:00, 11, 15, LOSE, r
1, 1, 190, 2022-02-05T15:13:04+09:00, 8, 1, WIN, r
1, 2, 190, 2022-02-05T15:17:18+09:00, 3, 5, LOSE, r
1, 3, 190, 2022-02-05T15:21:32+09:00, 12, 2, WIN, r
1, 4, 190, 2022-02-05T15:25:46+09:00, 14, 8, WIN, r
1, 5, 190, 2022-02-05T15:29:46+09:00, 11, 12, LOSE, r
1, 6, 190, 2022-02-05T15:34:00+09:00, 13, 10, WIN, r
1, 7, 190, 2022-02-05T15:37:59+09:00, 15, 8, WIN, r
1, 8, 190, 2022-02-05T15:42:13+09:00, 3, 0, WIN, r
1, 9, 190, 2022-02-05T15:46:13+09:00, 3, 0, WIN, r
1, 10, 190, 2022-02-05T15:50:27+09:00, 9, 6, WIN, r
1, 11, 190, 2022-02-05T15:54:41+09:00, 13, 3, WIN, r
1, 12, 190, 2022-02-05T15:58:55+09:00, 0, 10, LOSE, r
2, 1, 190, 2022-02-05T23:01:54+09:00, 8, 1, WIN, r
2, 2, 190, 2022-02-05T23:06:07+09:00, 0, 2, LOSE, r
2, 3, 190, 2022-02-05T23:10:21+09:00, 2, 1, WIN, r
2, 4, 190, 2022-02-05T23:14:35+09:00, 11, 8, WIN, r
2, 5, 190, 2022-02-05T23:18:50+09:00, 11, 12, LOSE, r
2, 6, 190, 2022-02-05T23:23:04+09:00, 12, 11, WIN, r
2, 7, 190, 2022-02-05T23:27:18+09:00, 0, 10, LOSE, r
2, 8, 190, 2022-02-05T23:31:32+09:00, 3, 0, WIN, r
2, 9, 190, 2022-02-05T23:35:46+09:00, 3, 0, WIN, r
2, 10, 190, 2022-02-05T23:40:01+09:00, 0, 11, LOSE, r
2, 11, 190, 2022-02-05T23:44:15+09:00, 11, 5, WIN, r
2, 12, 190, 2022-02-05T23:48:28+09:00, 0, 10, LOSE, r
3, 1, 190, 2022-02-06T07:02:01+09:00, 8, 1, WIN, r
3, 2, 190, 2022-02-06T07:06:15+09:00, 0, 2, LOSE, r
3, 3, 190, 2022-02-06T07:10:29+09:00, 10, 0, WIN, r
3, 4, 190, 2022-02-06T07:14:44+09:00, 2, 8, LOSE, r
3, 5, 190, 2022-02-06T07:18:58+09:00, 16, 10, WIN, r
3, 6, 190, 2022-02-06T07:23:13+09:00, 12, 10, WIN, r
3, 7, 190, 2022-02-06T07:27:27+09:00, 12, 10, WIN, r
3, 8, 190, 2022-02-06T07:31:42+09:00, 3, 0, WIN, r
3, 9, 190, 2022-02-06T07:35:56+09:00, 3, 0, WIN, r
3, 10, 190, 2022-02-06T07:40:11+09:00, 4, 7, LOSE, r
3, 11, 190, 2022-02-06T07:44:25+09:00, 1, 5, LOSE, r
3, 12, 190, 2022-02-06T07:48:40+09:00, 0, 10, LOSE, r
4, 1, 190, 2022-02-06T15:04:51+09:00, 8, 1, WIN, r
4, 2, 190, 2022-02-06T15:09:06+09:00, 0, 7, LOSE, r
4, 3, 190, 2022-02-06T15:13:20+09:00, 1, 12, LOSE, r
4, 4, 190, 2022-02-06T15:17:34+09:00, 14, 8, WIN, r
4, 5, 190, 2022-02-06T15:21:49+09:00, 1, 11, LOSE, r
4, 6, 190, 2022-02-06T15:26:03+09:00, 13, 11, WIN, r
4, 7, 190, 2022-02-06T15:30:18+09:00, 10, 8, WIN, r
4, 8, 190, 2022-02-06T15:34:33+09:00, 3, 0, WIN, r
4, 9, 190, 2022-02-06T15:38:47+09:00, 3, 0, WIN, r
4, 10, 190, 2022-02-06T15:43:02+09:00, 4, 7, LOSE, r
4, 11, 190, 2022-02-06T15:47:17+09:00, 8, 3, WIN, r
4, 12, 190, 2022-02-06T15:51:31+09:00, 0, 10, LOSE, r
5, 1, 190, 2022-02-06T23:07:29+09:00, 9, 1, WIN, r
5, 2, 190, 2022-02-06T23:11:44+09:00, 2, 2, LOSE, r
5, 3, 190, 2022-02-06T23:15:58+09:00, 2, 0, WIN, r
5, 4, 190, 2022-02-06T23:20:13+09:00, 13, 7, WIN, r
5, 5, 190, 2022-02-06T23:24:28+09:00, 1, 11, LOSE, r
5, 6, 190, 2022-02-06T23:28:42+09:00, 13, 10, WIN, r
5, 7, 190, 2022-02-06T23:32:57+09:00, 11, 7, WIN, r
5, 8, 190, 2022-02-06T23:37:12+09:00, 3, 0, WIN, r
5, 9, 190, 2022-02-06T23:41:27+09:00, 4, 0, WIN, r
5, 10, 190, 2022-02-06T23:45:42+09:00, 5, 7, LOSE, r
5, 11, 190, 2022-02-06T23:49:57+09:00, 1, 5, LOSE, r
5, 12, 190, 2022-02-06T23:54:12+09:00, 0, 10, LOSE, r
6, 1, 190, 2022-02-07T07:12:13+09:00, 0, 0, LOSE, r
6, 2, 190, 2022-02-07T07:16:13+09:00, 1, 7, LOSE, r
6, 3, 190, 2022-02-07T07:20:27+09:00, 10, 2, WIN, r
6, 4, 190, 2022-02-07T07:24:43+09:00, 10, 8, WIN, r
6, 5, 190, 2022-02-07T07:28:57+09:00, 9, 19, LOSE, r
6, 6, 190, 2022-02-07T07:33:14+09:00, 12, 13, LOSE, r
6, 7, 190, 2022-02-07T07:37:29+09:00, 11, 5, WIN, r
6, 8, 190, 2022-02-07T07:41:44+09:00, 3, 0, WIN, r
6, 9, 190, 2022-02-07T07:45:58+09:00, 3, 0, WIN, r
6, 10, 190, 2022-02-07T07:50:13+09:00, 6, 5, WIN, r
6, 11, 190, 2022-02-07T07:54:28+09:00, 3, 5, LOSE, r
6, 12, 190, 2022-02-07T07:58:43+09:00, 0, 10, LOSE, r
7, 1, 190, 2022-02-07T15:08:14+09:00, 9, 1, WIN, r
7, 2, 190, 2022-02-07T15:12:28+09:00, 12, 10, WIN, r
7, 3, 190, 2022-02-07T15:16:42+09:00, 1, 0, WIN, r
7, 4, 190, 2022-02-07T15:21:04+09:00, 7, 3, WIN, r
7, 5, 190, 2022-02-07T15:25:18+09:00, 12, 11, WIN, r
7, 6, 190, 2022-02-07T15:29:32+09:00, 12, 11, WIN, r
7, 7, 190, 2022-02-07T15:33:46+09:00, 9, 10, LOSE, r
7, 8, 190, 2022-02-07T15:38:01+09:00, 3, 0, WIN, r
7, 9, 190, 2022-02-07T15:42:15+09:00, 3, 0, WIN, r
7, 10, 190, 2022-02-07T15:46:29+09:00, 0, 10, LOSE, r
7, 11, 190, 2022-02-07T15:50:43+09:00, 1, 2, LOSE, r
7, 12, 190, 2022-02-07T15:54:57+09:00, 0, 10, LOSE, r
8, 1, 190, 2022-02-07T23:00:36+09:00, 8, 1, WIN, r
8, 2, 190, 2022-02-07T23:04:51+09:00, 1, 2, LOSE, r
8, 3, 190, 2022-02-07T23:09:05+09:00, 5, 1, WIN, r
8, 4, 190, 2022-02-07T23:13:19+09:00, 12, 9, WIN, r
8, 5, 190, 2022-02-07T23:17:33+09:00, 14, 12, WIN, r
8, 6, 190, 2022-02-07T23:21:47+09:00, 11, 12, LOSE, r
8, 7, 190, 2022-02-07T23:26:01+09:00, 14, 11, WIN, r
8, 8, 190, 2022-02-07T23:30:16+09:00, 3, 0, WIN, r
8, 9, 190, 2022-02-07T23:34:30+09:00, 3, 0, WIN, r
8, 10, 190, 2022-02-07T23:38:44+09:00, 0, 7, LOSE, r
8, 11, 190, 2022-02-07T23:42:58+09:00, 13, 4, WIN, r
8, 12, 190, 2022-02-07T23:47:12+09:00, 0, 10, LOSE, r
9, 1, 190, 2022-02-08T06:52:13+09:00, 9, 1, WIN, r
9, 2, 190, 2022-02-08T06:56:27+09:00, 0, 7, LOSE, r
9, 3, 190, 2022-02-08T07:00:41+09:00, 1, 9, LOSE, r
9, 4, 190, 2022-02-08T07:04:55+09:00, 11, 7, WIN, r
9, 5, 190, 2022-02-08T07:09:09+09:00, 13, 10, WIN, r
9, 6, 190, 2022-02-08T07:13:23+09:00, 14, 9, WIN, r
9, 7, 190, 2022-02-08T07:17:36+09:00, 11, 8, WIN, r
9, 8, 190, 2022-02-08T07:21:51+09:00, 3, 0, WIN, r
9, 9, 190, 2022-02-08T07:26:05+09:00, 3, 0, WIN, r
9, 10, 190, 2022-02-08T07:30:18+09:00, 8, 10, LOSE, r
9, 11, 190, 2022-02-08T07:34:32+09:00, 4, 2, WIN, r
9, 12, 190, 2022-02-08T07:38:33+09:00, 3, 13, LOSE, r
10, 1, 190, 2022-02-08T14:43:44+09:00, 9, 1, WIN, r
10, 2, 190, 2022-02-08T14:47:44+09:00, 1, 2, LOSE, r
10, 3, 190, 2022-02-08T14:51:58+09:00, 11, 12, LOSE, r
10, 4, 190, 2022-02-08T14:56:12+09:00, 16, 10, WIN, r
10, 5, 190, 2022-02-08T15:00:27+09:00, 0, 10, LOSE, r
10, 6, 190, 2022-02-08T15:04:41+09:00, 13, 13, LOSE, r
10, 7, 190, 2022-02-08T15:08:55+09:00, 13, 9, WIN, r
10, 8, 190, 2022-02-08T15:13:09+09:00, 3, 0, WIN, r
10, 9, 190, 2022-02-08T15:17:23+09:00, 3, 0, WIN, r
10, 10, 190, 2022-02-08T15:21:38+09:00, 9, 8, WIN, r
10, 11, 190, 2022-02-08T15:25:52+09:00, 10, 4, WIN, r
10, 12, 190, 2022-02-08T15:30:06+09:00, 0, 10, LOSE, r
11, 1, 190, 2022-02-08T22:35:20+09:00, 8, 1, WIN, r
11, 2, 190, 2022-02-08T22:39:34+09:00, 1, 2, LOSE, r
11, 3, 190, 2022-02-08T22:43:48+09:00, 9, 2, WIN, r
11, 4, 190, 2022-02-08T22:48:03+09:00, 14, 12, WIN, r
11, 5, 190, 2022-02-08T22:52:17+09:00, 0, 10, LOSE, r
11, 6, 190, 2022-02-08T22:56:31+09:00, 9, 12, LOSE, r
11, 7, 190, 2022-02-08T23:00:46+09:00, 11, 10, WIN, r
11, 8, 190, 2022-02-08T23:05:00+09:00, 3, 0, WIN, r
11, 9, 190, 2022-02-08T23:09:14+09:00, 3, 0, WIN, r
11, 10, 190, 2022-02-08T23:13:28+09:00, 1, 8, LOSE, r
11, 11, 190, 2022-02-08T23:17:43+09:00, 13, 4, WIN, r
11, 12, 190, 2022-02-08T23:21:57+09:00, 0, 10, LOSE, r
12, 1, 190, 2022-02-09T06:27:42+09:00, 8, 1, WIN, r
12, 2, 190, 2022-02-09T06:31:42+09:00, 2, 2, LOSE, r
12, 3, 190, 2022-02-09T06:35:57+09:00, 9, 3, WIN, r
12, 4, 190, 2022-02-09T06:40:11+09:00, 13, 5, WIN, r
12, 5, 190, 2022-02-09T06:44:25+09:00, 1, 11, LOSE, r
12, 6, 190, 2022-02-09T06:48:39+09:00, 13, 9, WIN, r
12, 7, 190, 2022-02-09T06:52:54+09:00, 12, 2, WIN, r
12, 8, 190, 2022-02-09T06:57:08+09:00, 3, 0, WIN, r
12, 9, 190, 2022-02-09T07:01:23+09:00, 3, 0, WIN, r
12, 10, 190, 2022-02-09T07:05:37+09:00, 9, 8, WIN, r
12, 11, 190, 2022-02-09T07:09:51+09:00, 1, 6, LOSE, r
12, 12, 190, 2022-02-09T07:14:05+09:00, 0, 10, LOSE, r
13, 1, 190, 2022-02-09T14:19:10+09:00, 8, 1, WIN, r
13, 2, 190, 2022-02-09T14:23:24+09:00, 0, 2, LOSE, r
13, 3, 190, 2022-02-09T14:27:38+09:00, 2, 1, WIN, r
13, 4, 190, 2022-02-09T14:31:52+09:00, 16, 7, WIN, r
13, 5, 190, 2022-02-09T14:36:06+09:00, 14, 9, WIN, r
13, 6, 190, 2022-02-09T14:40:20+09:00, 13, 10, WIN, r
13, 7, 190, 2022-02-09T14:44:35+09:00, 14, 11, WIN, r
13, 8, 190, 2022-02-09T14:48:49+09:00, 3, 0, WIN, r
13, 9, 190, 2022-02-09T14:53:03+09:00, 3, 0, WIN, r
13, 10, 190, 2022-02-09T14:57:17+09:00, 12, 5, WIN, r
13, 11, 190, 2022-02-09T15:01:31+09:00, 6, 5, WIN, r
13, 12, 190, 2022-02-09T15:05:46+09:00, 11, 18, LOSE, r
14, 1, 190, 2022-02-09T22:11:51+09:00, 9, 1, WIN, r
14, 2, 190, 2022-02-09T22:16:05+09:00, 3, 6, LOSE, r
14, 3, 190, 2022-02-09T22:20:19+09:00, 5, 4, WIN, r
14, 4, 190, 2022-02-09T22:24:33+09:00, 8, 11, LOSE, r
14, 5, 190, 2022-02-09T22:28:47+09:00, 11, 12, LOSE, r
14, 6, 190, 2022-02-09T22:33:01+09:00, 11, 12, LOSE, r
14, 7, 190, 2022-02-09T22:37:15+09:00, 13, 9, WIN, r
14, 8, 190, 2022-02-09T22:41:29+09:00, 4, 0, WIN, r
14, 9, 190, 2022-02-09T22:45:43+09:00, 3, 0, WIN, r
14, 10, 190, 2022-02-09T22:49:57+09:00, 0, 6, LOSE, r
14, 11, 190, 2022-02-09T22:54:11+09:00, 14, 9, WIN, r
14, 12, 190, 2022-02-09T22:58:25+09:00, 11, 11, LOSE, r
15, 1, 190, 2022-02-10T06:03:24+09:00, 8, 1, WIN, r
15, 2, 190, 2022-02-10T06:07:38+09:00, 9, 3, WIN, r
15, 3, 190, 2022-02-10T06:11:53+09:00, 1, 9, LOSE, r
15, 4, 190, 2022-02-10T06:16:07+09:00, 13, 8, WIN, r
15, 5, 190, 2022-02-10T06:20:21+09:00, 0, 10, LOSE, r
15, 6, 190, 2022-02-10T06:24:35+09:00, 12, 11, WIN, r
15, 7, 190, 2022-02-10T06:28:49+09:00, 9, 10, LOSE, r
15, 8, 190, 2022-02-10T06:33:03+09:00, 3, 0, WIN, r
15, 9, 190, 2022-02-10T06:37:17+09:00, 3, 0, WIN, r
15, 10, 190, 2022-02-10T06:41:32+09:00, 2, 7, LOSE, r
15, 11, 190, 2022-02-10T06:45:46+09:00, 9, 7, WIN, r
15, 12, 190, 2022-02-10T06:50:00+09:00, 0, 10, LOSE, r
16, 1, 190, 2022-02-10T13:55:55+09:00, 8, 1, WIN, r
16, 2, 190, 2022-02-10T14:00:09+09:00, 0, 2, LOSE, r
16, 3, 190, 2022-02-10T14:04:23+09:00, 4, 1, WIN, r
16, 4, 190, 2022-02-10T14:08:37+09:00, 15, 8, WIN, r
16, 5, 190, 2022-02-10T14:12:51+09:00, 0, 10, LOSE, r
16, 6, 190, 2022-02-10T14:17:06+09:00, 0, 10, LOSE, r
16, 7, 190, 2022-02-10T14:21:20+09:00, 11, 7, WIN, r
16, 8, 190, 2022-02-10T14:25:34+09:00, 3, 0, WIN, r
16, 9, 190, 2022-02-10T14:29:49+09:00, 4, 0, WIN, r
16, 10, 190, 2022-02-10T14:34:03+09:00, 4, 15, LOSE, r
16, 11, 190, 2022-02-10T14:38:17+09:00, 0, 4, LOSE, r
16, 12, 190, 2022-02-10T14:42:32+09:00, 0, 10, LOSE, r
17, 1, 190, 2022-02-10T21:50:49+09:00, 8, 1, WIN, r
17, 2, 190, 2022-02-10T21:55:03+09:00, 0, 10, LOSE, r
17, 3, 190, 2022-02-10T21:59:17+09:00, 1, 10, LOSE, r
17, 4, 190, 2022-02-10T22:03:32+09:00, 13, 9, WIN, r
17, 5, 190, 2022-02-10T22:07:46+09:00, 11, 12, LOSE, r
17, 6, 190, 2022-02-10T22:12:00+09:00, 13, 10, WIN, r
17, 7, 190, 2022-02-10T22:16:14+09:00, 13, 9, WIN, r
17, 8, 190, 2022-02-10T22:20:28+09:00, 3, 0, WIN, r
17, 9, 190, 2022-02-10T22:24:42+09:00, 3, 0, WIN, r
17, 10, 190, 2022-02-10T22:28:57+09:00, 5, 7, LOSE, r
17, 11, 190, 2022-02-10T22:33:11+09:00, 13, 8, WIN, r
17, 12, 190, 2022-02-10T22:37:25+09:00, 0, 10, LOSE, r
18, 1, 190, 2022-02-11T05:43:48+09:00, 9, 1, WIN, r
18, 2, 190, 2022-02-11T05:48:02+09:00, 4, 3, WIN, r
18, 3, 190, 2022-02-11T05:52:16+09:00, 6, 0, WIN, r
18, 4, 190, 2022-02-11T05:56:30+09:00, 1, 11, LOSE, r
18, 5, 190, 2022-02-11T06:00:44+09:00, 11, 12, LOSE, r
18, 6, 190, 2022-02-11T06:04:58+09:00, 12, 11, WIN, r
18, 7, 190, 2022-02-11T06:09:12+09:00, 15, 6, WIN, r
18, 8, 190, 2022-02-11T06:13:26+09:00, 3, 0, WIN, r
18, 9, 190, 2022-02-11T06:17:41+09:00, 3, 0, WIN, r
18, 10, 190, 2022-02-11T06:21:55+09:00, 8, 8, LOSE, r
18, 11, 190, 2022-02-11T06:26:09+09:00, 11, 1, WIN, r
18, 12, 190, 2022-02-11T06:30:23+09:00, 0, 10, LOSE, r
19, 1, 190, 2022-02-11T13:35:57+09:00, 9, 1, WIN, r
19, 2, 190, 2022-02-11T13:40:11+09:00, 0, 2, LOSE, r
19, 3, 190, 2022-02-11T13:44:25+09:00, 10, 5, WIN, r
19, 4, 190, 2022-02-11T13:48:39+09:00, 15, 7, WIN, r
19, 5, 190, 2022-02-11T13:52:54+09:00, 14, 3, WIN, r
19, 6, 190, 2022-02-11T13:57:08+09:00, 13, 9, WIN, r
19, 7, 190, 2022-02-11T14:01:22+09:00, 4, 9, LOSE, r
19, 8, 190, 2022-02-11T14:05:36+09:00, 3, 0, WIN, r
19, 9, 190, 2022-02-11T14:09:50+09:00, 3, 0, WIN, r
19, 10, 190, 2022-02-11T14:14:04+09:00, 5, 6, LOSE, r
19, 11, 190, 2022-02-11T14:18:18+09:00, 13, 7, WIN, r
19, 12, 190, 2022-02-11T14:22:32+09:00, 0, 10, LOSE, r
20, 1, 190, 2022-02-11T21:28:45+09:00, 9, 1, WIN, r
20, 2, 190, 2022-02-11T21:32:59+09:00, 0, 10, LOSE, r
20, 3, 190, 2022-02-11T21:37:13+09:00, 9, 4, WIN, r
20, 4, 190, 2022-02-11T21:41:27+09:00, 11, 8, WIN, r
20, 5, 190, 2022-02-11T21:45:42+09:00, 11, 9, WIN, r
20, 6, 190, 2022-02-11T21:49:56+09:00, 13, 10, WIN, r
20, 7, 190, 2022-02-11T21:54:10+09:00, 10, 8, WIN, r
20, 8, 190, 2022-02-11T21:58:24+09:00, 4, 0, WIN, r
20, 9, 190, 2022-02-11T22:02:38+09:00, 3, 0, WIN, r
20, 10, 190, 2022-02-11T22:06:52+09:00, 5, 8, LOSE, r
20, 11, 190, 2022-02-11T22:11:07+09:00, 11, 3, WIN, r
20, 12, 190, 2022-02-11T22:15:21+09:00, 9, 13, LOSE, r
21, 1, 190, 2022-02-12T05:21:37+09:00, 9, 1, WIN, r
21, 2, 190, 2022-02-12T05:25:51+09:00, 2, 2, LOSE, r
21, 3, 190, 2022-02-12T05:30:05+09:00, 4, 6, LOSE, r
21, 4, 190, 2022-02-12T05:34:19+09:00, 15, 10, WIN, r
21, 5, 190, 2022-02-12T05:38:33+09:00, 11, 12, LOSE, r
21, 6, 190, 2022-02-12T05:42:47+09:00, 12, 11, WIN, r
21, 7, 190, 2022-02-12T05:47:01+09:00, 13, 10, WIN, r
21, 8, 190, 2022-02-12T05:51:16+09:00, 3, 0, WIN, r
21, 9, 190, 2022-02-12T05:55:30+09:00, 3, 0, WIN, r
21, 10, 190, 2022-02-12T05:59:44+09:00, 4, 9, LOSE, r
21, 11, 190, 2022-02-12T06:03:58+09:00, 5, 3, WIN, r
21, 12, 190, 2022-02-12T06:08:12+09:00, 0, 10, LOSE, r
22, 1, 190, 2022-02-12T13:14:34+09:00, 8, 2, WIN, r
22, 2, 190, 2022-02-12T13:18:48+09:00, 1, 2, LOSE, r
22, 3, 190, 2022-02-12T13:23:02+09:00, 11, 3, WIN, r
22, 4, 190, 2022-02-12T13:27:16+09:00, 15, 8, WIN, r
22, 5, 190, 2022-02-12T13:31:31+09:00, 12, 8, WIN, r
22, 6, 190, 2022-02-12T13:35:45+09:00, 13, 7, WIN, r
22, 7, 190, 2022-02-12T13:39:59+09:00, 0, 10, LOSE, r
22, 8, 190, 2022-02-12T13:44:14+09:00, 8, 0, WIN, r
22, 9, 190, 2022-02-12T13:48:28+09:00, 3, 0, WIN, r
22, 10, 190, 2022-02-12T13:52:42+09:00, 10, 7, WIN, r
22, 11, 190, 2022-02-12T13:56:56+09:00, 0, 5, LOSE, r
22, 12, 190, 2022-02-12T14:01:10+09:00, 0, 10, LOSE, r
23, 1, 190, 2022-02-12T21:07:37+09:00, 9, 1, WIN, r
23, 2, 190, 2022-02-12T21:11:52+09:00, 0, 2, LOSE, r
23, 3, 190, 2022-02-12T21:16:05+09:00, 1, 2, LOSE, r
23, 4, 190, 2022-02-12T21:20:19+09:00, 14, 8, WIN, r
23, 5, 190, 2022-02-12T21:24:34+09:00, 1, 11, LOSE, r
23, 6, 190, 2022-02-12T21:28:48+09:00, 12, 11, WIN, r
23, 7, 190, 2022-02-12T21:33:02+09:00, 12, 10, WIN, r
23, 8, 190, 2022-02-12T21:37:16+09:00, 3, 0, WIN, r
23, 9, 190, 2022-02-12T21:41:30+09:00, 3, 0, WIN, r
23, 10, 190, 2022-02-12T21:45:45+09:00, 3, 6, LOSE, r
23, 11, 190, 2022-02-12T21:49:59+09:00, 1, 5, LOSE, r
23, 12, 190, 2022-02-12T21:54:13+09:00, 0, 10, LOSE, r
24, 1, 190, 2022-02-13T05:01:02+09:00, 10, 1, WIN, r
24, 2, 190, 2022-02-13T05:05:16+09:00, 0, 10, LOSE, r
24, 3, 190, 2022-02-13T05:09:30+09:00, 10, 1, WIN, r
24, 4, 190, 2022-02-13T05:13:44+09:00, 3, 8, LOSE, r
24, 5, 190, 2022-02-13T05:17:58+09:00, 14, 3, WIN, r
24, 6, 190, 2022-02-13T05:22:12+09:00, 11, 12, LOSE, r
24, 7, 190, 2022-02-13T05:26:26+09:00, 0, 10, LOSE, r
24, 8, 190, 2022-02-13T05:30:40+09:00, 3, 0, WIN, r
24, 9, 190, 2022-02-13T05:34:54+09:00, 3, 0, WIN, r
24, 10, 190, 2022-02-13T05:39:09+09:00, 12, 8, WIN, r
24, 11, 190, 2022-02-13T05:43:23+09:00, 6, 5, WIN, r
24, 12, 190, 2022-02-13T05:47:37+09:00, 0, 10, LOSE, r
25, 1, 190, 2022-02-13T12:54:11+09:00, 9, 1, WIN, r
25, 2, 190, 2022-02-13T12:58:25+09:00, 1, 7, LOSE, r
25, 3, 190, 2022-02-13T13:02:39+09:00, 2, 9, LOSE, r
25, 4, 190, 2022-02-13T13:06:53+09:00, 13, 7, WIN, r
25, 5, 190, 2022-02-13T13:11:08+09:00, 11, 12, LOSE, r
25, 6, 190, 2022-02-13T13:15:22+09:00, 13, 9, WIN, r
25, 7, 190, 2022-02-13T13:19:36+09:00, 0, 10, LOSE, r
25, 8, 190, 2022-02-13T13:23:50+09:00, 3, 0, WIN, r
25, 9, 190, 2022-02-13T13:28:05+09:00, 3, 0, WIN, r
25, 10, 190, 2022-02-13T13:32:19+09:00, 3, 16, LOSE, r
25, 11, 190, 2022-02-13T13:36:33+09:00, 10, 7, WIN, r
25, 12, 190, 2022-02-13T13:40:48+09:00, 0, 10, LOSE, r
26, 1, 190, 2022-02-13T20:47:39+09:00, 9, 1, WIN, r
26, 2, 190, 2022-02-13T20:51:53+09:00, 2, 2, LOSE, r
26, 3, 190, 2022-02-13T20:56:08+09:00, 2, 1, WIN, r
26, 4, 190, 2022-02-13T21:00:22+09:00, 12, 10, WIN, r
26, 5, 190, 2022-02-13T21:04:36+09:00, 0, 10, LOSE, r
26, 6, 190, 2022-02-13T21:08:50+09:00, 14, 9, WIN, r
26, 7, 190, 2022-02-13T21:13:05+09:00, 12, 7, WIN, r
26, 8, 190, 2022-02-13T21:17:19+09:00, 4, 0, WIN, r
26, 9, 190, 2022-02-13T21:21:34+09:00, 4, 0, WIN, r
26, 10, 190, 2022-02-13T21:25:48+09:00, 2, 7, LOSE, r
26, 11, 190, 2022-02-13T21:30:03+09:00, 13, 4, WIN, r
26, 12, 190, 2022-02-13T21:34:17+09:00, 0, 10, LOSE, r
27, 1, 190, 2022-02-14T04:40:38+09:00, 8, 1, WIN, r
27, 2, 190, 2022-02-14T04:44:52+09:00, 1, 10, LOSE, r
27, 3, 190, 2022-02-14T04:49:06+09:00, 9, 2, WIN, r
27, 4, 190, 2022-02-14T04:53:21+09:00, 14, 6, WIN, r
27, 5, 190, 2022-02-14T04:57:35+09:00, 0, 10, LOSE, r
27, 6, 190, 2022-02-14T05:01:49+09:00, 12, 10, WIN, r
27, 7, 190, 2022-02-14T05:06:03+09:00, 0, 10, LOSE, r
27, 8, 190, 2022-02-14T05:10:17+09:00, 4, 0, WIN, r
27, 9, 190, 2022-02-14T05:14:31+09:00, 3, 0, WIN, r
27, 10, 190, 2022-02-14T05:18:46+09:00, 9, 9, LOSE, r
27, 11, 190, 2022-02-14T05:23:00+09:00, 5, 3, WIN, r
27, 12, 190, 2022-02-14T05:27:14+09:00, 0, 10, LOSE, r
28, 1, 190, 2022-02-14T12:33:38+09:00, 8, 1, WIN, r
28, 2, 190, 2022-02-14T12:37:52+09:00, 0, 2, LOSE, r
28, 3, 190, 2022-02-14T12:42:06+09:00, 4, 2, WIN, r
28, 4, 190, 2022-02-14T12:46:21+09:00, 1, 13, LOSE, r
28, 5, 190, 2022-02-14T12:50:35+09:00, 13, 10, WIN, r
28, 6, 190, 2022-02-14T12:54:49+09:00, 14, 12, WIN, r
28, 7, 190, 2022-02-14T12:59:03+09:00, 13, 9, WIN, r
28, 8, 190, 2022-02-14T13:03:18+09:00, 3, 0, WIN, r
28, 9, 190, 2022-02-14T13:07:32+09:00, 3, 0, WIN, r
28, 10, 190, 2022-02-14T13:11:46+09:00, 5, 9, LOSE, r
28, 11, 190, 2022-02-14T13:16:00+09:00, 11, 4, WIN, r
28, 12, 190, 2022-02-14T13:20:14+09:00, 0, 10, LOSE, r
29, 1, 190, 2022-02-14T20:26:39+09:00, 9, 1, WIN, r
29, 2, 190, 2022-02-14T20:30:53+09:00, 0, 2, LOSE, r
29, 3, 190, 2022-02-14T20:35:07+09:00, 4, 1, WIN, r
29, 4, 190, 2022-02-14T20:39:21+09:00, 2, 9, LOSE, r
29, 5, 190, 2022-02-14T20:43:35+09:00, 1, 11, LOSE, r
29, 6, 190, 2022-02-14T20:47:50+09:00, 12, 11, WIN, r
29, 7, 190, 2022-02-14T20:52:04+09:00, 13, 12, WIN, r
29, 8, 190, 2022-02-14T20:56:18+09:00, 3, 0, WIN, r
29, 9, 190, 2022-02-14T21:00:32+09:00, 3, 0, WIN, r
29, 10, 190, 2022-02-14T21:04:46+09:00, 8, 7, WIN, r
29, 11, 190, 2022-02-14T21:09:01+09:00, 7, 3, WIN, r
29, 12, 190, 2022-02-14T21:13:15+09:00, 0, 10, LOSE, r
30, 1, 190, 2022-02-15T04:19:49+09:00, 8, 1, WIN, r
30, 2, 190, 2022-02-15T04:24:03+09:00, 0, 2, LOSE, r
30, 3, 190, 2022-02-15T04:28:17+09:00, 6, 2, WIN, r
30, 4, 190, 2022-02-15T04:32:31+09:00, 0, 10, LOSE, r
30, 5, 190, 2022-02-15T04:36:45+09:00, 1, 11, LOSE, r
30, 6, 190, 2022-02-15T04:41:00+09:00, 13, 10, WIN, r
30, 7, 190, 2022-02-15T04:45:14+09:00, 15, 10, WIN, r
30, 8, 190, 2022-02-15T04:49:28+09:00, 3, 0, WIN, r
30, 9, 190, 2022-02-15T04:53:43+09:00, 3, 0, WIN, r
30, 10, 190, 2022-02-15T04:57:57+09:00, 8, 11, LOSE, r
30, 11, 190, 2022-02-15T05:02:11+09:00, 10, 4, WIN, r
30, 12, 190, 2022-02-15T05:06:26+09:00, 0, 10, LOSE, r
31, 1, 190, 2022-02-15T12:12:42+09:00, 9, 1, WIN, r
31, 2, 190, 2022-02-15T12:16:56+09:00, 0, 2, LOSE, r
31, 3, 190, 2022-02-15T12:21:10+09:00, 5, 3, WIN, r
31, 4, 190, 2022-02-15T12:25:24+09:00, 13, 11, WIN, r
31, 5, 190, 2022-02-15T12:29:38+09:00, 14, 12, WIN, r
31, 6, 190, 2022-02-15T12:33:52+09:00, 13, 10, WIN, r
31, 7, 190, 2022-02-15T12:38:07+09:00, 9, 10, LOSE, r
31, 8, 190, 2022-02-15T12:42:21+09:00, 3, 0, WIN, r
31, 9, 190, 2022-02-15T12:46:35+09:00, 3, 0, WIN, r
31, 10, 190, 2022-02-15T12:50:50+09:00, 5, 9, LOSE, r
31, 11, 190, 2022-02-15T12:55:04+09:00, 10, 4, WIN, r
31, 12, 190, 2022-02-15T12:59:18+09:00, 0, 10, LOSE, r
32, 1, 190, 2022-02-15T20:06:33+09:00, 9, 1, WIN, r
32, 2, 190, 2022-02-15T20:10:47+09:00, 0, 5, LOSE, r
32, 3, 190, 2022-02-15T20:15:01+09:00, 4, 5, LOSE, r
32, 4, 190, 2022-02-15T20:19:15+09:00, 15, 5, WIN, r
32, 5, 190, 2022-02-15T20:23:29+09:00, 13, 10, WIN, r
32, 6, 190, 2022-02-15T20:27:44+09:00, 14, 12, WIN, r
32, 7, 190, 2022-02-15T20:31:58+09:00, 15, 7, WIN, r
32, 8, 190, 2022-02-15T20:36:12+09:00, 3, 0, WIN, r
32, 9, 190, 2022-02-15T20:40:26+09:00, 3, 0, WIN, r
32, 10, 190, 2022-02-15T20:44:41+09:00, 10, 6, WIN, r
32, 11, 190, 2022-02-15T20:48:55+09:00, 3, 4, LOSE, r
32, 12, 190, 2022-02-15T20:53:09+09:00, 0, 10, LOSE, r
33, 1, 190, 2022-02-16T04:01:06+09:00, 8, 1, WIN, r
33, 2, 190, 2022-02-16T04:05:20+09:00, 0, 2, LOSE, r
33, 3, 190, 2022-02-16T04:09:34+09:00, 5, 1, WIN, r
33, 4, 190, 2022-02-16T04:13:48+09:00, 11, 5, WIN, r
33, 5, 190, 2022-02-16T04:18:02+09:00, 0, 10, LOSE, r
33, 6, 190, 2022-02-16T04:22:16+09:00, 13, 10, WIN, r
33, 7, 190, 2022-02-16T04:26:30+09:00, 1, 8, LOSE, r
33, 8, 190, 2022-02-16T04:30:45+09:00, 3, 0, WIN, r
33, 9, 190, 2022-02-16T04:34:59+09:00, 3, 0, WIN, r
33, 10, 190, 2022-02-16T04:39:14+09:00, 4, 11, LOSE, r
33, 11, 190, 2022-02-16T04:43:28+09:00, 3, 6, LOSE, r
33, 12, 190, 2022-02-16T04:47:42+09:00, 0, 10, LOSE, r
34, 1, 190, 2022-02-16T11:56:14+09:00, 9, 1, WIN, r
34, 2, 190, 2022-02-16T12:00:28+09:00, 2, 2, LOSE, r
34, 3, 190, 2022-02-16T12:04:43+09:00, 8, 12, LOSE, r
34, 4, 190, 2022-02-16T12:08:57+09:00, 14, 7, WIN, r
34, 5, 190, 2022-02-16T12:13:12+09:00, 12, 11, WIN, r
34, 6, 190, 2022-02-16T12:17:26+09:00, 12, 13, LOSE, r
34, 7, 190, 2022-02-16T12:21:40+09:00, 9, 10, LOSE, r
34, 8, 190, 2022-02-16T12:25:54+09:00, 3, 0, WIN, r
34, 9, 190, 2022-02-16T12:30:09+09:00, 3, 0, WIN, r
34, 10, 190, 2022-02-16T12:34:23+09:00, 10, 6, WIN, r
34, 11, 190, 2022-02-16T12:38:38+09:00, 12, 13, LOSE, r
34, 12, 190, 2022-02-16T12:42:52+09:00, 0, 10, LOSE, r
35, 1, 190, 2022-02-16T19:51:20+09:00, 9, 1, WIN, r
35, 2, 190, 2022-02-16T19:55:34+09:00, 1, 2, LOSE, r
35, 3, 190, 2022-02-16T19:59:49+09:00, 9, 1, WIN, r
35, 4, 190, 2022-02-16T20:04:03+09:00, 12, 10, WIN, r
35, 5, 190, 2022-02-16T20:08:17+09:00, 11, 20, LOSE, r
35, 6, 190, 2022-02-16T20:12:32+09:00, 12, 11, WIN, r
35, 7, 190, 2022-02-16T20:16:46+09:00, 9, 5, WIN, r
35, 8, 190, 2022-02-16T20:21:01+09:00, 3, 0, WIN, r
35, 9, 190, 2022-02-16T20:25:15+09:00, 3, 0, WIN, r
35, 10, 190, 2022-02-16T20:29:30+09:00, 1, 9, LOSE, r
35, 11, 190, 2022-02-16T20:33:44+09:00, 10, 2, WIN, r
35, 12, 190, 2022-02-16T20:37:59+09:00, 0, 10, LOSE, r
36, 1, 190, 2022-02-17T03:45:56+09:00, 8, 1, WIN, r
36, 2, 190, 2022-02-17T03:50:10+09:00, 0, 2, LOSE, r
36, 3, 190, 2022-02-17T03:54:24+09:00, 2, 0, WIN, r
36, 4, 190, 2022-02-17T03:58:38+09:00, 14, 8, WIN, r
36, 5, 190, 2022-02-17T04:02:53+09:00, 1, 11, LOSE, r
36, 6, 190, 2022-02-17T04:07:07+09:00, 13, 10, WIN, r
36, 7, 190, 2022-02-17T04:11:21+09:00, 2, 9, LOSE, r
36, 8, 190, 2022-02-17T04:15:36+09:00, 3, 0, WIN, r
36, 9, 190, 2022-02-17T04:19:50+09:00, 3, 0, WIN, r
36, 10, 190, 2022-02-17T04:24:04+09:00, 11, 7, WIN, r
36, 11, 190, 2022-02-17T04:28:19+09:00, 5, 6, LOSE, r
36, 12, 190, 2022-02-17T04:32:33+09:00, 0, 10, LOSE, r
37, 1, 190, 2022-02-17T11:39:47+09:00, 9, 1, WIN, r
37, 2, 190, 2022-02-17T11:44:01+09:00, 0, 2, LOSE, r
37, 3, 190, 2022-02-17T11:48:16+09:00, 0, 2, LOSE, r
37, 4, 190, 2022-02-17T11:52:30+09:00, 12, 9, WIN, r
37, 5, 190, 2022-02-17T11:56:44+09:00, 13, 16, LOSE, r
37, 6, 190, 2022-02-17T12:00:59+09:00, 14, 4, WIN, r
37, 7, 190, 2022-02-17T12:05:13+09:00, 14, 7, WIN, r
37, 8, 190, 2022-02-17T12:09:28+09:00, 3, 0, WIN, r
37, 9, 190, 2022-02-17T12:13:42+09:00, 3, 0, WIN, r
37, 10, 190, 2022-02-17T12:17:56+09:00, 1, 7, LOSE, r
37, 11, 190, 2022-02-17T12:22:11+09:00, 3, 1, WIN, r
37, 12, 190, 2022-02-17T12:26:26+09:00, 0, 10, LOSE, r
38, 1, 190, 2022-02-17T19:34:07+09:00, 8, 1, WIN, r
38, 2, 190, 2022-02-17T19:38:21+09:00, 0, 2, LOSE, r
38, 3, 190, 2022-02-17T19:42:35+09:00, 1, 10, LOSE, r
38, 4, 190, 2022-02-17T19:46:50+09:00, 14, 7, WIN, r
38, 5, 190, 2022-02-17T19:51:04+09:00, 14, 9, WIN, r
38, 6, 190, 2022-02-17T19:55:18+09:00, 15, 11, WIN, r
38, 7, 190, 2022-02-17T19:59:33+09:00, 0, 10, LOSE, r
38, 8, 190, 2022-02-17T20:03:47+09:00, 3, 0, WIN, r
38, 9, 190, 2022-02-17T20:08:01+09:00, 3, 0, WIN, r
38, 10, 190, 2022-02-17T20:12:16+09:00, 1, 6, LOSE, r
38, 11, 190, 2022-02-17T20:16:30+09:00, 10, 5, WIN, r
38, 12, 190, 2022-02-17T20:20:45+09:00, 0, 11, LOSE, r
39, 1, 190, 2022-02-18T03:28:55+09:00, 8, 1, WIN, r
39, 2, 190, 2022-02-18T03:33:09+09:00, 1, 10, LOSE, r
39, 3, 190, 2022-02-18T03:37:23+09:00, 1, 5, LOSE, r
39, 4, 190, 2022-02-18T03:41:37+09:00, 15, 16, LOSE, r
39, 5, 190, 2022-02-18T03:45:51+09:00, 11, 15, LOSE, r
39, 6, 190, 2022-02-18T03:50:06+09:00, 14, 12, WIN, r
39, 7, 190, 2022-02-18T03:54:20+09:00, 0, 11, LOSE, r
39, 8, 190, 2022-02-18T03:58:34+09:00, 3, 0, WIN, r
39, 9, 190, 2022-02-18T04:02:48+09:00, 3, 0, WIN, r
39, 10, 190, 2022-02-18T04:07:03+09:00, 2, 8, LOSE, r
39, 11, 190, 2022-02-18T04:11:17+09:00, 8, 4, WIN, r
39, 12, 190, 2022-02-18T04:15:31+09:00, 0, 10, LOSE, r
40, 1, 190, 2022-02-18T11:22:58+09:00, 8, 1, WIN, r
40, 2, 190, 2022-02-18T11:27:12+09:00, 1, 5, LOSE, r
40, 3, 190, 2022-02-18T11:31:26+09:00, 6, 2, WIN, r
40, 4, 190, 2022-02-18T11:35:40+09:00, 14, 11, WIN, r
40, 5, 190, 2022-02-18T11:39:55+09:00, 8, 10, LOSE, r
40, 6, 190, 2022-02-18T11:44:09+09:00, 5, 15, LOSE, r
40, 7, 190, 2022-02-18T11:48:23+09:00, 4, 5, LOSE, r
40, 8, 190, 2022-02-18T11:52:38+09:00, 3, 0, WIN, r
40, 9, 190, 2022-02-18T11:56:52+09:00, 3, 0, WIN, r
40, 10, 190, 2022-02-18T12:01:07+09:00, 9, 7, WIN, r
40, 11, 190, 2022-02-18T12:05:21+09:00, 0, 5, LOSE, r
40, 12, 190, 2022-02-18T12:09:35+09:00, 0, 10, LOSE, r
41, 1, 190, 2022-02-18T19:17:20+09:00, 8, 1, WIN, r
41, 2, 190, 2022-02-18T19:21:35+09:00, 0, 2, LOSE, r
41, 3, 190, 2022-02-18T19:25:49+09:00, 13, 11, WIN, r
41, 4, 190, 2022-02-18T19:30:03+09:00, 12, 7, WIN, r
41, 5, 190, 2022-02-18T19:34:17+09:00, 0, 10, LOSE, r
41, 6, 190, 2022-02-18T19:38:32+09:00, 12, 11, WIN, r
41, 7, 190, 2022-02-18T19:42:46+09:00, 2, 9, LOSE, r
41, 8, 190, 2022-02-18T19:47:00+09:00, 4, 0, WIN, r
41, 9, 190, 2022-02-18T19:51:15+09:00, 3, 0, WIN, r
41, 10, 190, 2022-02-18T19:55:29+09:00, 6, 7, LOSE, r
41, 11, 190, 2022-02-18T19:59:44+09:00, 12, 2, WIN, r
41, 12, 190, 2022-02-18T20:03:58+09:00, 0, 10, LOSE, r
42, 1, 190, 2022-02-19T03:11:09+09:00, 9, 1, WIN, r
42, 2, 190, 2022-02-19T03:15:24+09:00, 1, 2, LOSE, r
42, 3, 190, 2022-02-19T03:19:38+09:00, 3, 2, WIN, r
42, 4, 190, 2022-02-19T03:23:52+09:00, 13, 8, WIN, r
42, 5, 190, 2022-02-19T03:28:06+09:00, 12, 14, LOSE, r
42, 6, 190, 2022-02-19T03:32:20+09:00, 13, 9, WIN, r
42, 7, 190, 2022-02-19T03:36:34+09:00, 14, 16, LOSE, r
42, 8, 190, 2022-02-19T03:40:49+09:00, 3, 0, WIN, r
42, 9, 190, 2022-02-19T03:45:03+09:00, 3, 0, WIN, r
42, 10, 190, 2022-02-19T03:49:18+09:00, 8, 7, WIN, r
42, 11, 190, 2022-02-19T03:53:32+09:00, 10, 5, WIN, r
42, 12, 190, 2022-02-19T03:57:46+09:00, 0, 10, LOSE, r
43, 1, 190, 2022-02-19T11:05:17+09:00, 9, 1, WIN, r
43, 2, 190, 2022-02-19T11:09:31+09:00, 0, 2, LOSE, r
43, 3, 190, 2022-02-19T11:13:45+09:00, 11, 1, WIN, r
43, 4, 190, 2022-02-19T11:18:00+09:00, 12, 6, WIN, r
43, 5, 190, 2022-02-19T11:22:14+09:00, 14, 4, WIN, r
43, 6, 190, 2022-02-19T11:26:28+09:00, 11, 12, LOSE, r
43, 7, 190, 2022-02-19T11:30:42+09:00, 2, 8, LOSE, r
43, 8, 190, 2022-02-19T11:34:57+09:00, 3, 0, WIN, r
43, 9, 190, 2022-02-19T11:39:11+09:00, 3, 0, WIN, r
43, 10, 190, 2022-02-19T11:43:26+09:00, 13, 9, WIN, r
43, 11, 190, 2022-02-19T11:47:41+09:00, 11, 4, WIN, r
43, 12, 190, 2022-02-19T11:51:55+09:00, 0, 10, LOSE, r
44, 1, 190, 2022-02-19T18:59:28+09:00, 9, 4, WIN, r
44, 2, 190, 2022-02-19T19:03:42+09:00, 8, 2, WIN, r
44, 3, 190, 2022-02-19T19:07:57+09:00, 3, 0, WIN, r
44, 4, 190, 2022-02-19T19:12:11+09:00, 12, 9, WIN, r
44, 5, 190, 2022-02-19T19:16:25+09:00, 0, 10, LOSE, r
44, 6, 190, 2022-02-19T19:20:40+09:00, 13, 9, WIN, r
44, 7, 190, 2022-02-19T19:24:54+09:00, 9, 10, LOSE, r
44, 8, 190, 2022-02-19T19:29:08+09:00, 3, 0, WIN, r
44, 9, 190, 2022-02-19T19:33:22+09:00, 3, 0, WIN, r
44, 10, 190, 2022-02-19T19:37:37+09:00, 5, 7, LOSE, r
44, 11, 190, 2022-02-19T19:41:51+09:00, 11, 1, WIN, r
44, 12, 190, 2022-02-19T19:46:05+09:00, 8, 13, LOSE, r
45, 1, 190, 2022-02-20T02:53:40+09:00, 10, 0, WIN, r
45, 2, 190, 2022-02-20T02:57:54+09:00, 0, 5, LOSE, r
45, 3, 190, 2022-02-20T03:02:09+09:00, 8, 8, LOSE, r
45, 4, 190, 2022-02-20T03:06:23+09:00, 7, 6, WIN, r
45, 5, 190, 2022-02-20T03:10:37+09:00, 1, 11, LOSE, r
45, 6, 190, 2022-02-20T03:14:52+09:00, 12, 14, LOSE, r
45, 7, 190, 2022-02-20T03:19:07+09:00, 11, 8, WIN, r
45, 8, 190, 2022-02-20T03:23:21+09:00, 3, 0, WIN, r
45, 9, 190, 2022-02-20T03:27:36+09:00, 3, 0, WIN, r
45, 10, 190, 2022-02-20T03:31:50+09:00, 4, 9, LOSE, r
45, 11, 190, 2022-02-20T03:36:04+09:00, 10, 4, WIN, r
45, 12, 190, 2022-02-20T03:40:19+09:00, 0, 10, LOSE, r
46, 1, 190, 2022-02-20T10:48:06+09:00, 9, 1, WIN, r
46, 2, 190, 2022-02-20T10:52:20+09:00, 0, 2, LOSE, r
46, 3, 190, 2022-02-20T10:56:35+09:00, 5, 2, WIN, r
46, 4, 190, 2022-02-20T11:00:49+09:00, 13, 6, WIN, r
46, 5, 190, 2022-02-20T11:05:03+09:00, 1, 11, LOSE, r
46, 6, 190, 2022-02-20T11:09:17+09:00, 12, 10, WIN, r
46, 7, 190, 2022-02-20T11:13:31+09:00, 12, 7, WIN, r
46, 8, 190, 2022-02-20T11:17:46+09:00, 3, 0, WIN, r
46, 9, 190, 2022-02-20T11:22:00+09:00, 3, 0, WIN, r
46, 10, 190, 2022-02-20T11:26:14+09:00, 0, 9, LOSE, r
46, 11, 190, 2022-02-20T11:30:28+09:00, 10, 2, WIN, r
46, 12, 190, 2022-02-20T11:34:43+09:00, 0, 10, LOSE, r
47, 1, 190, 2022-02-20T18:41:00+09:00, 9, 1, WIN, r
47, 2, 190, 2022-02-20T18:45:15+09:00, 0, 2, LOSE, r
47, 3, 190, 2022-02-20T18:49:29+09:00, 6, 4, WIN, r
47, 4, 190, 2022-02-20T18:53:43+09:00, 0, 10, LOSE, r
47, 5, 190, 2022-02-20T18:57:57+09:00, 15, 5, WIN, r
47, 6, 190, 2022-02-20T19:02:12+09:00, 14, 9, WIN, r
47, 7, 190, 2022-02-20T19:06:26+09:00, 12, 13, LOSE, r
47, 8, 190, 2022-02-20T19:10:40+09:00, 3, 0, WIN, r
47, 9, 190, 2022-02-20T19:14:54+09:00, 3, 0, WIN, r
47, 10, 190, 2022-02-20T19:19:09+09:00, 0, 7, LOSE, r
47, 11, 190, 2022-02-20T19:23:23+09:00, 13, 1, WIN, r
47, 12, 190, 2022-02-20T19:27:37+09:00, 0, 10, LOSE, r
48, 1, 190, 2022-02-21T02:38:26+09:00, 8, 1, WIN, r
48, 2, 190, 2022-02-21T02:42:40+09:00, 0, 5, LOSE, r
48, 3, 190, 2022-02-21T02:46:54+09:00, 4, 2, WIN, r
48, 4, 190, 2022-02-21T02:51:09+09:00, 15, 10, WIN, r
48, 5, 190, 2022-02-21T02:55:23+09:00, 0, 10, LOSE, r
48, 6, 190, 2022-02-21T02:59:37+09:00, 14, 4, WIN, r
48, 7, 190, 2022-02-21T03:03:52+09:00, 12, 2, WIN, r
48, 8, 190, 2022-02-21T03:08:06+09:00, 4, 0, WIN, r
48, 9, 190, 2022-02-21T03:12:20+09:00, 3, 0, WIN, r
48, 10, 190, 2022-02-21T03:16:34+09:00, 12, 6, WIN, r
48, 11, 190, 2022-02-21T03:20:49+09:00, 10, 2, WIN, r
48, 12, 190, 2022-02-21T03:25:03+09:00, 0, 10, LOSE, r
49, 1, 190, 2022-02-21T10:30:17+09:00, 8, 1, WIN, r
49, 2, 190, 2022-02-21T10:34:31+09:00, 1, 2, LOSE, r
49, 3, 190, 2022-02-21T10:38:45+09:00, 6, 4, WIN, r
49, 4, 190, 2022-02-21T10:42:59+09:00, 15, 7, WIN, r
49, 5, 190, 2022-02-21T10:47:14+09:00, 12, 11, WIN, r
49, 6, 190, 2022-02-21T10:51:28+09:00, 13, 16, LOSE, r
49, 7, 190, 2022-02-21T10:55:43+09:00, 14, 8, WIN, r
49, 8, 190, 2022-02-21T10:59:57+09:00, 3, 0, WIN, r
49, 9, 190, 2022-02-21T11:04:12+09:00, 4, 0, WIN, r
49, 10, 190, 2022-02-21T11:08:26+09:00, 0, 7, LOSE, r
49, 11, 190, 2022-02-21T11:12:40+09:00, 9, 0, WIN, r
49, 12, 190, 2022-02-21T11:16:55+09:00, 1, 7, LOSE, r
50, 1, 190, 2022-02-21T18:21:11+09:00, 9, 1, WIN, r
50, 2, 190, 2022-02-21T18:25:25+09:00, 7, 0, WIN, r
50, 3, 190, 2022-02-21T18:29:39+09:00, 11, 1, WIN, r
50, 4, 190, 2022-02-21T18:33:54+09:00, 12, 7, WIN, r
50, 5, 190, 2022-02-21T18:38:08+09:00, 13, 10, WIN, r
50, 6, 190, 2022-02-21T18:42:22+09:00, 11, 12, LOSE, r
50, 7, 190, 2022-02-21T18:46:37+09:00, 12, 11, WIN, r
50, 8, 190, 2022-02-21T18:50:51+09:00, 3, 0, WIN, r
50, 9, 190, 2022-02-21T18:55:06+09:00, 3, 0, WIN, r
50, 10, 190, 2022-02-21T18:59:20+09:00, 8, 7, WIN, r
50, 11, 190, 2022-02-21T19:03:35+09:00, 14, 4, WIN, r
50, 12, 190, 2022-02-21T19:07:49+09:00, 0, 8, LOSE, r
0, 1, 190, 2022-02-27T06:05:00+09:00, 11, 1, WIN, r
0, 2, 190, 2022-02-27T06:09:14+09:00, 1, 7, LOSE, r
0, 3, 190, 2022-02-27T06:13:28+09:00, 5, 3, WIN, r
0, 4, 190, 2022-02-27T06:17:41+09:00, 11, 8, WIN, r
0, 5, 190, 2022-02-27T06:21:55+09:00, 13, 9, WIN, r
0, 6, 190, 2022-02-27T06:26:09+09:00, 12, 7, WIN, r
0, 7, 190, 2022-02-27T06:30:23+09:00, 13, 9, WIN, r
0, 8, 190, 2022-02-27T06:34:37+09:00, 3, 0, WIN, r
0, 9, 190, 2022-02-27T06:38:51+09:00, 3, 0, WIN, r
0, 10, 190, 2022-02-27T06:43:05+09:00, 4, 9, LOSE, r
0, 11, 190, 2022-02-27T06:47:19+09:00, 11, 4, WIN, r
0, 12, 190, 2022-02-27T06:51:33+09:00, 0, 10, LOSE, r
0, 1, 190, 2022-02-28T03:30:33+09:00, 10, 1, WIN, r
0, 2, 190, 2022-02-28T03:34:47+09:00, 0, 2, LOSE, r
0, 3, 190, 2022-02-28T03:39:01+09:00, 6, 12, LOSE, r
0, 4, 190, 2022-02-28T03:43:15+09:00, 2, 9, LOSE, r
0, 5, 190, 2022-02-28T03:47:29+09:00, 11, 12, LOSE, r
0, 6, 190, 2022-02-28T03:51:43+09:00, 11, 12, LOSE, r
0, 7, 190, 2022-02-28T03:55:57+09:00, 14, 9, WIN, r
0, 8, 190, 2022-02-28T04:00:11+09:00, 3, 0, WIN, r
0, 9, 190, 2022-02-28T04:04:25+09:00, 3, 0, WIN, r
0, 10, 190, 2022-02-28T04:08:39+09:00, 12, 7, WIN, r
0, 11, 190, 2022-02-28T04:12:53+09:00, 7, 3, WIN, r
0, 12, 190, 2022-02-28T04:17:08+09:00, 0, 10, LOSE, r
0, 1, 190, 2022-03-01T05:36:18+09:00, 8, 1, WIN, r
0, 2, 190, 2022-03-01T05:40:33+09:00, 2, 2, LOSE, r
0, 3, 190, 2022-03-01T05:44:49+09:00, 0, 3, LOSE, r
0, 4, 190, 2022-03-01T05:49:04+09:00, 12, 8, WIN, r
0, 5, 190, 2022-03-01T05:53:20+09:00, 11, 12, LOSE, r
0, 6, 190, 2022-03-01T05:57:35+09:00, 8, 5, WIN, r
0, 7, 190, 2022-03-01T06:01:51+09:00, 2, 9, LOSE, r
0, 8, 190, 2022-03-01T06:06:06+09:00, 3, 0, WIN, r
0, 9, 190, 2022-03-01T06:10:22+09:00, 3, 0, WIN, r
0, 10, 190, 2022-03-01T06:14:37+09:00, 8, 7, WIN, r
0, 11, 190, 2022-03-01T06:18:54+09:00, 0, 5, LOSE, r
0, 12, 190, 2022-03-01T06:23:09+09:00, 11, 11, LOSE, r
1, 1, 190, 2022-03-01T12:51:09+09:00, 9, 1, WIN, r
1, 2, 190, 2022-03-01T12:55:24+09:00, 0, 2, LOSE, r
1, 3, 190, 2022-03-01T12:59:40+09:00, 10, 2, WIN, r
1, 4, 190, 2022-03-01T13:03:55+09:00, 14, 8, WIN, r
1, 5, 190, 2022-03-01T13:08:10+09:00, 12, 14, LOSE, r
1, 6, 190, 2022-03-01T13:12:26+09:00, 11, 9, WIN, r
1, 7, 190, 2022-03-01T13:16:42+09:00, 11, 9, WIN, r
1, 8, 190, 2022-03-01T13:20:57+09:00, 3, 0, WIN, r
1, 9, 190, 2022-03-01T13:25:13+09:00, 4, 0, WIN, r
1, 10, 190, 2022-03-01T13:29:28+09:00, 1, 8, LOSE, r
1, 11, 190, 2022-03-01T13:33:44+09:00, 12, 6, WIN, r
1, 12, 190, 2022-03-01T13:38:00+09:00, 0, 10, LOSE, r
