iteration, enemy_level, game_time(s), date, my_score, enemy_score, battle_result, my_side
#--> latest commit:031f04ea036b94cd9e1be6331e15e958b7ee2248 20220118103122 in burger_war_dev
0, 1, 190, 2022-01-18T22:36:35+09:00, 8, 9, LOSE, r
0, 2, 190, 2022-01-18T22:40:49+09:00, 7, 4, WIN, r
0, 3, 190, 2022-01-18T22:45:03+09:00, 4, 8, LOSE, r
0, 4, 190, 2022-01-18T22:49:17+09:00, 12, 7, WIN, r
0, 5, 190, 2022-01-18T22:53:31+09:00, 0, 10, LOSE, r
0, 6, 190, 2022-01-18T22:57:44+09:00, 10, 20, LOSE, r
0, 7, 190, 2022-01-18T23:01:58+09:00, 1, 13, LOSE, r
0, 8, 190, 2022-01-18T23:05:58+09:00, 7, 11, LOSE, r
0, 9, 190, 2022-01-18T23:10:12+09:00, 9, 8, WIN, r
0, 10, 190, 2022-01-18T23:14:25+09:00, 3, 15, LOSE, r
0, 11, 190, 2022-01-18T23:18:40+09:00, 2, 11, LOSE, r
0, 12, 190, 2022-01-18T23:22:53+09:00, 9, 14, LOSE, r
1, 1, 190, 2022-01-19T02:07:22+09:00, 14, 1, WIN, r
1, 2, 190, 2022-01-19T02:11:22+09:00, 9, 1, WIN, r
1, 3, 190, 2022-01-19T02:15:36+09:00, 1, 13, LOSE, r
1, 4, 190, 2022-01-19T02:19:49+09:00, 1, 14, LOSE, r
1, 5, 190, 2022-01-19T02:24:03+09:00, 4, 14, LOSE, r
1, 6, 190, 2022-01-19T02:28:17+09:00, 4, 6, LOSE, r
1, 7, 190, 2022-01-19T02:32:30+09:00, 0, 11, LOSE, r
1, 8, 190, 2022-01-19T02:36:44+09:00, 5, 9, LOSE, r
1, 9, 190, 2022-01-19T02:40:58+09:00, 14, 11, WIN, r
1, 10, 190, 2022-01-19T02:45:12+09:00, 11, 13, LOSE, r
1, 11, 190, 2022-01-19T02:49:25+09:00, 3, 8, LOSE, r
1, 12, 190, 2022-01-19T02:53:39+09:00, 5, 9, LOSE, r
2, 1, 190, 2022-01-19T05:36:12+09:00, 6, 1, WIN, r
2, 2, 190, 2022-01-19T05:40:25+09:00, 11, 1, WIN, r
2, 3, 190, 2022-01-19T05:44:39+09:00, 3, 5, LOSE, r
2, 4, 190, 2022-01-19T05:48:53+09:00, 11, 10, WIN, r
2, 5, 190, 2022-01-19T05:53:06+09:00, 11, 15, LOSE, r
2, 6, 190, 2022-01-19T05:57:20+09:00, 2, 12, LOSE, r
2, 7, 190, 2022-01-19T06:01:34+09:00, 13, 19, LOSE, r
2, 8, 190, 2022-01-19T06:05:48+09:00, 3, 0, WIN, r
2, 9, 190, 2022-01-19T06:10:01+09:00, 4, 15, LOSE, r
2, 10, 190, 2022-01-19T06:14:15+09:00, 3, 15, LOSE, r
2, 11, 190, 2022-01-19T06:18:29+09:00, 1, 12, LOSE, r
2, 12, 190, 2022-01-19T06:22:48+09:00, 2, 13, LOSE, r
3, 1, 190, 2022-01-19T09:05:22+09:00, 2, 12, LOSE, r
3, 2, 190, 2022-01-19T09:09:35+09:00, 13, 9, WIN, r
3, 3, 190, 2022-01-19T09:13:49+09:00, 1, 11, LOSE, r
3, 4, 190, 2022-01-19T09:18:03+09:00, 15, 5, WIN, r
3, 5, 190, 2022-01-19T09:22:16+09:00, 11, 15, LOSE, r
3, 6, 190, 2022-01-19T09:26:30+09:00, 7, 11, LOSE, r
3, 7, 190, 2022-01-19T09:30:44+09:00, 0, 11, LOSE, r
3, 8, 190, 2022-01-19T09:34:57+09:00, 10, 11, LOSE, r
3, 9, 190, 2022-01-19T09:39:11+09:00, 3, 8, LOSE, r
3, 10, 190, 2022-01-19T09:43:11+09:00, 3, 13, LOSE, r
3, 11, 190, 2022-01-19T09:47:24+09:00, 3, 8, LOSE, r
3, 12, 190, 2022-01-19T09:51:38+09:00, 1, 12, LOSE, r
4, 1, 190, 2022-01-19T12:34:30+09:00, 7, 4, WIN, r
4, 2, 190, 2022-01-19T12:38:43+09:00, 6, 10, LOSE, r
4, 3, 190, 2022-01-19T12:42:57+09:00, 5, 7, LOSE, r
4, 4, 190, 2022-01-19T12:47:10+09:00, 7, 6, WIN, r
4, 5, 190, 2022-01-19T12:51:24+09:00, 8, 20, LOSE, r
4, 6, 190, 2022-01-19T12:55:38+09:00, 7, 12, LOSE, r
4, 7, 190, 2022-01-19T12:59:52+09:00, 4, 11, LOSE, r
4, 8, 190, 2022-01-19T13:04:06+09:00, 3, 0, WIN, r
4, 9, 190, 2022-01-19T13:08:19+09:00, 7, 12, LOSE, r
4, 10, 190, 2022-01-19T13:12:33+09:00, 2, 14, LOSE, r
4, 11, 190, 2022-01-19T13:16:47+09:00, 2, 12, LOSE, r
4, 12, 190, 2022-01-19T13:21:01+09:00, 3, 11, LOSE, r
5, 1, 190, 2022-01-19T16:04:00+09:00, 11, 9, WIN, r
5, 2, 190, 2022-01-19T16:08:13+09:00, 7, 1, WIN, r
5, 3, 190, 2022-01-19T16:12:27+09:00, 12, 0, WIN, r
5, 4, 190, 2022-01-19T16:16:41+09:00, 2, 15, LOSE, r
5, 5, 190, 2022-01-19T16:20:55+09:00, 11, 18, LOSE, r
5, 6, 190, 2022-01-19T16:25:08+09:00, 12, 11, WIN, r
5, 7, 190, 2022-01-19T16:29:22+09:00, 12, 13, LOSE, r
5, 8, 190, 2022-01-19T16:33:36+09:00, 2, 12, LOSE, r
5, 9, 190, 2022-01-19T16:37:50+09:00, 3, 9, LOSE, r
5, 10, 190, 2022-01-19T16:42:04+09:00, 3, 13, LOSE, r
5, 11, 190, 2022-01-19T16:46:17+09:00, 3, 7, LOSE, r
5, 12, 190, 2022-01-19T16:50:31+09:00, 7, 13, LOSE, r
6, 1, 190, 2022-01-19T19:34:12+09:00, 8, 9, LOSE, r
6, 2, 190, 2022-01-19T19:38:31+09:00, 7, 4, WIN, r
6, 3, 190, 2022-01-19T19:42:45+09:00, 1, 12, LOSE, r
6, 4, 190, 2022-01-19T19:46:59+09:00, 4, 14, LOSE, r
6, 5, 190, 2022-01-19T19:51:12+09:00, 1, 11, LOSE, r
6, 6, 190, 2022-01-19T19:55:26+09:00, 2, 12, LOSE, r
6, 7, 190, 2022-01-19T19:59:40+09:00, 4, 11, LOSE, r
6, 8, 190, 2022-01-19T20:03:53+09:00, 2, 0, WIN, r
6, 9, 190, 2022-01-19T20:08:07+09:00, 2, 12, LOSE, r
6, 10, 190, 2022-01-19T20:12:21+09:00, 2, 13, LOSE, r
6, 11, 190, 2022-01-19T20:16:35+09:00, 2, 13, LOSE, r
6, 12, 190, 2022-01-19T20:20:49+09:00, 1, 12, LOSE, r
7, 1, 190, 2022-01-19T23:05:20+09:00, 4, 9, LOSE, r
7, 2, 190, 2022-01-19T23:09:34+09:00, 6, 10, LOSE, r
7, 3, 190, 2022-01-19T23:13:47+09:00, 1, 12, LOSE, r
7, 4, 190, 2022-01-19T23:18:01+09:00, 7, 9, LOSE, r
7, 5, 190, 2022-01-19T23:22:15+09:00, 2, 12, LOSE, r
7, 6, 190, 2022-01-19T23:26:29+09:00, 1, 11, LOSE, r
7, 7, 190, 2022-01-19T23:30:43+09:00, 1, 12, LOSE, r
7, 8, 190, 2022-01-19T23:34:57+09:00, 5, 8, LOSE, r
7, 9, 190, 2022-01-19T23:39:11+09:00, 9, 14, LOSE, r
7, 10, 190, 2022-01-19T23:43:24+09:00, 1, 13, LOSE, r
7, 11, 190, 2022-01-19T23:47:38+09:00, 16, 2, WIN, r
7, 12, 190, 2022-01-19T23:51:52+09:00, 5, 15, LOSE, r
8, 1, 190, 2022-01-20T02:35:56+09:00, 3, 1, WIN, r
8, 2, 190, 2022-01-20T02:40:10+09:00, 4, 6, LOSE, r
8, 3, 190, 2022-01-20T02:44:24+09:00, 6, 9, LOSE, r
8, 4, 190, 2022-01-20T02:48:37+09:00, 2, 12, LOSE, r
8, 5, 190, 2022-01-20T02:52:51+09:00, 12, 17, LOSE, r
8, 6, 190, 2022-01-20T02:57:04+09:00, 13, 10, WIN, r
8, 7, 190, 2022-01-20T03:01:18+09:00, 7, 12, LOSE, r
8, 8, 190, 2022-01-20T03:05:32+09:00, 2, 13, LOSE, r
8, 9, 190, 2022-01-20T03:09:46+09:00, 1, 11, LOSE, r
8, 10, 190, 2022-01-20T03:13:59+09:00, 2, 12, LOSE, r
8, 11, 190, 2022-01-20T03:18:13+09:00, 2, 12, LOSE, r
8, 12, 190, 2022-01-20T03:22:27+09:00, 3, 7, LOSE, r
9, 1, 190, 2022-01-20T06:05:04+09:00, 11, 1, WIN, r
9, 2, 190, 2022-01-20T06:09:18+09:00, 3, 2, WIN, r
9, 3, 190, 2022-01-20T06:13:32+09:00, 2, 2, LOSE, r
9, 4, 190, 2022-01-20T06:17:46+09:00, 2, 12, LOSE, r
9, 5, 190, 2022-01-20T06:22:00+09:00, 2, 13, LOSE, r
9, 6, 190, 2022-01-20T06:26:13+09:00, 1, 11, LOSE, r
9, 7, 190, 2022-01-20T06:30:27+09:00, 0, 10, LOSE, r
9, 8, 190, 2022-01-20T06:34:41+09:00, 4, 11, LOSE, r
9, 9, 190, 2022-01-20T06:38:55+09:00, 7, 7, LOSE, r
9, 10, 190, 2022-01-20T06:43:09+09:00, 10, 14, LOSE, r
9, 11, 190, 2022-01-20T06:47:23+09:00, 2, 12, LOSE, r
9, 12, 190, 2022-01-20T06:51:37+09:00, 5, 15, LOSE, r
10, 1, 190, 2022-01-20T09:33:38+09:00, 4, 1, WIN, r
10, 2, 190, 2022-01-20T09:37:51+09:00, 2, 13, LOSE, r
10, 3, 190, 2022-01-20T09:42:05+09:00, 1, 12, LOSE, r
10, 4, 190, 2022-01-20T09:46:19+09:00, 5, 15, LOSE, r
10, 5, 190, 2022-01-20T09:50:33+09:00, 13, 13, LOSE, r
10, 6, 190, 2022-01-20T09:54:47+09:00, 10, 12, LOSE, r
10, 7, 190, 2022-01-20T09:59:01+09:00, 8, 11, LOSE, r
10, 8, 190, 2022-01-20T10:03:15+09:00, 4, 8, LOSE, r
10, 9, 190, 2022-01-20T10:07:28+09:00, 7, 8, LOSE, r
10, 10, 190, 2022-01-20T10:11:42+09:00, 4, 11, LOSE, r
10, 11, 190, 2022-01-20T10:15:56+09:00, 2, 14, LOSE, r
10, 12, 190, 2022-01-20T10:20:09+09:00, 5, 11, LOSE, r
11, 1, 190, 2022-01-20T13:02:46+09:00, 16, 12, WIN, r
11, 2, 190, 2022-01-20T13:07:00+09:00, 7, 13, LOSE, r
11, 3, 190, 2022-01-20T13:11:13+09:00, 2, 12, LOSE, r
11, 4, 190, 2022-01-20T13:15:27+09:00, 2, 10, LOSE, r
11, 5, 190, 2022-01-20T13:19:41+09:00, 15, 19, LOSE, r
11, 6, 190, 2022-01-20T13:23:55+09:00, 1, 11, LOSE, r
11, 7, 190, 2022-01-20T13:28:08+09:00, 5, 9, LOSE, r
11, 8, 190, 2022-01-20T13:32:08+09:00, 2, 0, WIN, r
11, 9, 190, 2022-01-20T13:36:22+09:00, 5, 15, LOSE, r
11, 10, 190, 2022-01-20T13:40:36+09:00, 8, 15, LOSE, r
11, 11, 190, 2022-01-20T13:44:50+09:00, 8, 5, WIN, r
11, 12, 190, 2022-01-20T13:49:04+09:00, 2, 13, LOSE, r
12, 1, 190, 2022-01-20T16:31:46+09:00, 4, 9, LOSE, r
12, 2, 190, 2022-01-20T16:36:00+09:00, 3, 2, WIN, r
12, 3, 190, 2022-01-20T16:40:14+09:00, 6, 12, LOSE, r
12, 4, 190, 2022-01-20T16:44:28+09:00, 1, 11, LOSE, r
12, 5, 190, 2022-01-20T16:48:41+09:00, 12, 22, LOSE, r
12, 6, 190, 2022-01-20T16:52:55+09:00, 12, 2, WIN, r
12, 7, 190, 2022-01-20T16:57:09+09:00, 13, 11, WIN, r
12, 8, 190, 2022-01-20T17:01:23+09:00, 4, 8, LOSE, r
12, 9, 190, 2022-01-20T17:05:37+09:00, 3, 8, LOSE, r
12, 10, 190, 2022-01-20T17:09:50+09:00, 1, 11, LOSE, r
12, 11, 190, 2022-01-20T17:14:04+09:00, 1, 13, LOSE, r
12, 12, 190, 2022-01-20T17:18:18+09:00, 3, 14, LOSE, r
13, 1, 190, 2022-01-20T20:00:29+09:00, 15, 3, WIN, r
13, 2, 190, 2022-01-20T20:04:43+09:00, 11, 10, WIN, r
13, 3, 190, 2022-01-20T20:08:56+09:00, 14, 12, WIN, r
13, 4, 190, 2022-01-20T20:12:56+09:00, 7, 12, LOSE, r
13, 5, 190, 2022-01-20T20:17:10+09:00, 11, 15, LOSE, r
13, 6, 190, 2022-01-20T20:21:24+09:00, 2, 13, LOSE, r
13, 7, 190, 2022-01-20T20:25:37+09:00, 2, 12, LOSE, r
13, 8, 190, 2022-01-20T20:29:51+09:00, 5, 8, LOSE, r
13, 9, 190, 2022-01-20T20:34:05+09:00, 4, 6, LOSE, r
13, 10, 190, 2022-01-20T20:38:19+09:00, 6, 12, LOSE, r
13, 11, 190, 2022-01-20T20:42:33+09:00, 10, 15, LOSE, r
13, 12, 190, 2022-01-20T20:46:47+09:00, 2, 12, LOSE, r
14, 1, 190, 2022-01-20T23:28:45+09:00, 3, 1, WIN, r
14, 2, 190, 2022-01-20T23:32:58+09:00, 11, 6, WIN, r
14, 3, 190, 2022-01-20T23:37:12+09:00, 4, 2, WIN, r
14, 4, 190, 2022-01-20T23:41:26+09:00, 4, 15, LOSE, r
14, 5, 190, 2022-01-20T23:45:40+09:00, 3, 14, LOSE, r
14, 6, 190, 2022-01-20T23:49:53+09:00, 4, 7, LOSE, r
14, 7, 190, 2022-01-20T23:54:07+09:00, 1, 13, LOSE, r
14, 8, 190, 2022-01-20T23:58:21+09:00, 4, 11, LOSE, r
14, 9, 190, 2022-01-21T00:02:35+09:00, 14, 11, WIN, r
14, 10, 190, 2022-01-21T00:06:48+09:00, 2, 13, LOSE, r
14, 11, 190, 2022-01-21T00:11:02+09:00, 4, 11, LOSE, r
14, 12, 190, 2022-01-21T00:15:16+09:00, 3, 11, LOSE, r
15, 1, 190, 2022-01-21T02:58:06+09:00, 5, 1, WIN, r
15, 2, 190, 2022-01-21T03:02:20+09:00, 12, 4, WIN, r
15, 3, 190, 2022-01-21T03:06:33+09:00, 1, 12, LOSE, r
15, 4, 190, 2022-01-21T03:10:47+09:00, 3, 9, LOSE, r
15, 5, 190, 2022-01-21T03:15:01+09:00, 13, 16, LOSE, r
15, 6, 190, 2022-01-21T03:19:15+09:00, 12, 16, LOSE, r
15, 7, 190, 2022-01-21T03:23:28+09:00, 7, 12, LOSE, r
15, 8, 190, 2022-01-21T03:27:42+09:00, 4, 8, LOSE, r
15, 9, 190, 2022-01-21T03:31:56+09:00, 3, 13, LOSE, r
15, 10, 190, 2022-01-21T03:36:10+09:00, 4, 9, LOSE, r
15, 11, 190, 2022-01-21T03:40:24+09:00, 2, 12, LOSE, r
15, 12, 190, 2022-01-21T03:44:37+09:00, 6, 14, LOSE, r
16, 1, 190, 2022-01-21T06:27:16+09:00, 6, 10, LOSE, r
16, 2, 190, 2022-01-21T06:31:30+09:00, 8, 5, WIN, r
16, 3, 190, 2022-01-21T06:35:44+09:00, 13, 14, LOSE, r
16, 4, 190, 2022-01-21T06:39:57+09:00, 14, 9, WIN, r
16, 5, 190, 2022-01-21T06:44:11+09:00, 4, 14, LOSE, r
16, 6, 190, 2022-01-21T06:48:25+09:00, 5, 13, LOSE, r
16, 7, 190, 2022-01-21T06:52:39+09:00, 12, 13, LOSE, r
16, 8, 190, 2022-01-21T06:56:53+09:00, 5, 4, WIN, r
16, 9, 190, 2022-01-21T07:01:06+09:00, 4, 9, LOSE, r
16, 10, 190, 2022-01-21T07:05:20+09:00, 3, 13, LOSE, r
16, 11, 190, 2022-01-21T07:09:34+09:00, 4, 11, LOSE, r
16, 12, 190, 2022-01-21T07:13:48+09:00, 6, 12, LOSE, r
17, 1, 190, 2022-01-21T09:55:52+09:00, 3, 9, LOSE, r
17, 2, 190, 2022-01-21T10:00:06+09:00, 5, 5, LOSE, r
17, 3, 190, 2022-01-21T10:04:20+09:00, 5, 9, LOSE, r
17, 4, 190, 2022-01-21T10:08:34+09:00, 1, 11, LOSE, r
17, 5, 190, 2022-01-21T10:12:34+09:00, 12, 14, LOSE, r
17, 6, 190, 2022-01-21T10:16:48+09:00, 5, 13, LOSE, r
17, 7, 190, 2022-01-21T10:21:01+09:00, 5, 15, LOSE, r
17, 8, 190, 2022-01-21T10:25:16+09:00, 4, 11, LOSE, r
17, 9, 190, 2022-01-21T10:29:29+09:00, 7, 12, LOSE, r
17, 10, 190, 2022-01-21T10:33:43+09:00, 5, 15, LOSE, r
17, 11, 190, 2022-01-21T10:37:57+09:00, 3, 2, WIN, r
17, 12, 190, 2022-01-21T10:42:11+09:00, 6, 17, LOSE, r
0, 1, 190, 2022-01-21T13:17:59+09:00, 11, 1, WIN, r
0, 2, 190, 2022-01-21T13:22:13+09:00, 11, 1, WIN, r
0, 3, 190, 2022-01-21T13:26:27+09:00, 0, 10, LOSE, r
0, 4, 190, 2022-01-21T13:30:27+09:00, 4, 7, LOSE, r
0, 5, 190, 2022-01-21T13:34:41+09:00, 2, 13, LOSE, r
0, 6, 190, 2022-01-21T13:38:54+09:00, 7, 10, LOSE, r
0, 7, 190, 2022-01-21T13:43:08+09:00, 3, 14, LOSE, r
0, 8, 190, 2022-01-21T13:47:22+09:00, 10, 14, LOSE, r
0, 9, 190, 2022-01-21T13:51:36+09:00, 2, 12, LOSE, r
0, 10, 190, 2022-01-21T13:55:50+09:00, 3, 13, LOSE, r
0, 11, 190, 2022-01-21T13:59:50+09:00, 6, 8, LOSE, r
0, 12, 190, 2022-01-21T14:03:49+09:00, 2, 13, LOSE, r
1, 1, 190, 2022-01-21T15:54:06+09:00, 13, 8, WIN, r
1, 2, 190, 2022-01-21T15:58:19+09:00, 11, 1, WIN, r
1, 3, 190, 2022-01-21T16:02:33+09:00, 7, 8, LOSE, r
1, 4, 190, 2022-01-21T16:06:47+09:00, 6, 10, LOSE, r
1, 5, 190, 2022-01-21T16:11:01+09:00, 1, 11, LOSE, r
1, 6, 190, 2022-01-21T16:15:15+09:00, 2, 10, LOSE, r
1, 7, 190, 2022-01-21T16:19:28+09:00, 5, 17, LOSE, r
1, 8, 190, 2022-01-21T16:23:42+09:00, 4, 14, LOSE, r
1, 9, 190, 2022-01-21T16:27:57+09:00, 3, 5, LOSE, r
1, 10, 190, 2022-01-21T16:32:11+09:00, 3, 13, LOSE, r
1, 11, 190, 2022-01-21T16:36:25+09:00, 14, 12, WIN, r
1, 12, 190, 2022-01-21T16:40:38+09:00, 7, 11, LOSE, r
2, 1, 190, 2022-01-21T18:30:49+09:00, 14, 11, WIN, r
2, 2, 190, 2022-01-21T18:35:03+09:00, 7, 9, LOSE, r
2, 3, 190, 2022-01-21T18:39:17+09:00, 2, 12, LOSE, r
2, 4, 190, 2022-01-21T18:43:30+09:00, 2, 12, LOSE, r
2, 5, 190, 2022-01-21T18:47:44+09:00, 1, 12, LOSE, r
2, 6, 190, 2022-01-21T18:51:58+09:00, 1, 11, LOSE, r
2, 7, 190, 2022-01-21T18:56:12+09:00, 5, 12, LOSE, r
2, 8, 190, 2022-01-21T19:00:26+09:00, 2, 13, LOSE, r
2, 9, 190, 2022-01-21T19:04:39+09:00, 1, 11, LOSE, r
2, 10, 190, 2022-01-21T19:08:53+09:00, 14, 16, LOSE, r
2, 11, 190, 2022-01-21T19:13:07+09:00, 3, 8, LOSE, r
2, 12, 190, 2022-01-21T19:17:21+09:00, 2, 12, LOSE, r
3, 1, 190, 2022-01-21T21:07:41+09:00, 7, 1, WIN, r
3, 2, 190, 2022-01-21T21:11:54+09:00, 2, 13, LOSE, r
3, 3, 190, 2022-01-21T21:16:08+09:00, 4, 2, WIN, r
3, 4, 190, 2022-01-21T21:20:22+09:00, 4, 14, LOSE, r
3, 5, 190, 2022-01-21T21:24:36+09:00, 11, 15, LOSE, r
3, 6, 190, 2022-01-21T21:28:35+09:00, 10, 13, LOSE, r
3, 7, 190, 2022-01-21T21:32:49+09:00, 1, 11, LOSE, r
3, 8, 190, 2022-01-21T21:37:03+09:00, 4, 11, LOSE, r
3, 9, 190, 2022-01-21T21:41:17+09:00, 1, 11, LOSE, r
3, 10, 190, 2022-01-21T21:45:31+09:00, 2, 12, LOSE, r
3, 11, 190, 2022-01-21T21:49:45+09:00, 1, 11, LOSE, r
3, 12, 190, 2022-01-21T21:53:44+09:00, 0, 14, LOSE, r
4, 1, 190, 2022-01-21T23:43:45+09:00, 3, 1, WIN, r
4, 2, 190, 2022-01-21T23:47:59+09:00, 4, 3, WIN, r
4, 3, 190, 2022-01-21T23:52:13+09:00, 4, 8, LOSE, r
4, 4, 190, 2022-01-21T23:56:27+09:00, 11, 17, LOSE, r
4, 5, 190, 2022-01-22T00:00:41+09:00, 4, 14, LOSE, r
4, 6, 190, 2022-01-22T00:04:54+09:00, 10, 17, LOSE, r
4, 7, 190, 2022-01-22T00:08:54+09:00, 2, 12, LOSE, r
4, 8, 190, 2022-01-22T00:13:08+09:00, 5, 11, LOSE, r
4, 9, 190, 2022-01-22T00:17:22+09:00, 12, 9, WIN, r
4, 10, 190, 2022-01-22T00:21:36+09:00, 3, 13, LOSE, r
4, 11, 190, 2022-01-22T00:25:50+09:00, 3, 5, LOSE, r
4, 12, 190, 2022-01-22T00:30:03+09:00, 3, 14, LOSE, r
#--> latest commit:9ec7273ddb3d55bf7e6eeb345cc086cabbe8fd84 20220122021654 in burger_war_dev
5, 1, 190, 2022-01-22T02:22:06+09:00, 12, 2, WIN, r
5, 2, 190, 2022-01-22T02:26:06+09:00, 12, 1, WIN, r
5, 3, 190, 2022-01-22T02:30:19+09:00, 2, 12, LOSE, r
5, 4, 190, 2022-01-22T02:34:33+09:00, 6, 8, LOSE, r
5, 5, 190, 2022-01-22T02:38:47+09:00, 1, 11, LOSE, r
5, 6, 190, 2022-01-22T02:43:01+09:00, 1, 12, LOSE, r
5, 7, 190, 2022-01-22T02:47:15+09:00, 7, 12, LOSE, r
5, 8, 190, 2022-01-22T02:51:29+09:00, 10, 11, LOSE, r
5, 9, 190, 2022-01-22T02:55:42+09:00, 6, 13, LOSE, r
5, 10, 190, 2022-01-22T02:59:56+09:00, 3, 13, LOSE, r
5, 11, 190, 2022-01-22T03:04:10+09:00, 4, 9, LOSE, r
5, 12, 190, 2022-01-22T03:08:23+09:00, 3, 13, LOSE, r
6, 1, 190, 2022-01-22T04:58:50+09:00, 6, 8, LOSE, r
6, 2, 190, 2022-01-22T05:03:04+09:00, 4, 13, LOSE, r
6, 3, 190, 2022-01-22T05:07:18+09:00, 2, 12, LOSE, r
6, 4, 190, 2022-01-22T05:11:17+09:00, 14, 14, LOSE, r
6, 5, 190, 2022-01-22T05:15:31+09:00, 11, 15, LOSE, r
6, 6, 190, 2022-01-22T05:19:45+09:00, 8, 11, LOSE, r
6, 7, 190, 2022-01-22T05:23:59+09:00, 2, 12, LOSE, r
6, 8, 190, 2022-01-22T05:28:13+09:00, 4, 10, LOSE, r
6, 9, 190, 2022-01-22T05:32:27+09:00, 9, 11, LOSE, r
6, 10, 190, 2022-01-22T05:36:40+09:00, 2, 14, LOSE, r
6, 11, 190, 2022-01-22T05:40:54+09:00, 3, 12, LOSE, r
6, 12, 190, 2022-01-22T05:45:08+09:00, 2, 14, LOSE, r
7, 1, 190, 2022-01-22T07:35:26+09:00, 11, 1, WIN, r
7, 2, 190, 2022-01-22T07:39:40+09:00, 11, 1, WIN, r
7, 3, 190, 2022-01-22T07:43:54+09:00, 11, 12, LOSE, r
7, 4, 190, 2022-01-22T07:48:08+09:00, 2, 12, LOSE, r
7, 5, 190, 2022-01-22T07:52:21+09:00, 1, 15, LOSE, r
7, 6, 190, 2022-01-22T07:56:35+09:00, 2, 13, LOSE, r
7, 7, 190, 2022-01-22T08:00:49+09:00, 1, 11, LOSE, r
7, 8, 190, 2022-01-22T08:05:03+09:00, 4, 11, LOSE, r
7, 9, 190, 2022-01-22T08:09:17+09:00, 4, 9, LOSE, r
7, 10, 190, 2022-01-22T08:13:31+09:00, 9, 15, LOSE, r
7, 11, 190, 2022-01-22T08:17:30+09:00, 8, 8, LOSE, r
7, 12, 190, 2022-01-22T08:21:44+09:00, 1, 12, LOSE, r
8, 1, 190, 2022-01-22T10:12:02+09:00, 9, 6, WIN, r
8, 2, 190, 2022-01-22T10:16:15+09:00, 14, 4, WIN, r
8, 3, 190, 2022-01-22T10:20:29+09:00, 16, 7, WIN, r
8, 4, 190, 2022-01-22T10:24:43+09:00, 3, 16, LOSE, r
8, 5, 190, 2022-01-22T10:28:56+09:00, 3, 14, LOSE, r
8, 6, 190, 2022-01-22T10:33:10+09:00, 10, 10, LOSE, r
8, 7, 190, 2022-01-22T10:37:24+09:00, 2, 12, LOSE, r
8, 8, 190, 2022-01-22T10:41:37+09:00, 3, 0, WIN, r
8, 9, 190, 2022-01-22T10:45:51+09:00, 0, 10, LOSE, r
8, 10, 190, 2022-01-22T10:50:05+09:00, 9, 19, LOSE, r
8, 11, 190, 2022-01-22T10:54:19+09:00, 2, 4, LOSE, r
8, 12, 190, 2022-01-22T10:58:33+09:00, 6, 15, LOSE, r
9, 1, 190, 2022-01-22T12:49:10+09:00, 9, 12, LOSE, r
9, 2, 190, 2022-01-22T12:53:23+09:00, 3, 1, WIN, r
9, 3, 190, 2022-01-22T12:57:37+09:00, 12, 8, WIN, r
9, 4, 190, 2022-01-22T13:01:51+09:00, 5, 9, LOSE, r
9, 5, 190, 2022-01-22T13:06:05+09:00, 11, 15, LOSE, r
9, 6, 190, 2022-01-22T13:10:19+09:00, 5, 10, LOSE, r
9, 7, 190, 2022-01-22T13:14:33+09:00, 10, 12, LOSE, r
9, 8, 190, 2022-01-22T13:18:47+09:00, 7, 8, LOSE, r
9, 9, 190, 2022-01-22T13:23:01+09:00, 8, 11, LOSE, r
9, 10, 190, 2022-01-22T13:27:15+09:00, 4, 12, LOSE, r
9, 11, 190, 2022-01-22T13:31:28+09:00, 5, 11, LOSE, r
9, 12, 190, 2022-01-22T13:35:42+09:00, 1, 11, LOSE, r
10, 1, 190, 2022-01-22T15:26:02+09:00, 3, 1, WIN, r
10, 2, 190, 2022-01-22T15:30:16+09:00, 6, 10, LOSE, r
10, 3, 190, 2022-01-22T15:34:29+09:00, 5, 7, LOSE, r
10, 4, 190, 2022-01-22T15:38:43+09:00, 6, 8, LOSE, r
10, 5, 190, 2022-01-22T15:42:57+09:00, 4, 14, LOSE, r
10, 6, 190, 2022-01-22T15:47:11+09:00, 3, 9, LOSE, r
10, 7, 190, 2022-01-22T15:51:25+09:00, 4, 15, LOSE, r
10, 8, 190, 2022-01-22T15:55:38+09:00, 4, 0, WIN, r
10, 9, 190, 2022-01-22T15:59:52+09:00, 8, 12, LOSE, r
10, 10, 190, 2022-01-22T16:04:06+09:00, 1, 12, LOSE, r
10, 11, 190, 2022-01-22T16:08:20+09:00, 7, 9, LOSE, r
10, 12, 190, 2022-01-22T16:12:34+09:00, 5, 15, LOSE, r
11, 1, 190, 2022-01-22T18:02:37+09:00, 6, 1, WIN, r
11, 2, 190, 2022-01-22T18:06:51+09:00, 6, 5, WIN, r
11, 3, 190, 2022-01-22T18:11:04+09:00, 5, 11, LOSE, r
11, 4, 190, 2022-01-22T18:15:18+09:00, 0, 10, LOSE, r
11, 5, 190, 2022-01-22T18:19:32+09:00, 13, 16, LOSE, r
11, 6, 190, 2022-01-22T18:23:46+09:00, 3, 6, LOSE, r
11, 7, 190, 2022-01-22T18:28:00+09:00, 2, 15, LOSE, r
11, 8, 190, 2022-01-22T18:32:13+09:00, 3, 0, WIN, r
11, 9, 190, 2022-01-22T18:36:27+09:00, 4, 10, LOSE, r
11, 10, 190, 2022-01-22T18:40:42+09:00, 1, 11, LOSE, r
11, 11, 190, 2022-01-22T18:44:56+09:00, 3, 12, LOSE, r
11, 12, 190, 2022-01-22T18:49:10+09:00, 2, 12, LOSE, r
12, 1, 190, 2022-01-22T20:39:28+09:00, 10, 0, WIN, r
12, 2, 190, 2022-01-22T20:43:41+09:00, 3, 7, LOSE, r
12, 3, 190, 2022-01-22T20:47:55+09:00, 4, 3, WIN, r
12, 4, 190, 2022-01-22T20:52:09+09:00, 5, 11, LOSE, r
12, 5, 190, 2022-01-22T20:56:23+09:00, 12, 1, WIN, r
12, 6, 190, 2022-01-22T21:00:36+09:00, 2, 13, LOSE, r
12, 7, 190, 2022-01-22T21:04:50+09:00, 2, 10, LOSE, r
12, 8, 190, 2022-01-22T21:09:04+09:00, 3, 8, LOSE, r
12, 9, 190, 2022-01-22T21:13:18+09:00, 9, 10, LOSE, r
12, 10, 190, 2022-01-22T21:17:18+09:00, 5, 15, LOSE, r
12, 11, 190, 2022-01-22T21:21:32+09:00, 2, 13, LOSE, r
12, 12, 190, 2022-01-22T21:25:46+09:00, 2, 14, LOSE, r
13, 1, 190, 2022-01-22T23:15:59+09:00, 15, 12, WIN, r
13, 2, 190, 2022-01-22T23:20:12+09:00, 2, 10, LOSE, r
13, 3, 190, 2022-01-22T23:24:26+09:00, 7, 5, WIN, r
13, 4, 190, 2022-01-22T23:28:40+09:00, 7, 12, LOSE, r
13, 5, 190, 2022-01-22T23:32:54+09:00, 5, 15, LOSE, r
13, 6, 190, 2022-01-22T23:37:07+09:00, 2, 13, LOSE, r
13, 7, 190, 2022-01-22T23:41:21+09:00, 5, 16, LOSE, r
13, 8, 190, 2022-01-22T23:45:35+09:00, 4, 11, LOSE, r
13, 9, 190, 2022-01-22T23:49:49+09:00, 4, 6, LOSE, r
13, 10, 190, 2022-01-22T23:54:03+09:00, 3, 14, LOSE, r
13, 11, 190, 2022-01-22T23:58:17+09:00, 3, 14, LOSE, r
13, 12, 190, 2022-01-23T00:02:16+09:00, 3, 12, LOSE, r
14, 1, 190, 2022-01-23T01:52:39+09:00, 3, 9, LOSE, r
14, 2, 190, 2022-01-23T01:56:53+09:00, 6, 2, WIN, r
14, 3, 190, 2022-01-23T02:01:07+09:00, 4, 9, LOSE, r
14, 4, 190, 2022-01-23T02:05:21+09:00, 5, 12, LOSE, r
14, 5, 190, 2022-01-23T02:09:35+09:00, 12, 22, LOSE, r
14, 6, 190, 2022-01-23T02:13:48+09:00, 10, 13, LOSE, r
14, 7, 190, 2022-01-23T02:18:02+09:00, 3, 13, LOSE, r
14, 8, 190, 2022-01-23T02:22:16+09:00, 1, 11, LOSE, r
14, 9, 190, 2022-01-23T02:26:30+09:00, 6, 7, LOSE, r
14, 10, 190, 2022-01-23T02:30:44+09:00, 2, 14, LOSE, r
14, 11, 190, 2022-01-23T02:34:58+09:00, 0, 10, LOSE, r
14, 12, 190, 2022-01-23T02:39:11+09:00, 3, 9, LOSE, r
15, 1, 190, 2022-01-23T04:29:38+09:00, 6, 1, WIN, r
15, 2, 190, 2022-01-23T04:33:52+09:00, 6, 10, LOSE, r
15, 3, 190, 2022-01-23T04:38:06+09:00, 15, 6, WIN, r
15, 4, 190, 2022-01-23T04:42:20+09:00, 1, 14, LOSE, r
15, 5, 190, 2022-01-23T04:46:33+09:00, 2, 13, LOSE, r
15, 6, 190, 2022-01-23T04:50:47+09:00, 1, 13, LOSE, r
15, 7, 190, 2022-01-23T04:55:01+09:00, 7, 14, LOSE, r
15, 8, 190, 2022-01-23T04:59:15+09:00, 9, 12, LOSE, r
15, 9, 190, 2022-01-23T05:03:29+09:00, 6, 10, LOSE, r
15, 10, 190, 2022-01-23T05:07:43+09:00, 2, 14, LOSE, r
15, 11, 190, 2022-01-23T05:11:57+09:00, 6, 10, LOSE, r
15, 12, 190, 2022-01-23T05:16:10+09:00, 3, 11, LOSE, r
16, 1, 190, 2022-01-23T07:06:35+09:00, 16, 13, WIN, r
16, 2, 190, 2022-01-23T07:10:49+09:00, 13, 9, WIN, r
16, 3, 190, 2022-01-23T07:15:03+09:00, 4, 11, LOSE, r
16, 4, 190, 2022-01-23T07:19:16+09:00, 1, 12, LOSE, r
16, 5, 190, 2022-01-23T07:23:30+09:00, 1, 11, LOSE, r
16, 6, 190, 2022-01-23T07:27:44+09:00, 13, 21, LOSE, r
16, 7, 190, 2022-01-23T07:31:58+09:00, 9, 11, LOSE, r
16, 8, 190, 2022-01-23T07:36:12+09:00, 1, 11, LOSE, r
16, 9, 190, 2022-01-23T07:40:26+09:00, 9, 9, LOSE, r
16, 10, 190, 2022-01-23T07:44:40+09:00, 1, 11, LOSE, r
16, 11, 190, 2022-01-23T07:48:54+09:00, 3, 10, LOSE, r
16, 12, 190, 2022-01-23T07:53:08+09:00, 2, 14, LOSE, r
17, 1, 190, 2022-01-23T09:43:16+09:00, 14, 3, WIN, r
17, 2, 190, 2022-01-23T09:47:30+09:00, 3, 5, LOSE, r
17, 3, 190, 2022-01-23T09:51:44+09:00, 3, 13, LOSE, r
17, 4, 190, 2022-01-23T09:55:57+09:00, 14, 9, WIN, r
17, 5, 190, 2022-01-23T10:00:11+09:00, 1, 11, LOSE, r
17, 6, 190, 2022-01-23T10:04:25+09:00, 1, 15, LOSE, r
17, 7, 190, 2022-01-23T10:08:38+09:00, 2, 12, LOSE, r
17, 8, 190, 2022-01-23T10:12:53+09:00, 2, 0, WIN, r
17, 9, 190, 2022-01-23T10:17:07+09:00, 3, 4, LOSE, r
17, 10, 190, 2022-01-23T10:21:20+09:00, 11, 17, LOSE, r
17, 11, 190, 2022-01-23T10:25:36+09:00, 2, 12, LOSE, r
17, 12, 190, 2022-01-23T10:29:50+09:00, 3, 14, LOSE, r
18, 1, 190, 2022-01-23T12:19:49+09:00, 4, 1, WIN, r
18, 2, 190, 2022-01-23T12:24:02+09:00, 3, 4, LOSE, r
18, 3, 190, 2022-01-23T12:28:16+09:00, 2, 2, LOSE, r
18, 4, 190, 2022-01-23T12:32:30+09:00, 2, 9, LOSE, r
18, 5, 190, 2022-01-23T12:36:44+09:00, 13, 17, LOSE, r
18, 6, 190, 2022-01-23T12:40:58+09:00, 12, 13, LOSE, r
18, 7, 190, 2022-01-23T12:45:11+09:00, 4, 15, LOSE, r
18, 8, 190, 2022-01-23T12:49:25+09:00, 3, 0, WIN, r
18, 9, 190, 2022-01-23T12:53:39+09:00, 9, 13, LOSE, r
18, 10, 190, 2022-01-23T12:57:53+09:00, 3, 15, LOSE, r
18, 11, 190, 2022-01-23T13:02:07+09:00, 3, 7, LOSE, r
18, 12, 190, 2022-01-23T13:06:20+09:00, 3, 14, LOSE, r
19, 1, 190, 2022-01-23T14:56:51+09:00, 12, 9, WIN, r
19, 2, 190, 2022-01-23T15:01:05+09:00, 6, 7, LOSE, r
19, 3, 190, 2022-01-23T15:05:19+09:00, 6, 10, LOSE, r
19, 4, 190, 2022-01-23T15:09:33+09:00, 5, 14, LOSE, r
19, 5, 190, 2022-01-23T15:13:46+09:00, 1, 11, LOSE, r
19, 6, 190, 2022-01-23T15:18:00+09:00, 2, 12, LOSE, r
19, 7, 190, 2022-01-23T15:22:14+09:00, 12, 13, LOSE, r
19, 8, 190, 2022-01-23T15:26:28+09:00, 3, 0, WIN, r
19, 9, 190, 2022-01-23T15:30:42+09:00, 2, 9, LOSE, r
19, 10, 190, 2022-01-23T15:34:56+09:00, 3, 13, LOSE, r
19, 11, 190, 2022-01-23T15:39:09+09:00, 1, 13, LOSE, r
19, 12, 190, 2022-01-23T15:43:23+09:00, 3, 11, LOSE, r
20, 1, 190, 2022-01-23T17:35:30+09:00, 3, 1, WIN, r
20, 2, 190, 2022-01-23T17:39:44+09:00, 3, 7, LOSE, r
20, 3, 190, 2022-01-23T17:43:43+09:00, 2, 12, LOSE, r
20, 4, 190, 2022-01-23T17:47:57+09:00, 2, 9, LOSE, r
20, 5, 190, 2022-01-23T17:52:11+09:00, 11, 18, LOSE, r
20, 6, 190, 2022-01-23T17:56:25+09:00, 11, 15, LOSE, r
20, 7, 190, 2022-01-23T18:00:39+09:00, 1, 13, LOSE, r
20, 8, 190, 2022-01-23T18:04:38+09:00, 2, 12, LOSE, r
20, 9, 190, 2022-01-23T18:08:52+09:00, 10, 8, WIN, r
20, 10, 190, 2022-01-23T18:13:06+09:00, 2, 14, LOSE, r
20, 11, 190, 2022-01-23T18:17:20+09:00, 3, 11, LOSE, r
20, 12, 190, 2022-01-23T18:21:35+09:00, 3, 11, LOSE, r
21, 1, 190, 2022-01-23T20:13:33+09:00, 9, 9, LOSE, r
21, 2, 190, 2022-01-23T20:17:46+09:00, 15, 6, WIN, r
21, 3, 190, 2022-01-23T20:22:01+09:00, 2, 10, LOSE, r
21, 4, 190, 2022-01-23T20:26:14+09:00, 12, 11, WIN, r
21, 5, 190, 2022-01-23T20:30:28+09:00, 6, 12, LOSE, r
21, 6, 190, 2022-01-23T20:34:42+09:00, 11, 22, LOSE, r
21, 7, 190, 2022-01-23T20:38:56+09:00, 8, 12, LOSE, r
21, 8, 190, 2022-01-23T20:43:10+09:00, 7, 10, LOSE, r
21, 9, 190, 2022-01-23T20:47:10+09:00, 2, 9, LOSE, r
21, 10, 190, 2022-01-23T20:51:24+09:00, 2, 14, LOSE, r
21, 11, 190, 2022-01-23T20:55:37+09:00, 4, 5, LOSE, r
21, 12, 190, 2022-01-23T20:59:51+09:00, 3, 11, LOSE, r
22, 1, 190, 2022-01-23T22:50:04+09:00, 7, 12, LOSE, r
22, 2, 190, 2022-01-23T22:54:18+09:00, 12, 1, WIN, r
22, 3, 190, 2022-01-23T22:58:32+09:00, 2, 6, LOSE, r
22, 4, 190, 2022-01-23T23:02:45+09:00, 2, 13, LOSE, r
22, 5, 190, 2022-01-23T23:06:59+09:00, 1, 11, LOSE, r
22, 6, 190, 2022-01-23T23:11:13+09:00, 14, 16, LOSE, r
22, 7, 190, 2022-01-23T23:15:27+09:00, 2, 15, LOSE, r
22, 8, 190, 2022-01-23T23:19:41+09:00, 7, 4, WIN, r
22, 9, 190, 2022-01-23T23:23:55+09:00, 4, 14, LOSE, r
22, 10, 190, 2022-01-23T23:28:09+09:00, 12, 15, LOSE, r
22, 11, 190, 2022-01-23T23:32:23+09:00, 1, 11, LOSE, r
22, 12, 190, 2022-01-23T23:36:37+09:00, 6, 14, LOSE, r
23, 1, 190, 2022-01-24T01:27:01+09:00, 12, 8, WIN, r
23, 2, 190, 2022-01-24T01:31:15+09:00, 7, 4, WIN, r
23, 3, 190, 2022-01-24T01:35:29+09:00, 4, 12, LOSE, r
23, 4, 190, 2022-01-24T01:39:43+09:00, 6, 12, LOSE, r
23, 5, 190, 2022-01-24T01:43:57+09:00, 4, 14, LOSE, r
23, 6, 190, 2022-01-24T01:48:10+09:00, 12, 14, LOSE, r
23, 7, 190, 2022-01-24T01:52:25+09:00, 0, 11, LOSE, r
23, 8, 190, 2022-01-24T01:56:39+09:00, 8, 12, LOSE, r
23, 9, 190, 2022-01-24T02:00:53+09:00, 7, 12, LOSE, r
23, 10, 190, 2022-01-24T02:05:06+09:00, 1, 11, LOSE, r
23, 11, 190, 2022-01-24T02:09:20+09:00, 2, 11, LOSE, r
23, 12, 190, 2022-01-24T02:13:34+09:00, 3, 11, LOSE, r
24, 1, 190, 2022-01-24T04:03:56+09:00, 12, 11, WIN, r
24, 2, 190, 2022-01-24T04:08:10+09:00, 8, 9, LOSE, r
24, 3, 190, 2022-01-24T04:12:24+09:00, 5, 12, LOSE, r
24, 4, 190, 2022-01-24T04:16:37+09:00, 7, 9, LOSE, r
24, 5, 190, 2022-01-24T04:20:51+09:00, 2, 13, LOSE, r
24, 6, 190, 2022-01-24T04:25:05+09:00, 12, 1, WIN, r
24, 7, 190, 2022-01-24T04:29:19+09:00, 12, 10, WIN, r
24, 8, 190, 2022-01-24T04:33:33+09:00, 2, 12, LOSE, r
24, 9, 190, 2022-01-24T04:37:47+09:00, 2, 12, LOSE, r
24, 10, 190, 2022-01-24T04:42:01+09:00, 11, 16, LOSE, r
24, 11, 190, 2022-01-24T04:46:15+09:00, 4, 9, LOSE, r
24, 12, 190, 2022-01-24T04:50:29+09:00, 4, 14, LOSE, r
25, 1, 190, 2022-01-24T06:41:01+09:00, 15, 11, WIN, r
25, 2, 190, 2022-01-24T06:45:01+09:00, 10, 5, WIN, r
25, 3, 190, 2022-01-24T06:49:15+09:00, 2, 2, LOSE, r
25, 4, 190, 2022-01-24T06:53:29+09:00, 6, 9, LOSE, r
25, 5, 190, 2022-01-24T06:57:43+09:00, 11, 15, LOSE, r
25, 6, 190, 2022-01-24T07:01:57+09:00, 2, 9, LOSE, r
25, 7, 190, 2022-01-24T07:06:10+09:00, 0, 10, LOSE, r
25, 8, 190, 2022-01-24T07:10:24+09:00, 13, 14, LOSE, r
25, 9, 190, 2022-01-24T07:14:38+09:00, 2, 12, LOSE, r
25, 10, 190, 2022-01-24T07:18:52+09:00, 3, 13, LOSE, r
25, 11, 190, 2022-01-24T07:23:06+09:00, 6, 11, LOSE, r
25, 12, 190, 2022-01-24T07:27:20+09:00, 3, 9, LOSE, r
26, 1, 190, 2022-01-24T09:17:54+09:00, 6, 1, WIN, r
26, 2, 190, 2022-01-24T09:22:08+09:00, 1, 10, LOSE, r
26, 3, 190, 2022-01-24T09:26:22+09:00, 2, 8, LOSE, r
26, 4, 190, 2022-01-24T09:30:36+09:00, 14, 14, LOSE, r
26, 5, 190, 2022-01-24T09:34:50+09:00, 9, 22, LOSE, r
26, 6, 190, 2022-01-24T09:39:04+09:00, 14, 12, WIN, r
26, 7, 190, 2022-01-24T09:43:18+09:00, 5, 11, LOSE, r
26, 8, 190, 2022-01-24T09:47:31+09:00, 10, 11, LOSE, r
26, 9, 190, 2022-01-24T09:51:45+09:00, 12, 12, LOSE, r
26, 10, 190, 2022-01-24T09:55:59+09:00, 2, 13, LOSE, r
26, 11, 190, 2022-01-24T10:00:13+09:00, 15, 12, WIN, r
26, 12, 190, 2022-01-24T10:04:27+09:00, 7, 17, LOSE, r
27, 1, 190, 2022-01-24T11:55:11+09:00, 12, 1, WIN, r
27, 2, 190, 2022-01-24T11:59:25+09:00, 5, 5, LOSE, r
27, 3, 190, 2022-01-24T12:03:39+09:00, 2, 12, LOSE, r
27, 4, 190, 2022-01-24T12:07:53+09:00, 9, 11, LOSE, r
27, 5, 190, 2022-01-24T12:12:07+09:00, 1, 11, LOSE, r
27, 6, 190, 2022-01-24T12:16:20+09:00, 8, 15, LOSE, r
27, 7, 190, 2022-01-24T12:20:34+09:00, 1, 13, LOSE, r
27, 8, 190, 2022-01-24T12:24:48+09:00, 12, 7, WIN, r
27, 9, 190, 2022-01-24T12:29:02+09:00, 13, 14, LOSE, r
27, 10, 190, 2022-01-24T12:33:16+09:00, 5, 16, LOSE, r
27, 11, 190, 2022-01-24T12:37:30+09:00, 6, 7, LOSE, r
27, 12, 190, 2022-01-24T12:41:44+09:00, 2, 14, LOSE, r
#--> latest commit:aea8d12efce8ac68e95a36f7c43456727f2d0cee 20220124022844 in burger_war_dev
28, 1, 190, 2022-01-24T14:33:59+09:00, 6, 1, WIN, r
28, 2, 190, 2022-01-24T14:38:13+09:00, 3, 10, LOSE, r
28, 3, 190, 2022-01-24T14:42:27+09:00, 0, 10, LOSE, r
28, 4, 190, 2022-01-24T14:46:40+09:00, 12, 12, LOSE, r
28, 5, 190, 2022-01-24T14:50:54+09:00, 11, 15, LOSE, r
28, 6, 190, 2022-01-24T14:55:08+09:00, 2, 13, LOSE, r
28, 7, 190, 2022-01-24T14:59:22+09:00, 5, 15, LOSE, r
28, 8, 190, 2022-01-24T15:03:37+09:00, 3, 0, WIN, r
28, 9, 190, 2022-01-24T15:07:50+09:00, 3, 13, LOSE, r
28, 10, 190, 2022-01-24T15:12:05+09:00, 4, 15, LOSE, r
28, 11, 190, 2022-01-24T15:16:19+09:00, 14, 12, WIN, r
28, 12, 190, 2022-01-24T15:20:32+09:00, 1, 11, LOSE, r
29, 1, 190, 2022-01-24T17:11:13+09:00, 16, 12, WIN, r
29, 2, 190, 2022-01-24T17:15:27+09:00, 3, 10, LOSE, r
29, 3, 190, 2022-01-24T17:19:41+09:00, 0, 10, LOSE, r
29, 4, 190, 2022-01-24T17:23:40+09:00, 6, 9, LOSE, r
29, 5, 190, 2022-01-24T17:27:54+09:00, 14, 3, WIN, r
29, 6, 190, 2022-01-24T17:32:08+09:00, 1, 11, LOSE, r
29, 7, 190, 2022-01-24T17:36:22+09:00, 7, 11, LOSE, r
29, 8, 190, 2022-01-24T17:40:36+09:00, 4, 11, LOSE, r
29, 9, 190, 2022-01-24T17:44:50+09:00, 13, 14, LOSE, r
29, 10, 190, 2022-01-24T17:49:04+09:00, 2, 13, LOSE, r
29, 11, 190, 2022-01-24T17:53:18+09:00, 5, 9, LOSE, r
29, 12, 190, 2022-01-24T17:57:32+09:00, 6, 14, LOSE, r
30, 1, 190, 2022-01-24T19:47:31+09:00, 13, 3, WIN, r
30, 2, 190, 2022-01-24T19:51:45+09:00, 3, 10, LOSE, r
30, 3, 190, 2022-01-24T19:55:59+09:00, 2, 12, LOSE, r
30, 4, 190, 2022-01-24T20:00:14+09:00, 14, 20, LOSE, r
30, 5, 190, 2022-01-24T20:04:28+09:00, 12, 14, LOSE, r
30, 6, 190, 2022-01-24T20:08:42+09:00, 11, 14, LOSE, r
30, 7, 190, 2022-01-24T20:12:41+09:00, 3, 15, LOSE, r
30, 8, 190, 2022-01-24T20:16:55+09:00, 4, 11, LOSE, r
30, 9, 190, 2022-01-24T20:21:09+09:00, 8, 10, LOSE, r
30, 10, 190, 2022-01-24T20:25:23+09:00, 1, 13, LOSE, r
30, 11, 190, 2022-01-24T20:29:37+09:00, 9, 0, WIN, r
30, 12, 190, 2022-01-24T20:33:51+09:00, 4, 14, LOSE, r
31, 1, 190, 2022-01-24T22:26:07+09:00, 3, 1, WIN, r
31, 2, 190, 2022-01-24T22:30:21+09:00, 5, 2, WIN, r
31, 3, 190, 2022-01-24T22:34:35+09:00, 3, 4, LOSE, r
31, 4, 190, 2022-01-24T22:38:49+09:00, 2, 14, LOSE, r
31, 5, 190, 2022-01-24T22:43:02+09:00, 1, 11, LOSE, r
31, 6, 190, 2022-01-24T22:47:16+09:00, 2, 12, LOSE, r
31, 7, 190, 2022-01-24T22:51:30+09:00, 4, 7, LOSE, r
31, 8, 190, 2022-01-24T22:55:44+09:00, 3, 3, LOSE, r
31, 9, 190, 2022-01-24T22:59:59+09:00, 4, 4, LOSE, r
31, 10, 190, 2022-01-24T23:04:12+09:00, 4, 13, LOSE, r
31, 11, 190, 2022-01-24T23:08:26+09:00, 9, 14, LOSE, r
31, 12, 190, 2022-01-24T23:12:40+09:00, 3, 11, LOSE, r
32, 1, 190, 2022-01-25T01:03:05+09:00, 3, 1, WIN, r
32, 2, 190, 2022-01-25T01:07:19+09:00, 5, 12, LOSE, r
32, 3, 190, 2022-01-25T01:11:33+09:00, 5, 5, LOSE, r
32, 4, 190, 2022-01-25T01:15:47+09:00, 7, 12, LOSE, r
32, 5, 190, 2022-01-25T01:20:01+09:00, 2, 13, LOSE, r
32, 6, 190, 2022-01-25T01:24:15+09:00, 4, 14, LOSE, r
32, 7, 190, 2022-01-25T01:28:29+09:00, 2, 16, LOSE, r
32, 8, 190, 2022-01-25T01:32:43+09:00, 3, 0, WIN, r
32, 9, 190, 2022-01-25T01:36:57+09:00, 7, 7, LOSE, r
32, 10, 190, 2022-01-25T01:41:11+09:00, 10, 19, LOSE, r
32, 11, 190, 2022-01-25T01:45:25+09:00, 1, 11, LOSE, r
32, 12, 190, 2022-01-25T01:49:39+09:00, 6, 14, LOSE, r
33, 1, 190, 2022-01-25T03:42:22+09:00, 4, 1, WIN, r
33, 2, 190, 2022-01-25T03:46:36+09:00, 4, 9, LOSE, r
33, 3, 190, 2022-01-25T03:50:50+09:00, 5, 5, LOSE, r
33, 4, 190, 2022-01-25T03:55:04+09:00, 2, 12, LOSE, r
33, 5, 190, 2022-01-25T03:59:17+09:00, 11, 15, LOSE, r
33, 6, 190, 2022-01-25T04:03:31+09:00, 14, 8, WIN, r
33, 7, 190, 2022-01-25T04:07:45+09:00, 6, 11, LOSE, r
33, 8, 190, 2022-01-25T04:11:59+09:00, 3, 0, WIN, r
33, 9, 190, 2022-01-25T04:16:13+09:00, 5, 9, LOSE, r
33, 10, 190, 2022-01-25T04:20:27+09:00, 1, 12, LOSE, r
33, 11, 190, 2022-01-25T04:24:26+09:00, 4, 12, LOSE, r
33, 12, 190, 2022-01-25T04:28:41+09:00, 2, 12, LOSE, r
34, 1, 190, 2022-01-25T06:18:47+09:00, 4, 1, WIN, r
34, 2, 190, 2022-01-25T06:23:01+09:00, 6, 6, LOSE, r
34, 3, 190, 2022-01-25T06:27:14+09:00, 5, 3, WIN, r
34, 4, 190, 2022-01-25T06:31:28+09:00, 6, 8, LOSE, r
34, 5, 190, 2022-01-25T06:35:42+09:00, 12, 14, LOSE, r
34, 6, 190, 2022-01-25T06:39:56+09:00, 2, 10, LOSE, r
34, 7, 190, 2022-01-25T06:44:10+09:00, 1, 10, LOSE, r
34, 8, 190, 2022-01-25T06:48:24+09:00, 3, 0, WIN, r
34, 9, 190, 2022-01-25T06:52:38+09:00, 6, 9, LOSE, r
34, 10, 190, 2022-01-25T06:56:52+09:00, 10, 14, LOSE, r
34, 11, 190, 2022-01-25T07:01:05+09:00, 6, 4, WIN, r
34, 12, 190, 2022-01-25T07:05:19+09:00, 2, 13, LOSE, r
35, 1, 190, 2022-01-25T08:55:41+09:00, 6, 1, WIN, r
35, 2, 190, 2022-01-25T08:59:55+09:00, 11, 7, WIN, r
35, 3, 190, 2022-01-25T09:04:09+09:00, 7, 12, LOSE, r
35, 4, 190, 2022-01-25T09:08:10+09:00, 2, 13, LOSE, r
35, 5, 190, 2022-01-25T09:12:24+09:00, 13, 16, LOSE, r
35, 6, 190, 2022-01-25T09:16:37+09:00, 2, 12, LOSE, r
35, 7, 190, 2022-01-25T09:20:51+09:00, 13, 9, WIN, r
35, 8, 190, 2022-01-25T09:25:05+09:00, 5, 4, WIN, r
35, 9, 190, 2022-01-25T09:29:19+09:00, 7, 13, LOSE, r
35, 10, 190, 2022-01-25T09:33:33+09:00, 11, 16, LOSE, r
35, 11, 190, 2022-01-25T09:37:47+09:00, 3, 7, LOSE, r
35, 12, 190, 2022-01-25T09:42:01+09:00, 2, 12, LOSE, r
36, 1, 190, 2022-01-25T11:31:34+09:00, 5, 8, LOSE, r
36, 2, 190, 2022-01-25T11:35:48+09:00, 3, 5, LOSE, r
36, 3, 190, 2022-01-25T11:40:02+09:00, 2, 13, LOSE, r
36, 4, 190, 2022-01-25T11:44:16+09:00, 2, 4, LOSE, r
36, 5, 190, 2022-01-25T11:48:30+09:00, 12, 13, LOSE, r
36, 6, 190, 2022-01-25T11:52:44+09:00, 11, 8, WIN, r
36, 7, 190, 2022-01-25T11:56:44+09:00, 11, 15, LOSE, r
36, 8, 190, 2022-01-25T12:00:58+09:00, 2, 12, LOSE, r
36, 9, 190, 2022-01-25T12:05:11+09:00, 11, 6, WIN, r
36, 10, 190, 2022-01-25T12:09:25+09:00, 3, 14, LOSE, r
36, 11, 190, 2022-01-25T12:13:39+09:00, 10, 11, LOSE, r
36, 12, 190, 2022-01-25T12:17:53+09:00, 3, 14, LOSE, r
37, 1, 190, 2022-01-25T14:08:25+09:00, 15, 12, WIN, r
37, 2, 190, 2022-01-25T14:12:38+09:00, 10, 9, WIN, r
37, 3, 190, 2022-01-25T14:16:52+09:00, 6, 14, LOSE, r
37, 4, 190, 2022-01-25T14:21:07+09:00, 15, 9, WIN, r
37, 5, 190, 2022-01-25T14:25:21+09:00, 12, 14, LOSE, r
37, 6, 190, 2022-01-25T14:29:34+09:00, 11, 4, WIN, r
37, 7, 190, 2022-01-25T14:33:48+09:00, 11, 11, LOSE, r
37, 8, 190, 2022-01-25T14:38:02+09:00, 2, 12, LOSE, r
37, 9, 190, 2022-01-25T14:42:16+09:00, 9, 8, WIN, r
37, 10, 190, 2022-01-25T14:46:30+09:00, 4, 14, LOSE, r
37, 11, 190, 2022-01-25T14:50:44+09:00, 2, 12, LOSE, r
37, 12, 190, 2022-01-25T14:54:59+09:00, 6, 11, LOSE, r
38, 1, 190, 2022-01-25T16:45:17+09:00, 11, 9, WIN, r
38, 2, 190, 2022-01-25T16:49:31+09:00, 3, 5, LOSE, r
38, 3, 190, 2022-01-25T16:53:45+09:00, 2, 13, LOSE, r
38, 4, 190, 2022-01-25T16:57:59+09:00, 13, 10, WIN, r
38, 5, 190, 2022-01-25T17:02:12+09:00, 12, 17, LOSE, r
38, 6, 190, 2022-01-25T17:06:26+09:00, 2, 13, LOSE, r
38, 7, 190, 2022-01-25T17:10:40+09:00, 13, 8, WIN, r
38, 8, 190, 2022-01-25T17:14:54+09:00, 2, 6, LOSE, r
38, 9, 190, 2022-01-25T17:19:08+09:00, 4, 13, LOSE, r
38, 10, 190, 2022-01-25T17:23:22+09:00, 3, 14, LOSE, r
38, 11, 190, 2022-01-25T17:27:36+09:00, 2, 12, LOSE, r
38, 12, 190, 2022-01-25T17:31:50+09:00, 2, 14, LOSE, r
39, 1, 190, 2022-01-25T19:26:32+09:00, 15, 4, WIN, r
39, 2, 190, 2022-01-25T19:30:48+09:00, 6, 9, LOSE, r
39, 3, 190, 2022-01-25T19:35:03+09:00, 13, 9, WIN, r
39, 4, 190, 2022-01-25T19:39:19+09:00, 12, 7, WIN, r
39, 5, 190, 2022-01-25T19:43:35+09:00, 4, 14, LOSE, r
39, 6, 190, 2022-01-25T19:47:50+09:00, 3, 14, LOSE, r
39, 7, 190, 2022-01-25T19:52:06+09:00, 2, 12, LOSE, r
39, 8, 190, 2022-01-25T19:56:22+09:00, 3, 4, LOSE, r
39, 9, 190, 2022-01-25T20:00:38+09:00, 1, 11, LOSE, r
39, 10, 190, 2022-01-25T20:04:54+09:00, 3, 13, LOSE, r
39, 11, 190, 2022-01-25T20:09:09+09:00, 3, 4, LOSE, r
39, 12, 190, 2022-01-25T20:13:25+09:00, 7, 13, LOSE, r
40, 1, 190, 2022-01-25T22:09:57+09:00, 8, 11, LOSE, r
40, 2, 190, 2022-01-25T22:14:13+09:00, 5, 9, LOSE, r
40, 3, 190, 2022-01-25T22:18:29+09:00, 11, 6, WIN, r
40, 4, 190, 2022-01-25T22:22:45+09:00, 5, 9, LOSE, r
40, 5, 190, 2022-01-25T22:27:01+09:00, 14, 17, LOSE, r
40, 6, 190, 2022-01-25T22:31:17+09:00, 13, 16, LOSE, r
40, 7, 190, 2022-01-25T22:35:33+09:00, 5, 12, LOSE, r
40, 8, 190, 2022-01-25T22:39:49+09:00, 3, 0, WIN, r
40, 9, 190, 2022-01-25T22:44:05+09:00, 4, 14, LOSE, r
40, 10, 190, 2022-01-25T22:48:21+09:00, 2, 9, LOSE, r
40, 11, 190, 2022-01-25T22:52:37+09:00, 11, 14, LOSE, r
40, 12, 190, 2022-01-25T22:56:53+09:00, 1, 11, LOSE, r
41, 1, 190, 2022-01-26T00:57:11+09:00, 3, 1, WIN, r
41, 2, 190, 2022-01-26T01:01:27+09:00, 6, 6, LOSE, r
41, 3, 190, 2022-01-26T01:05:43+09:00, 6, 11, LOSE, r
41, 4, 190, 2022-01-26T01:09:59+09:00, 9, 6, WIN, r
41, 5, 190, 2022-01-26T01:14:15+09:00, 1, 11, LOSE, r
41, 6, 190, 2022-01-26T01:18:30+09:00, 5, 6, LOSE, r
41, 7, 190, 2022-01-26T01:22:47+09:00, 13, 12, WIN, r
41, 8, 190, 2022-01-26T01:27:03+09:00, 4, 11, LOSE, r
41, 9, 190, 2022-01-26T01:31:19+09:00, 3, 10, LOSE, r
41, 10, 190, 2022-01-26T01:35:35+09:00, 13, 15, LOSE, r
41, 11, 190, 2022-01-26T01:39:51+09:00, 7, 9, LOSE, r
41, 12, 190, 2022-01-26T01:44:07+09:00, 1, 12, LOSE, r
42, 1, 190, 2022-01-26T03:44:06+09:00, 8, 8, LOSE, r
42, 2, 190, 2022-01-26T03:48:21+09:00, 12, 9, WIN, r
42, 3, 190, 2022-01-26T03:52:37+09:00, 14, 12, WIN, r
42, 4, 190, 2022-01-26T03:56:53+09:00, 12, 10, WIN, r
42, 5, 190, 2022-01-26T04:01:09+09:00, 2, 13, LOSE, r
42, 6, 190, 2022-01-26T04:05:24+09:00, 4, 14, LOSE, r
42, 7, 190, 2022-01-26T04:09:40+09:00, 4, 15, LOSE, r
42, 8, 190, 2022-01-26T04:13:56+09:00, 4, 11, LOSE, r
42, 9, 190, 2022-01-26T04:18:12+09:00, 7, 16, LOSE, r
42, 10, 190, 2022-01-26T04:22:28+09:00, 3, 13, LOSE, r
42, 11, 190, 2022-01-26T04:26:44+09:00, 3, 13, LOSE, r
42, 12, 190, 2022-01-26T04:31:00+09:00, 2, 14, LOSE, r
43, 1, 190, 2022-01-26T06:28:00+09:00, 3, 1, WIN, r
43, 2, 190, 2022-01-26T06:32:15+09:00, 8, 10, LOSE, r
43, 3, 190, 2022-01-26T06:36:31+09:00, 11, 11, LOSE, r
43, 4, 190, 2022-01-26T06:40:46+09:00, 13, 11, WIN, r
43, 5, 190, 2022-01-26T06:45:03+09:00, 14, 12, WIN, r
43, 6, 190, 2022-01-26T06:49:46+09:00, 0, 0, LOSE, r
43, 7, 190, 2022-01-26T06:53:48+09:00, 5, 14, LOSE, r
43, 8, 190, 2022-01-26T06:58:04+09:00, 5, 11, LOSE, r
43, 9, 190, 2022-01-26T07:02:20+09:00, 2, 9, LOSE, r
43, 10, 190, 2022-01-26T07:06:36+09:00, 14, 15, LOSE, r
43, 11, 190, 2022-01-26T07:10:52+09:00, 3, 2, WIN, r
43, 12, 190, 2022-01-26T07:15:08+09:00, 3, 14, LOSE, r
44, 1, 190, 2022-01-26T09:11:34+09:00, 3, 1, WIN, r
44, 2, 190, 2022-01-26T09:15:50+09:00, 3, 7, LOSE, r
44, 3, 190, 2022-01-26T09:20:05+09:00, 2, 12, LOSE, r
44, 4, 190, 2022-01-26T09:24:21+09:00, 2, 13, LOSE, r
44, 5, 190, 2022-01-26T09:28:37+09:00, 12, 14, LOSE, r
44, 6, 190, 2022-01-26T09:33:20+09:00, 0, 0, LOSE, r
44, 7, 190, 2022-01-26T09:37:22+09:00, 0, 10, LOSE, r
44, 8, 190, 2022-01-26T09:41:38+09:00, 12, 3, WIN, r
44, 9, 190, 2022-01-26T09:45:54+09:00, 4, 15, LOSE, r
44, 10, 190, 2022-01-26T09:50:10+09:00, 3, 13, LOSE, r
44, 11, 190, 2022-01-26T09:54:26+09:00, 2, 6, LOSE, r
44, 12, 190, 2022-01-26T09:58:42+09:00, 2, 12, LOSE, r
45, 1, 190, 2022-01-26T11:54:40+09:00, 7, 8, LOSE, r
45, 2, 190, 2022-01-26T11:58:56+09:00, 12, 9, WIN, r
45, 3, 190, 2022-01-26T12:03:13+09:00, 1, 13, LOSE, r
45, 4, 190, 2022-01-26T12:07:29+09:00, 13, 9, WIN, r
45, 5, 190, 2022-01-26T12:11:45+09:00, 8, 15, LOSE, r
45, 6, 190, 2022-01-26T12:16:01+09:00, 1, 11, LOSE, r
45, 7, 190, 2022-01-26T12:20:17+09:00, 2, 12, LOSE, r
45, 8, 190, 2022-01-26T12:24:34+09:00, 3, 0, WIN, r
45, 9, 190, 2022-01-26T12:28:50+09:00, 4, 8, LOSE, r
45, 10, 190, 2022-01-26T12:33:06+09:00, 4, 13, LOSE, r
45, 11, 190, 2022-01-26T12:37:22+09:00, 1, 11, LOSE, r
45, 12, 190, 2022-01-26T12:41:38+09:00, 1, 12, LOSE, r
46, 1, 190, 2022-01-26T14:36:55+09:00, 7, 4, WIN, r
46, 2, 190, 2022-01-26T14:41:10+09:00, 7, 6, WIN, r
46, 3, 190, 2022-01-26T14:45:24+09:00, 10, 13, LOSE, r
46, 4, 190, 2022-01-26T14:49:38+09:00, 13, 13, LOSE, r
46, 5, 190, 2022-01-26T14:53:52+09:00, 1, 11, LOSE, r
46, 6, 190, 2022-01-26T14:58:06+09:00, 3, 12, LOSE, r
46, 7, 190, 2022-01-26T15:02:20+09:00, 1, 10, LOSE, r
46, 8, 190, 2022-01-26T15:06:34+09:00, 4, 8, LOSE, r
46, 9, 190, 2022-01-26T15:10:48+09:00, 4, 7, LOSE, r
46, 10, 190, 2022-01-26T15:15:02+09:00, 1, 11, LOSE, r
46, 11, 190, 2022-01-26T15:19:17+09:00, 2, 4, LOSE, r
46, 12, 190, 2022-01-26T15:23:31+09:00, 3, 14, LOSE, r
47, 1, 190, 2022-01-26T17:14:05+09:00, 14, 4, WIN, r
47, 2, 190, 2022-01-26T17:18:19+09:00, 6, 11, LOSE, r
47, 3, 190, 2022-01-26T17:22:33+09:00, 3, 6, LOSE, r
47, 4, 190, 2022-01-26T17:26:47+09:00, 10, 9, WIN, r
47, 5, 190, 2022-01-26T17:31:01+09:00, 11, 15, LOSE, r
47, 6, 190, 2022-01-26T17:35:44+09:00, 0, 0, LOSE, r
47, 7, 190, 2022-01-26T17:39:58+09:00, 4, 14, LOSE, r
47, 8, 190, 2022-01-26T17:44:12+09:00, 4, 0, WIN, r
47, 9, 190, 2022-01-26T17:48:27+09:00, 3, 13, LOSE, r
47, 10, 190, 2022-01-26T17:52:41+09:00, 3, 11, LOSE, r
47, 11, 190, 2022-01-26T17:56:55+09:00, 2, 2, LOSE, r
47, 12, 190, 2022-01-26T18:01:09+09:00, 2, 12, LOSE, r
48, 1, 190, 2022-01-26T19:51:40+09:00, 6, 1, WIN, r
48, 2, 190, 2022-01-26T19:55:54+09:00, 5, 5, LOSE, r
48, 3, 190, 2022-01-26T20:00:08+09:00, 1, 12, LOSE, r
48, 4, 190, 2022-01-26T20:04:22+09:00, 5, 7, LOSE, r
48, 5, 190, 2022-01-26T20:08:36+09:00, 14, 20, LOSE, r
48, 6, 190, 2022-01-26T20:12:50+09:00, 4, 18, LOSE, r
48, 7, 190, 2022-01-26T20:17:05+09:00, 3, 14, LOSE, r
48, 8, 190, 2022-01-26T20:21:19+09:00, 2, 0, WIN, r
48, 9, 190, 2022-01-26T20:25:19+09:00, 4, 11, LOSE, r
48, 10, 190, 2022-01-26T20:29:33+09:00, 6, 10, LOSE, r
48, 11, 190, 2022-01-26T20:33:47+09:00, 11, 14, LOSE, r
48, 12, 190, 2022-01-26T20:38:01+09:00, 1, 11, LOSE, r
49, 1, 190, 2022-01-26T22:28:50+09:00, 4, 1, WIN, r
49, 2, 190, 2022-01-26T22:33:04+09:00, 10, 1, WIN, r
49, 3, 190, 2022-01-26T22:37:18+09:00, 0, 10, LOSE, r
49, 4, 190, 2022-01-26T22:41:32+09:00, 2, 9, LOSE, r
49, 5, 190, 2022-01-26T22:45:46+09:00, 1, 12, LOSE, r
49, 6, 190, 2022-01-26T22:50:00+09:00, 7, 9, LOSE, r
49, 7, 190, 2022-01-26T22:54:14+09:00, 2, 12, LOSE, r
49, 8, 190, 2022-01-26T22:58:29+09:00, 2, 11, LOSE, r
49, 9, 190, 2022-01-26T23:02:43+09:00, 3, 9, LOSE, r
49, 10, 190, 2022-01-26T23:06:57+09:00, 1, 11, LOSE, r
49, 11, 190, 2022-01-26T23:11:11+09:00, 5, 3, WIN, r
49, 12, 190, 2022-01-26T23:15:25+09:00, 5, 12, LOSE, r
50, 1, 190, 2022-01-27T01:07:47+09:00, 3, 1, WIN, r
50, 2, 190, 2022-01-27T01:12:01+09:00, 3, 2, WIN, r
50, 3, 190, 2022-01-27T01:16:15+09:00, 2, 13, LOSE, r
50, 4, 190, 2022-01-27T01:20:29+09:00, 4, 12, LOSE, r
50, 5, 190, 2022-01-27T01:24:43+09:00, 8, 12, LOSE, r
50, 6, 190, 2022-01-27T01:28:56+09:00, 8, 6, WIN, r
50, 7, 190, 2022-01-27T01:33:10+09:00, 2, 12, LOSE, r
50, 8, 190, 2022-01-27T01:37:25+09:00, 6, 11, LOSE, r
50, 9, 190, 2022-01-27T01:41:39+09:00, 3, 4, LOSE, r
50, 10, 190, 2022-01-27T01:45:53+09:00, 5, 13, LOSE, r
50, 11, 190, 2022-01-27T01:50:07+09:00, 3, 9, LOSE, r
50, 12, 190, 2022-01-27T01:54:21+09:00, 6, 12, LOSE, r
51, 1, 190, 2022-01-27T03:46:36+09:00, 7, 4, WIN, r
51, 2, 190, 2022-01-27T03:50:50+09:00, 7, 6, WIN, r
51, 3, 190, 2022-01-27T03:55:04+09:00, 2, 12, LOSE, r
51, 4, 190, 2022-01-27T03:59:18+09:00, 2, 12, LOSE, r
51, 5, 190, 2022-01-27T04:03:31+09:00, 4, 14, LOSE, r
51, 6, 190, 2022-01-27T04:07:46+09:00, 12, 2, WIN, r
51, 7, 190, 2022-01-27T04:12:00+09:00, 2, 13, LOSE, r
51, 8, 190, 2022-01-27T04:16:14+09:00, 8, 8, LOSE, r
51, 9, 190, 2022-01-27T04:20:28+09:00, 4, 9, LOSE, r
51, 10, 190, 2022-01-27T04:24:42+09:00, 6, 16, LOSE, r
51, 11, 190, 2022-01-27T04:28:56+09:00, 2, 4, LOSE, r
51, 12, 190, 2022-01-27T04:33:10+09:00, 3, 14, LOSE, r
52, 1, 190, 2022-01-27T06:23:49+09:00, 4, 12, LOSE, r
52, 2, 190, 2022-01-27T06:28:03+09:00, 8, 10, LOSE, r
52, 3, 190, 2022-01-27T06:32:03+09:00, 2, 13, LOSE, r
52, 4, 190, 2022-01-27T06:36:17+09:00, 6, 12, LOSE, r
52, 5, 190, 2022-01-27T06:40:31+09:00, 12, 11, WIN, r
52, 6, 190, 2022-01-27T06:44:45+09:00, 2, 12, LOSE, r
52, 7, 190, 2022-01-27T06:48:59+09:00, 3, 7, LOSE, r
52, 8, 190, 2022-01-27T06:53:13+09:00, 3, 11, LOSE, r
52, 9, 190, 2022-01-27T06:57:27+09:00, 8, 4, WIN, r
52, 10, 190, 2022-01-27T07:01:41+09:00, 1, 11, LOSE, r
52, 11, 190, 2022-01-27T07:05:56+09:00, 3, 14, LOSE, r
52, 12, 190, 2022-01-27T07:10:09+09:00, 3, 13, LOSE, r
53, 1, 190, 2022-01-27T09:00:39+09:00, 3, 1, WIN, r
53, 2, 190, 2022-01-27T09:04:53+09:00, 12, 10, WIN, r
53, 3, 190, 2022-01-27T09:09:07+09:00, 6, 7, LOSE, r
53, 4, 190, 2022-01-27T09:13:21+09:00, 2, 12, LOSE, r
53, 5, 190, 2022-01-27T09:17:35+09:00, 5, 15, LOSE, r
53, 6, 190, 2022-01-27T09:21:49+09:00, 7, 10, LOSE, r
53, 7, 190, 2022-01-27T09:26:03+09:00, 2, 16, LOSE, r
53, 8, 190, 2022-01-27T09:30:18+09:00, 6, 12, LOSE, r
53, 9, 190, 2022-01-27T09:34:32+09:00, 3, 4, LOSE, r
53, 10, 190, 2022-01-27T09:38:46+09:00, 11, 14, LOSE, r
53, 11, 190, 2022-01-27T09:43:00+09:00, 14, 9, WIN, r
53, 12, 190, 2022-01-27T09:47:14+09:00, 3, 13, LOSE, r
54, 1, 190, 2022-01-27T11:38:13+09:00, 3, 1, WIN, r
54, 2, 190, 2022-01-27T11:42:27+09:00, 11, 1, WIN, r
54, 3, 190, 2022-01-27T11:46:41+09:00, 4, 12, LOSE, r
54, 4, 190, 2022-01-27T11:50:56+09:00, 14, 14, LOSE, r
54, 5, 190, 2022-01-27T11:55:10+09:00, 12, 14, LOSE, r
54, 6, 190, 2022-01-27T11:59:24+09:00, 2, 10, LOSE, r
54, 7, 190, 2022-01-27T12:03:38+09:00, 11, 1, WIN, r
54, 8, 190, 2022-01-27T12:07:52+09:00, 4, 13, LOSE, r
54, 9, 190, 2022-01-27T12:12:06+09:00, 8, 6, WIN, r
54, 10, 190, 2022-01-27T12:16:20+09:00, 10, 16, LOSE, r
54, 11, 190, 2022-01-27T12:20:34+09:00, 3, 9, LOSE, r
54, 12, 190, 2022-01-27T12:24:49+09:00, 3, 15, LOSE, r
55, 1, 190, 2022-01-27T14:15:43+09:00, 4, 3, WIN, r
55, 2, 190, 2022-01-27T14:19:57+09:00, 3, 13, LOSE, r
55, 3, 190, 2022-01-27T14:24:11+09:00, 6, 12, LOSE, r
55, 4, 190, 2022-01-27T14:28:25+09:00, 16, 7, WIN, r
55, 5, 190, 2022-01-27T14:32:39+09:00, 2, 13, LOSE, r
55, 6, 190, 2022-01-27T14:36:53+09:00, 11, 12, LOSE, r
55, 7, 190, 2022-01-27T14:41:07+09:00, 4, 14, LOSE, r
55, 8, 190, 2022-01-27T14:45:21+09:00, 4, 11, LOSE, r
55, 9, 190, 2022-01-27T14:49:36+09:00, 8, 6, WIN, r
55, 10, 190, 2022-01-27T14:53:50+09:00, 3, 16, LOSE, r
55, 11, 190, 2022-01-27T14:58:04+09:00, 1, 12, LOSE, r
55, 12, 190, 2022-01-27T15:02:18+09:00, 1, 12, LOSE, r
56, 1, 190, 2022-01-27T16:52:56+09:00, 8, 9, LOSE, r
56, 2, 190, 2022-01-27T16:57:11+09:00, 11, 7, WIN, r
56, 3, 190, 2022-01-27T17:01:25+09:00, 6, 12, LOSE, r
56, 4, 190, 2022-01-27T17:05:39+09:00, 12, 9, WIN, r
56, 5, 190, 2022-01-27T17:09:53+09:00, 5, 16, LOSE, r
56, 6, 190, 2022-01-27T17:14:07+09:00, 13, 13, LOSE, r
56, 7, 190, 2022-01-27T17:18:21+09:00, 4, 15, LOSE, r
56, 8, 190, 2022-01-27T17:22:35+09:00, 4, 14, LOSE, r
56, 9, 190, 2022-01-27T17:26:49+09:00, 2, 12, LOSE, r
56, 10, 190, 2022-01-27T17:31:03+09:00, 6, 4, WIN, r
56, 11, 190, 2022-01-27T17:35:17+09:00, 4, 7, LOSE, r
56, 12, 190, 2022-01-27T17:39:31+09:00, 3, 13, LOSE, r
57, 1, 190, 2022-01-27T19:30:19+09:00, 3, 1, WIN, r
57, 2, 190, 2022-01-27T19:34:33+09:00, 4, 2, WIN, r
57, 3, 190, 2022-01-27T19:38:47+09:00, 2, 12, LOSE, r
57, 4, 190, 2022-01-27T19:43:01+09:00, 4, 12, LOSE, r
57, 5, 190, 2022-01-27T19:47:15+09:00, 1, 15, LOSE, r
57, 6, 190, 2022-01-27T19:51:29+09:00, 2, 12, LOSE, r
57, 7, 190, 2022-01-27T19:55:43+09:00, 10, 12, LOSE, r
57, 8, 190, 2022-01-27T19:59:57+09:00, 3, 0, WIN, r
57, 9, 190, 2022-01-27T20:04:11+09:00, 7, 12, LOSE, r
57, 10, 190, 2022-01-27T20:08:25+09:00, 3, 13, LOSE, r
57, 11, 190, 2022-01-27T20:12:39+09:00, 4, 12, LOSE, r
57, 12, 190, 2022-01-27T20:16:54+09:00, 5, 15, LOSE, r
58, 1, 190, 2022-01-27T22:07:48+09:00, 11, 12, LOSE, r
58, 2, 190, 2022-01-27T22:12:02+09:00, 5, 5, LOSE, r
58, 3, 190, 2022-01-27T22:16:16+09:00, 16, 12, WIN, r
58, 4, 190, 2022-01-27T22:20:30+09:00, 16, 14, WIN, r
58, 5, 190, 2022-01-27T22:24:44+09:00, 1, 11, LOSE, r
58, 6, 190, 2022-01-27T22:28:58+09:00, 12, 17, LOSE, r
58, 7, 190, 2022-01-27T22:33:12+09:00, 4, 11, LOSE, r
58, 8, 190, 2022-01-27T22:37:27+09:00, 4, 11, LOSE, r
58, 9, 190, 2022-01-27T22:41:41+09:00, 7, 12, LOSE, r
58, 10, 190, 2022-01-27T22:45:55+09:00, 12, 13, LOSE, r
58, 11, 190, 2022-01-27T22:50:09+09:00, 2, 13, LOSE, r
58, 12, 190, 2022-01-27T22:54:23+09:00, 3, 14, LOSE, r
59, 1, 190, 2022-01-28T00:46:12+09:00, 14, 9, WIN, r
59, 2, 190, 2022-01-28T00:50:26+09:00, 11, 10, WIN, r
59, 3, 190, 2022-01-28T00:54:40+09:00, 7, 9, LOSE, r
59, 4, 190, 2022-01-28T00:58:54+09:00, 1, 11, LOSE, r
59, 5, 190, 2022-01-28T01:03:08+09:00, 6, 12, LOSE, r
59, 6, 190, 2022-01-28T01:07:22+09:00, 13, 2, WIN, r
59, 7, 190, 2022-01-28T01:11:36+09:00, 6, 14, LOSE, r
59, 8, 190, 2022-01-28T01:15:50+09:00, 3, 9, LOSE, r
59, 9, 190, 2022-01-28T01:20:05+09:00, 4, 12, LOSE, r
59, 10, 190, 2022-01-28T01:24:19+09:00, 4, 14, LOSE, r
59, 11, 190, 2022-01-28T01:28:33+09:00, 5, 9, LOSE, r
59, 12, 190, 2022-01-28T01:32:47+09:00, 3, 14, LOSE, r
60, 1, 190, 2022-01-28T03:25:07+09:00, 14, 4, WIN, r
60, 2, 190, 2022-01-28T03:29:21+09:00, 6, 2, WIN, r
60, 3, 190, 2022-01-28T03:33:34+09:00, 11, 13, LOSE, r
60, 4, 190, 2022-01-28T03:37:49+09:00, 7, 6, WIN, r
60, 5, 190, 2022-01-28T03:42:03+09:00, 7, 17, LOSE, r
60, 6, 190, 2022-01-28T03:46:17+09:00, 5, 10, LOSE, r
60, 7, 190, 2022-01-28T03:50:31+09:00, 7, 12, LOSE, r
60, 8, 190, 2022-01-28T03:54:45+09:00, 14, 14, LOSE, r
60, 9, 190, 2022-01-28T03:58:59+09:00, 4, 14, LOSE, r
60, 10, 190, 2022-01-28T04:03:13+09:00, 2, 13, LOSE, r
60, 11, 190, 2022-01-28T04:07:27+09:00, 3, 12, LOSE, r
60, 12, 190, 2022-01-28T04:11:41+09:00, 2, 12, LOSE, r
61, 1, 190, 2022-01-28T06:02:22+09:00, 3, 4, LOSE, r
61, 2, 190, 2022-01-28T06:06:36+09:00, 6, 10, LOSE, r
61, 3, 190, 2022-01-28T06:10:50+09:00, 5, 6, LOSE, r
61, 4, 190, 2022-01-28T06:15:04+09:00, 2, 15, LOSE, r
61, 5, 190, 2022-01-28T06:19:18+09:00, 5, 16, LOSE, r
61, 6, 190, 2022-01-28T06:23:32+09:00, 10, 10, LOSE, r
61, 7, 190, 2022-01-28T06:27:46+09:00, 13, 12, WIN, r
61, 8, 190, 2022-01-28T06:32:00+09:00, 2, 6, LOSE, r
61, 9, 190, 2022-01-28T06:36:14+09:00, 2, 12, LOSE, r
61, 10, 190, 2022-01-28T06:40:28+09:00, 2, 9, LOSE, r
61, 11, 190, 2022-01-28T06:44:42+09:00, 9, 12, LOSE, r
61, 12, 190, 2022-01-28T06:48:56+09:00, 1, 11, LOSE, r
62, 1, 190, 2022-01-28T08:39:06+09:00, 11, 4, WIN, r
62, 2, 190, 2022-01-28T08:43:20+09:00, 7, 5, WIN, r
62, 3, 190, 2022-01-28T08:47:34+09:00, 2, 12, LOSE, r
62, 4, 190, 2022-01-28T08:51:48+09:00, 11, 10, WIN, r
62, 5, 190, 2022-01-28T08:56:02+09:00, 4, 14, LOSE, r
62, 6, 190, 2022-01-28T09:00:17+09:00, 13, 18, LOSE, r
62, 7, 190, 2022-01-28T09:04:31+09:00, 1, 10, LOSE, r
62, 8, 190, 2022-01-28T09:08:45+09:00, 4, 11, LOSE, r
62, 9, 190, 2022-01-28T09:12:59+09:00, 3, 13, LOSE, r
62, 10, 190, 2022-01-28T09:17:13+09:00, 4, 18, LOSE, r
62, 11, 190, 2022-01-28T09:21:27+09:00, 2, 12, LOSE, r
62, 12, 190, 2022-01-28T09:25:41+09:00, 3, 14, LOSE, r
63, 1, 190, 2022-01-28T11:16:05+09:00, 11, 1, WIN, r
63, 2, 190, 2022-01-28T11:20:20+09:00, 10, 4, WIN, r
63, 3, 190, 2022-01-28T11:24:34+09:00, 11, 7, WIN, r
63, 4, 190, 2022-01-28T11:28:48+09:00, 3, 13, LOSE, r
63, 5, 190, 2022-01-28T11:33:02+09:00, 9, 14, LOSE, r
63, 6, 190, 2022-01-28T11:37:16+09:00, 13, 9, WIN, r
63, 7, 190, 2022-01-28T11:41:30+09:00, 6, 10, LOSE, r
63, 8, 190, 2022-01-28T11:45:44+09:00, 5, 9, LOSE, r
63, 9, 190, 2022-01-28T11:49:59+09:00, 4, 11, LOSE, r
63, 10, 190, 2022-01-28T11:54:13+09:00, 2, 9, LOSE, r
63, 11, 190, 2022-01-28T11:58:27+09:00, 10, 11, LOSE, r
63, 12, 190, 2022-01-28T12:02:43+09:00, 2, 12, LOSE, r
64, 1, 190, 2022-01-28T13:53:32+09:00, 8, 8, LOSE, r
64, 2, 190, 2022-01-28T13:57:46+09:00, 3, 10, LOSE, r
64, 3, 190, 2022-01-28T14:02:00+09:00, 2, 13, LOSE, r
64, 4, 190, 2022-01-28T14:06:14+09:00, 7, 8, LOSE, r
64, 5, 190, 2022-01-28T14:10:28+09:00, 6, 12, LOSE, r
64, 6, 190, 2022-01-28T14:14:42+09:00, 2, 13, LOSE, r
64, 7, 190, 2022-01-28T14:18:56+09:00, 2, 12, LOSE, r
64, 8, 190, 2022-01-28T14:23:11+09:00, 7, 12, LOSE, r
64, 9, 190, 2022-01-28T14:27:25+09:00, 2, 11, LOSE, r
64, 10, 190, 2022-01-28T14:31:39+09:00, 1, 11, LOSE, r
64, 11, 190, 2022-01-28T14:35:54+09:00, 5, 7, LOSE, r
64, 12, 190, 2022-01-28T14:40:08+09:00, 3, 13, LOSE, r
#--> latest commit:0cf83509241d4bfbbec72d493e6323a8b7e10a32 20220128042716 in burger_war_dev
65, 1, 190, 2022-01-28T16:32:33+09:00, 3, 1, WIN, r
65, 2, 190, 2022-01-28T16:36:47+09:00, 7, 4, WIN, r
65, 3, 190, 2022-01-28T16:41:01+09:00, 4, 11, LOSE, r
65, 4, 190, 2022-01-28T16:45:15+09:00, 4, 9, LOSE, r
65, 5, 190, 2022-01-28T16:49:29+09:00, 13, 2, WIN, r
65, 6, 190, 2022-01-28T16:53:43+09:00, 1, 11, LOSE, r
65, 7, 190, 2022-01-28T16:57:57+09:00, 1, 13, LOSE, r
65, 8, 190, 2022-01-28T17:02:11+09:00, 8, 8, LOSE, r
65, 9, 190, 2022-01-28T17:06:25+09:00, 3, 13, LOSE, r
65, 10, 190, 2022-01-28T17:10:40+09:00, 4, 13, LOSE, r
65, 11, 190, 2022-01-28T17:14:54+09:00, 1, 11, LOSE, r
65, 12, 190, 2022-01-28T17:19:08+09:00, 3, 6, LOSE, r
66, 1, 190, 2022-01-28T19:09:45+09:00, 12, 13, LOSE, r
66, 2, 190, 2022-01-28T19:13:59+09:00, 5, 4, WIN, r
66, 3, 190, 2022-01-28T19:18:13+09:00, 1, 12, LOSE, r
66, 4, 190, 2022-01-28T19:22:27+09:00, 1, 10, LOSE, r
66, 5, 190, 2022-01-28T19:26:41+09:00, 2, 12, LOSE, r
66, 6, 190, 2022-01-28T19:30:56+09:00, 11, 15, LOSE, r
66, 7, 190, 2022-01-28T19:35:10+09:00, 6, 16, LOSE, r
66, 8, 190, 2022-01-28T19:39:24+09:00, 3, 8, LOSE, r
66, 9, 190, 2022-01-28T19:43:38+09:00, 5, 3, WIN, r
66, 10, 190, 2022-01-28T19:47:52+09:00, 3, 14, LOSE, r
66, 11, 190, 2022-01-28T19:51:52+09:00, 3, 13, LOSE, r
66, 12, 190, 2022-01-28T19:56:06+09:00, 3, 6, LOSE, r
67, 1, 190, 2022-01-28T21:45:19+09:00, 6, 12, LOSE, r
67, 2, 190, 2022-01-28T21:49:33+09:00, 3, 3, LOSE, r
67, 3, 190, 2022-01-28T21:53:47+09:00, 7, 13, LOSE, r
67, 4, 190, 2022-01-28T21:58:01+09:00, 6, 9, LOSE, r
67, 5, 190, 2022-01-28T22:02:15+09:00, 11, 15, LOSE, r
67, 6, 190, 2022-01-28T22:06:29+09:00, 4, 14, LOSE, r
67, 7, 190, 2022-01-28T22:10:43+09:00, 2, 12, LOSE, r
67, 8, 190, 2022-01-28T22:14:58+09:00, 0, 10, LOSE, r
67, 9, 190, 2022-01-28T22:19:12+09:00, 4, 8, LOSE, r
67, 10, 190, 2022-01-28T22:23:26+09:00, 1, 11, LOSE, r
67, 11, 190, 2022-01-28T22:27:26+09:00, 6, 14, LOSE, r
67, 12, 190, 2022-01-28T22:31:40+09:00, 3, 12, LOSE, r
68, 1, 190, 2022-01-29T00:20:56+09:00, 7, 1, WIN, r
68, 2, 190, 2022-01-29T00:25:10+09:00, 3, 9, LOSE, r
68, 3, 190, 2022-01-29T00:29:24+09:00, 2, 12, LOSE, r
68, 4, 190, 2022-01-29T00:33:38+09:00, 10, 14, LOSE, r
68, 5, 190, 2022-01-29T00:37:52+09:00, 14, 4, WIN, r
68, 6, 190, 2022-01-29T00:42:06+09:00, 2, 9, LOSE, r
68, 7, 190, 2022-01-29T00:46:20+09:00, 2, 12, LOSE, r
68, 8, 190, 2022-01-29T00:50:34+09:00, 5, 3, WIN, r
68, 9, 190, 2022-01-29T00:54:49+09:00, 6, 8, LOSE, r
68, 10, 190, 2022-01-29T00:59:03+09:00, 2, 13, LOSE, r
68, 11, 190, 2022-01-29T01:03:17+09:00, 2, 13, LOSE, r
68, 12, 190, 2022-01-29T01:07:31+09:00, 1, 11, LOSE, r
