iteration, enemy_level, game_time(s), date, my_score, enemy_score, battle_result, my_side
#--> latest commit:031f04ea036b94cd9e1be6331e15e958b7ee2248 20220118103122 in burger_war_dev
0, 1, 190, 2022-01-18T22:36:35+09:00, 8, 9, LOSE, r
0, 2, 190, 2022-01-18T22:40:49+09:00, 7, 4, WIN, r
0, 3, 190, 2022-01-18T22:45:03+09:00, 4, 8, LOSE, r
0, 4, 190, 2022-01-18T22:49:17+09:00, 12, 7, WIN, r
0, 5, 190, 2022-01-18T22:53:31+09:00, 0, 10, LOSE, r
0, 6, 190, 2022-01-18T22:57:44+09:00, 10, 20, LOSE, r
0, 7, 190, 2022-01-18T23:01:58+09:00, 1, 13, LOSE, r
0, 8, 190, 2022-01-18T23:05:58+09:00, 7, 11, LOSE, r
0, 9, 190, 2022-01-18T23:10:12+09:00, 9, 8, WIN, r
0, 10, 190, 2022-01-18T23:14:25+09:00, 3, 15, LOSE, r
0, 11, 190, 2022-01-18T23:18:40+09:00, 2, 11, LOSE, r
0, 12, 190, 2022-01-18T23:22:53+09:00, 9, 14, LOSE, r
1, 1, 190, 2022-01-19T02:07:22+09:00, 14, 1, WIN, r
1, 2, 190, 2022-01-19T02:11:22+09:00, 9, 1, WIN, r
1, 3, 190, 2022-01-19T02:15:36+09:00, 1, 13, LOSE, r
1, 4, 190, 2022-01-19T02:19:49+09:00, 1, 14, LOSE, r
1, 5, 190, 2022-01-19T02:24:03+09:00, 4, 14, LOSE, r
1, 6, 190, 2022-01-19T02:28:17+09:00, 4, 6, LOSE, r
1, 7, 190, 2022-01-19T02:32:30+09:00, 0, 11, LOSE, r
1, 8, 190, 2022-01-19T02:36:44+09:00, 5, 9, LOSE, r
1, 9, 190, 2022-01-19T02:40:58+09:00, 14, 11, WIN, r
1, 10, 190, 2022-01-19T02:45:12+09:00, 11, 13, LOSE, r
1, 11, 190, 2022-01-19T02:49:25+09:00, 3, 8, LOSE, r
1, 12, 190, 2022-01-19T02:53:39+09:00, 5, 9, LOSE, r
2, 1, 190, 2022-01-19T05:36:12+09:00, 6, 1, WIN, r
2, 2, 190, 2022-01-19T05:40:25+09:00, 11, 1, WIN, r
2, 3, 190, 2022-01-19T05:44:39+09:00, 3, 5, LOSE, r
2, 4, 190, 2022-01-19T05:48:53+09:00, 11, 10, WIN, r
2, 5, 190, 2022-01-19T05:53:06+09:00, 11, 15, LOSE, r
2, 6, 190, 2022-01-19T05:57:20+09:00, 2, 12, LOSE, r
2, 7, 190, 2022-01-19T06:01:34+09:00, 13, 19, LOSE, r
2, 8, 190, 2022-01-19T06:05:48+09:00, 3, 0, WIN, r
2, 9, 190, 2022-01-19T06:10:01+09:00, 4, 15, LOSE, r
2, 10, 190, 2022-01-19T06:14:15+09:00, 3, 15, LOSE, r
2, 11, 190, 2022-01-19T06:18:29+09:00, 1, 12, LOSE, r
2, 12, 190, 2022-01-19T06:22:48+09:00, 2, 13, LOSE, r
3, 1, 190, 2022-01-19T09:05:22+09:00, 2, 12, LOSE, r
3, 2, 190, 2022-01-19T09:09:35+09:00, 13, 9, WIN, r
3, 3, 190, 2022-01-19T09:13:49+09:00, 1, 11, LOSE, r
3, 4, 190, 2022-01-19T09:18:03+09:00, 15, 5, WIN, r
3, 5, 190, 2022-01-19T09:22:16+09:00, 11, 15, LOSE, r
3, 6, 190, 2022-01-19T09:26:30+09:00, 7, 11, LOSE, r
3, 7, 190, 2022-01-19T09:30:44+09:00, 0, 11, LOSE, r
3, 8, 190, 2022-01-19T09:34:57+09:00, 10, 11, LOSE, r
3, 9, 190, 2022-01-19T09:39:11+09:00, 3, 8, LOSE, r
3, 10, 190, 2022-01-19T09:43:11+09:00, 3, 13, LOSE, r
3, 11, 190, 2022-01-19T09:47:24+09:00, 3, 8, LOSE, r
3, 12, 190, 2022-01-19T09:51:38+09:00, 1, 12, LOSE, r
4, 1, 190, 2022-01-19T12:34:30+09:00, 7, 4, WIN, r
4, 2, 190, 2022-01-19T12:38:43+09:00, 6, 10, LOSE, r
4, 3, 190, 2022-01-19T12:42:57+09:00, 5, 7, LOSE, r
4, 4, 190, 2022-01-19T12:47:10+09:00, 7, 6, WIN, r
4, 5, 190, 2022-01-19T12:51:24+09:00, 8, 20, LOSE, r
4, 6, 190, 2022-01-19T12:55:38+09:00, 7, 12, LOSE, r
4, 7, 190, 2022-01-19T12:59:52+09:00, 4, 11, LOSE, r
4, 8, 190, 2022-01-19T13:04:06+09:00, 3, 0, WIN, r
4, 9, 190, 2022-01-19T13:08:19+09:00, 7, 12, LOSE, r
4, 10, 190, 2022-01-19T13:12:33+09:00, 2, 14, LOSE, r
4, 11, 190, 2022-01-19T13:16:47+09:00, 2, 12, LOSE, r
4, 12, 190, 2022-01-19T13:21:01+09:00, 3, 11, LOSE, r
5, 1, 190, 2022-01-19T16:04:00+09:00, 11, 9, WIN, r
5, 2, 190, 2022-01-19T16:08:13+09:00, 7, 1, WIN, r
5, 3, 190, 2022-01-19T16:12:27+09:00, 12, 0, WIN, r
5, 4, 190, 2022-01-19T16:16:41+09:00, 2, 15, LOSE, r
5, 5, 190, 2022-01-19T16:20:55+09:00, 11, 18, LOSE, r
5, 6, 190, 2022-01-19T16:25:08+09:00, 12, 11, WIN, r
5, 7, 190, 2022-01-19T16:29:22+09:00, 12, 13, LOSE, r
5, 8, 190, 2022-01-19T16:33:36+09:00, 2, 12, LOSE, r
5, 9, 190, 2022-01-19T16:37:50+09:00, 3, 9, LOSE, r
5, 10, 190, 2022-01-19T16:42:04+09:00, 3, 13, LOSE, r
5, 11, 190, 2022-01-19T16:46:17+09:00, 3, 7, LOSE, r
5, 12, 190, 2022-01-19T16:50:31+09:00, 7, 13, LOSE, r
6, 1, 190, 2022-01-19T19:34:12+09:00, 8, 9, LOSE, r
6, 2, 190, 2022-01-19T19:38:31+09:00, 7, 4, WIN, r
6, 3, 190, 2022-01-19T19:42:45+09:00, 1, 12, LOSE, r
6, 4, 190, 2022-01-19T19:46:59+09:00, 4, 14, LOSE, r
6, 5, 190, 2022-01-19T19:51:12+09:00, 1, 11, LOSE, r
6, 6, 190, 2022-01-19T19:55:26+09:00, 2, 12, LOSE, r
6, 7, 190, 2022-01-19T19:59:40+09:00, 4, 11, LOSE, r
6, 8, 190, 2022-01-19T20:03:53+09:00, 2, 0, WIN, r
6, 9, 190, 2022-01-19T20:08:07+09:00, 2, 12, LOSE, r
6, 10, 190, 2022-01-19T20:12:21+09:00, 2, 13, LOSE, r
6, 11, 190, 2022-01-19T20:16:35+09:00, 2, 13, LOSE, r
6, 12, 190, 2022-01-19T20:20:49+09:00, 1, 12, LOSE, r
7, 1, 190, 2022-01-19T23:05:20+09:00, 4, 9, LOSE, r
7, 2, 190, 2022-01-19T23:09:34+09:00, 6, 10, LOSE, r
7, 3, 190, 2022-01-19T23:13:47+09:00, 1, 12, LOSE, r
7, 4, 190, 2022-01-19T23:18:01+09:00, 7, 9, LOSE, r
7, 5, 190, 2022-01-19T23:22:15+09:00, 2, 12, LOSE, r
7, 6, 190, 2022-01-19T23:26:29+09:00, 1, 11, LOSE, r
7, 7, 190, 2022-01-19T23:30:43+09:00, 1, 12, LOSE, r
7, 8, 190, 2022-01-19T23:34:57+09:00, 5, 8, LOSE, r
7, 9, 190, 2022-01-19T23:39:11+09:00, 9, 14, LOSE, r
7, 10, 190, 2022-01-19T23:43:24+09:00, 1, 13, LOSE, r
7, 11, 190, 2022-01-19T23:47:38+09:00, 16, 2, WIN, r
7, 12, 190, 2022-01-19T23:51:52+09:00, 5, 15, LOSE, r
8, 1, 190, 2022-01-20T02:35:56+09:00, 3, 1, WIN, r
8, 2, 190, 2022-01-20T02:40:10+09:00, 4, 6, LOSE, r
8, 3, 190, 2022-01-20T02:44:24+09:00, 6, 9, LOSE, r
8, 4, 190, 2022-01-20T02:48:37+09:00, 2, 12, LOSE, r
8, 5, 190, 2022-01-20T02:52:51+09:00, 12, 17, LOSE, r
8, 6, 190, 2022-01-20T02:57:04+09:00, 13, 10, WIN, r
8, 7, 190, 2022-01-20T03:01:18+09:00, 7, 12, LOSE, r
8, 8, 190, 2022-01-20T03:05:32+09:00, 2, 13, LOSE, r
8, 9, 190, 2022-01-20T03:09:46+09:00, 1, 11, LOSE, r
8, 10, 190, 2022-01-20T03:13:59+09:00, 2, 12, LOSE, r
8, 11, 190, 2022-01-20T03:18:13+09:00, 2, 12, LOSE, r
8, 12, 190, 2022-01-20T03:22:27+09:00, 3, 7, LOSE, r
9, 1, 190, 2022-01-20T06:05:04+09:00, 11, 1, WIN, r
9, 2, 190, 2022-01-20T06:09:18+09:00, 3, 2, WIN, r
9, 3, 190, 2022-01-20T06:13:32+09:00, 2, 2, LOSE, r
9, 4, 190, 2022-01-20T06:17:46+09:00, 2, 12, LOSE, r
9, 5, 190, 2022-01-20T06:22:00+09:00, 2, 13, LOSE, r
9, 6, 190, 2022-01-20T06:26:13+09:00, 1, 11, LOSE, r
9, 7, 190, 2022-01-20T06:30:27+09:00, 0, 10, LOSE, r
9, 8, 190, 2022-01-20T06:34:41+09:00, 4, 11, LOSE, r
9, 9, 190, 2022-01-20T06:38:55+09:00, 7, 7, LOSE, r
9, 10, 190, 2022-01-20T06:43:09+09:00, 10, 14, LOSE, r
9, 11, 190, 2022-01-20T06:47:23+09:00, 2, 12, LOSE, r
9, 12, 190, 2022-01-20T06:51:37+09:00, 5, 15, LOSE, r
10, 1, 190, 2022-01-20T09:33:38+09:00, 4, 1, WIN, r
10, 2, 190, 2022-01-20T09:37:51+09:00, 2, 13, LOSE, r
10, 3, 190, 2022-01-20T09:42:05+09:00, 1, 12, LOSE, r
10, 4, 190, 2022-01-20T09:46:19+09:00, 5, 15, LOSE, r
10, 5, 190, 2022-01-20T09:50:33+09:00, 13, 13, LOSE, r
10, 6, 190, 2022-01-20T09:54:47+09:00, 10, 12, LOSE, r
10, 7, 190, 2022-01-20T09:59:01+09:00, 8, 11, LOSE, r
10, 8, 190, 2022-01-20T10:03:15+09:00, 4, 8, LOSE, r
10, 9, 190, 2022-01-20T10:07:28+09:00, 7, 8, LOSE, r
10, 10, 190, 2022-01-20T10:11:42+09:00, 4, 11, LOSE, r
10, 11, 190, 2022-01-20T10:15:56+09:00, 2, 14, LOSE, r
10, 12, 190, 2022-01-20T10:20:09+09:00, 5, 11, LOSE, r
11, 1, 190, 2022-01-20T13:02:46+09:00, 16, 12, WIN, r
11, 2, 190, 2022-01-20T13:07:00+09:00, 7, 13, LOSE, r
11, 3, 190, 2022-01-20T13:11:13+09:00, 2, 12, LOSE, r
11, 4, 190, 2022-01-20T13:15:27+09:00, 2, 10, LOSE, r
11, 5, 190, 2022-01-20T13:19:41+09:00, 15, 19, LOSE, r
11, 6, 190, 2022-01-20T13:23:55+09:00, 1, 11, LOSE, r
11, 7, 190, 2022-01-20T13:28:08+09:00, 5, 9, LOSE, r
11, 8, 190, 2022-01-20T13:32:08+09:00, 2, 0, WIN, r
11, 9, 190, 2022-01-20T13:36:22+09:00, 5, 15, LOSE, r
11, 10, 190, 2022-01-20T13:40:36+09:00, 8, 15, LOSE, r
11, 11, 190, 2022-01-20T13:44:50+09:00, 8, 5, WIN, r
11, 12, 190, 2022-01-20T13:49:04+09:00, 2, 13, LOSE, r
12, 1, 190, 2022-01-20T16:31:46+09:00, 4, 9, LOSE, r
12, 2, 190, 2022-01-20T16:36:00+09:00, 3, 2, WIN, r
12, 3, 190, 2022-01-20T16:40:14+09:00, 6, 12, LOSE, r
12, 4, 190, 2022-01-20T16:44:28+09:00, 1, 11, LOSE, r
12, 5, 190, 2022-01-20T16:48:41+09:00, 12, 22, LOSE, r
12, 6, 190, 2022-01-20T16:52:55+09:00, 12, 2, WIN, r
12, 7, 190, 2022-01-20T16:57:09+09:00, 13, 11, WIN, r
12, 8, 190, 2022-01-20T17:01:23+09:00, 4, 8, LOSE, r
12, 9, 190, 2022-01-20T17:05:37+09:00, 3, 8, LOSE, r
12, 10, 190, 2022-01-20T17:09:50+09:00, 1, 11, LOSE, r
12, 11, 190, 2022-01-20T17:14:04+09:00, 1, 13, LOSE, r
12, 12, 190, 2022-01-20T17:18:18+09:00, 3, 14, LOSE, r
13, 1, 190, 2022-01-20T20:00:29+09:00, 15, 3, WIN, r
13, 2, 190, 2022-01-20T20:04:43+09:00, 11, 10, WIN, r
13, 3, 190, 2022-01-20T20:08:56+09:00, 14, 12, WIN, r
13, 4, 190, 2022-01-20T20:12:56+09:00, 7, 12, LOSE, r
13, 5, 190, 2022-01-20T20:17:10+09:00, 11, 15, LOSE, r
13, 6, 190, 2022-01-20T20:21:24+09:00, 2, 13, LOSE, r
13, 7, 190, 2022-01-20T20:25:37+09:00, 2, 12, LOSE, r
13, 8, 190, 2022-01-20T20:29:51+09:00, 5, 8, LOSE, r
13, 9, 190, 2022-01-20T20:34:05+09:00, 4, 6, LOSE, r
13, 10, 190, 2022-01-20T20:38:19+09:00, 6, 12, LOSE, r
13, 11, 190, 2022-01-20T20:42:33+09:00, 10, 15, LOSE, r
13, 12, 190, 2022-01-20T20:46:47+09:00, 2, 12, LOSE, r
14, 1, 190, 2022-01-20T23:28:45+09:00, 3, 1, WIN, r
14, 2, 190, 2022-01-20T23:32:58+09:00, 11, 6, WIN, r
14, 3, 190, 2022-01-20T23:37:12+09:00, 4, 2, WIN, r
14, 4, 190, 2022-01-20T23:41:26+09:00, 4, 15, LOSE, r
14, 5, 190, 2022-01-20T23:45:40+09:00, 3, 14, LOSE, r
14, 6, 190, 2022-01-20T23:49:53+09:00, 4, 7, LOSE, r
14, 7, 190, 2022-01-20T23:54:07+09:00, 1, 13, LOSE, r
14, 8, 190, 2022-01-20T23:58:21+09:00, 4, 11, LOSE, r
14, 9, 190, 2022-01-21T00:02:35+09:00, 14, 11, WIN, r
14, 10, 190, 2022-01-21T00:06:48+09:00, 2, 13, LOSE, r
14, 11, 190, 2022-01-21T00:11:02+09:00, 4, 11, LOSE, r
14, 12, 190, 2022-01-21T00:15:16+09:00, 3, 11, LOSE, r
15, 1, 190, 2022-01-21T02:58:06+09:00, 5, 1, WIN, r
15, 2, 190, 2022-01-21T03:02:20+09:00, 12, 4, WIN, r
15, 3, 190, 2022-01-21T03:06:33+09:00, 1, 12, LOSE, r
15, 4, 190, 2022-01-21T03:10:47+09:00, 3, 9, LOSE, r
15, 5, 190, 2022-01-21T03:15:01+09:00, 13, 16, LOSE, r
15, 6, 190, 2022-01-21T03:19:15+09:00, 12, 16, LOSE, r
15, 7, 190, 2022-01-21T03:23:28+09:00, 7, 12, LOSE, r
15, 8, 190, 2022-01-21T03:27:42+09:00, 4, 8, LOSE, r
15, 9, 190, 2022-01-21T03:31:56+09:00, 3, 13, LOSE, r
15, 10, 190, 2022-01-21T03:36:10+09:00, 4, 9, LOSE, r
15, 11, 190, 2022-01-21T03:40:24+09:00, 2, 12, LOSE, r
15, 12, 190, 2022-01-21T03:44:37+09:00, 6, 14, LOSE, r
16, 1, 190, 2022-01-21T06:27:16+09:00, 6, 10, LOSE, r
16, 2, 190, 2022-01-21T06:31:30+09:00, 8, 5, WIN, r
16, 3, 190, 2022-01-21T06:35:44+09:00, 13, 14, LOSE, r
16, 4, 190, 2022-01-21T06:39:57+09:00, 14, 9, WIN, r
16, 5, 190, 2022-01-21T06:44:11+09:00, 4, 14, LOSE, r
16, 6, 190, 2022-01-21T06:48:25+09:00, 5, 13, LOSE, r
16, 7, 190, 2022-01-21T06:52:39+09:00, 12, 13, LOSE, r
16, 8, 190, 2022-01-21T06:56:53+09:00, 5, 4, WIN, r
16, 9, 190, 2022-01-21T07:01:06+09:00, 4, 9, LOSE, r
16, 10, 190, 2022-01-21T07:05:20+09:00, 3, 13, LOSE, r
16, 11, 190, 2022-01-21T07:09:34+09:00, 4, 11, LOSE, r
16, 12, 190, 2022-01-21T07:13:48+09:00, 6, 12, LOSE, r
17, 1, 190, 2022-01-21T09:55:52+09:00, 3, 9, LOSE, r
17, 2, 190, 2022-01-21T10:00:06+09:00, 5, 5, LOSE, r
17, 3, 190, 2022-01-21T10:04:20+09:00, 5, 9, LOSE, r
17, 4, 190, 2022-01-21T10:08:34+09:00, 1, 11, LOSE, r
17, 5, 190, 2022-01-21T10:12:34+09:00, 12, 14, LOSE, r
17, 6, 190, 2022-01-21T10:16:48+09:00, 5, 13, LOSE, r
17, 7, 190, 2022-01-21T10:21:01+09:00, 5, 15, LOSE, r
17, 8, 190, 2022-01-21T10:25:16+09:00, 4, 11, LOSE, r
17, 9, 190, 2022-01-21T10:29:29+09:00, 7, 12, LOSE, r
17, 10, 190, 2022-01-21T10:33:43+09:00, 5, 15, LOSE, r
17, 11, 190, 2022-01-21T10:37:57+09:00, 3, 2, WIN, r
17, 12, 190, 2022-01-21T10:42:11+09:00, 6, 17, LOSE, r
0, 1, 190, 2022-01-21T13:17:59+09:00, 11, 1, WIN, r
0, 2, 190, 2022-01-21T13:22:13+09:00, 11, 1, WIN, r
0, 3, 190, 2022-01-21T13:26:27+09:00, 0, 10, LOSE, r
0, 4, 190, 2022-01-21T13:30:27+09:00, 4, 7, LOSE, r
0, 5, 190, 2022-01-21T13:34:41+09:00, 2, 13, LOSE, r
0, 6, 190, 2022-01-21T13:38:54+09:00, 7, 10, LOSE, r
0, 7, 190, 2022-01-21T13:43:08+09:00, 3, 14, LOSE, r
0, 8, 190, 2022-01-21T13:47:22+09:00, 10, 14, LOSE, r
0, 9, 190, 2022-01-21T13:51:36+09:00, 2, 12, LOSE, r
0, 10, 190, 2022-01-21T13:55:50+09:00, 3, 13, LOSE, r
0, 11, 190, 2022-01-21T13:59:50+09:00, 6, 8, LOSE, r
0, 12, 190, 2022-01-21T14:03:49+09:00, 2, 13, LOSE, r
1, 1, 190, 2022-01-21T15:54:06+09:00, 13, 8, WIN, r
1, 2, 190, 2022-01-21T15:58:19+09:00, 11, 1, WIN, r
1, 3, 190, 2022-01-21T16:02:33+09:00, 7, 8, LOSE, r
1, 4, 190, 2022-01-21T16:06:47+09:00, 6, 10, LOSE, r
1, 5, 190, 2022-01-21T16:11:01+09:00, 1, 11, LOSE, r
1, 6, 190, 2022-01-21T16:15:15+09:00, 2, 10, LOSE, r
1, 7, 190, 2022-01-21T16:19:28+09:00, 5, 17, LOSE, r
1, 8, 190, 2022-01-21T16:23:42+09:00, 4, 14, LOSE, r
1, 9, 190, 2022-01-21T16:27:57+09:00, 3, 5, LOSE, r
1, 10, 190, 2022-01-21T16:32:11+09:00, 3, 13, LOSE, r
1, 11, 190, 2022-01-21T16:36:25+09:00, 14, 12, WIN, r
1, 12, 190, 2022-01-21T16:40:38+09:00, 7, 11, LOSE, r
2, 1, 190, 2022-01-21T18:30:49+09:00, 14, 11, WIN, r
2, 2, 190, 2022-01-21T18:35:03+09:00, 7, 9, LOSE, r
2, 3, 190, 2022-01-21T18:39:17+09:00, 2, 12, LOSE, r
2, 4, 190, 2022-01-21T18:43:30+09:00, 2, 12, LOSE, r
2, 5, 190, 2022-01-21T18:47:44+09:00, 1, 12, LOSE, r
2, 6, 190, 2022-01-21T18:51:58+09:00, 1, 11, LOSE, r
2, 7, 190, 2022-01-21T18:56:12+09:00, 5, 12, LOSE, r
2, 8, 190, 2022-01-21T19:00:26+09:00, 2, 13, LOSE, r
2, 9, 190, 2022-01-21T19:04:39+09:00, 1, 11, LOSE, r
2, 10, 190, 2022-01-21T19:08:53+09:00, 14, 16, LOSE, r
2, 11, 190, 2022-01-21T19:13:07+09:00, 3, 8, LOSE, r
2, 12, 190, 2022-01-21T19:17:21+09:00, 2, 12, LOSE, r
3, 1, 190, 2022-01-21T21:07:41+09:00, 7, 1, WIN, r
3, 2, 190, 2022-01-21T21:11:54+09:00, 2, 13, LOSE, r
3, 3, 190, 2022-01-21T21:16:08+09:00, 4, 2, WIN, r
3, 4, 190, 2022-01-21T21:20:22+09:00, 4, 14, LOSE, r
3, 5, 190, 2022-01-21T21:24:36+09:00, 11, 15, LOSE, r
3, 6, 190, 2022-01-21T21:28:35+09:00, 10, 13, LOSE, r
3, 7, 190, 2022-01-21T21:32:49+09:00, 1, 11, LOSE, r
3, 8, 190, 2022-01-21T21:37:03+09:00, 4, 11, LOSE, r
3, 9, 190, 2022-01-21T21:41:17+09:00, 1, 11, LOSE, r
3, 10, 190, 2022-01-21T21:45:31+09:00, 2, 12, LOSE, r
3, 11, 190, 2022-01-21T21:49:45+09:00, 1, 11, LOSE, r
3, 12, 190, 2022-01-21T21:53:44+09:00, 0, 14, LOSE, r
4, 1, 190, 2022-01-21T23:43:45+09:00, 3, 1, WIN, r
4, 2, 190, 2022-01-21T23:47:59+09:00, 4, 3, WIN, r
4, 3, 190, 2022-01-21T23:52:13+09:00, 4, 8, LOSE, r
4, 4, 190, 2022-01-21T23:56:27+09:00, 11, 17, LOSE, r
4, 5, 190, 2022-01-22T00:00:41+09:00, 4, 14, LOSE, r
4, 6, 190, 2022-01-22T00:04:54+09:00, 10, 17, LOSE, r
4, 7, 190, 2022-01-22T00:08:54+09:00, 2, 12, LOSE, r
4, 8, 190, 2022-01-22T00:13:08+09:00, 5, 11, LOSE, r
4, 9, 190, 2022-01-22T00:17:22+09:00, 12, 9, WIN, r
4, 10, 190, 2022-01-22T00:21:36+09:00, 3, 13, LOSE, r
4, 11, 190, 2022-01-22T00:25:50+09:00, 3, 5, LOSE, r
4, 12, 190, 2022-01-22T00:30:03+09:00, 3, 14, LOSE, r
#--> latest commit:9ec7273ddb3d55bf7e6eeb345cc086cabbe8fd84 20220122021654 in burger_war_dev
5, 1, 190, 2022-01-22T02:22:06+09:00, 12, 2, WIN, r
5, 2, 190, 2022-01-22T02:26:06+09:00, 12, 1, WIN, r
5, 3, 190, 2022-01-22T02:30:19+09:00, 2, 12, LOSE, r
5, 4, 190, 2022-01-22T02:34:33+09:00, 6, 8, LOSE, r
5, 5, 190, 2022-01-22T02:38:47+09:00, 1, 11, LOSE, r
5, 6, 190, 2022-01-22T02:43:01+09:00, 1, 12, LOSE, r
5, 7, 190, 2022-01-22T02:47:15+09:00, 7, 12, LOSE, r
5, 8, 190, 2022-01-22T02:51:29+09:00, 10, 11, LOSE, r
5, 9, 190, 2022-01-22T02:55:42+09:00, 6, 13, LOSE, r
5, 10, 190, 2022-01-22T02:59:56+09:00, 3, 13, LOSE, r
5, 11, 190, 2022-01-22T03:04:10+09:00, 4, 9, LOSE, r
5, 12, 190, 2022-01-22T03:08:23+09:00, 3, 13, LOSE, r
6, 1, 190, 2022-01-22T04:58:50+09:00, 6, 8, LOSE, r
6, 2, 190, 2022-01-22T05:03:04+09:00, 4, 13, LOSE, r
6, 3, 190, 2022-01-22T05:07:18+09:00, 2, 12, LOSE, r
6, 4, 190, 2022-01-22T05:11:17+09:00, 14, 14, LOSE, r
6, 5, 190, 2022-01-22T05:15:31+09:00, 11, 15, LOSE, r
6, 6, 190, 2022-01-22T05:19:45+09:00, 8, 11, LOSE, r
6, 7, 190, 2022-01-22T05:23:59+09:00, 2, 12, LOSE, r
6, 8, 190, 2022-01-22T05:28:13+09:00, 4, 10, LOSE, r
6, 9, 190, 2022-01-22T05:32:27+09:00, 9, 11, LOSE, r
6, 10, 190, 2022-01-22T05:36:40+09:00, 2, 14, LOSE, r
6, 11, 190, 2022-01-22T05:40:54+09:00, 3, 12, LOSE, r
6, 12, 190, 2022-01-22T05:45:08+09:00, 2, 14, LOSE, r
7, 1, 190, 2022-01-22T07:35:26+09:00, 11, 1, WIN, r
7, 2, 190, 2022-01-22T07:39:40+09:00, 11, 1, WIN, r
7, 3, 190, 2022-01-22T07:43:54+09:00, 11, 12, LOSE, r
7, 4, 190, 2022-01-22T07:48:08+09:00, 2, 12, LOSE, r
7, 5, 190, 2022-01-22T07:52:21+09:00, 1, 15, LOSE, r
7, 6, 190, 2022-01-22T07:56:35+09:00, 2, 13, LOSE, r
7, 7, 190, 2022-01-22T08:00:49+09:00, 1, 11, LOSE, r
7, 8, 190, 2022-01-22T08:05:03+09:00, 4, 11, LOSE, r
7, 9, 190, 2022-01-22T08:09:17+09:00, 4, 9, LOSE, r
7, 10, 190, 2022-01-22T08:13:31+09:00, 9, 15, LOSE, r
7, 11, 190, 2022-01-22T08:17:30+09:00, 8, 8, LOSE, r
7, 12, 190, 2022-01-22T08:21:44+09:00, 1, 12, LOSE, r
8, 1, 190, 2022-01-22T10:12:02+09:00, 9, 6, WIN, r
8, 2, 190, 2022-01-22T10:16:15+09:00, 14, 4, WIN, r
8, 3, 190, 2022-01-22T10:20:29+09:00, 16, 7, WIN, r
8, 4, 190, 2022-01-22T10:24:43+09:00, 3, 16, LOSE, r
8, 5, 190, 2022-01-22T10:28:56+09:00, 3, 14, LOSE, r
8, 6, 190, 2022-01-22T10:33:10+09:00, 10, 10, LOSE, r
8, 7, 190, 2022-01-22T10:37:24+09:00, 2, 12, LOSE, r
8, 8, 190, 2022-01-22T10:41:37+09:00, 3, 0, WIN, r
8, 9, 190, 2022-01-22T10:45:51+09:00, 0, 10, LOSE, r
8, 10, 190, 2022-01-22T10:50:05+09:00, 9, 19, LOSE, r
8, 11, 190, 2022-01-22T10:54:19+09:00, 2, 4, LOSE, r
8, 12, 190, 2022-01-22T10:58:33+09:00, 6, 15, LOSE, r
9, 1, 190, 2022-01-22T12:49:10+09:00, 9, 12, LOSE, r
9, 2, 190, 2022-01-22T12:53:23+09:00, 3, 1, WIN, r
9, 3, 190, 2022-01-22T12:57:37+09:00, 12, 8, WIN, r
9, 4, 190, 2022-01-22T13:01:51+09:00, 5, 9, LOSE, r
9, 5, 190, 2022-01-22T13:06:05+09:00, 11, 15, LOSE, r
9, 6, 190, 2022-01-22T13:10:19+09:00, 5, 10, LOSE, r
9, 7, 190, 2022-01-22T13:14:33+09:00, 10, 12, LOSE, r
9, 8, 190, 2022-01-22T13:18:47+09:00, 7, 8, LOSE, r
9, 9, 190, 2022-01-22T13:23:01+09:00, 8, 11, LOSE, r
9, 10, 190, 2022-01-22T13:27:15+09:00, 4, 12, LOSE, r
9, 11, 190, 2022-01-22T13:31:28+09:00, 5, 11, LOSE, r
9, 12, 190, 2022-01-22T13:35:42+09:00, 1, 11, LOSE, r
10, 1, 190, 2022-01-22T15:26:02+09:00, 3, 1, WIN, r
10, 2, 190, 2022-01-22T15:30:16+09:00, 6, 10, LOSE, r
10, 3, 190, 2022-01-22T15:34:29+09:00, 5, 7, LOSE, r
10, 4, 190, 2022-01-22T15:38:43+09:00, 6, 8, LOSE, r
10, 5, 190, 2022-01-22T15:42:57+09:00, 4, 14, LOSE, r
10, 6, 190, 2022-01-22T15:47:11+09:00, 3, 9, LOSE, r
10, 7, 190, 2022-01-22T15:51:25+09:00, 4, 15, LOSE, r
10, 8, 190, 2022-01-22T15:55:38+09:00, 4, 0, WIN, r
10, 9, 190, 2022-01-22T15:59:52+09:00, 8, 12, LOSE, r
10, 10, 190, 2022-01-22T16:04:06+09:00, 1, 12, LOSE, r
10, 11, 190, 2022-01-22T16:08:20+09:00, 7, 9, LOSE, r
10, 12, 190, 2022-01-22T16:12:34+09:00, 5, 15, LOSE, r
11, 1, 190, 2022-01-22T18:02:37+09:00, 6, 1, WIN, r
11, 2, 190, 2022-01-22T18:06:51+09:00, 6, 5, WIN, r
11, 3, 190, 2022-01-22T18:11:04+09:00, 5, 11, LOSE, r
11, 4, 190, 2022-01-22T18:15:18+09:00, 0, 10, LOSE, r
11, 5, 190, 2022-01-22T18:19:32+09:00, 13, 16, LOSE, r
11, 6, 190, 2022-01-22T18:23:46+09:00, 3, 6, LOSE, r
11, 7, 190, 2022-01-22T18:28:00+09:00, 2, 15, LOSE, r
11, 8, 190, 2022-01-22T18:32:13+09:00, 3, 0, WIN, r
11, 9, 190, 2022-01-22T18:36:27+09:00, 4, 10, LOSE, r
11, 10, 190, 2022-01-22T18:40:42+09:00, 1, 11, LOSE, r
11, 11, 190, 2022-01-22T18:44:56+09:00, 3, 12, LOSE, r
11, 12, 190, 2022-01-22T18:49:10+09:00, 2, 12, LOSE, r
12, 1, 190, 2022-01-22T20:39:28+09:00, 10, 0, WIN, r
12, 2, 190, 2022-01-22T20:43:41+09:00, 3, 7, LOSE, r
12, 3, 190, 2022-01-22T20:47:55+09:00, 4, 3, WIN, r
12, 4, 190, 2022-01-22T20:52:09+09:00, 5, 11, LOSE, r
12, 5, 190, 2022-01-22T20:56:23+09:00, 12, 1, WIN, r
12, 6, 190, 2022-01-22T21:00:36+09:00, 2, 13, LOSE, r
12, 7, 190, 2022-01-22T21:04:50+09:00, 2, 10, LOSE, r
12, 8, 190, 2022-01-22T21:09:04+09:00, 3, 8, LOSE, r
12, 9, 190, 2022-01-22T21:13:18+09:00, 9, 10, LOSE, r
12, 10, 190, 2022-01-22T21:17:18+09:00, 5, 15, LOSE, r
12, 11, 190, 2022-01-22T21:21:32+09:00, 2, 13, LOSE, r
12, 12, 190, 2022-01-22T21:25:46+09:00, 2, 14, LOSE, r
13, 1, 190, 2022-01-22T23:15:59+09:00, 15, 12, WIN, r
13, 2, 190, 2022-01-22T23:20:12+09:00, 2, 10, LOSE, r
13, 3, 190, 2022-01-22T23:24:26+09:00, 7, 5, WIN, r
13, 4, 190, 2022-01-22T23:28:40+09:00, 7, 12, LOSE, r
13, 5, 190, 2022-01-22T23:32:54+09:00, 5, 15, LOSE, r
13, 6, 190, 2022-01-22T23:37:07+09:00, 2, 13, LOSE, r
13, 7, 190, 2022-01-22T23:41:21+09:00, 5, 16, LOSE, r
13, 8, 190, 2022-01-22T23:45:35+09:00, 4, 11, LOSE, r
13, 9, 190, 2022-01-22T23:49:49+09:00, 4, 6, LOSE, r
13, 10, 190, 2022-01-22T23:54:03+09:00, 3, 14, LOSE, r
13, 11, 190, 2022-01-22T23:58:17+09:00, 3, 14, LOSE, r
13, 12, 190, 2022-01-23T00:02:16+09:00, 3, 12, LOSE, r
14, 1, 190, 2022-01-23T01:52:39+09:00, 3, 9, LOSE, r
14, 2, 190, 2022-01-23T01:56:53+09:00, 6, 2, WIN, r
14, 3, 190, 2022-01-23T02:01:07+09:00, 4, 9, LOSE, r
14, 4, 190, 2022-01-23T02:05:21+09:00, 5, 12, LOSE, r
14, 5, 190, 2022-01-23T02:09:35+09:00, 12, 22, LOSE, r
14, 6, 190, 2022-01-23T02:13:48+09:00, 10, 13, LOSE, r
14, 7, 190, 2022-01-23T02:18:02+09:00, 3, 13, LOSE, r
14, 8, 190, 2022-01-23T02:22:16+09:00, 1, 11, LOSE, r
14, 9, 190, 2022-01-23T02:26:30+09:00, 6, 7, LOSE, r
14, 10, 190, 2022-01-23T02:30:44+09:00, 2, 14, LOSE, r
14, 11, 190, 2022-01-23T02:34:58+09:00, 0, 10, LOSE, r
14, 12, 190, 2022-01-23T02:39:11+09:00, 3, 9, LOSE, r
15, 1, 190, 2022-01-23T04:29:38+09:00, 6, 1, WIN, r
15, 2, 190, 2022-01-23T04:33:52+09:00, 6, 10, LOSE, r
15, 3, 190, 2022-01-23T04:38:06+09:00, 15, 6, WIN, r
15, 4, 190, 2022-01-23T04:42:20+09:00, 1, 14, LOSE, r
15, 5, 190, 2022-01-23T04:46:33+09:00, 2, 13, LOSE, r
15, 6, 190, 2022-01-23T04:50:47+09:00, 1, 13, LOSE, r
15, 7, 190, 2022-01-23T04:55:01+09:00, 7, 14, LOSE, r
15, 8, 190, 2022-01-23T04:59:15+09:00, 9, 12, LOSE, r
15, 9, 190, 2022-01-23T05:03:29+09:00, 6, 10, LOSE, r
15, 10, 190, 2022-01-23T05:07:43+09:00, 2, 14, LOSE, r
15, 11, 190, 2022-01-23T05:11:57+09:00, 6, 10, LOSE, r
15, 12, 190, 2022-01-23T05:16:10+09:00, 3, 11, LOSE, r
16, 1, 190, 2022-01-23T07:06:35+09:00, 16, 13, WIN, r
16, 2, 190, 2022-01-23T07:10:49+09:00, 13, 9, WIN, r
16, 3, 190, 2022-01-23T07:15:03+09:00, 4, 11, LOSE, r
16, 4, 190, 2022-01-23T07:19:16+09:00, 1, 12, LOSE, r
16, 5, 190, 2022-01-23T07:23:30+09:00, 1, 11, LOSE, r
16, 6, 190, 2022-01-23T07:27:44+09:00, 13, 21, LOSE, r
16, 7, 190, 2022-01-23T07:31:58+09:00, 9, 11, LOSE, r
16, 8, 190, 2022-01-23T07:36:12+09:00, 1, 11, LOSE, r
16, 9, 190, 2022-01-23T07:40:26+09:00, 9, 9, LOSE, r
16, 10, 190, 2022-01-23T07:44:40+09:00, 1, 11, LOSE, r
16, 11, 190, 2022-01-23T07:48:54+09:00, 3, 10, LOSE, r
16, 12, 190, 2022-01-23T07:53:08+09:00, 2, 14, LOSE, r
17, 1, 190, 2022-01-23T09:43:16+09:00, 14, 3, WIN, r
17, 2, 190, 2022-01-23T09:47:30+09:00, 3, 5, LOSE, r
17, 3, 190, 2022-01-23T09:51:44+09:00, 3, 13, LOSE, r
17, 4, 190, 2022-01-23T09:55:57+09:00, 14, 9, WIN, r
17, 5, 190, 2022-01-23T10:00:11+09:00, 1, 11, LOSE, r
17, 6, 190, 2022-01-23T10:04:25+09:00, 1, 15, LOSE, r
17, 7, 190, 2022-01-23T10:08:38+09:00, 2, 12, LOSE, r
17, 8, 190, 2022-01-23T10:12:53+09:00, 2, 0, WIN, r
17, 9, 190, 2022-01-23T10:17:07+09:00, 3, 4, LOSE, r
17, 10, 190, 2022-01-23T10:21:20+09:00, 11, 17, LOSE, r
17, 11, 190, 2022-01-23T10:25:36+09:00, 2, 12, LOSE, r
17, 12, 190, 2022-01-23T10:29:50+09:00, 3, 14, LOSE, r
18, 1, 190, 2022-01-23T12:19:49+09:00, 4, 1, WIN, r
18, 2, 190, 2022-01-23T12:24:02+09:00, 3, 4, LOSE, r
18, 3, 190, 2022-01-23T12:28:16+09:00, 2, 2, LOSE, r
18, 4, 190, 2022-01-23T12:32:30+09:00, 2, 9, LOSE, r
18, 5, 190, 2022-01-23T12:36:44+09:00, 13, 17, LOSE, r
18, 6, 190, 2022-01-23T12:40:58+09:00, 12, 13, LOSE, r
18, 7, 190, 2022-01-23T12:45:11+09:00, 4, 15, LOSE, r
18, 8, 190, 2022-01-23T12:49:25+09:00, 3, 0, WIN, r
18, 9, 190, 2022-01-23T12:53:39+09:00, 9, 13, LOSE, r
18, 10, 190, 2022-01-23T12:57:53+09:00, 3, 15, LOSE, r
18, 11, 190, 2022-01-23T13:02:07+09:00, 3, 7, LOSE, r
18, 12, 190, 2022-01-23T13:06:20+09:00, 3, 14, LOSE, r
19, 1, 190, 2022-01-23T14:56:51+09:00, 12, 9, WIN, r
19, 2, 190, 2022-01-23T15:01:05+09:00, 6, 7, LOSE, r
19, 3, 190, 2022-01-23T15:05:19+09:00, 6, 10, LOSE, r
19, 4, 190, 2022-01-23T15:09:33+09:00, 5, 14, LOSE, r
19, 5, 190, 2022-01-23T15:13:46+09:00, 1, 11, LOSE, r
19, 6, 190, 2022-01-23T15:18:00+09:00, 2, 12, LOSE, r
19, 7, 190, 2022-01-23T15:22:14+09:00, 12, 13, LOSE, r
19, 8, 190, 2022-01-23T15:26:28+09:00, 3, 0, WIN, r
19, 9, 190, 2022-01-23T15:30:42+09:00, 2, 9, LOSE, r
19, 10, 190, 2022-01-23T15:34:56+09:00, 3, 13, LOSE, r
19, 11, 190, 2022-01-23T15:39:09+09:00, 1, 13, LOSE, r
19, 12, 190, 2022-01-23T15:43:23+09:00, 3, 11, LOSE, r
20, 1, 190, 2022-01-23T17:35:30+09:00, 3, 1, WIN, r
20, 2, 190, 2022-01-23T17:39:44+09:00, 3, 7, LOSE, r
20, 3, 190, 2022-01-23T17:43:43+09:00, 2, 12, LOSE, r
20, 4, 190, 2022-01-23T17:47:57+09:00, 2, 9, LOSE, r
20, 5, 190, 2022-01-23T17:52:11+09:00, 11, 18, LOSE, r
20, 6, 190, 2022-01-23T17:56:25+09:00, 11, 15, LOSE, r
20, 7, 190, 2022-01-23T18:00:39+09:00, 1, 13, LOSE, r
20, 8, 190, 2022-01-23T18:04:38+09:00, 2, 12, LOSE, r
20, 9, 190, 2022-01-23T18:08:52+09:00, 10, 8, WIN, r
20, 10, 190, 2022-01-23T18:13:06+09:00, 2, 14, LOSE, r
20, 11, 190, 2022-01-23T18:17:20+09:00, 3, 11, LOSE, r
20, 12, 190, 2022-01-23T18:21:35+09:00, 3, 11, LOSE, r
21, 1, 190, 2022-01-23T20:13:33+09:00, 9, 9, LOSE, r
21, 2, 190, 2022-01-23T20:17:46+09:00, 15, 6, WIN, r
21, 3, 190, 2022-01-23T20:22:01+09:00, 2, 10, LOSE, r
21, 4, 190, 2022-01-23T20:26:14+09:00, 12, 11, WIN, r
21, 5, 190, 2022-01-23T20:30:28+09:00, 6, 12, LOSE, r
21, 6, 190, 2022-01-23T20:34:42+09:00, 11, 22, LOSE, r
21, 7, 190, 2022-01-23T20:38:56+09:00, 8, 12, LOSE, r
21, 8, 190, 2022-01-23T20:43:10+09:00, 7, 10, LOSE, r
21, 9, 190, 2022-01-23T20:47:10+09:00, 2, 9, LOSE, r
21, 10, 190, 2022-01-23T20:51:24+09:00, 2, 14, LOSE, r
21, 11, 190, 2022-01-23T20:55:37+09:00, 4, 5, LOSE, r
21, 12, 190, 2022-01-23T20:59:51+09:00, 3, 11, LOSE, r
22, 1, 190, 2022-01-23T22:50:04+09:00, 7, 12, LOSE, r
22, 2, 190, 2022-01-23T22:54:18+09:00, 12, 1, WIN, r
22, 3, 190, 2022-01-23T22:58:32+09:00, 2, 6, LOSE, r
22, 4, 190, 2022-01-23T23:02:45+09:00, 2, 13, LOSE, r
22, 5, 190, 2022-01-23T23:06:59+09:00, 1, 11, LOSE, r
22, 6, 190, 2022-01-23T23:11:13+09:00, 14, 16, LOSE, r
22, 7, 190, 2022-01-23T23:15:27+09:00, 2, 15, LOSE, r
22, 8, 190, 2022-01-23T23:19:41+09:00, 7, 4, WIN, r
22, 9, 190, 2022-01-23T23:23:55+09:00, 4, 14, LOSE, r
22, 10, 190, 2022-01-23T23:28:09+09:00, 12, 15, LOSE, r
22, 11, 190, 2022-01-23T23:32:23+09:00, 1, 11, LOSE, r
22, 12, 190, 2022-01-23T23:36:37+09:00, 6, 14, LOSE, r
23, 1, 190, 2022-01-24T01:27:01+09:00, 12, 8, WIN, r
23, 2, 190, 2022-01-24T01:31:15+09:00, 7, 4, WIN, r
23, 3, 190, 2022-01-24T01:35:29+09:00, 4, 12, LOSE, r
23, 4, 190, 2022-01-24T01:39:43+09:00, 6, 12, LOSE, r
23, 5, 190, 2022-01-24T01:43:57+09:00, 4, 14, LOSE, r
23, 6, 190, 2022-01-24T01:48:10+09:00, 12, 14, LOSE, r
23, 7, 190, 2022-01-24T01:52:25+09:00, 0, 11, LOSE, r
23, 8, 190, 2022-01-24T01:56:39+09:00, 8, 12, LOSE, r
23, 9, 190, 2022-01-24T02:00:53+09:00, 7, 12, LOSE, r
23, 10, 190, 2022-01-24T02:05:06+09:00, 1, 11, LOSE, r
23, 11, 190, 2022-01-24T02:09:20+09:00, 2, 11, LOSE, r
23, 12, 190, 2022-01-24T02:13:34+09:00, 3, 11, LOSE, r
24, 1, 190, 2022-01-24T04:03:56+09:00, 12, 11, WIN, r
24, 2, 190, 2022-01-24T04:08:10+09:00, 8, 9, LOSE, r
24, 3, 190, 2022-01-24T04:12:24+09:00, 5, 12, LOSE, r
24, 4, 190, 2022-01-24T04:16:37+09:00, 7, 9, LOSE, r
24, 5, 190, 2022-01-24T04:20:51+09:00, 2, 13, LOSE, r
24, 6, 190, 2022-01-24T04:25:05+09:00, 12, 1, WIN, r
24, 7, 190, 2022-01-24T04:29:19+09:00, 12, 10, WIN, r
24, 8, 190, 2022-01-24T04:33:33+09:00, 2, 12, LOSE, r
24, 9, 190, 2022-01-24T04:37:47+09:00, 2, 12, LOSE, r
24, 10, 190, 2022-01-24T04:42:01+09:00, 11, 16, LOSE, r
24, 11, 190, 2022-01-24T04:46:15+09:00, 4, 9, LOSE, r
24, 12, 190, 2022-01-24T04:50:29+09:00, 4, 14, LOSE, r
25, 1, 190, 2022-01-24T06:41:01+09:00, 15, 11, WIN, r
25, 2, 190, 2022-01-24T06:45:01+09:00, 10, 5, WIN, r
25, 3, 190, 2022-01-24T06:49:15+09:00, 2, 2, LOSE, r
25, 4, 190, 2022-01-24T06:53:29+09:00, 6, 9, LOSE, r
25, 5, 190, 2022-01-24T06:57:43+09:00, 11, 15, LOSE, r
25, 6, 190, 2022-01-24T07:01:57+09:00, 2, 9, LOSE, r
25, 7, 190, 2022-01-24T07:06:10+09:00, 0, 10, LOSE, r
25, 8, 190, 2022-01-24T07:10:24+09:00, 13, 14, LOSE, r
25, 9, 190, 2022-01-24T07:14:38+09:00, 2, 12, LOSE, r
25, 10, 190, 2022-01-24T07:18:52+09:00, 3, 13, LOSE, r
25, 11, 190, 2022-01-24T07:23:06+09:00, 6, 11, LOSE, r
25, 12, 190, 2022-01-24T07:27:20+09:00, 3, 9, LOSE, r
26, 1, 190, 2022-01-24T09:17:54+09:00, 6, 1, WIN, r
26, 2, 190, 2022-01-24T09:22:08+09:00, 1, 10, LOSE, r
26, 3, 190, 2022-01-24T09:26:22+09:00, 2, 8, LOSE, r
26, 4, 190, 2022-01-24T09:30:36+09:00, 14, 14, LOSE, r
26, 5, 190, 2022-01-24T09:34:50+09:00, 9, 22, LOSE, r
26, 6, 190, 2022-01-24T09:39:04+09:00, 14, 12, WIN, r
26, 7, 190, 2022-01-24T09:43:18+09:00, 5, 11, LOSE, r
26, 8, 190, 2022-01-24T09:47:31+09:00, 10, 11, LOSE, r
26, 9, 190, 2022-01-24T09:51:45+09:00, 12, 12, LOSE, r
26, 10, 190, 2022-01-24T09:55:59+09:00, 2, 13, LOSE, r
26, 11, 190, 2022-01-24T10:00:13+09:00, 15, 12, WIN, r
26, 12, 190, 2022-01-24T10:04:27+09:00, 7, 17, LOSE, r
27, 1, 190, 2022-01-24T11:55:11+09:00, 12, 1, WIN, r
27, 2, 190, 2022-01-24T11:59:25+09:00, 5, 5, LOSE, r
27, 3, 190, 2022-01-24T12:03:39+09:00, 2, 12, LOSE, r
27, 4, 190, 2022-01-24T12:07:53+09:00, 9, 11, LOSE, r
27, 5, 190, 2022-01-24T12:12:07+09:00, 1, 11, LOSE, r
27, 6, 190, 2022-01-24T12:16:20+09:00, 8, 15, LOSE, r
27, 7, 190, 2022-01-24T12:20:34+09:00, 1, 13, LOSE, r
27, 8, 190, 2022-01-24T12:24:48+09:00, 12, 7, WIN, r
27, 9, 190, 2022-01-24T12:29:02+09:00, 13, 14, LOSE, r
27, 10, 190, 2022-01-24T12:33:16+09:00, 5, 16, LOSE, r
27, 11, 190, 2022-01-24T12:37:30+09:00, 6, 7, LOSE, r
27, 12, 190, 2022-01-24T12:41:44+09:00, 2, 14, LOSE, r
#--> latest commit:aea8d12efce8ac68e95a36f7c43456727f2d0cee 20220124022844 in burger_war_dev
28, 1, 190, 2022-01-24T14:33:59+09:00, 6, 1, WIN, r
28, 2, 190, 2022-01-24T14:38:13+09:00, 3, 10, LOSE, r
28, 3, 190, 2022-01-24T14:42:27+09:00, 0, 10, LOSE, r
28, 4, 190, 2022-01-24T14:46:40+09:00, 12, 12, LOSE, r
28, 5, 190, 2022-01-24T14:50:54+09:00, 11, 15, LOSE, r
28, 6, 190, 2022-01-24T14:55:08+09:00, 2, 13, LOSE, r
28, 7, 190, 2022-01-24T14:59:22+09:00, 5, 15, LOSE, r
28, 8, 190, 2022-01-24T15:03:37+09:00, 3, 0, WIN, r
28, 9, 190, 2022-01-24T15:07:50+09:00, 3, 13, LOSE, r
28, 10, 190, 2022-01-24T15:12:05+09:00, 4, 15, LOSE, r
28, 11, 190, 2022-01-24T15:16:19+09:00, 14, 12, WIN, r
28, 12, 190, 2022-01-24T15:20:32+09:00, 1, 11, LOSE, r
29, 1, 190, 2022-01-24T17:11:13+09:00, 16, 12, WIN, r
29, 2, 190, 2022-01-24T17:15:27+09:00, 3, 10, LOSE, r
29, 3, 190, 2022-01-24T17:19:41+09:00, 0, 10, LOSE, r
29, 4, 190, 2022-01-24T17:23:40+09:00, 6, 9, LOSE, r
29, 5, 190, 2022-01-24T17:27:54+09:00, 14, 3, WIN, r
29, 6, 190, 2022-01-24T17:32:08+09:00, 1, 11, LOSE, r
29, 7, 190, 2022-01-24T17:36:22+09:00, 7, 11, LOSE, r
29, 8, 190, 2022-01-24T17:40:36+09:00, 4, 11, LOSE, r
29, 9, 190, 2022-01-24T17:44:50+09:00, 13, 14, LOSE, r
29, 10, 190, 2022-01-24T17:49:04+09:00, 2, 13, LOSE, r
29, 11, 190, 2022-01-24T17:53:18+09:00, 5, 9, LOSE, r
29, 12, 190, 2022-01-24T17:57:32+09:00, 6, 14, LOSE, r
30, 1, 190, 2022-01-24T19:47:31+09:00, 13, 3, WIN, r
30, 2, 190, 2022-01-24T19:51:45+09:00, 3, 10, LOSE, r
30, 3, 190, 2022-01-24T19:55:59+09:00, 2, 12, LOSE, r
30, 4, 190, 2022-01-24T20:00:14+09:00, 14, 20, LOSE, r
30, 5, 190, 2022-01-24T20:04:28+09:00, 12, 14, LOSE, r
30, 6, 190, 2022-01-24T20:08:42+09:00, 11, 14, LOSE, r
30, 7, 190, 2022-01-24T20:12:41+09:00, 3, 15, LOSE, r
30, 8, 190, 2022-01-24T20:16:55+09:00, 4, 11, LOSE, r
30, 9, 190, 2022-01-24T20:21:09+09:00, 8, 10, LOSE, r
30, 10, 190, 2022-01-24T20:25:23+09:00, 1, 13, LOSE, r
30, 11, 190, 2022-01-24T20:29:37+09:00, 9, 0, WIN, r
30, 12, 190, 2022-01-24T20:33:51+09:00, 4, 14, LOSE, r
31, 1, 190, 2022-01-24T22:26:07+09:00, 3, 1, WIN, r
31, 2, 190, 2022-01-24T22:30:21+09:00, 5, 2, WIN, r
31, 3, 190, 2022-01-24T22:34:35+09:00, 3, 4, LOSE, r
31, 4, 190, 2022-01-24T22:38:49+09:00, 2, 14, LOSE, r
31, 5, 190, 2022-01-24T22:43:02+09:00, 1, 11, LOSE, r
31, 6, 190, 2022-01-24T22:47:16+09:00, 2, 12, LOSE, r
31, 7, 190, 2022-01-24T22:51:30+09:00, 4, 7, LOSE, r
31, 8, 190, 2022-01-24T22:55:44+09:00, 3, 3, LOSE, r
31, 9, 190, 2022-01-24T22:59:59+09:00, 4, 4, LOSE, r
31, 10, 190, 2022-01-24T23:04:12+09:00, 4, 13, LOSE, r
31, 11, 190, 2022-01-24T23:08:26+09:00, 9, 14, LOSE, r
31, 12, 190, 2022-01-24T23:12:40+09:00, 3, 11, LOSE, r
32, 1, 190, 2022-01-25T01:03:05+09:00, 3, 1, WIN, r
32, 2, 190, 2022-01-25T01:07:19+09:00, 5, 12, LOSE, r
32, 3, 190, 2022-01-25T01:11:33+09:00, 5, 5, LOSE, r
32, 4, 190, 2022-01-25T01:15:47+09:00, 7, 12, LOSE, r
32, 5, 190, 2022-01-25T01:20:01+09:00, 2, 13, LOSE, r
32, 6, 190, 2022-01-25T01:24:15+09:00, 4, 14, LOSE, r
32, 7, 190, 2022-01-25T01:28:29+09:00, 2, 16, LOSE, r
32, 8, 190, 2022-01-25T01:32:43+09:00, 3, 0, WIN, r
32, 9, 190, 2022-01-25T01:36:57+09:00, 7, 7, LOSE, r
32, 10, 190, 2022-01-25T01:41:11+09:00, 10, 19, LOSE, r
32, 11, 190, 2022-01-25T01:45:25+09:00, 1, 11, LOSE, r
32, 12, 190, 2022-01-25T01:49:39+09:00, 6, 14, LOSE, r
33, 1, 190, 2022-01-25T03:42:22+09:00, 4, 1, WIN, r
33, 2, 190, 2022-01-25T03:46:36+09:00, 4, 9, LOSE, r
33, 3, 190, 2022-01-25T03:50:50+09:00, 5, 5, LOSE, r
33, 4, 190, 2022-01-25T03:55:04+09:00, 2, 12, LOSE, r
33, 5, 190, 2022-01-25T03:59:17+09:00, 11, 15, LOSE, r
33, 6, 190, 2022-01-25T04:03:31+09:00, 14, 8, WIN, r
33, 7, 190, 2022-01-25T04:07:45+09:00, 6, 11, LOSE, r
33, 8, 190, 2022-01-25T04:11:59+09:00, 3, 0, WIN, r
33, 9, 190, 2022-01-25T04:16:13+09:00, 5, 9, LOSE, r
33, 10, 190, 2022-01-25T04:20:27+09:00, 1, 12, LOSE, r
33, 11, 190, 2022-01-25T04:24:26+09:00, 4, 12, LOSE, r
33, 12, 190, 2022-01-25T04:28:41+09:00, 2, 12, LOSE, r
34, 1, 190, 2022-01-25T06:18:47+09:00, 4, 1, WIN, r
34, 2, 190, 2022-01-25T06:23:01+09:00, 6, 6, LOSE, r
34, 3, 190, 2022-01-25T06:27:14+09:00, 5, 3, WIN, r
34, 4, 190, 2022-01-25T06:31:28+09:00, 6, 8, LOSE, r
34, 5, 190, 2022-01-25T06:35:42+09:00, 12, 14, LOSE, r
34, 6, 190, 2022-01-25T06:39:56+09:00, 2, 10, LOSE, r
34, 7, 190, 2022-01-25T06:44:10+09:00, 1, 10, LOSE, r
34, 8, 190, 2022-01-25T06:48:24+09:00, 3, 0, WIN, r
34, 9, 190, 2022-01-25T06:52:38+09:00, 6, 9, LOSE, r
34, 10, 190, 2022-01-25T06:56:52+09:00, 10, 14, LOSE, r
34, 11, 190, 2022-01-25T07:01:05+09:00, 6, 4, WIN, r
34, 12, 190, 2022-01-25T07:05:19+09:00, 2, 13, LOSE, r
35, 1, 190, 2022-01-25T08:55:41+09:00, 6, 1, WIN, r
35, 2, 190, 2022-01-25T08:59:55+09:00, 11, 7, WIN, r
35, 3, 190, 2022-01-25T09:04:09+09:00, 7, 12, LOSE, r
35, 4, 190, 2022-01-25T09:08:10+09:00, 2, 13, LOSE, r
35, 5, 190, 2022-01-25T09:12:24+09:00, 13, 16, LOSE, r
35, 6, 190, 2022-01-25T09:16:37+09:00, 2, 12, LOSE, r
35, 7, 190, 2022-01-25T09:20:51+09:00, 13, 9, WIN, r
35, 8, 190, 2022-01-25T09:25:05+09:00, 5, 4, WIN, r
35, 9, 190, 2022-01-25T09:29:19+09:00, 7, 13, LOSE, r
35, 10, 190, 2022-01-25T09:33:33+09:00, 11, 16, LOSE, r
35, 11, 190, 2022-01-25T09:37:47+09:00, 3, 7, LOSE, r
35, 12, 190, 2022-01-25T09:42:01+09:00, 2, 12, LOSE, r
36, 1, 190, 2022-01-25T11:31:34+09:00, 5, 8, LOSE, r
36, 2, 190, 2022-01-25T11:35:48+09:00, 3, 5, LOSE, r
36, 3, 190, 2022-01-25T11:40:02+09:00, 2, 13, LOSE, r
36, 4, 190, 2022-01-25T11:44:16+09:00, 2, 4, LOSE, r
36, 5, 190, 2022-01-25T11:48:30+09:00, 12, 13, LOSE, r
36, 6, 190, 2022-01-25T11:52:44+09:00, 11, 8, WIN, r
36, 7, 190, 2022-01-25T11:56:44+09:00, 11, 15, LOSE, r
36, 8, 190, 2022-01-25T12:00:58+09:00, 2, 12, LOSE, r
36, 9, 190, 2022-01-25T12:05:11+09:00, 11, 6, WIN, r
36, 10, 190, 2022-01-25T12:09:25+09:00, 3, 14, LOSE, r
36, 11, 190, 2022-01-25T12:13:39+09:00, 10, 11, LOSE, r
36, 12, 190, 2022-01-25T12:17:53+09:00, 3, 14, LOSE, r
37, 1, 190, 2022-01-25T14:08:25+09:00, 15, 12, WIN, r
37, 2, 190, 2022-01-25T14:12:38+09:00, 10, 9, WIN, r
37, 3, 190, 2022-01-25T14:16:52+09:00, 6, 14, LOSE, r
37, 4, 190, 2022-01-25T14:21:07+09:00, 15, 9, WIN, r
37, 5, 190, 2022-01-25T14:25:21+09:00, 12, 14, LOSE, r
37, 6, 190, 2022-01-25T14:29:34+09:00, 11, 4, WIN, r
37, 7, 190, 2022-01-25T14:33:48+09:00, 11, 11, LOSE, r
37, 8, 190, 2022-01-25T14:38:02+09:00, 2, 12, LOSE, r
37, 9, 190, 2022-01-25T14:42:16+09:00, 9, 8, WIN, r
37, 10, 190, 2022-01-25T14:46:30+09:00, 4, 14, LOSE, r
37, 11, 190, 2022-01-25T14:50:44+09:00, 2, 12, LOSE, r
37, 12, 190, 2022-01-25T14:54:59+09:00, 6, 11, LOSE, r
38, 1, 190, 2022-01-25T16:45:17+09:00, 11, 9, WIN, r
38, 2, 190, 2022-01-25T16:49:31+09:00, 3, 5, LOSE, r
38, 3, 190, 2022-01-25T16:53:45+09:00, 2, 13, LOSE, r
38, 4, 190, 2022-01-25T16:57:59+09:00, 13, 10, WIN, r
38, 5, 190, 2022-01-25T17:02:12+09:00, 12, 17, LOSE, r
38, 6, 190, 2022-01-25T17:06:26+09:00, 2, 13, LOSE, r
38, 7, 190, 2022-01-25T17:10:40+09:00, 13, 8, WIN, r
38, 8, 190, 2022-01-25T17:14:54+09:00, 2, 6, LOSE, r
38, 9, 190, 2022-01-25T17:19:08+09:00, 4, 13, LOSE, r
38, 10, 190, 2022-01-25T17:23:22+09:00, 3, 14, LOSE, r
38, 11, 190, 2022-01-25T17:27:36+09:00, 2, 12, LOSE, r
38, 12, 190, 2022-01-25T17:31:50+09:00, 2, 14, LOSE, r
39, 1, 190, 2022-01-25T19:26:32+09:00, 15, 4, WIN, r
39, 2, 190, 2022-01-25T19:30:48+09:00, 6, 9, LOSE, r
39, 3, 190, 2022-01-25T19:35:03+09:00, 13, 9, WIN, r
39, 4, 190, 2022-01-25T19:39:19+09:00, 12, 7, WIN, r
39, 5, 190, 2022-01-25T19:43:35+09:00, 4, 14, LOSE, r
39, 6, 190, 2022-01-25T19:47:50+09:00, 3, 14, LOSE, r
39, 7, 190, 2022-01-25T19:52:06+09:00, 2, 12, LOSE, r
39, 8, 190, 2022-01-25T19:56:22+09:00, 3, 4, LOSE, r
39, 9, 190, 2022-01-25T20:00:38+09:00, 1, 11, LOSE, r
39, 10, 190, 2022-01-25T20:04:54+09:00, 3, 13, LOSE, r
39, 11, 190, 2022-01-25T20:09:09+09:00, 3, 4, LOSE, r
39, 12, 190, 2022-01-25T20:13:25+09:00, 7, 13, LOSE, r
40, 1, 190, 2022-01-25T22:09:57+09:00, 8, 11, LOSE, r
40, 2, 190, 2022-01-25T22:14:13+09:00, 5, 9, LOSE, r
40, 3, 190, 2022-01-25T22:18:29+09:00, 11, 6, WIN, r
40, 4, 190, 2022-01-25T22:22:45+09:00, 5, 9, LOSE, r
40, 5, 190, 2022-01-25T22:27:01+09:00, 14, 17, LOSE, r
40, 6, 190, 2022-01-25T22:31:17+09:00, 13, 16, LOSE, r
40, 7, 190, 2022-01-25T22:35:33+09:00, 5, 12, LOSE, r
40, 8, 190, 2022-01-25T22:39:49+09:00, 3, 0, WIN, r
40, 9, 190, 2022-01-25T22:44:05+09:00, 4, 14, LOSE, r
40, 10, 190, 2022-01-25T22:48:21+09:00, 2, 9, LOSE, r
40, 11, 190, 2022-01-25T22:52:37+09:00, 11, 14, LOSE, r
40, 12, 190, 2022-01-25T22:56:53+09:00, 1, 11, LOSE, r
41, 1, 190, 2022-01-26T00:57:11+09:00, 3, 1, WIN, r
41, 2, 190, 2022-01-26T01:01:27+09:00, 6, 6, LOSE, r
41, 3, 190, 2022-01-26T01:05:43+09:00, 6, 11, LOSE, r
41, 4, 190, 2022-01-26T01:09:59+09:00, 9, 6, WIN, r
41, 5, 190, 2022-01-26T01:14:15+09:00, 1, 11, LOSE, r
41, 6, 190, 2022-01-26T01:18:30+09:00, 5, 6, LOSE, r
41, 7, 190, 2022-01-26T01:22:47+09:00, 13, 12, WIN, r
41, 8, 190, 2022-01-26T01:27:03+09:00, 4, 11, LOSE, r
41, 9, 190, 2022-01-26T01:31:19+09:00, 3, 10, LOSE, r
41, 10, 190, 2022-01-26T01:35:35+09:00, 13, 15, LOSE, r
41, 11, 190, 2022-01-26T01:39:51+09:00, 7, 9, LOSE, r
41, 12, 190, 2022-01-26T01:44:07+09:00, 1, 12, LOSE, r
42, 1, 190, 2022-01-26T03:44:06+09:00, 8, 8, LOSE, r
42, 2, 190, 2022-01-26T03:48:21+09:00, 12, 9, WIN, r
42, 3, 190, 2022-01-26T03:52:37+09:00, 14, 12, WIN, r
42, 4, 190, 2022-01-26T03:56:53+09:00, 12, 10, WIN, r
42, 5, 190, 2022-01-26T04:01:09+09:00, 2, 13, LOSE, r
42, 6, 190, 2022-01-26T04:05:24+09:00, 4, 14, LOSE, r
42, 7, 190, 2022-01-26T04:09:40+09:00, 4, 15, LOSE, r
42, 8, 190, 2022-01-26T04:13:56+09:00, 4, 11, LOSE, r
42, 9, 190, 2022-01-26T04:18:12+09:00, 7, 16, LOSE, r
42, 10, 190, 2022-01-26T04:22:28+09:00, 3, 13, LOSE, r
42, 11, 190, 2022-01-26T04:26:44+09:00, 3, 13, LOSE, r
42, 12, 190, 2022-01-26T04:31:00+09:00, 2, 14, LOSE, r
43, 1, 190, 2022-01-26T06:28:00+09:00, 3, 1, WIN, r
43, 2, 190, 2022-01-26T06:32:15+09:00, 8, 10, LOSE, r
43, 3, 190, 2022-01-26T06:36:31+09:00, 11, 11, LOSE, r
43, 4, 190, 2022-01-26T06:40:46+09:00, 13, 11, WIN, r
43, 5, 190, 2022-01-26T06:45:03+09:00, 14, 12, WIN, r
43, 6, 190, 2022-01-26T06:49:46+09:00, 0, 0, LOSE, r
43, 7, 190, 2022-01-26T06:53:48+09:00, 5, 14, LOSE, r
43, 8, 190, 2022-01-26T06:58:04+09:00, 5, 11, LOSE, r
43, 9, 190, 2022-01-26T07:02:20+09:00, 2, 9, LOSE, r
43, 10, 190, 2022-01-26T07:06:36+09:00, 14, 15, LOSE, r
43, 11, 190, 2022-01-26T07:10:52+09:00, 3, 2, WIN, r
43, 12, 190, 2022-01-26T07:15:08+09:00, 3, 14, LOSE, r
44, 1, 190, 2022-01-26T09:11:34+09:00, 3, 1, WIN, r
44, 2, 190, 2022-01-26T09:15:50+09:00, 3, 7, LOSE, r
44, 3, 190, 2022-01-26T09:20:05+09:00, 2, 12, LOSE, r
44, 4, 190, 2022-01-26T09:24:21+09:00, 2, 13, LOSE, r
44, 5, 190, 2022-01-26T09:28:37+09:00, 12, 14, LOSE, r
44, 6, 190, 2022-01-26T09:33:20+09:00, 0, 0, LOSE, r
44, 7, 190, 2022-01-26T09:37:22+09:00, 0, 10, LOSE, r
44, 8, 190, 2022-01-26T09:41:38+09:00, 12, 3, WIN, r
44, 9, 190, 2022-01-26T09:45:54+09:00, 4, 15, LOSE, r
44, 10, 190, 2022-01-26T09:50:10+09:00, 3, 13, LOSE, r
44, 11, 190, 2022-01-26T09:54:26+09:00, 2, 6, LOSE, r
44, 12, 190, 2022-01-26T09:58:42+09:00, 2, 12, LOSE, r
45, 1, 190, 2022-01-26T11:54:40+09:00, 7, 8, LOSE, r
45, 2, 190, 2022-01-26T11:58:56+09:00, 12, 9, WIN, r
45, 3, 190, 2022-01-26T12:03:13+09:00, 1, 13, LOSE, r
45, 4, 190, 2022-01-26T12:07:29+09:00, 13, 9, WIN, r
45, 5, 190, 2022-01-26T12:11:45+09:00, 8, 15, LOSE, r
45, 6, 190, 2022-01-26T12:16:01+09:00, 1, 11, LOSE, r
45, 7, 190, 2022-01-26T12:20:17+09:00, 2, 12, LOSE, r
45, 8, 190, 2022-01-26T12:24:34+09:00, 3, 0, WIN, r
45, 9, 190, 2022-01-26T12:28:50+09:00, 4, 8, LOSE, r
45, 10, 190, 2022-01-26T12:33:06+09:00, 4, 13, LOSE, r
45, 11, 190, 2022-01-26T12:37:22+09:00, 1, 11, LOSE, r
45, 12, 190, 2022-01-26T12:41:38+09:00, 1, 12, LOSE, r
46, 1, 190, 2022-01-26T14:36:55+09:00, 7, 4, WIN, r
46, 2, 190, 2022-01-26T14:41:10+09:00, 7, 6, WIN, r
46, 3, 190, 2022-01-26T14:45:24+09:00, 10, 13, LOSE, r
46, 4, 190, 2022-01-26T14:49:38+09:00, 13, 13, LOSE, r
46, 5, 190, 2022-01-26T14:53:52+09:00, 1, 11, LOSE, r
46, 6, 190, 2022-01-26T14:58:06+09:00, 3, 12, LOSE, r
46, 7, 190, 2022-01-26T15:02:20+09:00, 1, 10, LOSE, r
46, 8, 190, 2022-01-26T15:06:34+09:00, 4, 8, LOSE, r
46, 9, 190, 2022-01-26T15:10:48+09:00, 4, 7, LOSE, r
46, 10, 190, 2022-01-26T15:15:02+09:00, 1, 11, LOSE, r
46, 11, 190, 2022-01-26T15:19:17+09:00, 2, 4, LOSE, r
46, 12, 190, 2022-01-26T15:23:31+09:00, 3, 14, LOSE, r
47, 1, 190, 2022-01-26T17:14:05+09:00, 14, 4, WIN, r
47, 2, 190, 2022-01-26T17:18:19+09:00, 6, 11, LOSE, r
47, 3, 190, 2022-01-26T17:22:33+09:00, 3, 6, LOSE, r
47, 4, 190, 2022-01-26T17:26:47+09:00, 10, 9, WIN, r
47, 5, 190, 2022-01-26T17:31:01+09:00, 11, 15, LOSE, r
47, 6, 190, 2022-01-26T17:35:44+09:00, 0, 0, LOSE, r
47, 7, 190, 2022-01-26T17:39:58+09:00, 4, 14, LOSE, r
47, 8, 190, 2022-01-26T17:44:12+09:00, 4, 0, WIN, r
47, 9, 190, 2022-01-26T17:48:27+09:00, 3, 13, LOSE, r
47, 10, 190, 2022-01-26T17:52:41+09:00, 3, 11, LOSE, r
47, 11, 190, 2022-01-26T17:56:55+09:00, 2, 2, LOSE, r
47, 12, 190, 2022-01-26T18:01:09+09:00, 2, 12, LOSE, r
48, 1, 190, 2022-01-26T19:51:40+09:00, 6, 1, WIN, r
48, 2, 190, 2022-01-26T19:55:54+09:00, 5, 5, LOSE, r
48, 3, 190, 2022-01-26T20:00:08+09:00, 1, 12, LOSE, r
48, 4, 190, 2022-01-26T20:04:22+09:00, 5, 7, LOSE, r
48, 5, 190, 2022-01-26T20:08:36+09:00, 14, 20, LOSE, r
48, 6, 190, 2022-01-26T20:12:50+09:00, 4, 18, LOSE, r
48, 7, 190, 2022-01-26T20:17:05+09:00, 3, 14, LOSE, r
48, 8, 190, 2022-01-26T20:21:19+09:00, 2, 0, WIN, r
48, 9, 190, 2022-01-26T20:25:19+09:00, 4, 11, LOSE, r
48, 10, 190, 2022-01-26T20:29:33+09:00, 6, 10, LOSE, r
48, 11, 190, 2022-01-26T20:33:47+09:00, 11, 14, LOSE, r
48, 12, 190, 2022-01-26T20:38:01+09:00, 1, 11, LOSE, r
49, 1, 190, 2022-01-26T22:28:50+09:00, 4, 1, WIN, r
49, 2, 190, 2022-01-26T22:33:04+09:00, 10, 1, WIN, r
49, 3, 190, 2022-01-26T22:37:18+09:00, 0, 10, LOSE, r
49, 4, 190, 2022-01-26T22:41:32+09:00, 2, 9, LOSE, r
49, 5, 190, 2022-01-26T22:45:46+09:00, 1, 12, LOSE, r
49, 6, 190, 2022-01-26T22:50:00+09:00, 7, 9, LOSE, r
49, 7, 190, 2022-01-26T22:54:14+09:00, 2, 12, LOSE, r
49, 8, 190, 2022-01-26T22:58:29+09:00, 2, 11, LOSE, r
49, 9, 190, 2022-01-26T23:02:43+09:00, 3, 9, LOSE, r
49, 10, 190, 2022-01-26T23:06:57+09:00, 1, 11, LOSE, r
49, 11, 190, 2022-01-26T23:11:11+09:00, 5, 3, WIN, r
49, 12, 190, 2022-01-26T23:15:25+09:00, 5, 12, LOSE, r
50, 1, 190, 2022-01-27T01:07:47+09:00, 3, 1, WIN, r
50, 2, 190, 2022-01-27T01:12:01+09:00, 3, 2, WIN, r
50, 3, 190, 2022-01-27T01:16:15+09:00, 2, 13, LOSE, r
50, 4, 190, 2022-01-27T01:20:29+09:00, 4, 12, LOSE, r
50, 5, 190, 2022-01-27T01:24:43+09:00, 8, 12, LOSE, r
50, 6, 190, 2022-01-27T01:28:56+09:00, 8, 6, WIN, r
50, 7, 190, 2022-01-27T01:33:10+09:00, 2, 12, LOSE, r
50, 8, 190, 2022-01-27T01:37:25+09:00, 6, 11, LOSE, r
50, 9, 190, 2022-01-27T01:41:39+09:00, 3, 4, LOSE, r
50, 10, 190, 2022-01-27T01:45:53+09:00, 5, 13, LOSE, r
50, 11, 190, 2022-01-27T01:50:07+09:00, 3, 9, LOSE, r
50, 12, 190, 2022-01-27T01:54:21+09:00, 6, 12, LOSE, r
51, 1, 190, 2022-01-27T03:46:36+09:00, 7, 4, WIN, r
51, 2, 190, 2022-01-27T03:50:50+09:00, 7, 6, WIN, r
51, 3, 190, 2022-01-27T03:55:04+09:00, 2, 12, LOSE, r
51, 4, 190, 2022-01-27T03:59:18+09:00, 2, 12, LOSE, r
51, 5, 190, 2022-01-27T04:03:31+09:00, 4, 14, LOSE, r
51, 6, 190, 2022-01-27T04:07:46+09:00, 12, 2, WIN, r
51, 7, 190, 2022-01-27T04:12:00+09:00, 2, 13, LOSE, r
51, 8, 190, 2022-01-27T04:16:14+09:00, 8, 8, LOSE, r
51, 9, 190, 2022-01-27T04:20:28+09:00, 4, 9, LOSE, r
51, 10, 190, 2022-01-27T04:24:42+09:00, 6, 16, LOSE, r
51, 11, 190, 2022-01-27T04:28:56+09:00, 2, 4, LOSE, r
51, 12, 190, 2022-01-27T04:33:10+09:00, 3, 14, LOSE, r
52, 1, 190, 2022-01-27T06:23:49+09:00, 4, 12, LOSE, r
52, 2, 190, 2022-01-27T06:28:03+09:00, 8, 10, LOSE, r
52, 3, 190, 2022-01-27T06:32:03+09:00, 2, 13, LOSE, r
52, 4, 190, 2022-01-27T06:36:17+09:00, 6, 12, LOSE, r
52, 5, 190, 2022-01-27T06:40:31+09:00, 12, 11, WIN, r
52, 6, 190, 2022-01-27T06:44:45+09:00, 2, 12, LOSE, r
52, 7, 190, 2022-01-27T06:48:59+09:00, 3, 7, LOSE, r
52, 8, 190, 2022-01-27T06:53:13+09:00, 3, 11, LOSE, r
52, 9, 190, 2022-01-27T06:57:27+09:00, 8, 4, WIN, r
52, 10, 190, 2022-01-27T07:01:41+09:00, 1, 11, LOSE, r
52, 11, 190, 2022-01-27T07:05:56+09:00, 3, 14, LOSE, r
52, 12, 190, 2022-01-27T07:10:09+09:00, 3, 13, LOSE, r
53, 1, 190, 2022-01-27T09:00:39+09:00, 3, 1, WIN, r
53, 2, 190, 2022-01-27T09:04:53+09:00, 12, 10, WIN, r
53, 3, 190, 2022-01-27T09:09:07+09:00, 6, 7, LOSE, r
53, 4, 190, 2022-01-27T09:13:21+09:00, 2, 12, LOSE, r
53, 5, 190, 2022-01-27T09:17:35+09:00, 5, 15, LOSE, r
53, 6, 190, 2022-01-27T09:21:49+09:00, 7, 10, LOSE, r
53, 7, 190, 2022-01-27T09:26:03+09:00, 2, 16, LOSE, r
53, 8, 190, 2022-01-27T09:30:18+09:00, 6, 12, LOSE, r
53, 9, 190, 2022-01-27T09:34:32+09:00, 3, 4, LOSE, r
53, 10, 190, 2022-01-27T09:38:46+09:00, 11, 14, LOSE, r
53, 11, 190, 2022-01-27T09:43:00+09:00, 14, 9, WIN, r
53, 12, 190, 2022-01-27T09:47:14+09:00, 3, 13, LOSE, r
54, 1, 190, 2022-01-27T11:38:13+09:00, 3, 1, WIN, r
54, 2, 190, 2022-01-27T11:42:27+09:00, 11, 1, WIN, r
54, 3, 190, 2022-01-27T11:46:41+09:00, 4, 12, LOSE, r
54, 4, 190, 2022-01-27T11:50:56+09:00, 14, 14, LOSE, r
54, 5, 190, 2022-01-27T11:55:10+09:00, 12, 14, LOSE, r
54, 6, 190, 2022-01-27T11:59:24+09:00, 2, 10, LOSE, r
54, 7, 190, 2022-01-27T12:03:38+09:00, 11, 1, WIN, r
54, 8, 190, 2022-01-27T12:07:52+09:00, 4, 13, LOSE, r
54, 9, 190, 2022-01-27T12:12:06+09:00, 8, 6, WIN, r
54, 10, 190, 2022-01-27T12:16:20+09:00, 10, 16, LOSE, r
54, 11, 190, 2022-01-27T12:20:34+09:00, 3, 9, LOSE, r
54, 12, 190, 2022-01-27T12:24:49+09:00, 3, 15, LOSE, r
55, 1, 190, 2022-01-27T14:15:43+09:00, 4, 3, WIN, r
55, 2, 190, 2022-01-27T14:19:57+09:00, 3, 13, LOSE, r
55, 3, 190, 2022-01-27T14:24:11+09:00, 6, 12, LOSE, r
55, 4, 190, 2022-01-27T14:28:25+09:00, 16, 7, WIN, r
55, 5, 190, 2022-01-27T14:32:39+09:00, 2, 13, LOSE, r
55, 6, 190, 2022-01-27T14:36:53+09:00, 11, 12, LOSE, r
55, 7, 190, 2022-01-27T14:41:07+09:00, 4, 14, LOSE, r
55, 8, 190, 2022-01-27T14:45:21+09:00, 4, 11, LOSE, r
55, 9, 190, 2022-01-27T14:49:36+09:00, 8, 6, WIN, r
55, 10, 190, 2022-01-27T14:53:50+09:00, 3, 16, LOSE, r
55, 11, 190, 2022-01-27T14:58:04+09:00, 1, 12, LOSE, r
55, 12, 190, 2022-01-27T15:02:18+09:00, 1, 12, LOSE, r
56, 1, 190, 2022-01-27T16:52:56+09:00, 8, 9, LOSE, r
56, 2, 190, 2022-01-27T16:57:11+09:00, 11, 7, WIN, r
56, 3, 190, 2022-01-27T17:01:25+09:00, 6, 12, LOSE, r
56, 4, 190, 2022-01-27T17:05:39+09:00, 12, 9, WIN, r
56, 5, 190, 2022-01-27T17:09:53+09:00, 5, 16, LOSE, r
56, 6, 190, 2022-01-27T17:14:07+09:00, 13, 13, LOSE, r
56, 7, 190, 2022-01-27T17:18:21+09:00, 4, 15, LOSE, r
56, 8, 190, 2022-01-27T17:22:35+09:00, 4, 14, LOSE, r
56, 9, 190, 2022-01-27T17:26:49+09:00, 2, 12, LOSE, r
56, 10, 190, 2022-01-27T17:31:03+09:00, 6, 4, WIN, r
56, 11, 190, 2022-01-27T17:35:17+09:00, 4, 7, LOSE, r
56, 12, 190, 2022-01-27T17:39:31+09:00, 3, 13, LOSE, r
57, 1, 190, 2022-01-27T19:30:19+09:00, 3, 1, WIN, r
57, 2, 190, 2022-01-27T19:34:33+09:00, 4, 2, WIN, r
57, 3, 190, 2022-01-27T19:38:47+09:00, 2, 12, LOSE, r
57, 4, 190, 2022-01-27T19:43:01+09:00, 4, 12, LOSE, r
57, 5, 190, 2022-01-27T19:47:15+09:00, 1, 15, LOSE, r
57, 6, 190, 2022-01-27T19:51:29+09:00, 2, 12, LOSE, r
57, 7, 190, 2022-01-27T19:55:43+09:00, 10, 12, LOSE, r
57, 8, 190, 2022-01-27T19:59:57+09:00, 3, 0, WIN, r
57, 9, 190, 2022-01-27T20:04:11+09:00, 7, 12, LOSE, r
57, 10, 190, 2022-01-27T20:08:25+09:00, 3, 13, LOSE, r
57, 11, 190, 2022-01-27T20:12:39+09:00, 4, 12, LOSE, r
57, 12, 190, 2022-01-27T20:16:54+09:00, 5, 15, LOSE, r
58, 1, 190, 2022-01-27T22:07:48+09:00, 11, 12, LOSE, r
58, 2, 190, 2022-01-27T22:12:02+09:00, 5, 5, LOSE, r
58, 3, 190, 2022-01-27T22:16:16+09:00, 16, 12, WIN, r
58, 4, 190, 2022-01-27T22:20:30+09:00, 16, 14, WIN, r
58, 5, 190, 2022-01-27T22:24:44+09:00, 1, 11, LOSE, r
58, 6, 190, 2022-01-27T22:28:58+09:00, 12, 17, LOSE, r
58, 7, 190, 2022-01-27T22:33:12+09:00, 4, 11, LOSE, r
58, 8, 190, 2022-01-27T22:37:27+09:00, 4, 11, LOSE, r
58, 9, 190, 2022-01-27T22:41:41+09:00, 7, 12, LOSE, r
58, 10, 190, 2022-01-27T22:45:55+09:00, 12, 13, LOSE, r
58, 11, 190, 2022-01-27T22:50:09+09:00, 2, 13, LOSE, r
58, 12, 190, 2022-01-27T22:54:23+09:00, 3, 14, LOSE, r
59, 1, 190, 2022-01-28T00:46:12+09:00, 14, 9, WIN, r
59, 2, 190, 2022-01-28T00:50:26+09:00, 11, 10, WIN, r
59, 3, 190, 2022-01-28T00:54:40+09:00, 7, 9, LOSE, r
59, 4, 190, 2022-01-28T00:58:54+09:00, 1, 11, LOSE, r
59, 5, 190, 2022-01-28T01:03:08+09:00, 6, 12, LOSE, r
59, 6, 190, 2022-01-28T01:07:22+09:00, 13, 2, WIN, r
59, 7, 190, 2022-01-28T01:11:36+09:00, 6, 14, LOSE, r
59, 8, 190, 2022-01-28T01:15:50+09:00, 3, 9, LOSE, r
59, 9, 190, 2022-01-28T01:20:05+09:00, 4, 12, LOSE, r
59, 10, 190, 2022-01-28T01:24:19+09:00, 4, 14, LOSE, r
59, 11, 190, 2022-01-28T01:28:33+09:00, 5, 9, LOSE, r
59, 12, 190, 2022-01-28T01:32:47+09:00, 3, 14, LOSE, r
60, 1, 190, 2022-01-28T03:25:07+09:00, 14, 4, WIN, r
60, 2, 190, 2022-01-28T03:29:21+09:00, 6, 2, WIN, r
60, 3, 190, 2022-01-28T03:33:34+09:00, 11, 13, LOSE, r
60, 4, 190, 2022-01-28T03:37:49+09:00, 7, 6, WIN, r
60, 5, 190, 2022-01-28T03:42:03+09:00, 7, 17, LOSE, r
60, 6, 190, 2022-01-28T03:46:17+09:00, 5, 10, LOSE, r
60, 7, 190, 2022-01-28T03:50:31+09:00, 7, 12, LOSE, r
60, 8, 190, 2022-01-28T03:54:45+09:00, 14, 14, LOSE, r
60, 9, 190, 2022-01-28T03:58:59+09:00, 4, 14, LOSE, r
60, 10, 190, 2022-01-28T04:03:13+09:00, 2, 13, LOSE, r
60, 11, 190, 2022-01-28T04:07:27+09:00, 3, 12, LOSE, r
60, 12, 190, 2022-01-28T04:11:41+09:00, 2, 12, LOSE, r
61, 1, 190, 2022-01-28T06:02:22+09:00, 3, 4, LOSE, r
61, 2, 190, 2022-01-28T06:06:36+09:00, 6, 10, LOSE, r
61, 3, 190, 2022-01-28T06:10:50+09:00, 5, 6, LOSE, r
61, 4, 190, 2022-01-28T06:15:04+09:00, 2, 15, LOSE, r
61, 5, 190, 2022-01-28T06:19:18+09:00, 5, 16, LOSE, r
61, 6, 190, 2022-01-28T06:23:32+09:00, 10, 10, LOSE, r
61, 7, 190, 2022-01-28T06:27:46+09:00, 13, 12, WIN, r
61, 8, 190, 2022-01-28T06:32:00+09:00, 2, 6, LOSE, r
61, 9, 190, 2022-01-28T06:36:14+09:00, 2, 12, LOSE, r
61, 10, 190, 2022-01-28T06:40:28+09:00, 2, 9, LOSE, r
61, 11, 190, 2022-01-28T06:44:42+09:00, 9, 12, LOSE, r
61, 12, 190, 2022-01-28T06:48:56+09:00, 1, 11, LOSE, r
62, 1, 190, 2022-01-28T08:39:06+09:00, 11, 4, WIN, r
62, 2, 190, 2022-01-28T08:43:20+09:00, 7, 5, WIN, r
62, 3, 190, 2022-01-28T08:47:34+09:00, 2, 12, LOSE, r
62, 4, 190, 2022-01-28T08:51:48+09:00, 11, 10, WIN, r
62, 5, 190, 2022-01-28T08:56:02+09:00, 4, 14, LOSE, r
62, 6, 190, 2022-01-28T09:00:17+09:00, 13, 18, LOSE, r
62, 7, 190, 2022-01-28T09:04:31+09:00, 1, 10, LOSE, r
62, 8, 190, 2022-01-28T09:08:45+09:00, 4, 11, LOSE, r
62, 9, 190, 2022-01-28T09:12:59+09:00, 3, 13, LOSE, r
62, 10, 190, 2022-01-28T09:17:13+09:00, 4, 18, LOSE, r
62, 11, 190, 2022-01-28T09:21:27+09:00, 2, 12, LOSE, r
62, 12, 190, 2022-01-28T09:25:41+09:00, 3, 14, LOSE, r
63, 1, 190, 2022-01-28T11:16:05+09:00, 11, 1, WIN, r
63, 2, 190, 2022-01-28T11:20:20+09:00, 10, 4, WIN, r
63, 3, 190, 2022-01-28T11:24:34+09:00, 11, 7, WIN, r
63, 4, 190, 2022-01-28T11:28:48+09:00, 3, 13, LOSE, r
63, 5, 190, 2022-01-28T11:33:02+09:00, 9, 14, LOSE, r
63, 6, 190, 2022-01-28T11:37:16+09:00, 13, 9, WIN, r
63, 7, 190, 2022-01-28T11:41:30+09:00, 6, 10, LOSE, r
63, 8, 190, 2022-01-28T11:45:44+09:00, 5, 9, LOSE, r
63, 9, 190, 2022-01-28T11:49:59+09:00, 4, 11, LOSE, r
63, 10, 190, 2022-01-28T11:54:13+09:00, 2, 9, LOSE, r
63, 11, 190, 2022-01-28T11:58:27+09:00, 10, 11, LOSE, r
63, 12, 190, 2022-01-28T12:02:43+09:00, 2, 12, LOSE, r
64, 1, 190, 2022-01-28T13:53:32+09:00, 8, 8, LOSE, r
64, 2, 190, 2022-01-28T13:57:46+09:00, 3, 10, LOSE, r
64, 3, 190, 2022-01-28T14:02:00+09:00, 2, 13, LOSE, r
64, 4, 190, 2022-01-28T14:06:14+09:00, 7, 8, LOSE, r
64, 5, 190, 2022-01-28T14:10:28+09:00, 6, 12, LOSE, r
64, 6, 190, 2022-01-28T14:14:42+09:00, 2, 13, LOSE, r
64, 7, 190, 2022-01-28T14:18:56+09:00, 2, 12, LOSE, r
64, 8, 190, 2022-01-28T14:23:11+09:00, 7, 12, LOSE, r
64, 9, 190, 2022-01-28T14:27:25+09:00, 2, 11, LOSE, r
64, 10, 190, 2022-01-28T14:31:39+09:00, 1, 11, LOSE, r
64, 11, 190, 2022-01-28T14:35:54+09:00, 5, 7, LOSE, r
64, 12, 190, 2022-01-28T14:40:08+09:00, 3, 13, LOSE, r
#--> latest commit:0cf83509241d4bfbbec72d493e6323a8b7e10a32 20220128042716 in burger_war_dev
65, 1, 190, 2022-01-28T16:32:33+09:00, 3, 1, WIN, r
65, 2, 190, 2022-01-28T16:36:47+09:00, 7, 4, WIN, r
65, 3, 190, 2022-01-28T16:41:01+09:00, 4, 11, LOSE, r
65, 4, 190, 2022-01-28T16:45:15+09:00, 4, 9, LOSE, r
65, 5, 190, 2022-01-28T16:49:29+09:00, 13, 2, WIN, r
65, 6, 190, 2022-01-28T16:53:43+09:00, 1, 11, LOSE, r
65, 7, 190, 2022-01-28T16:57:57+09:00, 1, 13, LOSE, r
65, 8, 190, 2022-01-28T17:02:11+09:00, 8, 8, LOSE, r
65, 9, 190, 2022-01-28T17:06:25+09:00, 3, 13, LOSE, r
65, 10, 190, 2022-01-28T17:10:40+09:00, 4, 13, LOSE, r
65, 11, 190, 2022-01-28T17:14:54+09:00, 1, 11, LOSE, r
65, 12, 190, 2022-01-28T17:19:08+09:00, 3, 6, LOSE, r
66, 1, 190, 2022-01-28T19:09:45+09:00, 12, 13, LOSE, r
66, 2, 190, 2022-01-28T19:13:59+09:00, 5, 4, WIN, r
66, 3, 190, 2022-01-28T19:18:13+09:00, 1, 12, LOSE, r
66, 4, 190, 2022-01-28T19:22:27+09:00, 1, 10, LOSE, r
66, 5, 190, 2022-01-28T19:26:41+09:00, 2, 12, LOSE, r
66, 6, 190, 2022-01-28T19:30:56+09:00, 11, 15, LOSE, r
66, 7, 190, 2022-01-28T19:35:10+09:00, 6, 16, LOSE, r
66, 8, 190, 2022-01-28T19:39:24+09:00, 3, 8, LOSE, r
66, 9, 190, 2022-01-28T19:43:38+09:00, 5, 3, WIN, r
66, 10, 190, 2022-01-28T19:47:52+09:00, 3, 14, LOSE, r
66, 11, 190, 2022-01-28T19:51:52+09:00, 3, 13, LOSE, r
66, 12, 190, 2022-01-28T19:56:06+09:00, 3, 6, LOSE, r
67, 1, 190, 2022-01-28T21:45:19+09:00, 6, 12, LOSE, r
67, 2, 190, 2022-01-28T21:49:33+09:00, 3, 3, LOSE, r
67, 3, 190, 2022-01-28T21:53:47+09:00, 7, 13, LOSE, r
67, 4, 190, 2022-01-28T21:58:01+09:00, 6, 9, LOSE, r
67, 5, 190, 2022-01-28T22:02:15+09:00, 11, 15, LOSE, r
67, 6, 190, 2022-01-28T22:06:29+09:00, 4, 14, LOSE, r
67, 7, 190, 2022-01-28T22:10:43+09:00, 2, 12, LOSE, r
67, 8, 190, 2022-01-28T22:14:58+09:00, 0, 10, LOSE, r
67, 9, 190, 2022-01-28T22:19:12+09:00, 4, 8, LOSE, r
67, 10, 190, 2022-01-28T22:23:26+09:00, 1, 11, LOSE, r
67, 11, 190, 2022-01-28T22:27:26+09:00, 6, 14, LOSE, r
67, 12, 190, 2022-01-28T22:31:40+09:00, 3, 12, LOSE, r
68, 1, 190, 2022-01-29T00:20:56+09:00, 7, 1, WIN, r
68, 2, 190, 2022-01-29T00:25:10+09:00, 3, 9, LOSE, r
68, 3, 190, 2022-01-29T00:29:24+09:00, 2, 12, LOSE, r
68, 4, 190, 2022-01-29T00:33:38+09:00, 10, 14, LOSE, r
68, 5, 190, 2022-01-29T00:37:52+09:00, 14, 4, WIN, r
68, 6, 190, 2022-01-29T00:42:06+09:00, 2, 9, LOSE, r
68, 7, 190, 2022-01-29T00:46:20+09:00, 2, 12, LOSE, r
68, 8, 190, 2022-01-29T00:50:34+09:00, 5, 3, WIN, r
68, 9, 190, 2022-01-29T00:54:49+09:00, 6, 8, LOSE, r
68, 10, 190, 2022-01-29T00:59:03+09:00, 2, 13, LOSE, r
68, 11, 190, 2022-01-29T01:03:17+09:00, 2, 13, LOSE, r
68, 12, 190, 2022-01-29T01:07:31+09:00, 1, 11, LOSE, r
69, 1, 190, 2022-01-29T02:56:31+09:00, 7, 12, LOSE, r
69, 2, 190, 2022-01-29T03:00:45+09:00, 5, 2, WIN, r
69, 3, 190, 2022-01-29T03:04:59+09:00, 0, 11, LOSE, r
69, 4, 190, 2022-01-29T03:09:13+09:00, 7, 6, WIN, r
69, 5, 190, 2022-01-29T03:13:28+09:00, 12, 22, LOSE, r
69, 6, 190, 2022-01-29T03:17:42+09:00, 5, 12, LOSE, r
69, 7, 190, 2022-01-29T03:21:56+09:00, 5, 15, LOSE, r
69, 8, 190, 2022-01-29T03:26:10+09:00, 12, 6, WIN, r
69, 9, 190, 2022-01-29T03:30:24+09:00, 7, 11, LOSE, r
69, 10, 190, 2022-01-29T03:34:38+09:00, 4, 14, LOSE, r
69, 11, 190, 2022-01-29T03:38:53+09:00, 2, 12, LOSE, r
69, 12, 190, 2022-01-29T03:43:06+09:00, 1, 11, LOSE, r
70, 1, 190, 2022-01-29T05:32:09+09:00, 15, 4, WIN, r
70, 2, 190, 2022-01-29T05:36:23+09:00, 8, 4, WIN, r
70, 3, 190, 2022-01-29T05:40:37+09:00, 5, 2, WIN, r
70, 4, 190, 2022-01-29T05:44:51+09:00, 3, 9, LOSE, r
70, 5, 190, 2022-01-29T05:49:05+09:00, 0, 11, LOSE, r
70, 6, 190, 2022-01-29T05:53:19+09:00, 1, 11, LOSE, r
70, 7, 190, 2022-01-29T05:57:33+09:00, 3, 13, LOSE, r
70, 8, 190, 2022-01-29T06:01:47+09:00, 4, 0, WIN, r
70, 9, 190, 2022-01-29T06:06:01+09:00, 2, 12, LOSE, r
70, 10, 190, 2022-01-29T06:10:15+09:00, 1, 11, LOSE, r
70, 11, 190, 2022-01-29T06:14:29+09:00, 3, 9, LOSE, r
70, 12, 190, 2022-01-29T06:18:44+09:00, 2, 14, LOSE, r
71, 1, 190, 2022-01-29T08:07:36+09:00, 16, 3, WIN, r
71, 2, 190, 2022-01-29T08:11:50+09:00, 12, 1, WIN, r
71, 3, 190, 2022-01-29T08:16:04+09:00, 2, 13, LOSE, r
71, 4, 190, 2022-01-29T08:20:20+09:00, 1, 11, LOSE, r
71, 5, 190, 2022-01-29T08:24:34+09:00, 11, 15, LOSE, r
71, 6, 190, 2022-01-29T08:28:48+09:00, 2, 13, LOSE, r
71, 7, 190, 2022-01-29T08:33:02+09:00, 3, 12, LOSE, r
71, 8, 190, 2022-01-29T08:37:17+09:00, 6, 6, LOSE, r
71, 9, 190, 2022-01-29T08:41:31+09:00, 8, 14, LOSE, r
71, 10, 190, 2022-01-29T08:45:45+09:00, 2, 13, LOSE, r
71, 11, 190, 2022-01-29T08:50:00+09:00, 2, 12, LOSE, r
71, 12, 190, 2022-01-29T08:54:14+09:00, 2, 11, LOSE, r
72, 1, 190, 2022-01-29T10:43:11+09:00, 11, 0, WIN, r
72, 2, 190, 2022-01-29T10:47:25+09:00, 2, 4, LOSE, r
72, 3, 190, 2022-01-29T10:51:39+09:00, 5, 9, LOSE, r
72, 4, 190, 2022-01-29T10:55:53+09:00, 4, 14, LOSE, r
72, 5, 190, 2022-01-29T10:59:53+09:00, 13, 21, LOSE, r
72, 6, 190, 2022-01-29T11:04:07+09:00, 5, 13, LOSE, r
72, 7, 190, 2022-01-29T11:08:22+09:00, 1, 13, LOSE, r
72, 8, 190, 2022-01-29T11:12:36+09:00, 4, 9, LOSE, r
72, 9, 190, 2022-01-29T11:16:50+09:00, 5, 6, LOSE, r
72, 10, 190, 2022-01-29T11:21:04+09:00, 3, 16, LOSE, r
72, 11, 190, 2022-01-29T11:25:18+09:00, 5, 6, LOSE, r
72, 12, 190, 2022-01-29T11:29:32+09:00, 3, 13, LOSE, r
73, 1, 190, 2022-01-29T13:18:29+09:00, 13, 10, WIN, r
73, 2, 190, 2022-01-29T13:22:43+09:00, 7, 5, WIN, r
73, 3, 190, 2022-01-29T13:26:57+09:00, 4, 6, LOSE, r
73, 4, 190, 2022-01-29T13:31:11+09:00, 6, 16, LOSE, r
73, 5, 190, 2022-01-29T13:35:25+09:00, 1, 11, LOSE, r
73, 6, 190, 2022-01-29T13:39:39+09:00, 11, 9, WIN, r
73, 7, 190, 2022-01-29T13:43:54+09:00, 14, 15, LOSE, r
73, 8, 190, 2022-01-29T13:48:08+09:00, 3, 0, WIN, r
73, 9, 190, 2022-01-29T13:52:22+09:00, 9, 11, LOSE, r
73, 10, 190, 2022-01-29T13:56:36+09:00, 4, 14, LOSE, r
73, 11, 190, 2022-01-29T14:00:50+09:00, 2, 12, LOSE, r
73, 12, 190, 2022-01-29T14:05:04+09:00, 3, 14, LOSE, r
74, 1, 190, 2022-01-29T15:54:17+09:00, 7, 8, LOSE, r
74, 2, 190, 2022-01-29T15:58:32+09:00, 4, 5, LOSE, r
74, 3, 190, 2022-01-29T16:02:46+09:00, 2, 12, LOSE, r
74, 4, 190, 2022-01-29T16:07:00+09:00, 4, 12, LOSE, r
74, 5, 190, 2022-01-29T16:11:14+09:00, 2, 13, LOSE, r
74, 6, 190, 2022-01-29T16:15:28+09:00, 2, 14, LOSE, r
74, 7, 190, 2022-01-29T16:19:42+09:00, 2, 15, LOSE, r
74, 8, 190, 2022-01-29T16:23:56+09:00, 6, 1, WIN, r
74, 9, 190, 2022-01-29T16:28:10+09:00, 1, 11, LOSE, r
74, 10, 190, 2022-01-29T16:32:24+09:00, 2, 14, LOSE, r
74, 11, 190, 2022-01-29T16:36:38+09:00, 1, 11, LOSE, r
74, 12, 190, 2022-01-29T16:40:52+09:00, 3, 15, LOSE, r
75, 1, 190, 2022-01-29T18:30:04+09:00, 2, 1, WIN, r
75, 2, 190, 2022-01-29T18:34:04+09:00, 3, 7, LOSE, r
75, 3, 190, 2022-01-29T18:38:18+09:00, 2, 12, LOSE, r
75, 4, 190, 2022-01-29T18:42:32+09:00, 4, 15, LOSE, r
75, 5, 190, 2022-01-29T18:46:47+09:00, 11, 20, LOSE, r
75, 6, 190, 2022-01-29T18:51:01+09:00, 14, 3, WIN, r
75, 7, 190, 2022-01-29T18:55:15+09:00, 2, 12, LOSE, r
75, 8, 190, 2022-01-29T18:59:29+09:00, 4, 7, LOSE, r
75, 9, 190, 2022-01-29T19:03:44+09:00, 9, 12, LOSE, r
75, 10, 190, 2022-01-29T19:07:58+09:00, 3, 13, LOSE, r
75, 11, 190, 2022-01-29T19:12:12+09:00, 6, 12, LOSE, r
75, 12, 190, 2022-01-29T19:16:26+09:00, 5, 14, LOSE, r
76, 1, 190, 2022-01-29T21:04:50+09:00, 5, 1, WIN, r
76, 2, 190, 2022-01-29T21:09:04+09:00, 16, 5, WIN, r
76, 3, 190, 2022-01-29T21:13:18+09:00, 0, 10, LOSE, r
76, 4, 190, 2022-01-29T21:17:32+09:00, 2, 12, LOSE, r
76, 5, 190, 2022-01-29T21:21:46+09:00, 8, 18, LOSE, r
76, 6, 190, 2022-01-29T21:26:00+09:00, 2, 13, LOSE, r
76, 7, 190, 2022-01-29T21:30:14+09:00, 1, 13, LOSE, r
76, 8, 190, 2022-01-29T21:34:28+09:00, 5, 6, LOSE, r
76, 9, 190, 2022-01-29T21:38:42+09:00, 5, 7, LOSE, r
76, 10, 190, 2022-01-29T21:42:56+09:00, 4, 13, LOSE, r
76, 11, 190, 2022-01-29T21:47:10+09:00, 4, 4, LOSE, r
76, 12, 190, 2022-01-29T21:51:24+09:00, 7, 13, LOSE, r
77, 1, 190, 2022-01-29T23:40:19+09:00, 3, 1, WIN, r
77, 2, 190, 2022-01-29T23:44:33+09:00, 11, 7, WIN, r
77, 3, 190, 2022-01-29T23:48:48+09:00, 2, 13, LOSE, r
77, 4, 190, 2022-01-29T23:53:02+09:00, 8, 12, LOSE, r
77, 5, 190, 2022-01-29T23:57:17+09:00, 1, 13, LOSE, r
77, 6, 190, 2022-01-30T00:01:30+09:00, 1, 11, LOSE, r
77, 7, 190, 2022-01-30T00:05:45+09:00, 1, 11, LOSE, r
77, 8, 190, 2022-01-30T00:09:59+09:00, 5, 11, LOSE, r
77, 9, 190, 2022-01-30T00:14:13+09:00, 6, 13, LOSE, r
77, 10, 190, 2022-01-30T00:18:27+09:00, 2, 14, LOSE, r
77, 11, 190, 2022-01-30T00:22:41+09:00, 4, 12, LOSE, r
77, 12, 190, 2022-01-30T00:26:55+09:00, 2, 14, LOSE, r
78, 1, 190, 2022-01-30T02:16:06+09:00, 3, 1, WIN, r
78, 2, 190, 2022-01-30T02:20:20+09:00, 12, 6, WIN, r
78, 3, 190, 2022-01-30T02:24:34+09:00, 3, 13, LOSE, r
78, 4, 190, 2022-01-30T02:28:48+09:00, 14, 15, LOSE, r
78, 5, 190, 2022-01-30T02:33:02+09:00, 14, 17, LOSE, r
78, 6, 190, 2022-01-30T02:37:16+09:00, 5, 10, LOSE, r
78, 7, 190, 2022-01-30T02:41:30+09:00, 3, 13, LOSE, r
78, 8, 190, 2022-01-30T02:45:44+09:00, 3, 0, WIN, r
78, 9, 190, 2022-01-30T02:49:59+09:00, 7, 8, LOSE, r
78, 10, 190, 2022-01-30T02:54:13+09:00, 3, 16, LOSE, r
78, 11, 190, 2022-01-30T02:58:27+09:00, 2, 12, LOSE, r
78, 12, 190, 2022-01-30T03:02:27+09:00, 3, 11, LOSE, r
79, 1, 190, 2022-01-30T04:51:38+09:00, 7, 1, WIN, r
79, 2, 190, 2022-01-30T04:55:52+09:00, 6, 5, WIN, r
79, 3, 190, 2022-01-30T05:00:06+09:00, 13, 10, WIN, r
79, 4, 190, 2022-01-30T05:04:06+09:00, 2, 13, LOSE, r
79, 5, 190, 2022-01-30T05:08:20+09:00, 12, 22, LOSE, r
79, 6, 190, 2022-01-30T05:12:34+09:00, 2, 13, LOSE, r
79, 7, 190, 2022-01-30T05:16:48+09:00, 1, 13, LOSE, r
79, 8, 190, 2022-01-30T05:21:02+09:00, 4, 11, LOSE, r
79, 9, 190, 2022-01-30T05:25:17+09:00, 8, 11, LOSE, r
79, 10, 190, 2022-01-30T05:29:31+09:00, 6, 14, LOSE, r
79, 11, 190, 2022-01-30T05:33:45+09:00, 6, 11, LOSE, r
79, 12, 190, 2022-01-30T05:37:59+09:00, 6, 16, LOSE, r
80, 1, 190, 2022-01-30T07:27:08+09:00, 4, 1, WIN, r
80, 2, 190, 2022-01-30T07:31:22+09:00, 11, 1, WIN, r
80, 3, 190, 2022-01-30T07:35:36+09:00, 17, 11, WIN, r
80, 4, 190, 2022-01-30T07:39:50+09:00, 3, 9, LOSE, r
80, 5, 190, 2022-01-30T07:44:04+09:00, 15, 11, WIN, r
80, 6, 190, 2022-01-30T07:48:18+09:00, 1, 11, LOSE, r
80, 7, 190, 2022-01-30T07:52:32+09:00, 2, 12, LOSE, r
80, 8, 190, 2022-01-30T07:56:46+09:00, 6, 12, LOSE, r
80, 9, 190, 2022-01-30T08:01:00+09:00, 6, 8, LOSE, r
80, 10, 190, 2022-01-30T08:05:14+09:00, 12, 17, LOSE, r
80, 11, 190, 2022-01-30T08:09:28+09:00, 6, 11, LOSE, r
80, 12, 190, 2022-01-30T08:13:43+09:00, 2, 13, LOSE, r
81, 1, 190, 2022-01-30T10:02:44+09:00, 12, 4, WIN, r
81, 2, 190, 2022-01-30T10:06:58+09:00, 2, 5, LOSE, r
81, 3, 190, 2022-01-30T10:11:12+09:00, 3, 6, LOSE, r
81, 4, 190, 2022-01-30T10:15:26+09:00, 5, 12, LOSE, r
81, 5, 190, 2022-01-30T10:19:40+09:00, 0, 10, LOSE, r
81, 6, 190, 2022-01-30T10:23:54+09:00, 4, 14, LOSE, r
81, 7, 190, 2022-01-30T10:28:08+09:00, 15, 12, WIN, r
81, 8, 190, 2022-01-30T10:32:22+09:00, 5, 0, WIN, r
81, 9, 190, 2022-01-30T10:36:36+09:00, 11, 9, WIN, r
81, 10, 190, 2022-01-30T10:40:50+09:00, 7, 17, LOSE, r
81, 11, 190, 2022-01-30T10:45:04+09:00, 1, 12, LOSE, r
81, 12, 190, 2022-01-30T10:49:18+09:00, 3, 11, LOSE, r
82, 1, 190, 2022-01-30T12:38:09+09:00, 12, 8, WIN, r
82, 2, 190, 2022-01-30T12:42:23+09:00, 4, 5, LOSE, r
82, 3, 190, 2022-01-30T12:46:37+09:00, 3, 9, LOSE, r
82, 4, 190, 2022-01-30T12:50:51+09:00, 5, 9, LOSE, r
82, 5, 190, 2022-01-30T12:55:05+09:00, 12, 22, LOSE, r
82, 6, 190, 2022-01-30T12:59:19+09:00, 13, 16, LOSE, r
82, 7, 190, 2022-01-30T13:03:33+09:00, 7, 12, LOSE, r
82, 8, 190, 2022-01-30T13:07:47+09:00, 5, 11, LOSE, r
82, 9, 190, 2022-01-30T13:12:01+09:00, 4, 8, LOSE, r
82, 10, 190, 2022-01-30T13:16:15+09:00, 5, 16, LOSE, r
82, 11, 190, 2022-01-30T13:20:29+09:00, 3, 13, LOSE, r
82, 12, 190, 2022-01-30T13:24:43+09:00, 2, 12, LOSE, r
83, 1, 190, 2022-01-30T15:13:54+09:00, 13, 3, WIN, r
83, 2, 190, 2022-01-30T15:18:08+09:00, 2, 9, LOSE, r
83, 3, 190, 2022-01-30T15:22:22+09:00, 10, 7, WIN, r
83, 4, 190, 2022-01-30T15:26:36+09:00, 8, 8, LOSE, r
83, 5, 190, 2022-01-30T15:30:50+09:00, 2, 12, LOSE, r
83, 6, 190, 2022-01-30T15:35:04+09:00, 6, 11, LOSE, r
83, 7, 190, 2022-01-30T15:39:18+09:00, 1, 13, LOSE, r
83, 8, 190, 2022-01-30T15:43:19+09:00, 13, 3, WIN, r
83, 9, 190, 2022-01-30T15:47:32+09:00, 4, 14, LOSE, r
83, 10, 190, 2022-01-30T15:51:47+09:00, 2, 14, LOSE, r
83, 11, 190, 2022-01-30T15:56:01+09:00, 6, 10, LOSE, r
83, 12, 190, 2022-01-30T16:00:15+09:00, 3, 14, LOSE, r
84, 1, 190, 2022-01-30T17:49:31+09:00, 13, 3, WIN, r
84, 2, 190, 2022-01-30T17:53:45+09:00, 6, 2, WIN, r
84, 3, 190, 2022-01-30T17:57:59+09:00, 3, 11, LOSE, r
84, 4, 190, 2022-01-30T18:01:59+09:00, 7, 10, LOSE, r
84, 5, 190, 2022-01-30T18:06:13+09:00, 1, 11, LOSE, r
84, 6, 190, 2022-01-30T18:10:27+09:00, 4, 14, LOSE, r
84, 7, 190, 2022-01-30T18:14:41+09:00, 4, 16, LOSE, r
84, 8, 190, 2022-01-30T18:18:56+09:00, 3, 0, WIN, r
84, 9, 190, 2022-01-30T18:23:10+09:00, 1, 12, LOSE, r
84, 10, 190, 2022-01-30T18:27:24+09:00, 3, 14, LOSE, r
84, 11, 190, 2022-01-30T18:31:38+09:00, 8, 12, LOSE, r
84, 12, 190, 2022-01-30T18:35:52+09:00, 4, 11, LOSE, r
85, 1, 190, 2022-01-30T20:25:23+09:00, 13, 3, WIN, r
85, 2, 190, 2022-01-30T20:29:37+09:00, 5, 4, WIN, r
85, 3, 190, 2022-01-30T20:33:51+09:00, 11, 12, LOSE, r
85, 4, 190, 2022-01-30T20:38:05+09:00, 4, 9, LOSE, r
85, 5, 190, 2022-01-30T20:42:19+09:00, 13, 16, LOSE, r
85, 6, 190, 2022-01-30T20:46:33+09:00, 3, 14, LOSE, r
85, 7, 190, 2022-01-30T20:50:47+09:00, 7, 9, LOSE, r
85, 8, 190, 2022-01-30T20:55:01+09:00, 10, 9, WIN, r
85, 9, 190, 2022-01-30T20:59:15+09:00, 5, 12, LOSE, r
85, 10, 190, 2022-01-30T21:03:29+09:00, 3, 14, LOSE, r
85, 11, 190, 2022-01-30T21:07:43+09:00, 6, 15, LOSE, r
85, 12, 190, 2022-01-30T21:11:57+09:00, 2, 12, LOSE, r
86, 1, 190, 2022-01-30T23:01:12+09:00, 3, 7, LOSE, r
86, 2, 190, 2022-01-30T23:05:27+09:00, 7, 2, WIN, r
86, 3, 190, 2022-01-30T23:09:26+09:00, 1, 11, LOSE, r
86, 4, 190, 2022-01-30T23:13:40+09:00, 2, 14, LOSE, r
86, 5, 190, 2022-01-30T23:17:54+09:00, 11, 22, LOSE, r
86, 6, 190, 2022-01-30T23:22:08+09:00, 6, 9, LOSE, r
86, 7, 190, 2022-01-30T23:26:23+09:00, 3, 13, LOSE, r
86, 8, 190, 2022-01-30T23:30:37+09:00, 4, 8, LOSE, r
86, 9, 190, 2022-01-30T23:34:50+09:00, 4, 9, LOSE, r
86, 10, 190, 2022-01-30T23:39:11+09:00, 3, 14, LOSE, r
86, 11, 190, 2022-01-30T23:43:53+09:00, 0, 0, LOSE, r
86, 12, 190, 2022-01-30T23:47:53+09:00, 2, 12, LOSE, r
87, 1, 190, 2022-01-31T01:37:03+09:00, 3, 1, WIN, r
87, 2, 190, 2022-01-31T01:41:17+09:00, 5, 6, LOSE, r
87, 3, 190, 2022-01-31T01:45:31+09:00, 3, 15, LOSE, r
87, 4, 190, 2022-01-31T01:49:45+09:00, 7, 12, LOSE, r
87, 5, 190, 2022-01-31T01:53:59+09:00, 0, 14, LOSE, r
87, 6, 190, 2022-01-31T01:58:13+09:00, 4, 14, LOSE, r
87, 7, 190, 2022-01-31T02:02:27+09:00, 7, 17, LOSE, r
87, 8, 190, 2022-01-31T02:06:41+09:00, 10, 9, WIN, r
87, 9, 190, 2022-01-31T02:10:55+09:00, 9, 12, LOSE, r
87, 10, 190, 2022-01-31T02:15:09+09:00, 0, 10, LOSE, r
87, 11, 190, 2022-01-31T02:19:24+09:00, 3, 4, LOSE, r
87, 12, 190, 2022-01-31T02:23:23+09:00, 1, 12, LOSE, r
88, 1, 190, 2022-01-31T04:12:32+09:00, 7, 9, LOSE, r
88, 2, 190, 2022-01-31T04:16:46+09:00, 4, 6, LOSE, r
88, 3, 190, 2022-01-31T04:21:00+09:00, 1, 12, LOSE, r
88, 4, 190, 2022-01-31T04:25:14+09:00, 3, 13, LOSE, r
88, 5, 190, 2022-01-31T04:29:28+09:00, 12, 14, LOSE, r
88, 6, 190, 2022-01-31T04:33:42+09:00, 2, 13, LOSE, r
88, 7, 190, 2022-01-31T04:37:57+09:00, 2, 12, LOSE, r
88, 8, 190, 2022-01-31T04:42:11+09:00, 4, 11, LOSE, r
88, 9, 190, 2022-01-31T04:46:25+09:00, 14, 4, WIN, r
88, 10, 190, 2022-01-31T04:50:39+09:00, 2, 14, LOSE, r
88, 11, 190, 2022-01-31T04:54:53+09:00, 2, 12, LOSE, r
88, 12, 190, 2022-01-31T04:59:07+09:00, 1, 12, LOSE, r
89, 1, 190, 2022-01-31T06:48:17+09:00, 7, 13, LOSE, r
89, 2, 190, 2022-01-31T06:52:30+09:00, 5, 2, WIN, r
89, 3, 190, 2022-01-31T06:56:44+09:00, 12, 9, WIN, r
89, 4, 190, 2022-01-31T07:00:58+09:00, 5, 9, LOSE, r
89, 5, 190, 2022-01-31T07:05:12+09:00, 13, 16, LOSE, r
89, 6, 190, 2022-01-31T07:09:26+09:00, 1, 12, LOSE, r
89, 7, 190, 2022-01-31T07:13:40+09:00, 13, 9, WIN, r
89, 8, 190, 2022-01-31T07:17:54+09:00, 4, 0, WIN, r
89, 9, 190, 2022-01-31T07:22:08+09:00, 5, 14, LOSE, r
89, 10, 190, 2022-01-31T07:26:22+09:00, 16, 18, LOSE, r
89, 11, 190, 2022-01-31T07:30:36+09:00, 2, 12, LOSE, r
89, 12, 190, 2022-01-31T07:34:50+09:00, 4, 16, LOSE, r
90, 1, 190, 2022-01-31T09:23:36+09:00, 13, 11, WIN, r
90, 2, 190, 2022-01-31T09:27:50+09:00, 11, 1, WIN, r
90, 3, 190, 2022-01-31T09:32:04+09:00, 3, 13, LOSE, r
90, 4, 190, 2022-01-31T09:36:19+09:00, 8, 11, LOSE, r
90, 5, 190, 2022-01-31T09:40:33+09:00, 12, 22, LOSE, r
90, 6, 190, 2022-01-31T09:44:46+09:00, 1, 11, LOSE, r
90, 7, 190, 2022-01-31T09:49:01+09:00, 2, 12, LOSE, r
90, 8, 190, 2022-01-31T09:53:15+09:00, 2, 9, LOSE, r
90, 9, 190, 2022-01-31T09:57:29+09:00, 4, 11, LOSE, r
90, 10, 190, 2022-01-31T10:01:44+09:00, 3, 13, LOSE, r
90, 11, 190, 2022-01-31T10:05:58+09:00, 3, 10, LOSE, r
90, 12, 190, 2022-01-31T10:10:12+09:00, 2, 12, LOSE, r
91, 1, 190, 2022-01-31T11:59:21+09:00, 13, 8, WIN, r
91, 2, 190, 2022-01-31T12:03:35+09:00, 2, 5, LOSE, r
91, 3, 190, 2022-01-31T12:07:49+09:00, 1, 11, LOSE, r
91, 4, 190, 2022-01-31T12:12:04+09:00, 12, 10, WIN, r
91, 5, 190, 2022-01-31T12:16:18+09:00, 5, 9, LOSE, r
91, 6, 190, 2022-01-31T12:20:32+09:00, 2, 12, LOSE, r
91, 7, 190, 2022-01-31T12:24:46+09:00, 3, 15, LOSE, r
91, 8, 190, 2022-01-31T12:29:00+09:00, 3, 0, WIN, r
91, 9, 190, 2022-01-31T12:33:14+09:00, 5, 11, LOSE, r
91, 10, 190, 2022-01-31T12:37:14+09:00, 6, 16, LOSE, r
91, 11, 190, 2022-01-31T12:41:28+09:00, 13, 13, LOSE, r
91, 12, 190, 2022-01-31T12:45:42+09:00, 2, 14, LOSE, r
92, 1, 190, 2022-01-31T14:34:45+09:00, 3, 1, WIN, r
92, 2, 190, 2022-01-31T14:38:59+09:00, 7, 2, WIN, r
92, 3, 190, 2022-01-31T14:42:59+09:00, 6, 12, LOSE, r
92, 4, 190, 2022-01-31T14:47:13+09:00, 0, 11, LOSE, r
92, 5, 190, 2022-01-31T14:51:27+09:00, 12, 19, LOSE, r
92, 6, 190, 2022-01-31T14:55:41+09:00, 12, 11, WIN, r
92, 7, 190, 2022-01-31T14:59:55+09:00, 10, 10, LOSE, r
92, 8, 190, 2022-01-31T15:04:09+09:00, 4, 0, WIN, r
92, 9, 190, 2022-01-31T15:08:24+09:00, 4, 12, LOSE, r
92, 10, 190, 2022-01-31T15:12:38+09:00, 1, 11, LOSE, r
92, 11, 190, 2022-01-31T15:16:52+09:00, 1, 11, LOSE, r
92, 12, 190, 2022-01-31T15:21:06+09:00, 5, 9, LOSE, r
93, 1, 190, 2022-01-31T17:10:22+09:00, 6, 9, LOSE, r
93, 2, 190, 2022-01-31T17:14:36+09:00, 7, 10, LOSE, r
93, 3, 190, 2022-01-31T17:18:50+09:00, 3, 11, LOSE, r
93, 4, 190, 2022-01-31T17:23:04+09:00, 0, 14, LOSE, r
93, 5, 190, 2022-01-31T17:27:18+09:00, 4, 14, LOSE, r
93, 6, 190, 2022-01-31T17:31:33+09:00, 8, 5, WIN, r
93, 7, 190, 2022-01-31T17:35:47+09:00, 2, 12, LOSE, r
93, 8, 190, 2022-01-31T17:40:01+09:00, 3, 0, WIN, r
93, 9, 190, 2022-01-31T17:44:15+09:00, 4, 15, LOSE, r
93, 10, 190, 2022-01-31T17:48:29+09:00, 8, 16, LOSE, r
93, 11, 190, 2022-01-31T17:52:43+09:00, 9, 10, LOSE, r
93, 12, 190, 2022-01-31T17:56:57+09:00, 3, 14, LOSE, r
94, 1, 190, 2022-01-31T19:46:14+09:00, 7, 1, WIN, r
94, 2, 190, 2022-01-31T19:50:28+09:00, 8, 10, LOSE, r
94, 3, 190, 2022-01-31T19:54:42+09:00, 11, 14, LOSE, r
94, 4, 190, 2022-01-31T19:58:56+09:00, 6, 9, LOSE, r
94, 5, 190, 2022-01-31T20:03:10+09:00, 13, 16, LOSE, r
94, 6, 190, 2022-01-31T20:07:24+09:00, 2, 10, LOSE, r
94, 7, 190, 2022-01-31T20:11:24+09:00, 0, 10, LOSE, r
94, 8, 190, 2022-01-31T20:15:38+09:00, 8, 10, LOSE, r
94, 9, 190, 2022-01-31T20:19:52+09:00, 4, 7, LOSE, r
94, 10, 190, 2022-01-31T20:24:06+09:00, 2, 12, LOSE, r
94, 11, 190, 2022-01-31T20:28:20+09:00, 2, 3, LOSE, r
94, 12, 190, 2022-01-31T20:32:34+09:00, 3, 10, LOSE, r
95, 1, 190, 2022-01-31T22:21:33+09:00, 9, 9, LOSE, r
95, 2, 190, 2022-01-31T22:25:47+09:00, 6, 10, LOSE, r
95, 3, 190, 2022-01-31T22:29:47+09:00, 3, 13, LOSE, r
95, 4, 190, 2022-01-31T22:34:02+09:00, 2, 14, LOSE, r
95, 5, 190, 2022-01-31T22:38:16+09:00, 6, 15, LOSE, r
95, 6, 190, 2022-01-31T22:42:30+09:00, 1, 11, LOSE, r
95, 7, 190, 2022-01-31T22:46:44+09:00, 2, 10, LOSE, r
95, 8, 190, 2022-01-31T22:50:59+09:00, 4, 11, LOSE, r
95, 9, 190, 2022-01-31T22:55:13+09:00, 3, 10, LOSE, r
95, 10, 190, 2022-01-31T22:59:28+09:00, 4, 15, LOSE, r
95, 11, 190, 2022-01-31T23:03:42+09:00, 2, 12, LOSE, r
95, 12, 190, 2022-01-31T23:07:56+09:00, 1, 12, LOSE, r
96, 1, 190, 2022-02-01T00:57:03+09:00, 8, 11, LOSE, r
96, 2, 190, 2022-02-01T01:01:17+09:00, 6, 5, WIN, r
96, 3, 190, 2022-02-01T01:05:31+09:00, 2, 8, LOSE, r
96, 4, 190, 2022-02-01T01:09:45+09:00, 2, 12, LOSE, r
96, 5, 190, 2022-02-01T01:14:00+09:00, 12, 11, WIN, r
96, 6, 190, 2022-02-01T01:18:14+09:00, 15, 16, LOSE, r
96, 7, 190, 2022-02-01T01:22:28+09:00, 2, 12, LOSE, r
96, 8, 190, 2022-02-01T01:26:42+09:00, 3, 5, LOSE, r
96, 9, 190, 2022-02-01T01:30:56+09:00, 3, 13, LOSE, r
96, 10, 190, 2022-02-01T01:35:10+09:00, 4, 14, LOSE, r
96, 11, 190, 2022-02-01T01:39:24+09:00, 3, 3, LOSE, r
96, 12, 190, 2022-02-01T01:43:38+09:00, 6, 16, LOSE, r
97, 1, 190, 2022-02-01T03:32:45+09:00, 7, 1, WIN, r
97, 2, 190, 2022-02-01T03:36:59+09:00, 11, 2, WIN, r
97, 3, 190, 2022-02-01T03:41:13+09:00, 2, 12, LOSE, r
97, 4, 190, 2022-02-01T03:45:27+09:00, 6, 13, LOSE, r
97, 5, 190, 2022-02-01T03:49:41+09:00, 0, 10, LOSE, r
97, 6, 190, 2022-02-01T03:53:55+09:00, 10, 13, LOSE, r
97, 7, 190, 2022-02-01T03:58:09+09:00, 2, 14, LOSE, r
97, 8, 190, 2022-02-01T04:02:23+09:00, 5, 6, LOSE, r
97, 9, 190, 2022-02-01T04:06:37+09:00, 3, 6, LOSE, r
97, 10, 190, 2022-02-01T04:10:52+09:00, 5, 15, LOSE, r
97, 11, 190, 2022-02-01T04:15:06+09:00, 4, 11, LOSE, r
97, 12, 190, 2022-02-01T04:19:20+09:00, 2, 12, LOSE, r
98, 1, 190, 2022-02-01T06:07:59+09:00, 4, 1, WIN, r
98, 2, 190, 2022-02-01T06:12:13+09:00, 7, 5, WIN, r
98, 3, 190, 2022-02-01T06:16:27+09:00, 9, 12, LOSE, r
98, 4, 190, 2022-02-01T06:20:41+09:00, 3, 13, LOSE, r
98, 5, 190, 2022-02-01T06:24:55+09:00, 13, 11, WIN, r
98, 6, 190, 2022-02-01T06:29:09+09:00, 11, 14, LOSE, r
98, 7, 190, 2022-02-01T06:33:23+09:00, 8, 16, LOSE, r
98, 8, 190, 2022-02-01T06:37:37+09:00, 7, 11, LOSE, r
98, 9, 190, 2022-02-01T06:41:52+09:00, 3, 15, LOSE, r
98, 10, 190, 2022-02-01T06:46:06+09:00, 3, 14, LOSE, r
98, 11, 190, 2022-02-01T06:50:20+09:00, 3, 9, LOSE, r
98, 12, 190, 2022-02-01T06:54:34+09:00, 3, 13, LOSE, r
99, 1, 190, 2022-02-01T08:43:30+09:00, 10, 0, WIN, r
99, 2, 190, 2022-02-01T08:47:44+09:00, 6, 5, WIN, r
99, 3, 190, 2022-02-01T08:51:58+09:00, 5, 6, LOSE, r
99, 4, 190, 2022-02-01T08:56:12+09:00, 2, 12, LOSE, r
99, 5, 190, 2022-02-01T09:00:26+09:00, 9, 19, LOSE, r
99, 6, 190, 2022-02-01T09:04:40+09:00, 12, 14, LOSE, r
99, 7, 190, 2022-02-01T09:08:54+09:00, 3, 8, LOSE, r
99, 8, 190, 2022-02-01T09:13:08+09:00, 3, 0, WIN, r
99, 9, 190, 2022-02-01T09:17:22+09:00, 10, 12, LOSE, r
99, 10, 190, 2022-02-01T09:21:36+09:00, 14, 15, LOSE, r
99, 11, 190, 2022-02-01T09:25:50+09:00, 4, 12, LOSE, r
99, 12, 190, 2022-02-01T09:30:04+09:00, 2, 12, LOSE, r
100, 1, 190, 2022-02-01T11:19:18+09:00, 12, 1, WIN, r
100, 2, 190, 2022-02-01T11:23:32+09:00, 5, 10, LOSE, r
100, 3, 190, 2022-02-01T11:27:46+09:00, 2, 12, LOSE, r
100, 4, 190, 2022-02-01T11:32:01+09:00, 6, 12, LOSE, r
100, 5, 190, 2022-02-01T11:36:15+09:00, 0, 11, LOSE, r
100, 6, 190, 2022-02-01T11:40:29+09:00, 9, 19, LOSE, r
100, 7, 190, 2022-02-01T11:44:43+09:00, 3, 7, LOSE, r
100, 8, 190, 2022-02-01T11:48:57+09:00, 5, 11, LOSE, r
100, 9, 190, 2022-02-01T11:53:12+09:00, 2, 8, LOSE, r
100, 10, 190, 2022-02-01T11:57:26+09:00, 1, 13, LOSE, r
100, 11, 190, 2022-02-01T12:01:40+09:00, 11, 11, LOSE, r
100, 12, 190, 2022-02-01T12:05:54+09:00, 3, 14, LOSE, r
101, 1, 190, 2022-02-01T13:54:52+09:00, 13, 1, WIN, r
101, 2, 190, 2022-02-01T13:59:06+09:00, 3, 2, WIN, r
101, 3, 190, 2022-02-01T14:03:21+09:00, 6, 12, LOSE, r
101, 4, 190, 2022-02-01T14:07:35+09:00, 9, 16, LOSE, r
101, 5, 190, 2022-02-01T14:11:49+09:00, 9, 19, LOSE, r
101, 6, 190, 2022-02-01T14:16:03+09:00, 3, 14, LOSE, r
101, 7, 190, 2022-02-01T14:20:17+09:00, 8, 12, LOSE, r
101, 8, 190, 2022-02-01T14:24:31+09:00, 3, 0, WIN, r
101, 9, 190, 2022-02-01T14:28:45+09:00, 7, 8, LOSE, r
101, 10, 190, 2022-02-01T14:33:00+09:00, 1, 11, LOSE, r
101, 11, 190, 2022-02-01T14:37:14+09:00, 4, 10, LOSE, r
101, 12, 190, 2022-02-01T14:41:28+09:00, 3, 11, LOSE, r
102, 1, 190, 2022-02-01T16:30:46+09:00, 5, 1, WIN, r
102, 2, 190, 2022-02-01T16:35:00+09:00, 14, 9, WIN, r
102, 3, 190, 2022-02-01T16:39:14+09:00, 3, 13, LOSE, r
102, 4, 190, 2022-02-01T16:43:28+09:00, 1, 10, LOSE, r
102, 5, 190, 2022-02-01T16:47:42+09:00, 13, 3, WIN, r
102, 6, 190, 2022-02-01T16:51:56+09:00, 1, 11, LOSE, r
102, 7, 190, 2022-02-01T16:56:10+09:00, 3, 15, LOSE, r
102, 8, 190, 2022-02-01T17:00:24+09:00, 4, 11, LOSE, r
102, 9, 190, 2022-02-01T17:04:39+09:00, 2, 12, LOSE, r
102, 10, 190, 2022-02-01T17:08:53+09:00, 4, 10, LOSE, r
102, 11, 190, 2022-02-01T17:13:07+09:00, 6, 8, LOSE, r
102, 12, 190, 2022-02-01T17:17:21+09:00, 3, 14, LOSE, r
103, 1, 190, 2022-02-01T19:06:22+09:00, 13, 3, WIN, r
103, 2, 190, 2022-02-01T19:10:36+09:00, 5, 1, WIN, r
103, 3, 190, 2022-02-01T19:14:50+09:00, 6, 13, LOSE, r
103, 4, 190, 2022-02-01T19:19:05+09:00, 5, 9, LOSE, r
103, 5, 190, 2022-02-01T19:23:19+09:00, 5, 16, LOSE, r
103, 6, 190, 2022-02-01T19:27:33+09:00, 11, 9, WIN, r
103, 7, 190, 2022-02-01T19:31:47+09:00, 2, 16, LOSE, r
103, 8, 190, 2022-02-01T19:36:01+09:00, 8, 12, LOSE, r
103, 9, 190, 2022-02-01T19:40:15+09:00, 7, 6, WIN, r
103, 10, 190, 2022-02-01T19:44:29+09:00, 1, 13, LOSE, r
103, 11, 190, 2022-02-01T19:48:29+09:00, 4, 13, LOSE, r
103, 12, 190, 2022-02-01T19:52:44+09:00, 3, 14, LOSE, r
104, 1, 190, 2022-02-01T21:42:07+09:00, 3, 1, WIN, r
104, 2, 190, 2022-02-01T21:46:21+09:00, 11, 4, WIN, r
104, 3, 190, 2022-02-01T21:50:35+09:00, 6, 12, LOSE, r
104, 4, 190, 2022-02-01T21:54:35+09:00, 8, 10, LOSE, r
104, 5, 190, 2022-02-01T21:58:49+09:00, 12, 14, LOSE, r
104, 6, 190, 2022-02-01T22:03:03+09:00, 13, 20, LOSE, r
104, 7, 190, 2022-02-01T22:07:17+09:00, 6, 16, LOSE, r
104, 8, 190, 2022-02-01T22:11:31+09:00, 4, 8, LOSE, r
104, 9, 190, 2022-02-01T22:15:45+09:00, 4, 7, LOSE, r
104, 10, 190, 2022-02-01T22:19:59+09:00, 3, 14, LOSE, r
104, 11, 190, 2022-02-01T22:24:14+09:00, 12, 11, WIN, r
104, 12, 190, 2022-02-01T22:28:28+09:00, 2, 12, LOSE, r
105, 1, 190, 2022-02-02T00:17:44+09:00, 12, 4, WIN, r
105, 2, 190, 2022-02-02T00:21:58+09:00, 4, 5, LOSE, r
105, 3, 190, 2022-02-02T00:26:12+09:00, 7, 4, WIN, r
105, 4, 190, 2022-02-02T00:30:26+09:00, 13, 9, WIN, r
105, 5, 190, 2022-02-02T00:34:40+09:00, 11, 15, LOSE, r
105, 6, 190, 2022-02-02T00:38:55+09:00, 3, 8, LOSE, r
105, 7, 190, 2022-02-02T00:43:09+09:00, 2, 13, LOSE, r
105, 8, 190, 2022-02-02T00:47:23+09:00, 7, 8, LOSE, r
105, 9, 190, 2022-02-02T00:51:37+09:00, 10, 7, WIN, r
105, 10, 190, 2022-02-02T00:55:51+09:00, 1, 11, LOSE, r
105, 11, 190, 2022-02-02T01:00:05+09:00, 14, 12, WIN, r
105, 12, 190, 2022-02-02T01:04:19+09:00, 3, 14, LOSE, r
106, 1, 190, 2022-02-02T02:53:08+09:00, 7, 4, WIN, r
106, 2, 190, 2022-02-02T02:57:22+09:00, 5, 6, LOSE, r
106, 3, 190, 2022-02-02T03:01:22+09:00, 4, 9, LOSE, r
106, 4, 190, 2022-02-02T03:05:36+09:00, 13, 15, LOSE, r
106, 5, 190, 2022-02-02T03:09:50+09:00, 4, 16, LOSE, r
106, 6, 190, 2022-02-02T03:14:04+09:00, 9, 14, LOSE, r
106, 7, 190, 2022-02-02T03:18:18+09:00, 12, 13, LOSE, r
106, 8, 190, 2022-02-02T03:22:32+09:00, 5, 11, LOSE, r
106, 9, 190, 2022-02-02T03:26:47+09:00, 6, 11, LOSE, r
106, 10, 190, 2022-02-02T03:31:01+09:00, 1, 12, LOSE, r
106, 11, 190, 2022-02-02T03:35:15+09:00, 4, 13, LOSE, r
106, 12, 190, 2022-02-02T03:39:29+09:00, 2, 12, LOSE, r
107, 1, 190, 2022-02-02T05:28:38+09:00, 4, 1, WIN, r
107, 2, 190, 2022-02-02T05:32:52+09:00, 6, 2, WIN, r
107, 3, 190, 2022-02-02T05:36:52+09:00, 2, 12, LOSE, r
107, 4, 190, 2022-02-02T05:41:06+09:00, 2, 13, LOSE, r
107, 5, 190, 2022-02-02T05:45:20+09:00, 2, 13, LOSE, r
107, 6, 190, 2022-02-02T05:49:34+09:00, 10, 10, LOSE, r
107, 7, 190, 2022-02-02T05:53:48+09:00, 2, 12, LOSE, r
107, 8, 190, 2022-02-02T05:58:02+09:00, 2, 12, LOSE, r
107, 9, 190, 2022-02-02T06:02:16+09:00, 6, 7, LOSE, r
107, 10, 190, 2022-02-02T06:06:30+09:00, 10, 15, LOSE, r
107, 11, 190, 2022-02-02T06:10:44+09:00, 3, 3, LOSE, r
107, 12, 190, 2022-02-02T06:14:58+09:00, 2, 11, LOSE, r
108, 1, 190, 2022-02-02T08:03:38+09:00, 11, 0, WIN, r
108, 2, 190, 2022-02-02T08:07:52+09:00, 9, 1, WIN, r
108, 3, 190, 2022-02-02T08:12:06+09:00, 4, 12, LOSE, r
108, 4, 190, 2022-02-02T08:16:20+09:00, 3, 13, LOSE, r
108, 5, 190, 2022-02-02T08:20:34+09:00, 1, 11, LOSE, r
108, 6, 190, 2022-02-02T08:24:48+09:00, 2, 13, LOSE, r
108, 7, 190, 2022-02-02T08:29:02+09:00, 4, 15, LOSE, r
108, 8, 190, 2022-02-02T08:33:16+09:00, 3, 12, LOSE, r
108, 9, 190, 2022-02-02T08:37:30+09:00, 2, 8, LOSE, r
108, 10, 190, 2022-02-02T08:41:44+09:00, 5, 16, LOSE, r
108, 11, 190, 2022-02-02T08:45:58+09:00, 10, 15, LOSE, r
108, 12, 190, 2022-02-02T08:50:12+09:00, 5, 9, LOSE, r
109, 1, 190, 2022-02-02T10:39:07+09:00, 15, 8, WIN, r
109, 2, 190, 2022-02-02T10:43:21+09:00, 12, 1, WIN, r
109, 3, 190, 2022-02-02T10:47:35+09:00, 4, 8, LOSE, r
109, 4, 190, 2022-02-02T10:51:49+09:00, 4, 13, LOSE, r
109, 5, 190, 2022-02-02T10:55:49+09:00, 3, 13, LOSE, r
109, 6, 190, 2022-02-02T11:00:03+09:00, 8, 12, LOSE, r
109, 7, 190, 2022-02-02T11:04:17+09:00, 13, 20, LOSE, r
109, 8, 190, 2022-02-02T11:08:31+09:00, 5, 11, LOSE, r
109, 9, 190, 2022-02-02T11:12:45+09:00, 8, 8, LOSE, r
109, 10, 190, 2022-02-02T11:17:00+09:00, 3, 13, LOSE, r
109, 11, 190, 2022-02-02T11:21:14+09:00, 14, 11, WIN, r
109, 12, 190, 2022-02-02T11:25:28+09:00, 1, 11, LOSE, r
110, 1, 190, 2022-02-02T13:14:47+09:00, 3, 1, WIN, r
110, 2, 190, 2022-02-02T13:19:01+09:00, 7, 1, WIN, r
110, 3, 190, 2022-02-02T13:23:15+09:00, 4, 9, LOSE, r
110, 4, 190, 2022-02-02T13:27:29+09:00, 9, 11, LOSE, r
110, 5, 190, 2022-02-02T13:31:43+09:00, 11, 15, LOSE, r
110, 6, 190, 2022-02-02T13:35:57+09:00, 13, 9, WIN, r
110, 7, 190, 2022-02-02T13:40:11+09:00, 8, 12, LOSE, r
110, 8, 190, 2022-02-02T13:44:26+09:00, 3, 0, WIN, r
110, 9, 190, 2022-02-02T13:48:40+09:00, 6, 10, LOSE, r
110, 10, 190, 2022-02-02T13:52:54+09:00, 6, 16, LOSE, r
110, 11, 190, 2022-02-02T13:57:08+09:00, 3, 11, LOSE, r
110, 12, 190, 2022-02-02T14:01:22+09:00, 3, 14, LOSE, r
111, 1, 190, 2022-02-02T15:50:09+09:00, 3, 1, WIN, r
111, 2, 190, 2022-02-02T15:54:23+09:00, 6, 5, WIN, r
111, 3, 190, 2022-02-02T15:58:37+09:00, 2, 12, LOSE, r
111, 4, 190, 2022-02-02T16:02:52+09:00, 5, 9, LOSE, r
111, 5, 190, 2022-02-02T16:07:06+09:00, 0, 11, LOSE, r
111, 6, 190, 2022-02-02T16:11:20+09:00, 1, 11, LOSE, r
111, 7, 190, 2022-02-02T16:15:34+09:00, 8, 12, LOSE, r
111, 8, 190, 2022-02-02T16:19:49+09:00, 3, 11, LOSE, r
111, 9, 190, 2022-02-02T16:24:03+09:00, 3, 12, LOSE, r
111, 10, 190, 2022-02-02T16:28:17+09:00, 16, 12, WIN, r
111, 11, 190, 2022-02-02T16:32:31+09:00, 2, 2, LOSE, r
111, 12, 190, 2022-02-02T16:36:45+09:00, 3, 13, LOSE, r
