iteration, enemy_level, game_time(s), date, my_score, enemy_score, battle_result, my_side
#--> latest commit:9670e529bf871b672660c78c9cc72e285c7bb8fd 20220118112504 in burger_war_dev
0, 1, 190, 2022-01-18T23:30:16+09:00, 4, 1, WIN, r
0, 2, 190, 2022-01-18T23:34:30+09:00, 5, 5, LOSE, r
0, 3, 190, 2022-01-18T23:38:43+09:00, 2, 13, LOSE, r
0, 4, 190, 2022-01-18T23:42:57+09:00, 2, 15, LOSE, r
0, 5, 190, 2022-01-18T23:47:11+09:00, 5, 16, LOSE, r
0, 6, 190, 2022-01-18T23:51:24+09:00, 13, 13, LOSE, r
0, 7, 190, 2022-01-18T23:55:38+09:00, 4, 15, LOSE, r
0, 8, 190, 2022-01-18T23:59:52+09:00, 2, 12, LOSE, r
0, 9, 190, 2022-01-19T00:04:06+09:00, 7, 9, LOSE, r
0, 10, 190, 2022-01-19T00:08:19+09:00, 2, 16, LOSE, r
0, 11, 190, 2022-01-19T00:12:33+09:00, 3, 6, LOSE, r
0, 12, 190, 2022-01-19T00:16:47+09:00, 2, 12, LOSE, r
1, 1, 190, 2022-01-19T02:59:29+09:00, 3, 12, LOSE, r
1, 2, 190, 2022-01-19T03:03:43+09:00, 6, 7, LOSE, r
1, 3, 190, 2022-01-19T03:07:56+09:00, 1, 13, LOSE, r
1, 4, 190, 2022-01-19T03:12:10+09:00, 5, 13, LOSE, r
1, 5, 190, 2022-01-19T03:16:23+09:00, 14, 15, LOSE, r
1, 6, 190, 2022-01-19T03:20:37+09:00, 5, 13, LOSE, r
1, 7, 190, 2022-01-19T03:24:37+09:00, 1, 11, LOSE, r
1, 8, 190, 2022-01-19T03:28:50+09:00, 4, 5, LOSE, r
1, 9, 190, 2022-01-19T03:33:04+09:00, 0, 11, LOSE, r
1, 10, 190, 2022-01-19T03:37:18+09:00, 3, 13, LOSE, r
1, 11, 190, 2022-01-19T03:41:31+09:00, 2, 8, LOSE, r
1, 12, 190, 2022-01-19T03:45:45+09:00, 3, 11, LOSE, r
2, 1, 190, 2022-01-19T06:28:40+09:00, 14, 12, WIN, r
2, 2, 190, 2022-01-19T06:32:53+09:00, 3, 2, WIN, r
2, 3, 190, 2022-01-19T06:37:07+09:00, 1, 13, LOSE, r
2, 4, 190, 2022-01-19T06:41:21+09:00, 4, 17, LOSE, r
2, 5, 190, 2022-01-19T06:45:34+09:00, 12, 14, LOSE, r
2, 6, 190, 2022-01-19T06:49:48+09:00, 2, 10, LOSE, r
2, 7, 190, 2022-01-19T06:54:02+09:00, 6, 16, LOSE, r
2, 8, 190, 2022-01-19T06:58:15+09:00, 3, 5, LOSE, r
2, 9, 190, 2022-01-19T07:02:29+09:00, 8, 11, LOSE, r
2, 10, 190, 2022-01-19T07:06:43+09:00, 12, 17, LOSE, r
2, 11, 190, 2022-01-19T07:10:56+09:00, 3, 9, LOSE, r
2, 12, 190, 2022-01-19T07:15:10+09:00, 2, 9, LOSE, r
3, 1, 190, 2022-01-19T09:57:25+09:00, 3, 1, WIN, r
3, 2, 190, 2022-01-19T10:01:39+09:00, 6, 4, WIN, r
3, 3, 190, 2022-01-19T10:05:52+09:00, 4, 2, WIN, r
3, 4, 190, 2022-01-19T10:10:06+09:00, 8, 12, LOSE, r
3, 5, 190, 2022-01-19T10:14:20+09:00, 12, 17, LOSE, r
3, 6, 190, 2022-01-19T10:18:34+09:00, 2, 12, LOSE, r
3, 7, 190, 2022-01-19T10:22:48+09:00, 3, 14, LOSE, r
3, 8, 190, 2022-01-19T10:27:02+09:00, 4, 11, LOSE, r
3, 9, 190, 2022-01-19T10:31:15+09:00, 5, 8, LOSE, r
3, 10, 190, 2022-01-19T10:35:29+09:00, 2, 12, LOSE, r
3, 11, 190, 2022-01-19T10:39:42+09:00, 9, 4, WIN, r
3, 12, 190, 2022-01-19T10:43:58+09:00, 3, 14, LOSE, r
4, 1, 190, 2022-01-19T13:26:53+09:00, 6, 1, WIN, r
4, 2, 190, 2022-01-19T13:31:07+09:00, 13, 7, WIN, r
4, 3, 190, 2022-01-19T13:35:21+09:00, 7, 12, LOSE, r
4, 4, 190, 2022-01-19T13:39:35+09:00, 5, 12, LOSE, r
4, 5, 190, 2022-01-19T13:43:48+09:00, 5, 13, LOSE, r
4, 6, 190, 2022-01-19T13:48:02+09:00, 7, 10, LOSE, r
4, 7, 190, 2022-01-19T13:52:16+09:00, 2, 14, LOSE, r
4, 8, 190, 2022-01-19T13:56:30+09:00, 3, 0, WIN, r
4, 9, 190, 2022-01-19T14:00:43+09:00, 5, 11, LOSE, r
4, 10, 190, 2022-01-19T14:04:58+09:00, 2, 14, LOSE, r
4, 11, 190, 2022-01-19T14:09:12+09:00, 3, 6, LOSE, r
4, 12, 190, 2022-01-19T14:13:25+09:00, 3, 14, LOSE, r
5, 1, 190, 2022-01-19T16:56:20+09:00, 7, 4, WIN, r
5, 2, 190, 2022-01-19T17:00:34+09:00, 8, 10, LOSE, r
5, 3, 190, 2022-01-19T17:04:48+09:00, 10, 13, LOSE, r
5, 4, 190, 2022-01-19T17:09:01+09:00, 13, 14, LOSE, r
5, 5, 190, 2022-01-19T17:13:01+09:00, 11, 9, WIN, r
5, 6, 190, 2022-01-19T17:17:14+09:00, 1, 12, LOSE, r
5, 7, 190, 2022-01-19T17:21:28+09:00, 10, 11, LOSE, r
5, 8, 190, 2022-01-19T17:25:42+09:00, 3, 0, WIN, r
5, 9, 190, 2022-01-19T17:29:56+09:00, 10, 9, WIN, r
5, 10, 190, 2022-01-19T17:34:10+09:00, 7, 17, LOSE, r
5, 11, 190, 2022-01-19T17:38:24+09:00, 5, 8, LOSE, r
5, 12, 190, 2022-01-19T17:42:38+09:00, 1, 12, LOSE, r
6, 1, 190, 2022-01-19T20:26:41+09:00, 5, 4, WIN, r
6, 2, 190, 2022-01-19T20:30:54+09:00, 6, 5, WIN, r
6, 3, 190, 2022-01-19T20:35:08+09:00, 2, 13, LOSE, r
6, 4, 190, 2022-01-19T20:39:22+09:00, 9, 16, LOSE, r
6, 5, 190, 2022-01-19T20:43:36+09:00, 7, 17, LOSE, r
6, 6, 190, 2022-01-19T20:47:49+09:00, 11, 12, LOSE, r
6, 7, 190, 2022-01-19T20:52:03+09:00, 1, 11, LOSE, r
6, 8, 190, 2022-01-19T20:56:17+09:00, 4, 8, LOSE, r
6, 9, 190, 2022-01-19T21:00:31+09:00, 12, 16, LOSE, r
6, 10, 190, 2022-01-19T21:04:44+09:00, 1, 11, LOSE, r
6, 11, 190, 2022-01-19T21:08:58+09:00, 2, 13, LOSE, r
6, 12, 190, 2022-01-19T21:13:12+09:00, 3, 13, LOSE, r
7, 1, 190, 2022-01-19T23:57:39+09:00, 8, 11, LOSE, r
7, 2, 190, 2022-01-20T00:01:53+09:00, 3, 7, LOSE, r
7, 3, 190, 2022-01-20T00:06:07+09:00, 6, 7, LOSE, r
7, 4, 190, 2022-01-20T00:10:20+09:00, 7, 8, LOSE, r
7, 5, 190, 2022-01-20T00:14:34+09:00, 12, 14, LOSE, r
7, 6, 190, 2022-01-20T00:18:48+09:00, 12, 18, LOSE, r
7, 7, 190, 2022-01-20T00:23:01+09:00, 2, 12, LOSE, r
7, 8, 190, 2022-01-20T00:27:15+09:00, 3, 11, LOSE, r
7, 9, 190, 2022-01-20T00:31:29+09:00, 10, 11, LOSE, r
7, 10, 190, 2022-01-20T00:35:43+09:00, 4, 8, LOSE, r
7, 11, 190, 2022-01-20T00:39:57+09:00, 11, 8, WIN, r
7, 12, 190, 2022-01-20T00:44:11+09:00, 2, 12, LOSE, r
8, 1, 190, 2022-01-20T03:28:16+09:00, 3, 1, WIN, r
8, 2, 190, 2022-01-20T03:32:30+09:00, 5, 5, LOSE, r
8, 3, 190, 2022-01-20T03:36:44+09:00, 4, 14, LOSE, r
8, 4, 190, 2022-01-20T03:40:57+09:00, 13, 16, LOSE, r
8, 5, 190, 2022-01-20T03:45:11+09:00, 1, 11, LOSE, r
8, 6, 190, 2022-01-20T03:49:25+09:00, 11, 15, LOSE, r
8, 7, 190, 2022-01-20T03:53:38+09:00, 7, 14, LOSE, r
8, 8, 190, 2022-01-20T03:57:52+09:00, 3, 0, WIN, r
8, 9, 190, 2022-01-20T04:02:06+09:00, 2, 13, LOSE, r
8, 10, 190, 2022-01-20T04:06:20+09:00, 13, 16, LOSE, r
8, 11, 190, 2022-01-20T04:10:33+09:00, 14, 8, WIN, r
8, 12, 190, 2022-01-20T04:14:47+09:00, 2, 14, LOSE, r
9, 1, 190, 2022-01-20T06:57:25+09:00, 13, 4, WIN, r
9, 2, 190, 2022-01-20T07:01:40+09:00, 2, 7, LOSE, r
9, 3, 190, 2022-01-20T07:05:53+09:00, 0, 11, LOSE, r
9, 4, 190, 2022-01-20T07:10:08+09:00, 0, 11, LOSE, r
9, 5, 190, 2022-01-20T07:14:21+09:00, 5, 15, LOSE, r
9, 6, 190, 2022-01-20T07:18:21+09:00, 8, 12, LOSE, r
9, 7, 190, 2022-01-20T07:22:34+09:00, 2, 13, LOSE, r
9, 8, 190, 2022-01-20T07:26:48+09:00, 3, 0, WIN, r
9, 9, 190, 2022-01-20T07:31:02+09:00, 8, 3, WIN, r
9, 10, 190, 2022-01-20T07:35:16+09:00, 2, 12, LOSE, r
9, 11, 190, 2022-01-20T07:39:29+09:00, 5, 15, LOSE, r
9, 12, 190, 2022-01-20T07:43:43+09:00, 3, 14, LOSE, r
10, 1, 190, 2022-01-20T10:25:58+09:00, 3, 1, WIN, r
10, 2, 190, 2022-01-20T10:29:58+09:00, 5, 3, WIN, r
10, 3, 190, 2022-01-20T10:34:11+09:00, 4, 1, WIN, r
10, 4, 190, 2022-01-20T10:38:25+09:00, 3, 14, LOSE, r
10, 5, 190, 2022-01-20T10:42:39+09:00, 2, 13, LOSE, r
10, 6, 190, 2022-01-20T10:46:52+09:00, 3, 8, LOSE, r
10, 7, 190, 2022-01-20T10:51:06+09:00, 6, 11, LOSE, r
10, 8, 190, 2022-01-20T10:55:20+09:00, 7, 11, LOSE, r
10, 9, 190, 2022-01-20T10:59:34+09:00, 3, 4, LOSE, r
10, 10, 190, 2022-01-20T11:03:48+09:00, 3, 14, LOSE, r
10, 11, 190, 2022-01-20T11:08:02+09:00, 11, 0, WIN, r
10, 12, 190, 2022-01-20T11:12:16+09:00, 3, 14, LOSE, r
11, 1, 190, 2022-01-20T13:54:55+09:00, 3, 10, LOSE, r
11, 2, 190, 2022-01-20T13:59:08+09:00, 6, 10, LOSE, r
11, 3, 190, 2022-01-20T14:03:22+09:00, 2, 13, LOSE, r
11, 4, 190, 2022-01-20T14:07:36+09:00, 3, 11, LOSE, r
11, 5, 190, 2022-01-20T14:11:50+09:00, 11, 7, WIN, r
11, 6, 190, 2022-01-20T14:16:04+09:00, 1, 13, LOSE, r
11, 7, 190, 2022-01-20T14:20:17+09:00, 0, 11, LOSE, r
11, 8, 190, 2022-01-20T14:24:31+09:00, 8, 6, WIN, r
11, 9, 190, 2022-01-20T14:28:45+09:00, 5, 12, LOSE, r
11, 10, 190, 2022-01-20T14:32:59+09:00, 3, 13, LOSE, r
11, 11, 190, 2022-01-20T14:37:13+09:00, 2, 12, LOSE, r
11, 12, 190, 2022-01-20T14:41:26+09:00, 3, 11, LOSE, r
12, 1, 190, 2022-01-20T17:24:08+09:00, 4, 12, LOSE, r
12, 2, 190, 2022-01-20T17:28:22+09:00, 3, 5, LOSE, r
12, 3, 190, 2022-01-20T17:32:36+09:00, 7, 2, WIN, r
12, 4, 190, 2022-01-20T17:36:49+09:00, 3, 14, LOSE, r
12, 5, 190, 2022-01-20T17:41:03+09:00, 12, 14, LOSE, r
12, 6, 190, 2022-01-20T17:45:17+09:00, 2, 15, LOSE, r
12, 7, 190, 2022-01-20T17:49:31+09:00, 7, 9, LOSE, r
12, 8, 190, 2022-01-20T17:53:45+09:00, 3, 9, LOSE, r
12, 9, 190, 2022-01-20T17:57:58+09:00, 12, 5, WIN, r
12, 10, 190, 2022-01-20T18:02:12+09:00, 3, 13, LOSE, r
12, 11, 190, 2022-01-20T18:06:26+09:00, 2, 12, LOSE, r
12, 12, 190, 2022-01-20T18:10:40+09:00, 3, 14, LOSE, r
13, 1, 190, 2022-01-20T20:52:36+09:00, 3, 1, WIN, r
13, 2, 190, 2022-01-20T20:56:36+09:00, 3, 13, LOSE, r
13, 3, 190, 2022-01-20T21:00:50+09:00, 12, 14, LOSE, r
13, 4, 190, 2022-01-20T21:05:03+09:00, 3, 12, LOSE, r
13, 5, 190, 2022-01-20T21:09:17+09:00, 1, 11, LOSE, r
13, 6, 190, 2022-01-20T21:13:31+09:00, 1, 12, LOSE, r
13, 7, 190, 2022-01-20T21:17:45+09:00, 1, 12, LOSE, r
13, 8, 190, 2022-01-20T21:21:58+09:00, 2, 0, WIN, r
13, 9, 190, 2022-01-20T21:26:12+09:00, 2, 13, LOSE, r
13, 10, 190, 2022-01-20T21:30:26+09:00, 7, 16, LOSE, r
13, 11, 190, 2022-01-20T21:34:26+09:00, 2, 12, LOSE, r
13, 12, 190, 2022-01-20T21:38:40+09:00, 1, 13, LOSE, r
14, 1, 190, 2022-01-21T00:21:09+09:00, 7, 12, LOSE, r
14, 2, 190, 2022-01-21T00:25:23+09:00, 8, 6, WIN, r
14, 3, 190, 2022-01-21T00:29:37+09:00, 8, 13, LOSE, r
14, 4, 190, 2022-01-21T00:33:51+09:00, 6, 12, LOSE, r
14, 5, 190, 2022-01-21T00:38:04+09:00, 12, 14, LOSE, r
14, 6, 190, 2022-01-21T00:42:04+09:00, 10, 12, LOSE, r
14, 7, 190, 2022-01-21T00:46:18+09:00, 3, 16, LOSE, r
14, 8, 190, 2022-01-21T00:50:32+09:00, 6, 7, LOSE, r
14, 9, 190, 2022-01-21T00:54:46+09:00, 6, 8, LOSE, r
14, 10, 190, 2022-01-21T00:59:00+09:00, 2, 12, LOSE, r
14, 11, 190, 2022-01-21T01:03:13+09:00, 12, 13, LOSE, r
14, 12, 190, 2022-01-21T01:07:27+09:00, 6, 14, LOSE, r
15, 1, 190, 2022-01-21T03:50:21+09:00, 5, 1, WIN, r
15, 2, 190, 2022-01-21T03:54:35+09:00, 4, 9, LOSE, r
15, 3, 190, 2022-01-21T03:58:49+09:00, 2, 12, LOSE, r
15, 4, 190, 2022-01-21T04:03:02+09:00, 6, 13, LOSE, r
15, 5, 190, 2022-01-21T04:07:16+09:00, 14, 4, WIN, r
15, 6, 190, 2022-01-21T04:11:30+09:00, 1, 11, LOSE, r
15, 7, 190, 2022-01-21T04:15:44+09:00, 3, 11, LOSE, r
15, 8, 190, 2022-01-21T04:19:58+09:00, 2, 0, WIN, r
15, 9, 190, 2022-01-21T04:24:12+09:00, 2, 8, LOSE, r
15, 10, 190, 2022-01-21T04:28:25+09:00, 12, 13, LOSE, r
15, 11, 190, 2022-01-21T04:32:39+09:00, 4, 10, LOSE, r
15, 12, 190, 2022-01-21T04:36:53+09:00, 3, 11, LOSE, r
16, 1, 190, 2022-01-21T07:19:34+09:00, 12, 1, WIN, r
16, 2, 190, 2022-01-21T07:23:47+09:00, 6, 4, WIN, r
16, 3, 190, 2022-01-21T07:28:01+09:00, 2, 6, LOSE, r
16, 4, 190, 2022-01-21T07:32:15+09:00, 8, 12, LOSE, r
16, 5, 190, 2022-01-21T07:36:29+09:00, 13, 2, WIN, r
16, 6, 190, 2022-01-21T07:40:43+09:00, 12, 1, WIN, r
16, 7, 190, 2022-01-21T07:44:56+09:00, 11, 11, LOSE, r
16, 8, 190, 2022-01-21T07:49:10+09:00, 4, 11, LOSE, r
16, 9, 190, 2022-01-21T07:53:24+09:00, 2, 12, LOSE, r
16, 10, 190, 2022-01-21T07:57:24+09:00, 1, 12, LOSE, r
16, 11, 190, 2022-01-21T08:01:38+09:00, 4, 12, LOSE, r
16, 12, 190, 2022-01-21T08:05:52+09:00, 1, 11, LOSE, r
17, 1, 190, 2022-01-21T10:48:00+09:00, 11, 1, WIN, r
17, 2, 190, 2022-01-21T10:52:14+09:00, 4, 10, LOSE, r
17, 3, 190, 2022-01-21T10:56:28+09:00, 1, 11, LOSE, r
17, 4, 190, 2022-01-21T11:00:42+09:00, 7, 12, LOSE, r
17, 5, 190, 2022-01-21T11:04:56+09:00, 4, 14, LOSE, r
17, 6, 190, 2022-01-21T11:09:09+09:00, 11, 1, WIN, r
17, 7, 190, 2022-01-21T11:13:23+09:00, 7, 12, LOSE, r
17, 8, 190, 2022-01-21T11:17:37+09:00, 3, 7, LOSE, r
17, 9, 190, 2022-01-21T11:21:51+09:00, 7, 12, LOSE, r
17, 10, 190, 2022-01-21T11:26:05+09:00, 2, 15, LOSE, r
17, 11, 190, 2022-01-21T11:30:19+09:00, 3, 10, LOSE, r
17, 12, 190, 2022-01-21T11:34:33+09:00, 3, 11, LOSE, r
0, 1, 190, 2022-01-21T14:09:41+09:00, 2, 1, WIN, r
0, 2, 190, 2022-01-21T14:13:54+09:00, 12, 10, WIN, r
0, 3, 190, 2022-01-21T14:18:08+09:00, 2, 14, LOSE, r
0, 4, 190, 2022-01-21T14:22:22+09:00, 4, 7, LOSE, r
0, 5, 190, 2022-01-21T14:26:36+09:00, 14, 15, LOSE, r
0, 6, 190, 2022-01-21T14:30:49+09:00, 2, 13, LOSE, r
0, 7, 190, 2022-01-21T14:35:03+09:00, 2, 12, LOSE, r
0, 8, 190, 2022-01-21T14:39:17+09:00, 4, 11, LOSE, r
0, 9, 190, 2022-01-21T14:43:31+09:00, 13, 10, WIN, r
0, 10, 190, 2022-01-21T14:47:45+09:00, 3, 14, LOSE, r
0, 11, 190, 2022-01-21T14:51:59+09:00, 3, 15, LOSE, r
0, 12, 190, 2022-01-21T14:56:13+09:00, 3, 11, LOSE, r
1, 1, 190, 2022-01-21T16:46:25+09:00, 3, 1, WIN, r
1, 2, 190, 2022-01-21T16:50:39+09:00, 12, 10, WIN, r
1, 3, 190, 2022-01-21T16:54:39+09:00, 2, 12, LOSE, r
1, 4, 190, 2022-01-21T16:58:53+09:00, 5, 10, LOSE, r
1, 5, 190, 2022-01-21T17:03:07+09:00, 13, 10, WIN, r
1, 6, 190, 2022-01-21T17:07:21+09:00, 5, 18, LOSE, r
1, 7, 190, 2022-01-21T17:11:34+09:00, 13, 13, LOSE, r
1, 8, 190, 2022-01-21T17:15:49+09:00, 5, 8, LOSE, r
1, 9, 190, 2022-01-21T17:20:02+09:00, 6, 11, LOSE, r
1, 10, 190, 2022-01-21T17:24:17+09:00, 11, 15, LOSE, r
1, 11, 190, 2022-01-21T17:28:30+09:00, 3, 13, LOSE, r
1, 12, 190, 2022-01-21T17:32:45+09:00, 3, 13, LOSE, r
2, 1, 190, 2022-01-21T19:23:07+09:00, 11, 9, WIN, r
2, 2, 190, 2022-01-21T19:27:21+09:00, 5, 9, LOSE, r
2, 3, 190, 2022-01-21T19:31:35+09:00, 5, 6, LOSE, r
2, 4, 190, 2022-01-21T19:35:49+09:00, 5, 16, LOSE, r
2, 5, 190, 2022-01-21T19:40:02+09:00, 3, 8, LOSE, r
2, 6, 190, 2022-01-21T19:44:16+09:00, 0, 11, LOSE, r
2, 7, 190, 2022-01-21T19:48:30+09:00, 5, 12, LOSE, r
2, 8, 190, 2022-01-21T19:52:44+09:00, 4, 3, WIN, r
2, 9, 190, 2022-01-21T19:56:58+09:00, 0, 10, LOSE, r
2, 10, 190, 2022-01-21T20:01:12+09:00, 3, 13, LOSE, r
2, 11, 190, 2022-01-21T20:05:26+09:00, 3, 3, LOSE, r
2, 12, 190, 2022-01-21T20:09:39+09:00, 5, 15, LOSE, r
3, 1, 190, 2022-01-21T21:59:35+09:00, 7, 13, LOSE, r
3, 2, 190, 2022-01-21T22:03:49+09:00, 11, 1, WIN, r
3, 3, 190, 2022-01-21T22:08:03+09:00, 2, 14, LOSE, r
3, 4, 190, 2022-01-21T22:12:03+09:00, 2, 13, LOSE, r
3, 5, 190, 2022-01-21T22:16:16+09:00, 1, 11, LOSE, r
3, 6, 190, 2022-01-21T22:20:30+09:00, 2, 13, LOSE, r
3, 7, 190, 2022-01-21T22:24:44+09:00, 2, 14, LOSE, r
3, 8, 190, 2022-01-21T22:28:58+09:00, 3, 0, WIN, r
3, 9, 190, 2022-01-21T22:33:12+09:00, 1, 13, LOSE, r
3, 10, 190, 2022-01-21T22:37:26+09:00, 4, 14, LOSE, r
3, 11, 190, 2022-01-21T22:41:40+09:00, 4, 11, LOSE, r
3, 12, 190, 2022-01-21T22:45:54+09:00, 2, 12, LOSE, r
4, 1, 190, 2022-01-22T00:35:53+09:00, 3, 12, LOSE, r
4, 2, 190, 2022-01-22T00:40:07+09:00, 3, 2, WIN, r
4, 3, 190, 2022-01-22T00:44:20+09:00, 6, 13, LOSE, r
4, 4, 190, 2022-01-22T00:48:34+09:00, 0, 11, LOSE, r
4, 5, 190, 2022-01-22T00:52:48+09:00, 13, 10, WIN, r
4, 6, 190, 2022-01-22T00:57:02+09:00, 2, 12, LOSE, r
4, 7, 190, 2022-01-22T01:01:15+09:00, 2, 16, LOSE, r
4, 8, 190, 2022-01-22T01:05:29+09:00, 13, 9, WIN, r
4, 9, 190, 2022-01-22T01:09:43+09:00, 4, 7, LOSE, r
4, 10, 190, 2022-01-22T01:13:57+09:00, 2, 14, LOSE, r
4, 11, 190, 2022-01-22T01:18:11+09:00, 2, 5, LOSE, r
4, 12, 190, 2022-01-22T01:22:25+09:00, 2, 12, LOSE, r
5, 1, 190, 2022-01-22T03:14:11+09:00, 14, 4, WIN, r
5, 2, 190, 2022-01-22T03:18:25+09:00, 6, 10, LOSE, r
5, 3, 190, 2022-01-22T03:22:39+09:00, 2, 13, LOSE, r
5, 4, 190, 2022-01-22T03:26:52+09:00, 3, 13, LOSE, r
5, 5, 190, 2022-01-22T03:31:06+09:00, 4, 14, LOSE, r
5, 6, 190, 2022-01-22T03:35:20+09:00, 13, 2, WIN, r
5, 7, 190, 2022-01-22T03:39:34+09:00, 13, 20, LOSE, r
5, 8, 190, 2022-01-22T03:43:48+09:00, 3, 0, WIN, r
5, 9, 190, 2022-01-22T03:48:02+09:00, 2, 14, LOSE, r
5, 10, 190, 2022-01-22T03:52:16+09:00, 6, 14, LOSE, r
5, 11, 190, 2022-01-22T03:56:30+09:00, 11, 12, LOSE, r
5, 12, 190, 2022-01-22T04:00:44+09:00, 2, 12, LOSE, r
6, 1, 190, 2022-01-22T05:50:55+09:00, 3, 1, WIN, r
6, 2, 190, 2022-01-22T05:55:09+09:00, 5, 7, LOSE, r
6, 3, 190, 2022-01-22T05:59:23+09:00, 3, 2, WIN, r
6, 4, 190, 2022-01-22T06:03:37+09:00, 2, 13, LOSE, r
6, 5, 190, 2022-01-22T06:07:51+09:00, 1, 11, LOSE, r
6, 6, 190, 2022-01-22T06:12:04+09:00, 2, 12, LOSE, r
6, 7, 190, 2022-01-22T06:16:18+09:00, 12, 13, LOSE, r
6, 8, 190, 2022-01-22T06:20:32+09:00, 3, 14, LOSE, r
6, 9, 190, 2022-01-22T06:24:46+09:00, 0, 10, LOSE, r
6, 10, 190, 2022-01-22T06:29:00+09:00, 2, 13, LOSE, r
6, 11, 190, 2022-01-22T06:33:14+09:00, 9, 15, LOSE, r
6, 12, 190, 2022-01-22T06:37:28+09:00, 4, 11, LOSE, r
7, 1, 190, 2022-01-22T08:27:32+09:00, 3, 1, WIN, r
7, 2, 190, 2022-01-22T08:31:46+09:00, 7, 10, LOSE, r
7, 3, 190, 2022-01-22T08:36:00+09:00, 5, 8, LOSE, r
7, 4, 190, 2022-01-22T08:40:14+09:00, 14, 14, LOSE, r
7, 5, 190, 2022-01-22T08:44:28+09:00, 1, 11, LOSE, r
7, 6, 190, 2022-01-22T08:48:42+09:00, 2, 10, LOSE, r
7, 7, 190, 2022-01-22T08:52:55+09:00, 0, 10, LOSE, r
7, 8, 190, 2022-01-22T08:57:09+09:00, 12, 5, WIN, r
7, 9, 190, 2022-01-22T09:01:23+09:00, 3, 13, LOSE, r
7, 10, 190, 2022-01-22T09:05:37+09:00, 1, 11, LOSE, r
7, 11, 190, 2022-01-22T09:09:51+09:00, 5, 11, LOSE, r
7, 12, 190, 2022-01-22T09:14:04+09:00, 2, 12, LOSE, r
8, 1, 190, 2022-01-22T11:04:23+09:00, 1, 11, LOSE, r
8, 2, 190, 2022-01-22T11:08:37+09:00, 3, 4, LOSE, r
8, 3, 190, 2022-01-22T11:12:51+09:00, 2, 9, LOSE, r
8, 4, 190, 2022-01-22T11:17:05+09:00, 2, 9, LOSE, r
8, 5, 190, 2022-01-22T11:21:18+09:00, 4, 11, LOSE, r
8, 6, 190, 2022-01-22T11:25:32+09:00, 9, 19, LOSE, r
8, 7, 190, 2022-01-22T11:29:46+09:00, 11, 9, WIN, r
8, 8, 190, 2022-01-22T11:34:00+09:00, 4, 8, LOSE, r
8, 9, 190, 2022-01-22T11:38:14+09:00, 2, 8, LOSE, r
8, 10, 190, 2022-01-22T11:42:28+09:00, 3, 13, LOSE, r
8, 11, 190, 2022-01-22T11:46:41+09:00, 2, 13, LOSE, r
8, 12, 190, 2022-01-22T11:50:55+09:00, 1, 9, LOSE, r
9, 1, 190, 2022-01-22T13:41:33+09:00, 3, 1, WIN, r
9, 2, 190, 2022-01-22T13:45:46+09:00, 5, 1, WIN, r
9, 3, 190, 2022-01-22T13:50:00+09:00, 4, 14, LOSE, r
9, 4, 190, 2022-01-22T13:54:14+09:00, 13, 10, WIN, r
9, 5, 190, 2022-01-22T13:58:28+09:00, 13, 3, WIN, r
9, 6, 190, 2022-01-22T14:02:42+09:00, 6, 9, LOSE, r
9, 7, 190, 2022-01-22T14:06:56+09:00, 6, 15, LOSE, r
9, 8, 190, 2022-01-22T14:11:12+09:00, 9, 7, WIN, r
9, 9, 190, 2022-01-22T14:15:26+09:00, 8, 12, LOSE, r
9, 10, 190, 2022-01-22T14:19:40+09:00, 3, 13, LOSE, r
9, 11, 190, 2022-01-22T14:23:54+09:00, 3, 12, LOSE, r
9, 12, 190, 2022-01-22T14:28:08+09:00, 4, 14, LOSE, r
10, 1, 190, 2022-01-22T16:18:22+09:00, 12, 10, WIN, r
10, 2, 190, 2022-01-22T16:22:36+09:00, 12, 10, WIN, r
10, 3, 190, 2022-01-22T16:26:50+09:00, 12, 12, LOSE, r
10, 4, 190, 2022-01-22T16:31:04+09:00, 8, 12, LOSE, r
10, 5, 190, 2022-01-22T16:35:04+09:00, 1, 11, LOSE, r
10, 6, 190, 2022-01-22T16:39:18+09:00, 14, 12, WIN, r
10, 7, 190, 2022-01-22T16:43:32+09:00, 5, 15, LOSE, r
10, 8, 190, 2022-01-22T16:47:46+09:00, 2, 0, WIN, r
10, 9, 190, 2022-01-22T16:51:59+09:00, 6, 7, LOSE, r
10, 10, 190, 2022-01-22T16:56:13+09:00, 11, 17, LOSE, r
10, 11, 190, 2022-01-22T17:00:27+09:00, 4, 7, LOSE, r
10, 12, 190, 2022-01-22T17:04:41+09:00, 1, 12, LOSE, r
11, 1, 190, 2022-01-22T18:54:53+09:00, 3, 1, WIN, r
11, 2, 190, 2022-01-22T18:59:07+09:00, 8, 4, WIN, r
11, 3, 190, 2022-01-22T19:03:21+09:00, 10, 13, LOSE, r
11, 4, 190, 2022-01-22T19:07:35+09:00, 3, 13, LOSE, r
11, 5, 190, 2022-01-22T19:11:48+09:00, 2, 13, LOSE, r
11, 6, 190, 2022-01-22T19:16:02+09:00, 13, 10, WIN, r
11, 7, 190, 2022-01-22T19:20:16+09:00, 10, 21, LOSE, r
11, 8, 190, 2022-01-22T19:24:30+09:00, 12, 7, WIN, r
11, 9, 190, 2022-01-22T19:28:44+09:00, 4, 7, LOSE, r
11, 10, 190, 2022-01-22T19:32:58+09:00, 7, 16, LOSE, r
11, 11, 190, 2022-01-22T19:37:11+09:00, 5, 10, LOSE, r
11, 12, 190, 2022-01-22T19:41:25+09:00, 2, 6, LOSE, r
12, 1, 190, 2022-01-22T21:31:33+09:00, 13, 12, WIN, r
12, 2, 190, 2022-01-22T21:35:47+09:00, 3, 1, WIN, r
12, 3, 190, 2022-01-22T21:40:01+09:00, 3, 13, LOSE, r
12, 4, 190, 2022-01-22T21:44:15+09:00, 13, 3, WIN, r
12, 5, 190, 2022-01-22T21:48:29+09:00, 10, 20, LOSE, r
12, 6, 190, 2022-01-22T21:52:42+09:00, 2, 12, LOSE, r
12, 7, 190, 2022-01-22T21:56:56+09:00, 1, 11, LOSE, r
12, 8, 190, 2022-01-22T22:01:10+09:00, 2, 0, WIN, r
12, 9, 190, 2022-01-22T22:05:24+09:00, 5, 9, LOSE, r
12, 10, 190, 2022-01-22T22:09:38+09:00, 11, 17, LOSE, r
12, 11, 190, 2022-01-22T22:13:52+09:00, 3, 9, LOSE, r
12, 12, 190, 2022-01-22T22:18:05+09:00, 3, 13, LOSE, r
13, 1, 190, 2022-01-23T00:08:04+09:00, 14, 9, WIN, r
13, 2, 190, 2022-01-23T00:12:18+09:00, 8, 9, LOSE, r
13, 3, 190, 2022-01-23T00:16:32+09:00, 13, 10, WIN, r
13, 4, 190, 2022-01-23T00:20:46+09:00, 2, 13, LOSE, r
13, 5, 190, 2022-01-23T00:24:59+09:00, 8, 18, LOSE, r
13, 6, 190, 2022-01-23T00:29:13+09:00, 1, 11, LOSE, r
13, 7, 190, 2022-01-23T00:33:27+09:00, 0, 10, LOSE, r
13, 8, 190, 2022-01-23T00:37:41+09:00, 3, 0, WIN, r
13, 9, 190, 2022-01-23T00:41:55+09:00, 3, 12, LOSE, r
13, 10, 190, 2022-01-23T00:46:09+09:00, 2, 14, LOSE, r
13, 11, 190, 2022-01-23T00:50:23+09:00, 4, 10, LOSE, r
13, 12, 190, 2022-01-23T00:54:37+09:00, 4, 14, LOSE, r
14, 1, 190, 2022-01-23T02:45:00+09:00, 6, 1, WIN, r
14, 2, 190, 2022-01-23T02:49:14+09:00, 11, 1, WIN, r
14, 3, 190, 2022-01-23T02:53:29+09:00, 8, 9, LOSE, r
14, 4, 190, 2022-01-23T02:57:42+09:00, 3, 13, LOSE, r
14, 5, 190, 2022-01-23T03:01:56+09:00, 2, 13, LOSE, r
14, 6, 190, 2022-01-23T03:06:10+09:00, 5, 15, LOSE, r
14, 7, 190, 2022-01-23T03:10:24+09:00, 0, 10, LOSE, r
14, 8, 190, 2022-01-23T03:14:38+09:00, 3, 3, LOSE, r
14, 9, 190, 2022-01-23T03:18:51+09:00, 10, 13, LOSE, r
14, 10, 190, 2022-01-23T03:23:05+09:00, 2, 14, LOSE, r
14, 11, 190, 2022-01-23T03:27:19+09:00, 3, 12, LOSE, r
14, 12, 190, 2022-01-23T03:31:33+09:00, 3, 14, LOSE, r
15, 1, 190, 2022-01-23T05:21:57+09:00, 4, 1, WIN, r
15, 2, 190, 2022-01-23T05:26:11+09:00, 8, 1, WIN, r
15, 3, 190, 2022-01-23T05:30:25+09:00, 8, 6, WIN, r
15, 4, 190, 2022-01-23T05:34:38+09:00, 8, 12, LOSE, r
15, 5, 190, 2022-01-23T05:38:52+09:00, 14, 3, WIN, r
15, 6, 190, 2022-01-23T05:43:06+09:00, 3, 17, LOSE, r
15, 7, 190, 2022-01-23T05:47:20+09:00, 4, 16, LOSE, r
15, 8, 190, 2022-01-23T05:51:33+09:00, 7, 8, LOSE, r
15, 9, 190, 2022-01-23T05:55:47+09:00, 1, 11, LOSE, r
15, 10, 190, 2022-01-23T06:00:01+09:00, 2, 13, LOSE, r
15, 11, 190, 2022-01-23T06:04:15+09:00, 1, 11, LOSE, r
15, 12, 190, 2022-01-23T06:08:28+09:00, 2, 12, LOSE, r
16, 1, 190, 2022-01-23T07:58:55+09:00, 12, 11, WIN, r
16, 2, 190, 2022-01-23T08:02:55+09:00, 3, 7, LOSE, r
16, 3, 190, 2022-01-23T08:07:09+09:00, 5, 9, LOSE, r
16, 4, 190, 2022-01-23T08:11:22+09:00, 3, 13, LOSE, r
16, 5, 190, 2022-01-23T08:15:36+09:00, 4, 14, LOSE, r
16, 6, 190, 2022-01-23T08:19:50+09:00, 2, 13, LOSE, r
16, 7, 190, 2022-01-23T08:24:04+09:00, 9, 15, LOSE, r
16, 8, 190, 2022-01-23T08:28:18+09:00, 4, 9, LOSE, r
16, 9, 190, 2022-01-23T08:32:32+09:00, 6, 12, LOSE, r
16, 10, 190, 2022-01-23T08:36:46+09:00, 8, 13, LOSE, r
16, 11, 190, 2022-01-23T08:41:00+09:00, 2, 5, LOSE, r
16, 12, 190, 2022-01-23T08:45:14+09:00, 1, 11, LOSE, r
17, 1, 190, 2022-01-23T10:35:37+09:00, 6, 1, WIN, r
17, 2, 190, 2022-01-23T10:39:51+09:00, 6, 1, WIN, r
17, 3, 190, 2022-01-23T10:44:05+09:00, 2, 12, LOSE, r
17, 4, 190, 2022-01-23T10:48:19+09:00, 12, 11, WIN, r
17, 5, 190, 2022-01-23T10:52:33+09:00, 6, 15, LOSE, r
17, 6, 190, 2022-01-23T10:56:32+09:00, 7, 13, LOSE, r
17, 7, 190, 2022-01-23T11:00:46+09:00, 4, 15, LOSE, r
17, 8, 190, 2022-01-23T11:05:00+09:00, 5, 7, LOSE, r
17, 9, 190, 2022-01-23T11:09:14+09:00, 4, 7, LOSE, r
17, 10, 190, 2022-01-23T11:13:28+09:00, 6, 15, LOSE, r
17, 11, 190, 2022-01-23T11:17:42+09:00, 3, 12, LOSE, r
17, 12, 190, 2022-01-23T11:21:55+09:00, 2, 13, LOSE, r
18, 1, 190, 2022-01-23T13:12:08+09:00, 4, 1, WIN, r
18, 2, 190, 2022-01-23T13:16:22+09:00, 4, 5, LOSE, r
18, 3, 190, 2022-01-23T13:20:36+09:00, 4, 12, LOSE, r
18, 4, 190, 2022-01-23T13:24:50+09:00, 12, 17, LOSE, r
18, 5, 190, 2022-01-23T13:29:03+09:00, 14, 4, WIN, r
18, 6, 190, 2022-01-23T13:33:17+09:00, 2, 13, LOSE, r
18, 7, 190, 2022-01-23T13:37:31+09:00, 0, 12, LOSE, r
18, 8, 190, 2022-01-23T13:41:45+09:00, 2, 0, WIN, r
18, 9, 190, 2022-01-23T13:45:59+09:00, 3, 11, LOSE, r
18, 10, 190, 2022-01-23T13:50:13+09:00, 2, 13, LOSE, r
18, 11, 190, 2022-01-23T13:54:27+09:00, 3, 14, LOSE, r
18, 12, 190, 2022-01-23T13:58:41+09:00, 2, 13, LOSE, r
19, 1, 190, 2022-01-23T15:49:15+09:00, 12, 9, WIN, r
19, 2, 190, 2022-01-23T15:53:29+09:00, 11, 7, WIN, r
19, 3, 190, 2022-01-23T15:57:42+09:00, 2, 12, LOSE, r
19, 4, 190, 2022-01-23T16:01:56+09:00, 2, 13, LOSE, r
19, 5, 190, 2022-01-23T16:06:10+09:00, 12, 17, LOSE, r
19, 6, 190, 2022-01-23T16:10:24+09:00, 9, 17, LOSE, r
19, 7, 190, 2022-01-23T16:14:37+09:00, 1, 12, LOSE, r
19, 8, 190, 2022-01-23T16:18:51+09:00, 5, 8, LOSE, r
19, 9, 190, 2022-01-23T16:23:05+09:00, 4, 12, LOSE, r
19, 10, 190, 2022-01-23T16:27:19+09:00, 4, 14, LOSE, r
19, 11, 190, 2022-01-23T16:31:33+09:00, 8, 3, WIN, r
19, 12, 190, 2022-01-23T16:35:47+09:00, 2, 12, LOSE, r
20, 1, 190, 2022-01-23T18:27:10+09:00, 8, 12, LOSE, r
20, 2, 190, 2022-01-23T18:31:24+09:00, 4, 7, LOSE, r
20, 3, 190, 2022-01-23T18:35:38+09:00, 9, 11, LOSE, r
20, 4, 190, 2022-01-23T18:39:52+09:00, 3, 11, LOSE, r
20, 5, 190, 2022-01-23T18:44:06+09:00, 4, 14, LOSE, r
20, 6, 190, 2022-01-23T18:48:20+09:00, 1, 11, LOSE, r
20, 7, 190, 2022-01-23T18:52:34+09:00, 2, 12, LOSE, r
20, 8, 190, 2022-01-23T18:56:48+09:00, 2, 12, LOSE, r
20, 9, 190, 2022-01-23T19:01:02+09:00, 7, 11, LOSE, r
20, 10, 190, 2022-01-23T19:05:16+09:00, 2, 13, LOSE, r
20, 11, 190, 2022-01-23T19:09:30+09:00, 4, 14, LOSE, r
20, 12, 190, 2022-01-23T19:13:44+09:00, 3, 11, LOSE, r
21, 1, 190, 2022-01-23T21:05:43+09:00, 5, 1, WIN, r
21, 2, 190, 2022-01-23T21:09:57+09:00, 12, 2, WIN, r
21, 3, 190, 2022-01-23T21:14:11+09:00, 2, 13, LOSE, r
21, 4, 190, 2022-01-23T21:18:25+09:00, 5, 12, LOSE, r
21, 5, 190, 2022-01-23T21:22:39+09:00, 1, 11, LOSE, r
21, 6, 190, 2022-01-23T21:26:52+09:00, 2, 10, LOSE, r
21, 7, 190, 2022-01-23T21:31:06+09:00, 3, 15, LOSE, r
21, 8, 190, 2022-01-23T21:35:06+09:00, 3, 0, WIN, r
21, 9, 190, 2022-01-23T21:39:20+09:00, 6, 5, WIN, r
21, 10, 190, 2022-01-23T21:43:34+09:00, 6, 16, LOSE, r
21, 11, 190, 2022-01-23T21:47:48+09:00, 4, 12, LOSE, r
21, 12, 190, 2022-01-23T21:52:02+09:00, 2, 12, LOSE, r
22, 1, 190, 2022-01-23T23:42:28+09:00, 12, 11, WIN, r
22, 2, 190, 2022-01-23T23:46:42+09:00, 3, 4, LOSE, r
22, 3, 190, 2022-01-23T23:50:56+09:00, 2, 12, LOSE, r
22, 4, 190, 2022-01-23T23:55:10+09:00, 15, 8, WIN, r
22, 5, 190, 2022-01-23T23:59:24+09:00, 12, 10, WIN, r
22, 6, 190, 2022-01-24T00:03:37+09:00, 2, 9, LOSE, r
22, 7, 190, 2022-01-24T00:07:51+09:00, 1, 11, LOSE, r
22, 8, 190, 2022-01-24T00:12:05+09:00, 9, 11, LOSE, r
22, 9, 190, 2022-01-24T00:16:19+09:00, 7, 4, WIN, r
22, 10, 190, 2022-01-24T00:20:33+09:00, 3, 13, LOSE, r
22, 11, 190, 2022-01-24T00:24:47+09:00, 1, 13, LOSE, r
22, 12, 190, 2022-01-24T00:29:01+09:00, 3, 14, LOSE, r
23, 1, 190, 2022-01-24T02:19:21+09:00, 11, 11, LOSE, r
23, 2, 190, 2022-01-24T02:23:35+09:00, 11, 1, WIN, r
23, 3, 190, 2022-01-24T02:27:49+09:00, 3, 13, LOSE, r
23, 4, 190, 2022-01-24T02:32:03+09:00, 1, 11, LOSE, r
23, 5, 190, 2022-01-24T02:36:17+09:00, 10, 10, LOSE, r
23, 6, 190, 2022-01-24T02:40:31+09:00, 13, 13, LOSE, r
23, 7, 190, 2022-01-24T02:44:45+09:00, 6, 17, LOSE, r
23, 8, 190, 2022-01-24T02:48:59+09:00, 3, 8, LOSE, r
23, 9, 190, 2022-01-24T02:53:13+09:00, 3, 8, LOSE, r
23, 10, 190, 2022-01-24T02:57:27+09:00, 4, 16, LOSE, r
23, 11, 190, 2022-01-24T03:01:41+09:00, 4, 5, LOSE, r
23, 12, 190, 2022-01-24T03:05:55+09:00, 2, 14, LOSE, r
24, 1, 190, 2022-01-24T04:56:18+09:00, 5, 1, WIN, r
24, 2, 190, 2022-01-24T05:00:32+09:00, 3, 5, LOSE, r
24, 3, 190, 2022-01-24T05:04:46+09:00, 2, 12, LOSE, r
24, 4, 190, 2022-01-24T05:09:00+09:00, 3, 13, LOSE, r
24, 5, 190, 2022-01-24T05:13:14+09:00, 1, 11, LOSE, r
24, 6, 190, 2022-01-24T05:17:28+09:00, 2, 13, LOSE, r
24, 7, 190, 2022-01-24T05:21:42+09:00, 3, 13, LOSE, r
24, 8, 190, 2022-01-24T05:25:56+09:00, 0, 11, LOSE, r
24, 9, 190, 2022-01-24T05:30:10+09:00, 9, 15, LOSE, r
24, 10, 190, 2022-01-24T05:34:23+09:00, 14, 16, LOSE, r
24, 11, 190, 2022-01-24T05:38:37+09:00, 2, 12, LOSE, r
24, 12, 190, 2022-01-24T05:42:51+09:00, 7, 11, LOSE, r
25, 1, 190, 2022-01-24T07:33:09+09:00, 7, 6, WIN, r
25, 2, 190, 2022-01-24T07:37:23+09:00, 6, 4, WIN, r
25, 3, 190, 2022-01-24T07:41:37+09:00, 8, 13, LOSE, r
25, 4, 190, 2022-01-24T07:45:51+09:00, 3, 14, LOSE, r
25, 5, 190, 2022-01-24T07:50:05+09:00, 12, 22, LOSE, r
25, 6, 190, 2022-01-24T07:54:18+09:00, 1, 12, LOSE, r
25, 7, 190, 2022-01-24T07:58:32+09:00, 12, 21, LOSE, r
25, 8, 190, 2022-01-24T08:02:46+09:00, 4, 3, WIN, r
25, 9, 190, 2022-01-24T08:07:00+09:00, 6, 3, WIN, r
25, 10, 190, 2022-01-24T08:11:14+09:00, 4, 14, LOSE, r
25, 11, 190, 2022-01-24T08:15:28+09:00, 2, 12, LOSE, r
25, 12, 190, 2022-01-24T08:19:43+09:00, 2, 14, LOSE, r
26, 1, 190, 2022-01-24T10:10:20+09:00, 12, 1, WIN, r
26, 2, 190, 2022-01-24T10:14:33+09:00, 7, 4, WIN, r
26, 3, 190, 2022-01-24T10:18:47+09:00, 4, 14, LOSE, r
26, 4, 190, 2022-01-24T10:23:01+09:00, 9, 11, LOSE, r
26, 5, 190, 2022-01-24T10:27:15+09:00, 13, 18, LOSE, r
26, 6, 190, 2022-01-24T10:31:29+09:00, 2, 13, LOSE, r
26, 7, 190, 2022-01-24T10:35:43+09:00, 8, 19, LOSE, r
26, 8, 190, 2022-01-24T10:39:57+09:00, 2, 12, LOSE, r
26, 9, 190, 2022-01-24T10:44:11+09:00, 2, 12, LOSE, r
26, 10, 190, 2022-01-24T10:48:25+09:00, 2, 14, LOSE, r
26, 11, 190, 2022-01-24T10:52:39+09:00, 1, 12, LOSE, r
26, 12, 190, 2022-01-24T10:56:53+09:00, 3, 13, LOSE, r
27, 1, 190, 2022-01-24T12:47:35+09:00, 4, 1, WIN, r
27, 2, 190, 2022-01-24T12:51:49+09:00, 16, 5, WIN, r
27, 3, 190, 2022-01-24T12:56:03+09:00, 5, 7, LOSE, r
27, 4, 190, 2022-01-24T13:00:17+09:00, 3, 13, LOSE, r
27, 5, 190, 2022-01-24T13:04:31+09:00, 0, 14, LOSE, r
27, 6, 190, 2022-01-24T13:08:45+09:00, 9, 11, LOSE, r
27, 7, 190, 2022-01-24T13:12:59+09:00, 15, 11, WIN, r
27, 8, 190, 2022-01-24T13:17:13+09:00, 2, 6, LOSE, r
27, 9, 190, 2022-01-24T13:21:27+09:00, 4, 15, LOSE, r
27, 10, 190, 2022-01-24T13:25:41+09:00, 3, 14, LOSE, r
27, 11, 190, 2022-01-24T13:29:55+09:00, 3, 8, LOSE, r
27, 12, 190, 2022-01-24T13:34:08+09:00, 1, 12, LOSE, r
28, 1, 190, 2022-01-24T15:26:25+09:00, 3, 1, WIN, r
28, 2, 190, 2022-01-24T15:30:39+09:00, 2, 10, LOSE, r
28, 3, 190, 2022-01-24T15:34:53+09:00, 2, 12, LOSE, r
28, 4, 190, 2022-01-24T15:39:07+09:00, 8, 13, LOSE, r
28, 5, 190, 2022-01-24T15:43:21+09:00, 13, 15, LOSE, r
28, 6, 190, 2022-01-24T15:47:34+09:00, 2, 8, LOSE, r
28, 7, 190, 2022-01-24T15:51:49+09:00, 2, 12, LOSE, r
28, 8, 190, 2022-01-24T15:56:03+09:00, 3, 0, WIN, r
28, 9, 190, 2022-01-24T16:00:17+09:00, 2, 13, LOSE, r
28, 10, 190, 2022-01-24T16:04:31+09:00, 10, 19, LOSE, r
28, 11, 190, 2022-01-24T16:08:44+09:00, 3, 10, LOSE, r
28, 12, 190, 2022-01-24T16:12:58+09:00, 3, 14, LOSE, r
29, 1, 190, 2022-01-24T18:03:22+09:00, 3, 1, WIN, r
29, 2, 190, 2022-01-24T18:07:36+09:00, 5, 9, LOSE, r
29, 3, 190, 2022-01-24T18:11:49+09:00, 6, 10, LOSE, r
29, 4, 190, 2022-01-24T18:16:03+09:00, 12, 11, WIN, r
29, 5, 190, 2022-01-24T18:20:17+09:00, 2, 13, LOSE, r
29, 6, 190, 2022-01-24T18:24:17+09:00, 12, 1, WIN, r
29, 7, 190, 2022-01-24T18:28:30+09:00, 6, 9, LOSE, r
29, 8, 190, 2022-01-24T18:32:30+09:00, 4, 11, LOSE, r
29, 9, 190, 2022-01-24T18:36:44+09:00, 11, 13, LOSE, r
29, 10, 190, 2022-01-24T18:40:58+09:00, 1, 11, LOSE, r
29, 11, 190, 2022-01-24T18:45:12+09:00, 5, 10, LOSE, r
29, 12, 190, 2022-01-24T18:49:26+09:00, 3, 14, LOSE, r
30, 1, 190, 2022-01-24T20:39:38+09:00, 7, 11, LOSE, r
30, 2, 190, 2022-01-24T20:43:52+09:00, 7, 7, LOSE, r
30, 3, 190, 2022-01-24T20:48:11+09:00, 3, 13, LOSE, r
30, 4, 190, 2022-01-24T20:52:25+09:00, 7, 12, LOSE, r
30, 5, 190, 2022-01-24T20:56:39+09:00, 11, 15, LOSE, r
30, 6, 190, 2022-01-24T21:00:53+09:00, 13, 13, LOSE, r
30, 7, 190, 2022-01-24T21:05:07+09:00, 3, 16, LOSE, r
30, 8, 190, 2022-01-24T21:09:21+09:00, 5, 12, LOSE, r
30, 9, 190, 2022-01-24T21:13:35+09:00, 8, 15, LOSE, r
30, 10, 190, 2022-01-24T21:17:49+09:00, 2, 14, LOSE, r
30, 11, 190, 2022-01-24T21:22:03+09:00, 3, 13, LOSE, r
30, 12, 190, 2022-01-24T21:26:17+09:00, 1, 12, LOSE, r
31, 1, 190, 2022-01-24T23:18:32+09:00, 7, 1, WIN, r
31, 2, 190, 2022-01-24T23:22:46+09:00, 3, 7, LOSE, r
31, 3, 190, 2022-01-24T23:27:00+09:00, 4, 9, LOSE, r
31, 4, 190, 2022-01-24T23:31:14+09:00, 0, 11, LOSE, r
31, 5, 190, 2022-01-24T23:35:28+09:00, 11, 15, LOSE, r
31, 6, 190, 2022-01-24T23:39:42+09:00, 2, 13, LOSE, r
31, 7, 190, 2022-01-24T23:43:56+09:00, 14, 12, WIN, r
31, 8, 190, 2022-01-24T23:48:10+09:00, 3, 11, LOSE, r
31, 9, 190, 2022-01-24T23:52:24+09:00, 2, 3, LOSE, r
31, 10, 190, 2022-01-24T23:56:38+09:00, 2, 13, LOSE, r
31, 11, 190, 2022-01-25T00:00:52+09:00, 2, 4, LOSE, r
31, 12, 190, 2022-01-25T00:05:05+09:00, 1, 13, LOSE, r
32, 1, 190, 2022-01-25T01:55:31+09:00, 5, 1, WIN, r
32, 2, 190, 2022-01-25T01:59:45+09:00, 4, 5, LOSE, r
32, 3, 190, 2022-01-25T02:03:59+09:00, 4, 14, LOSE, r
32, 4, 190, 2022-01-25T02:08:13+09:00, 8, 14, LOSE, r
32, 5, 190, 2022-01-25T02:12:27+09:00, 12, 17, LOSE, r
32, 6, 190, 2022-01-25T02:16:41+09:00, 13, 16, LOSE, r
32, 7, 190, 2022-01-25T02:20:55+09:00, 3, 12, LOSE, r
32, 8, 190, 2022-01-25T02:25:09+09:00, 2, 0, WIN, r
32, 9, 190, 2022-01-25T02:29:22+09:00, 9, 13, LOSE, r
32, 10, 190, 2022-01-25T02:33:36+09:00, 12, 19, LOSE, r
32, 11, 190, 2022-01-25T02:37:50+09:00, 0, 10, LOSE, r
32, 12, 190, 2022-01-25T02:42:04+09:00, 5, 12, LOSE, r
33, 1, 190, 2022-01-25T04:34:18+09:00, 3, 1, WIN, r
33, 2, 190, 2022-01-25T04:38:32+09:00, 4, 9, LOSE, r
33, 3, 190, 2022-01-25T04:42:46+09:00, 2, 12, LOSE, r
33, 4, 190, 2022-01-25T04:46:59+09:00, 3, 7, LOSE, r
33, 5, 190, 2022-01-25T04:51:13+09:00, 5, 12, LOSE, r
33, 6, 190, 2022-01-25T04:55:27+09:00, 2, 13, LOSE, r
33, 7, 190, 2022-01-25T04:59:41+09:00, 12, 11, WIN, r
33, 8, 190, 2022-01-25T05:03:55+09:00, 3, 0, WIN, r
33, 9, 190, 2022-01-25T05:08:09+09:00, 9, 12, LOSE, r
33, 10, 190, 2022-01-25T05:12:23+09:00, 10, 13, LOSE, r
33, 11, 190, 2022-01-25T05:16:37+09:00, 6, 8, LOSE, r
33, 12, 190, 2022-01-25T05:20:51+09:00, 3, 11, LOSE, r
34, 1, 190, 2022-01-25T07:11:09+09:00, 8, 3, WIN, r
34, 2, 190, 2022-01-25T07:15:23+09:00, 7, 4, WIN, r
34, 3, 190, 2022-01-25T07:19:37+09:00, 3, 1, WIN, r
34, 4, 190, 2022-01-25T07:23:51+09:00, 13, 15, LOSE, r
34, 5, 190, 2022-01-25T07:28:05+09:00, 2, 13, LOSE, r
34, 6, 190, 2022-01-25T07:32:19+09:00, 3, 9, LOSE, r
34, 7, 190, 2022-01-25T07:36:33+09:00, 1, 13, LOSE, r
34, 8, 190, 2022-01-25T07:40:47+09:00, 4, 0, WIN, r
34, 9, 190, 2022-01-25T07:45:01+09:00, 1, 12, LOSE, r
34, 10, 190, 2022-01-25T07:49:15+09:00, 2, 14, LOSE, r
34, 11, 190, 2022-01-25T07:53:29+09:00, 1, 11, LOSE, r
34, 12, 190, 2022-01-25T07:57:43+09:00, 4, 14, LOSE, r
35, 1, 190, 2022-01-25T09:47:50+09:00, 3, 1, WIN, r
35, 2, 190, 2022-01-25T09:52:04+09:00, 4, 2, WIN, r
35, 3, 190, 2022-01-25T09:56:18+09:00, 7, 10, LOSE, r
35, 4, 190, 2022-01-25T10:00:32+09:00, 7, 11, LOSE, r
35, 5, 190, 2022-01-25T10:04:46+09:00, 3, 14, LOSE, r
35, 6, 190, 2022-01-25T10:09:00+09:00, 5, 9, LOSE, r
35, 7, 190, 2022-01-25T10:13:13+09:00, 2, 16, LOSE, r
35, 8, 190, 2022-01-25T10:17:27+09:00, 4, 0, WIN, r
35, 9, 190, 2022-01-25T10:21:27+09:00, 8, 7, WIN, r
35, 10, 190, 2022-01-25T10:25:41+09:00, 2, 13, LOSE, r
35, 11, 190, 2022-01-25T10:29:55+09:00, 3, 12, LOSE, r
35, 12, 190, 2022-01-25T10:34:09+09:00, 2, 12, LOSE, r
36, 1, 190, 2022-01-25T12:23:41+09:00, 6, 1, WIN, r
36, 2, 190, 2022-01-25T12:27:55+09:00, 2, 2, LOSE, r
36, 3, 190, 2022-01-25T12:32:09+09:00, 1, 11, LOSE, r
36, 4, 190, 2022-01-25T12:36:23+09:00, 4, 11, LOSE, r
36, 5, 190, 2022-01-25T12:40:37+09:00, 5, 15, LOSE, r
36, 6, 190, 2022-01-25T12:44:50+09:00, 7, 12, LOSE, r
36, 7, 190, 2022-01-25T12:49:04+09:00, 14, 17, LOSE, r
36, 8, 190, 2022-01-25T12:53:18+09:00, 3, 0, WIN, r
36, 9, 190, 2022-01-25T12:57:32+09:00, 12, 8, WIN, r
36, 10, 190, 2022-01-25T13:01:46+09:00, 2, 12, LOSE, r
36, 11, 190, 2022-01-25T13:06:00+09:00, 2, 12, LOSE, r
36, 12, 190, 2022-01-25T13:10:14+09:00, 3, 13, LOSE, r
37, 1, 190, 2022-01-25T15:00:47+09:00, 7, 1, WIN, r
37, 2, 190, 2022-01-25T15:05:00+09:00, 4, 2, WIN, r
37, 3, 190, 2022-01-25T15:09:14+09:00, 3, 1, WIN, r
37, 4, 190, 2022-01-25T15:13:28+09:00, 3, 13, LOSE, r
37, 5, 190, 2022-01-25T15:17:42+09:00, 12, 14, LOSE, r
37, 6, 190, 2022-01-25T15:21:55+09:00, 5, 10, LOSE, r
37, 7, 190, 2022-01-25T15:26:09+09:00, 3, 16, LOSE, r
37, 8, 190, 2022-01-25T15:30:23+09:00, 6, 6, LOSE, r
37, 9, 190, 2022-01-25T15:34:37+09:00, 3, 9, LOSE, r
37, 10, 190, 2022-01-25T15:38:51+09:00, 4, 14, LOSE, r
37, 11, 190, 2022-01-25T15:43:05+09:00, 1, 11, LOSE, r
37, 12, 190, 2022-01-25T15:47:18+09:00, 1, 12, LOSE, r
38, 1, 190, 2022-01-25T17:37:36+09:00, 14, 4, WIN, r
38, 2, 190, 2022-01-25T17:41:51+09:00, 6, 13, LOSE, r
38, 3, 190, 2022-01-25T17:46:06+09:00, 3, 13, LOSE, r
38, 4, 190, 2022-01-25T17:50:22+09:00, 4, 8, LOSE, r
38, 5, 190, 2022-01-25T17:54:38+09:00, 12, 14, LOSE, r
38, 6, 190, 2022-01-25T17:58:54+09:00, 1, 11, LOSE, r
38, 7, 190, 2022-01-25T18:03:09+09:00, 2, 13, LOSE, r
38, 8, 190, 2022-01-25T18:07:25+09:00, 3, 11, LOSE, r
38, 9, 190, 2022-01-25T18:11:41+09:00, 10, 9, WIN, r
38, 10, 190, 2022-01-25T18:15:57+09:00, 7, 13, LOSE, r
38, 11, 190, 2022-01-25T18:20:13+09:00, 2, 3, LOSE, r
38, 12, 190, 2022-01-25T18:24:29+09:00, 2, 14, LOSE, r
39, 1, 190, 2022-01-25T20:20:59+09:00, 5, 1, WIN, r
39, 2, 190, 2022-01-25T20:25:15+09:00, 3, 4, LOSE, r
39, 3, 190, 2022-01-25T20:29:31+09:00, 3, 5, LOSE, r
39, 4, 190, 2022-01-25T20:33:46+09:00, 2, 12, LOSE, r
39, 5, 190, 2022-01-25T20:38:02+09:00, 4, 14, LOSE, r
39, 6, 190, 2022-01-25T20:42:17+09:00, 14, 9, WIN, r
39, 7, 190, 2022-01-25T20:46:33+09:00, 8, 13, LOSE, r
39, 8, 190, 2022-01-25T20:50:49+09:00, 6, 11, LOSE, r
39, 9, 190, 2022-01-25T20:55:05+09:00, 2, 9, LOSE, r
39, 10, 190, 2022-01-25T20:59:21+09:00, 2, 14, LOSE, r
39, 11, 190, 2022-01-25T21:03:52+09:00, 0, 0, LOSE, r
39, 12, 190, 2022-01-25T21:07:54+09:00, 3, 13, LOSE, r
40, 1, 190, 2022-01-25T23:04:37+09:00, 2, 1, WIN, r
40, 2, 190, 2022-01-25T23:08:52+09:00, 11, 1, WIN, r
40, 3, 190, 2022-01-25T23:13:08+09:00, 8, 11, LOSE, r
40, 4, 190, 2022-01-25T23:17:24+09:00, 2, 13, LOSE, r
40, 5, 190, 2022-01-25T23:21:40+09:00, 12, 14, LOSE, r
40, 6, 190, 2022-01-25T23:25:56+09:00, 1, 11, LOSE, r
40, 7, 190, 2022-01-25T23:30:12+09:00, 5, 11, LOSE, r
40, 8, 190, 2022-01-25T23:34:29+09:00, 10, 11, LOSE, r
40, 9, 190, 2022-01-25T23:38:44+09:00, 2, 13, LOSE, r
40, 10, 190, 2022-01-25T23:43:00+09:00, 1, 11, LOSE, r
40, 11, 190, 2022-01-25T23:47:16+09:00, 3, 10, LOSE, r
40, 12, 190, 2022-01-25T23:51:32+09:00, 2, 14, LOSE, r
41, 1, 190, 2022-01-26T01:51:44+09:00, 3, 4, LOSE, r
41, 2, 190, 2022-01-26T01:56:00+09:00, 4, 9, LOSE, r
41, 3, 190, 2022-01-26T02:00:16+09:00, 7, 7, LOSE, r
41, 4, 190, 2022-01-26T02:04:32+09:00, 3, 8, LOSE, r
41, 5, 190, 2022-01-26T02:08:48+09:00, 1, 11, LOSE, r
41, 6, 190, 2022-01-26T02:13:04+09:00, 2, 12, LOSE, r
41, 7, 190, 2022-01-26T02:17:20+09:00, 10, 18, LOSE, r
41, 8, 190, 2022-01-26T02:21:36+09:00, 5, 11, LOSE, r
41, 9, 190, 2022-01-26T02:25:51+09:00, 8, 2, WIN, r
41, 10, 190, 2022-01-26T02:30:10+09:00, 3, 13, LOSE, r
41, 11, 190, 2022-01-26T02:34:26+09:00, 1, 5, LOSE, r
41, 12, 190, 2022-01-26T02:38:41+09:00, 3, 11, LOSE, r
42, 1, 190, 2022-01-26T04:38:37+09:00, 8, 3, WIN, r
42, 2, 190, 2022-01-26T04:42:53+09:00, 2, 3, LOSE, r
42, 3, 190, 2022-01-26T04:47:36+09:00, 0, 0, LOSE, r
42, 4, 190, 2022-01-26T04:51:37+09:00, 3, 14, LOSE, r
42, 5, 190, 2022-01-26T04:55:53+09:00, 13, 14, LOSE, r
42, 6, 190, 2022-01-26T05:00:09+09:00, 1, 12, LOSE, r
42, 7, 190, 2022-01-26T05:04:52+09:00, 0, 0, LOSE, r
42, 8, 190, 2022-01-26T05:08:54+09:00, 3, 0, WIN, r
42, 9, 190, 2022-01-26T05:13:09+09:00, 12, 10, WIN, r
42, 10, 190, 2022-01-26T05:17:26+09:00, 2, 13, LOSE, r
42, 11, 190, 2022-01-26T05:21:41+09:00, 15, 12, WIN, r
42, 12, 190, 2022-01-26T05:25:57+09:00, 2, 13, LOSE, r
43, 1, 190, 2022-01-26T07:22:43+09:00, 12, 1, WIN, r
43, 2, 190, 2022-01-26T07:26:59+09:00, 11, 10, WIN, r
43, 3, 190, 2022-01-26T07:31:14+09:00, 1, 13, LOSE, r
43, 4, 190, 2022-01-26T07:35:30+09:00, 13, 9, WIN, r
43, 5, 190, 2022-01-26T07:39:46+09:00, 12, 17, LOSE, r
43, 6, 190, 2022-01-26T07:44:01+09:00, 12, 14, LOSE, r
43, 7, 190, 2022-01-26T07:48:17+09:00, 6, 10, LOSE, r
43, 8, 190, 2022-01-26T07:52:32+09:00, 5, 12, LOSE, r
43, 9, 190, 2022-01-26T07:56:48+09:00, 8, 10, LOSE, r
43, 10, 190, 2022-01-26T08:01:04+09:00, 3, 13, LOSE, r
43, 11, 190, 2022-01-26T08:05:20+09:00, 5, 5, LOSE, r
43, 12, 190, 2022-01-26T08:09:36+09:00, 3, 13, LOSE, r
44, 1, 190, 2022-01-26T10:06:23+09:00, 7, 1, WIN, r
44, 2, 190, 2022-01-26T10:10:39+09:00, 5, 9, LOSE, r
44, 3, 190, 2022-01-26T10:14:54+09:00, 1, 13, LOSE, r
44, 4, 190, 2022-01-26T10:19:11+09:00, 5, 9, LOSE, r
44, 5, 190, 2022-01-26T10:23:27+09:00, 12, 22, LOSE, r
44, 6, 190, 2022-01-26T10:27:43+09:00, 7, 10, LOSE, r
44, 7, 190, 2022-01-26T10:31:59+09:00, 4, 6, LOSE, r
44, 8, 190, 2022-01-26T10:36:15+09:00, 4, 11, LOSE, r
44, 9, 190, 2022-01-26T10:40:31+09:00, 6, 13, LOSE, r
44, 10, 190, 2022-01-26T10:44:48+09:00, 3, 13, LOSE, r
44, 11, 190, 2022-01-26T10:49:03+09:00, 3, 6, LOSE, r
44, 12, 190, 2022-01-26T10:53:20+09:00, 3, 13, LOSE, r
45, 1, 190, 2022-01-26T12:49:22+09:00, 8, 8, LOSE, r
45, 2, 190, 2022-01-26T12:53:38+09:00, 4, 5, LOSE, r
45, 3, 190, 2022-01-26T12:57:55+09:00, 3, 4, LOSE, r
45, 4, 190, 2022-01-26T13:02:11+09:00, 13, 11, WIN, r
45, 5, 190, 2022-01-26T13:06:27+09:00, 9, 19, LOSE, r
45, 6, 190, 2022-01-26T13:10:43+09:00, 3, 9, LOSE, r
45, 7, 190, 2022-01-26T13:14:59+09:00, 11, 9, WIN, r
45, 8, 190, 2022-01-26T13:19:42+09:00, 0, 0, LOSE, r
45, 9, 190, 2022-01-26T13:23:44+09:00, 11, 0, WIN, r
45, 10, 190, 2022-01-26T13:28:01+09:00, 1, 11, LOSE, r
45, 11, 190, 2022-01-26T13:32:17+09:00, 3, 10, LOSE, r
45, 12, 190, 2022-01-26T13:36:33+09:00, 3, 14, LOSE, r
46, 1, 190, 2022-01-26T15:29:25+09:00, 6, 7, LOSE, r
46, 2, 190, 2022-01-26T15:33:39+09:00, 11, 10, WIN, r
46, 3, 190, 2022-01-26T15:37:53+09:00, 5, 11, LOSE, r
46, 4, 190, 2022-01-26T15:42:07+09:00, 12, 11, WIN, r
46, 5, 190, 2022-01-26T15:46:21+09:00, 11, 20, LOSE, r
46, 6, 190, 2022-01-26T15:50:35+09:00, 1, 11, LOSE, r
46, 7, 190, 2022-01-26T15:54:49+09:00, 10, 15, LOSE, r
46, 8, 190, 2022-01-26T15:59:04+09:00, 6, 9, LOSE, r
46, 9, 190, 2022-01-26T16:03:04+09:00, 2, 12, LOSE, r
46, 10, 190, 2022-01-26T16:07:18+09:00, 4, 14, LOSE, r
46, 11, 190, 2022-01-26T16:11:32+09:00, 2, 10, LOSE, r
46, 12, 190, 2022-01-26T16:15:47+09:00, 2, 12, LOSE, r
47, 1, 190, 2022-01-26T18:07:02+09:00, 7, 8, LOSE, r
47, 2, 190, 2022-01-26T18:11:16+09:00, 7, 2, WIN, r
47, 3, 190, 2022-01-26T18:15:15+09:00, 11, 5, WIN, r
47, 4, 190, 2022-01-26T18:19:30+09:00, 3, 13, LOSE, r
47, 5, 190, 2022-01-26T18:23:44+09:00, 1, 11, LOSE, r
47, 6, 190, 2022-01-26T18:27:58+09:00, 10, 12, LOSE, r
47, 7, 190, 2022-01-26T18:32:12+09:00, 9, 12, LOSE, r
47, 8, 190, 2022-01-26T18:36:26+09:00, 2, 11, LOSE, r
47, 9, 190, 2022-01-26T18:40:40+09:00, 5, 9, LOSE, r
47, 10, 190, 2022-01-26T18:44:54+09:00, 3, 14, LOSE, r
47, 11, 190, 2022-01-26T18:49:08+09:00, 14, 8, WIN, r
47, 12, 190, 2022-01-26T18:53:22+09:00, 2, 13, LOSE, r
48, 1, 190, 2022-01-26T20:43:54+09:00, 11, 9, WIN, r
48, 2, 190, 2022-01-26T20:48:08+09:00, 6, 2, WIN, r
48, 3, 190, 2022-01-26T20:52:22+09:00, 2, 3, LOSE, r
48, 4, 190, 2022-01-26T20:56:36+09:00, 4, 15, LOSE, r
48, 5, 190, 2022-01-26T21:00:50+09:00, 8, 18, LOSE, r
48, 6, 190, 2022-01-26T21:05:04+09:00, 5, 7, LOSE, r
48, 7, 190, 2022-01-26T21:09:18+09:00, 2, 10, LOSE, r
48, 8, 190, 2022-01-26T21:13:33+09:00, 2, 11, LOSE, r
48, 9, 190, 2022-01-26T21:17:47+09:00, 5, 7, LOSE, r
48, 10, 190, 2022-01-26T21:22:01+09:00, 12, 15, LOSE, r
48, 11, 190, 2022-01-26T21:26:15+09:00, 3, 11, LOSE, r
48, 12, 190, 2022-01-26T21:30:29+09:00, 2, 12, LOSE, r
49, 1, 190, 2022-01-26T23:21:19+09:00, 6, 1, WIN, r
49, 2, 190, 2022-01-26T23:25:33+09:00, 6, 4, WIN, r
49, 3, 190, 2022-01-26T23:29:47+09:00, 2, 12, LOSE, r
49, 4, 190, 2022-01-26T23:34:01+09:00, 11, 16, LOSE, r
49, 5, 190, 2022-01-26T23:38:15+09:00, 2, 13, LOSE, r
49, 6, 190, 2022-01-26T23:42:29+09:00, 3, 15, LOSE, r
49, 7, 190, 2022-01-26T23:46:43+09:00, 3, 16, LOSE, r
49, 8, 190, 2022-01-26T23:50:57+09:00, 3, 0, WIN, r
49, 9, 190, 2022-01-26T23:55:12+09:00, 8, 10, LOSE, r
49, 10, 190, 2022-01-26T23:59:26+09:00, 3, 13, LOSE, r
49, 11, 190, 2022-01-27T00:03:40+09:00, 6, 14, LOSE, r
49, 12, 190, 2022-01-27T00:07:54+09:00, 4, 11, LOSE, r
50, 1, 190, 2022-01-27T02:00:13+09:00, 3, 9, LOSE, r
50, 2, 190, 2022-01-27T02:04:27+09:00, 6, 1, WIN, r
50, 3, 190, 2022-01-27T02:08:40+09:00, 6, 12, LOSE, r
50, 4, 190, 2022-01-27T02:12:54+09:00, 4, 8, LOSE, r
50, 5, 190, 2022-01-27T02:17:08+09:00, 4, 14, LOSE, r
50, 6, 190, 2022-01-27T02:21:22+09:00, 2, 10, LOSE, r
50, 7, 190, 2022-01-27T02:25:36+09:00, 0, 11, LOSE, r
50, 8, 190, 2022-01-27T02:29:51+09:00, 8, 8, LOSE, r
50, 9, 190, 2022-01-27T02:34:07+09:00, 7, 9, LOSE, r
50, 10, 190, 2022-01-27T02:38:21+09:00, 1, 11, LOSE, r
50, 11, 190, 2022-01-27T02:42:35+09:00, 14, 9, WIN, r
50, 12, 190, 2022-01-27T02:46:49+09:00, 2, 14, LOSE, r
51, 1, 190, 2022-01-27T04:39:02+09:00, 3, 9, LOSE, r
51, 2, 190, 2022-01-27T04:43:16+09:00, 4, 9, LOSE, r
51, 3, 190, 2022-01-27T04:47:30+09:00, 3, 13, LOSE, r
51, 4, 190, 2022-01-27T04:51:44+09:00, 8, 12, LOSE, r
51, 5, 190, 2022-01-27T04:55:58+09:00, 11, 23, LOSE, r
51, 6, 190, 2022-01-27T05:00:12+09:00, 2, 12, LOSE, r
51, 7, 190, 2022-01-27T05:04:27+09:00, 5, 8, LOSE, r
51, 8, 190, 2022-01-27T05:08:41+09:00, 4, 11, LOSE, r
51, 9, 190, 2022-01-27T05:12:55+09:00, 1, 11, LOSE, r
51, 10, 190, 2022-01-27T05:17:09+09:00, 2, 14, LOSE, r
51, 11, 190, 2022-01-27T05:21:23+09:00, 4, 6, LOSE, r
51, 12, 190, 2022-01-27T05:25:37+09:00, 2, 14, LOSE, r
52, 1, 190, 2022-01-27T07:16:00+09:00, 12, 12, LOSE, r
52, 2, 190, 2022-01-27T07:20:14+09:00, 5, 1, WIN, r
52, 3, 190, 2022-01-27T07:24:28+09:00, 4, 7, LOSE, r
52, 4, 190, 2022-01-27T07:28:42+09:00, 1, 11, LOSE, r
52, 5, 190, 2022-01-27T07:32:56+09:00, 11, 20, LOSE, r
52, 6, 190, 2022-01-27T07:37:10+09:00, 1, 11, LOSE, r
52, 7, 190, 2022-01-27T07:41:24+09:00, 2, 13, LOSE, r
52, 8, 190, 2022-01-27T07:45:38+09:00, 3, 14, LOSE, r
52, 9, 190, 2022-01-27T07:49:52+09:00, 7, 13, LOSE, r
52, 10, 190, 2022-01-27T07:54:07+09:00, 4, 11, LOSE, r
52, 11, 190, 2022-01-27T07:58:21+09:00, 2, 14, LOSE, r
52, 12, 190, 2022-01-27T08:02:35+09:00, 1, 11, LOSE, r
53, 1, 190, 2022-01-27T09:53:06+09:00, 3, 1, WIN, r
53, 2, 190, 2022-01-27T09:57:20+09:00, 3, 9, LOSE, r
53, 3, 190, 2022-01-27T10:01:34+09:00, 5, 4, WIN, r
53, 4, 190, 2022-01-27T10:05:49+09:00, 17, 14, WIN, r
53, 5, 190, 2022-01-27T10:10:03+09:00, 11, 10, WIN, r
53, 6, 190, 2022-01-27T10:14:17+09:00, 2, 10, LOSE, r
53, 7, 190, 2022-01-27T10:18:31+09:00, 5, 17, LOSE, r
53, 8, 190, 2022-01-27T10:22:45+09:00, 5, 12, LOSE, r
53, 9, 190, 2022-01-27T10:27:00+09:00, 7, 7, LOSE, r
53, 10, 190, 2022-01-27T10:31:14+09:00, 2, 12, LOSE, r
53, 11, 190, 2022-01-27T10:35:28+09:00, 2, 12, LOSE, r
53, 12, 190, 2022-01-27T10:39:42+09:00, 1, 11, LOSE, r
54, 1, 190, 2022-01-27T12:30:42+09:00, 3, 1, WIN, r
54, 2, 190, 2022-01-27T12:34:56+09:00, 6, 5, WIN, r
54, 3, 190, 2022-01-27T12:39:10+09:00, 8, 9, LOSE, r
54, 4, 190, 2022-01-27T12:43:24+09:00, 11, 15, LOSE, r
54, 5, 190, 2022-01-27T12:47:38+09:00, 2, 13, LOSE, r
54, 6, 190, 2022-01-27T12:51:53+09:00, 2, 12, LOSE, r
54, 7, 190, 2022-01-27T12:56:07+09:00, 5, 15, LOSE, r
54, 8, 190, 2022-01-27T13:00:21+09:00, 1, 12, LOSE, r
54, 9, 190, 2022-01-27T13:04:35+09:00, 3, 3, LOSE, r
54, 10, 190, 2022-01-27T13:08:50+09:00, 3, 15, LOSE, r
54, 11, 190, 2022-01-27T13:13:04+09:00, 7, 12, LOSE, r
54, 12, 190, 2022-01-27T13:17:18+09:00, 3, 13, LOSE, r
55, 1, 190, 2022-01-27T15:08:13+09:00, 13, 3, WIN, r
55, 2, 190, 2022-01-27T15:12:27+09:00, 5, 1, WIN, r
55, 3, 190, 2022-01-27T15:16:41+09:00, 1, 12, LOSE, r
55, 4, 190, 2022-01-27T15:20:55+09:00, 4, 12, LOSE, r
55, 5, 190, 2022-01-27T15:25:10+09:00, 11, 15, LOSE, r
55, 6, 190, 2022-01-27T15:29:24+09:00, 3, 9, LOSE, r
55, 7, 190, 2022-01-27T15:33:38+09:00, 2, 13, LOSE, r
55, 8, 190, 2022-01-27T15:37:52+09:00, 4, 11, LOSE, r
55, 9, 190, 2022-01-27T15:42:06+09:00, 5, 4, WIN, r
55, 10, 190, 2022-01-27T15:46:06+09:00, 14, 18, LOSE, r
55, 11, 190, 2022-01-27T15:50:20+09:00, 4, 12, LOSE, r
55, 12, 190, 2022-01-27T15:54:34+09:00, 3, 13, LOSE, r
56, 1, 190, 2022-01-27T17:45:23+09:00, 7, 3, WIN, r
56, 2, 190, 2022-01-27T17:49:37+09:00, 7, 6, WIN, r
56, 3, 190, 2022-01-27T17:53:51+09:00, 2, 12, LOSE, r
56, 4, 190, 2022-01-27T17:58:05+09:00, 2, 12, LOSE, r
56, 5, 190, 2022-01-27T18:02:19+09:00, 14, 17, LOSE, r
56, 6, 190, 2022-01-27T18:06:33+09:00, 2, 12, LOSE, r
56, 7, 190, 2022-01-27T18:10:47+09:00, 6, 11, LOSE, r
56, 8, 190, 2022-01-27T18:15:02+09:00, 5, 11, LOSE, r
56, 9, 190, 2022-01-27T18:19:16+09:00, 15, 14, WIN, r
56, 10, 190, 2022-01-27T18:23:30+09:00, 2, 13, LOSE, r
56, 11, 190, 2022-01-27T18:27:45+09:00, 3, 9, LOSE, r
56, 12, 190, 2022-01-27T18:31:59+09:00, 3, 11, LOSE, r
57, 1, 190, 2022-01-27T20:22:45+09:00, 12, 1, WIN, r
57, 2, 190, 2022-01-27T20:26:59+09:00, 4, 9, LOSE, r
57, 3, 190, 2022-01-27T20:31:14+09:00, 16, 11, WIN, r
57, 4, 190, 2022-01-27T20:35:28+09:00, 5, 15, LOSE, r
57, 5, 190, 2022-01-27T20:39:42+09:00, 5, 16, LOSE, r
57, 6, 190, 2022-01-27T20:43:56+09:00, 12, 13, LOSE, r
57, 7, 190, 2022-01-27T20:48:10+09:00, 3, 15, LOSE, r
57, 8, 190, 2022-01-27T20:52:25+09:00, 4, 11, LOSE, r
57, 9, 190, 2022-01-27T20:56:38+09:00, 6, 4, WIN, r
57, 10, 190, 2022-01-27T21:00:53+09:00, 1, 11, LOSE, r
57, 11, 190, 2022-01-27T21:05:07+09:00, 14, 12, WIN, r
57, 12, 190, 2022-01-27T21:09:21+09:00, 2, 14, LOSE, r
58, 1, 190, 2022-01-27T23:00:01+09:00, 3, 1, WIN, r
58, 2, 190, 2022-01-27T23:04:15+09:00, 6, 2, WIN, r
58, 3, 190, 2022-01-27T23:08:29+09:00, 9, 13, LOSE, r
58, 4, 190, 2022-01-27T23:12:43+09:00, 1, 13, LOSE, r
58, 5, 190, 2022-01-27T23:16:57+09:00, 12, 19, LOSE, r
58, 6, 190, 2022-01-27T23:21:11+09:00, 10, 13, LOSE, r
58, 7, 190, 2022-01-27T23:25:25+09:00, 5, 16, LOSE, r
58, 8, 190, 2022-01-27T23:29:39+09:00, 3, 0, WIN, r
58, 9, 190, 2022-01-27T23:33:53+09:00, 8, 12, LOSE, r
58, 10, 190, 2022-01-27T23:38:07+09:00, 2, 12, LOSE, r
58, 11, 190, 2022-01-27T23:42:21+09:00, 2, 14, LOSE, r
58, 12, 190, 2022-01-27T23:46:36+09:00, 2, 12, LOSE, r
59, 1, 190, 2022-01-28T01:38:39+09:00, 3, 1, WIN, r
59, 2, 190, 2022-01-28T01:42:53+09:00, 10, 4, WIN, r
59, 3, 190, 2022-01-28T01:47:07+09:00, 3, 7, LOSE, r
59, 4, 190, 2022-01-28T01:51:21+09:00, 13, 15, LOSE, r
59, 5, 190, 2022-01-28T01:55:35+09:00, 8, 16, LOSE, r
59, 6, 190, 2022-01-28T01:59:49+09:00, 11, 12, LOSE, r
59, 7, 190, 2022-01-28T02:04:03+09:00, 3, 15, LOSE, r
59, 8, 190, 2022-01-28T02:08:18+09:00, 4, 8, LOSE, r
59, 9, 190, 2022-01-28T02:12:32+09:00, 4, 15, LOSE, r
59, 10, 190, 2022-01-28T02:16:47+09:00, 2, 14, LOSE, r
59, 11, 190, 2022-01-28T02:21:01+09:00, 3, 5, LOSE, r
59, 12, 190, 2022-01-28T02:25:15+09:00, 1, 11, LOSE, r
60, 1, 190, 2022-01-28T04:17:31+09:00, 7, 8, LOSE, r
60, 2, 190, 2022-01-28T04:21:44+09:00, 6, 5, WIN, r
60, 3, 190, 2022-01-28T04:25:58+09:00, 7, 9, LOSE, r
60, 4, 190, 2022-01-28T04:30:12+09:00, 1, 13, LOSE, r
60, 5, 190, 2022-01-28T04:34:27+09:00, 11, 15, LOSE, r
60, 6, 190, 2022-01-28T04:38:41+09:00, 2, 10, LOSE, r
60, 7, 190, 2022-01-28T04:42:55+09:00, 8, 4, WIN, r
60, 8, 190, 2022-01-28T04:47:09+09:00, 3, 8, LOSE, r
60, 9, 190, 2022-01-28T04:51:23+09:00, 3, 8, LOSE, r
60, 10, 190, 2022-01-28T04:55:37+09:00, 3, 13, LOSE, r
60, 11, 190, 2022-01-28T04:59:51+09:00, 3, 8, LOSE, r
60, 12, 190, 2022-01-28T05:04:05+09:00, 2, 12, LOSE, r
61, 1, 190, 2022-01-28T06:54:47+09:00, 6, 13, LOSE, r
61, 2, 190, 2022-01-28T06:58:47+09:00, 7, 6, WIN, r
61, 3, 190, 2022-01-28T07:03:01+09:00, 6, 13, LOSE, r
61, 4, 190, 2022-01-28T07:07:15+09:00, 1, 11, LOSE, r
61, 5, 190, 2022-01-28T07:11:29+09:00, 5, 16, LOSE, r
61, 6, 190, 2022-01-28T07:15:43+09:00, 2, 13, LOSE, r
61, 7, 190, 2022-01-28T07:19:57+09:00, 5, 16, LOSE, r
61, 8, 190, 2022-01-28T07:24:11+09:00, 4, 11, LOSE, r
61, 9, 190, 2022-01-28T07:28:25+09:00, 8, 11, LOSE, r
61, 10, 190, 2022-01-28T07:32:39+09:00, 10, 17, LOSE, r
61, 11, 190, 2022-01-28T07:36:53+09:00, 4, 8, LOSE, r
61, 12, 190, 2022-01-28T07:41:07+09:00, 1, 11, LOSE, r
62, 1, 190, 2022-01-28T09:31:31+09:00, 16, 12, WIN, r
62, 2, 190, 2022-01-28T09:35:45+09:00, 12, 1, WIN, r
62, 3, 190, 2022-01-28T09:39:59+09:00, 2, 12, LOSE, r
62, 4, 190, 2022-01-28T09:44:13+09:00, 3, 13, LOSE, r
62, 5, 190, 2022-01-28T09:48:27+09:00, 1, 11, LOSE, r
62, 6, 190, 2022-01-28T09:52:41+09:00, 11, 8, WIN, r
62, 7, 190, 2022-01-28T09:56:55+09:00, 4, 16, LOSE, r
62, 8, 190, 2022-01-28T10:01:09+09:00, 3, 0, WIN, r
62, 9, 190, 2022-01-28T10:05:23+09:00, 1, 12, LOSE, r
62, 10, 190, 2022-01-28T10:09:37+09:00, 3, 15, LOSE, r
62, 11, 190, 2022-01-28T10:13:37+09:00, 13, 13, LOSE, r
62, 12, 190, 2022-01-28T10:17:51+09:00, 4, 11, LOSE, r
63, 1, 190, 2022-01-28T12:08:36+09:00, 7, 8, LOSE, r
63, 2, 190, 2022-01-28T12:12:50+09:00, 11, 10, WIN, r
63, 3, 190, 2022-01-28T12:17:04+09:00, 2, 13, LOSE, r
63, 4, 190, 2022-01-28T12:21:18+09:00, 14, 10, WIN, r
63, 5, 190, 2022-01-28T12:25:32+09:00, 7, 17, LOSE, r
63, 6, 190, 2022-01-28T12:29:46+09:00, 2, 8, LOSE, r
63, 7, 190, 2022-01-28T12:34:01+09:00, 4, 16, LOSE, r
63, 8, 190, 2022-01-28T12:38:15+09:00, 11, 11, LOSE, r
63, 9, 190, 2022-01-28T12:42:29+09:00, 3, 5, LOSE, r
63, 10, 190, 2022-01-28T12:46:43+09:00, 5, 16, LOSE, r
63, 11, 190, 2022-01-28T12:50:57+09:00, 15, 8, WIN, r
63, 12, 190, 2022-01-28T12:55:11+09:00, 1, 11, LOSE, r
64, 1, 190, 2022-01-28T14:46:00+09:00, 7, 9, LOSE, r
64, 2, 190, 2022-01-28T14:50:14+09:00, 2, 2, LOSE, r
64, 3, 190, 2022-01-28T14:54:28+09:00, 2, 12, LOSE, r
64, 4, 190, 2022-01-28T14:58:42+09:00, 1, 13, LOSE, r
64, 5, 190, 2022-01-28T15:02:57+09:00, 13, 16, LOSE, r
64, 6, 190, 2022-01-28T15:07:11+09:00, 9, 12, LOSE, r
64, 7, 190, 2022-01-28T15:11:24+09:00, 0, 10, LOSE, r
64, 8, 190, 2022-01-28T15:15:38+09:00, 13, 6, WIN, r
64, 9, 190, 2022-01-28T15:19:52+09:00, 4, 8, LOSE, r
64, 10, 190, 2022-01-28T15:24:07+09:00, 2, 16, LOSE, r
64, 11, 190, 2022-01-28T15:28:21+09:00, 4, 8, LOSE, r
64, 12, 190, 2022-01-28T15:32:35+09:00, 1, 11, LOSE, r
65, 1, 190, 2022-01-28T17:25:01+09:00, 3, 1, WIN, r
65, 2, 190, 2022-01-28T17:29:15+09:00, 6, 10, LOSE, r
65, 3, 190, 2022-01-28T17:33:29+09:00, 2, 13, LOSE, r
65, 4, 190, 2022-01-28T17:37:43+09:00, 2, 12, LOSE, r
65, 5, 190, 2022-01-28T17:41:57+09:00, 11, 18, LOSE, r
65, 6, 190, 2022-01-28T17:46:12+09:00, 13, 12, WIN, r
65, 7, 190, 2022-01-28T17:50:12+09:00, 5, 14, LOSE, r
65, 8, 190, 2022-01-28T17:54:26+09:00, 5, 11, LOSE, r
65, 9, 190, 2022-01-28T17:58:40+09:00, 12, 9, WIN, r
65, 10, 190, 2022-01-28T18:02:54+09:00, 3, 10, LOSE, r
65, 11, 190, 2022-01-28T18:07:08+09:00, 2, 12, LOSE, r
65, 12, 190, 2022-01-28T18:11:22+09:00, 1, 11, LOSE, r
66, 1, 190, 2022-01-28T20:01:59+09:00, 8, 8, LOSE, r
66, 2, 190, 2022-01-28T20:06:13+09:00, 4, 9, LOSE, r
66, 3, 190, 2022-01-28T20:10:28+09:00, 1, 13, LOSE, r
66, 4, 190, 2022-01-28T20:14:42+09:00, 8, 14, LOSE, r
66, 5, 190, 2022-01-28T20:18:56+09:00, 11, 15, LOSE, r
66, 6, 190, 2022-01-28T20:23:10+09:00, 9, 11, LOSE, r
66, 7, 190, 2022-01-28T20:27:24+09:00, 4, 16, LOSE, r
66, 8, 190, 2022-01-28T20:31:38+09:00, 3, 0, WIN, r
66, 9, 190, 2022-01-28T20:35:52+09:00, 3, 8, LOSE, r
66, 10, 190, 2022-01-28T20:40:06+09:00, 6, 16, LOSE, r
66, 11, 190, 2022-01-28T20:44:21+09:00, 11, 12, LOSE, r
66, 12, 190, 2022-01-28T20:48:35+09:00, 1, 11, LOSE, r
67, 1, 190, 2022-01-28T22:37:33+09:00, 3, 1, WIN, r
67, 2, 190, 2022-01-28T22:41:47+09:00, 7, 10, LOSE, r
67, 3, 190, 2022-01-28T22:46:01+09:00, 3, 13, LOSE, r
67, 4, 190, 2022-01-28T22:50:15+09:00, 2, 9, LOSE, r
67, 5, 190, 2022-01-28T22:54:29+09:00, 1, 11, LOSE, r
67, 6, 190, 2022-01-28T22:58:43+09:00, 2, 13, LOSE, r
67, 7, 190, 2022-01-28T23:02:57+09:00, 1, 12, LOSE, r
67, 8, 190, 2022-01-28T23:07:11+09:00, 2, 0, WIN, r
67, 9, 190, 2022-01-28T23:11:25+09:00, 0, 10, LOSE, r
67, 10, 190, 2022-01-28T23:15:39+09:00, 3, 5, LOSE, r
67, 11, 190, 2022-01-28T23:19:54+09:00, 2, 13, LOSE, r
67, 12, 190, 2022-01-28T23:24:08+09:00, 3, 14, LOSE, r
68, 1, 190, 2022-01-29T01:13:26+09:00, 5, 1, WIN, r
68, 2, 190, 2022-01-29T01:17:40+09:00, 7, 5, WIN, r
68, 3, 190, 2022-01-29T01:21:54+09:00, 3, 14, LOSE, r
68, 4, 190, 2022-01-29T01:26:08+09:00, 5, 15, LOSE, r
68, 5, 190, 2022-01-29T01:30:22+09:00, 11, 14, LOSE, r
68, 6, 190, 2022-01-29T01:34:36+09:00, 2, 12, LOSE, r
68, 7, 190, 2022-01-29T01:38:50+09:00, 2, 16, LOSE, r
68, 8, 190, 2022-01-29T01:43:04+09:00, 4, 3, WIN, r
68, 9, 190, 2022-01-29T01:47:18+09:00, 7, 11, LOSE, r
68, 10, 190, 2022-01-29T01:51:33+09:00, 2, 12, LOSE, r
68, 11, 190, 2022-01-29T01:55:32+09:00, 6, 3, WIN, r
68, 12, 190, 2022-01-29T01:59:47+09:00, 4, 14, LOSE, r
69, 1, 190, 2022-01-29T03:49:01+09:00, 3, 1, WIN, r
69, 2, 190, 2022-01-29T03:53:15+09:00, 6, 10, LOSE, r
69, 3, 190, 2022-01-29T03:57:29+09:00, 4, 10, LOSE, r
69, 4, 190, 2022-01-29T04:01:44+09:00, 2, 12, LOSE, r
69, 5, 190, 2022-01-29T04:05:58+09:00, 2, 13, LOSE, r
69, 6, 190, 2022-01-29T04:10:12+09:00, 2, 12, LOSE, r
69, 7, 190, 2022-01-29T04:14:26+09:00, 2, 12, LOSE, r
69, 8, 190, 2022-01-29T04:18:40+09:00, 4, 11, LOSE, r
69, 9, 190, 2022-01-29T04:22:54+09:00, 5, 14, LOSE, r
69, 10, 190, 2022-01-29T04:27:09+09:00, 2, 13, LOSE, r
69, 11, 190, 2022-01-29T04:31:23+09:00, 3, 11, LOSE, r
69, 12, 190, 2022-01-29T04:35:37+09:00, 2, 12, LOSE, r
70, 1, 190, 2022-01-29T06:24:36+09:00, 8, 9, LOSE, r
70, 2, 190, 2022-01-29T06:28:50+09:00, 4, 6, LOSE, r
70, 3, 190, 2022-01-29T06:33:04+09:00, 3, 13, LOSE, r
70, 4, 190, 2022-01-29T06:37:18+09:00, 8, 15, LOSE, r
70, 5, 190, 2022-01-29T06:41:32+09:00, 14, 20, LOSE, r
70, 6, 190, 2022-01-29T06:45:46+09:00, 2, 13, LOSE, r
70, 7, 190, 2022-01-29T06:50:00+09:00, 2, 14, LOSE, r
70, 8, 190, 2022-01-29T06:54:00+09:00, 5, 9, LOSE, r
70, 9, 190, 2022-01-29T06:58:14+09:00, 2, 12, LOSE, r
70, 10, 190, 2022-01-29T07:02:28+09:00, 3, 14, LOSE, r
70, 11, 190, 2022-01-29T07:06:43+09:00, 6, 12, LOSE, r
70, 12, 190, 2022-01-29T07:10:57+09:00, 2, 12, LOSE, r
71, 1, 190, 2022-01-29T09:00:06+09:00, 14, 3, WIN, r
71, 2, 190, 2022-01-29T09:04:20+09:00, 7, 2, WIN, r
71, 3, 190, 2022-01-29T09:08:34+09:00, 3, 13, LOSE, r
71, 4, 190, 2022-01-29T09:12:48+09:00, 1, 11, LOSE, r
71, 5, 190, 2022-01-29T09:17:02+09:00, 13, 7, WIN, r
71, 6, 190, 2022-01-29T09:21:17+09:00, 12, 13, LOSE, r
71, 7, 190, 2022-01-29T09:25:16+09:00, 12, 16, LOSE, r
71, 8, 190, 2022-01-29T09:29:31+09:00, 4, 11, LOSE, r
71, 9, 190, 2022-01-29T09:33:45+09:00, 12, 11, WIN, r
71, 10, 190, 2022-01-29T09:37:58+09:00, 7, 17, LOSE, r
71, 11, 190, 2022-01-29T09:42:13+09:00, 6, 1, WIN, r
71, 12, 190, 2022-01-29T09:46:27+09:00, 3, 14, LOSE, r
72, 1, 190, 2022-01-29T11:35:24+09:00, 2, 1, WIN, r
72, 2, 190, 2022-01-29T11:39:39+09:00, 4, 2, WIN, r
72, 3, 190, 2022-01-29T11:43:38+09:00, 3, 7, LOSE, r
72, 4, 190, 2022-01-29T11:47:52+09:00, 6, 14, LOSE, r
72, 5, 190, 2022-01-29T11:52:06+09:00, 2, 14, LOSE, r
72, 6, 190, 2022-01-29T11:56:20+09:00, 9, 14, LOSE, r
72, 7, 190, 2022-01-29T12:00:34+09:00, 6, 12, LOSE, r
72, 8, 190, 2022-01-29T12:04:49+09:00, 3, 0, WIN, r
72, 9, 190, 2022-01-29T12:09:03+09:00, 6, 4, WIN, r
72, 10, 190, 2022-01-29T12:13:17+09:00, 5, 12, LOSE, r
72, 11, 190, 2022-01-29T12:17:31+09:00, 3, 11, LOSE, r
72, 12, 190, 2022-01-29T12:21:45+09:00, 3, 13, LOSE, r
73, 1, 190, 2022-01-29T14:10:55+09:00, 16, 12, WIN, r
73, 2, 190, 2022-01-29T14:15:09+09:00, 2, 10, LOSE, r
73, 3, 190, 2022-01-29T14:19:23+09:00, 5, 7, LOSE, r
73, 4, 190, 2022-01-29T14:23:37+09:00, 9, 14, LOSE, r
73, 5, 190, 2022-01-29T14:27:52+09:00, 3, 12, LOSE, r
73, 6, 190, 2022-01-29T14:32:05+09:00, 7, 14, LOSE, r
73, 7, 190, 2022-01-29T14:36:20+09:00, 2, 9, LOSE, r
73, 8, 190, 2022-01-29T14:40:34+09:00, 2, 4, LOSE, r
73, 9, 190, 2022-01-29T14:44:48+09:00, 7, 10, LOSE, r
73, 10, 190, 2022-01-29T14:49:02+09:00, 2, 13, LOSE, r
73, 11, 190, 2022-01-29T14:53:16+09:00, 4, 8, LOSE, r
73, 12, 190, 2022-01-29T14:57:31+09:00, 6, 12, LOSE, r
74, 1, 190, 2022-01-29T16:46:45+09:00, 13, 3, WIN, r
74, 2, 190, 2022-01-29T16:50:59+09:00, 6, 2, WIN, r
74, 3, 190, 2022-01-29T16:55:13+09:00, 10, 5, WIN, r
74, 4, 190, 2022-01-29T16:59:27+09:00, 1, 12, LOSE, r
74, 5, 190, 2022-01-29T17:03:42+09:00, 10, 10, LOSE, r
74, 6, 190, 2022-01-29T17:07:56+09:00, 4, 15, LOSE, r
74, 7, 190, 2022-01-29T17:12:10+09:00, 2, 16, LOSE, r
74, 8, 190, 2022-01-29T17:16:24+09:00, 3, 8, LOSE, r
74, 9, 190, 2022-01-29T17:20:39+09:00, 2, 12, LOSE, r
74, 10, 190, 2022-01-29T17:24:53+09:00, 11, 14, LOSE, r
74, 11, 190, 2022-01-29T17:29:07+09:00, 3, 12, LOSE, r
74, 12, 190, 2022-01-29T17:33:21+09:00, 3, 13, LOSE, r
75, 1, 190, 2022-01-29T19:22:17+09:00, 2, 1, WIN, r
75, 2, 190, 2022-01-29T19:26:31+09:00, 3, 1, WIN, r
75, 3, 190, 2022-01-29T19:30:45+09:00, 11, 12, LOSE, r
75, 4, 190, 2022-01-29T19:34:59+09:00, 5, 12, LOSE, r
75, 5, 190, 2022-01-29T19:39:14+09:00, 9, 19, LOSE, r
75, 6, 190, 2022-01-29T19:43:28+09:00, 13, 2, WIN, r
75, 7, 190, 2022-01-29T19:47:27+09:00, 5, 11, LOSE, r
75, 8, 190, 2022-01-29T19:51:42+09:00, 6, 11, LOSE, r
75, 9, 190, 2022-01-29T19:55:56+09:00, 1, 12, LOSE, r
75, 10, 190, 2022-01-29T20:00:10+09:00, 1, 14, LOSE, r
75, 11, 190, 2022-01-29T20:04:24+09:00, 6, 10, LOSE, r
75, 12, 190, 2022-01-29T20:08:38+09:00, 3, 13, LOSE, r
76, 1, 190, 2022-01-29T21:57:11+09:00, 7, 9, LOSE, r
76, 2, 190, 2022-01-29T22:01:25+09:00, 7, 7, LOSE, r
76, 3, 190, 2022-01-29T22:05:39+09:00, 5, 11, LOSE, r
76, 4, 190, 2022-01-29T22:09:53+09:00, 3, 11, LOSE, r
76, 5, 190, 2022-01-29T22:14:08+09:00, 12, 22, LOSE, r
76, 6, 190, 2022-01-29T22:18:22+09:00, 1, 10, LOSE, r
76, 7, 190, 2022-01-29T22:22:36+09:00, 1, 12, LOSE, r
76, 8, 190, 2022-01-29T22:26:50+09:00, 3, 0, WIN, r
76, 9, 190, 2022-01-29T22:31:04+09:00, 6, 3, WIN, r
76, 10, 190, 2022-01-29T22:35:19+09:00, 5, 15, LOSE, r
76, 11, 190, 2022-01-29T22:39:33+09:00, 2, 14, LOSE, r
76, 12, 190, 2022-01-29T22:43:32+09:00, 1, 12, LOSE, r
77, 1, 190, 2022-01-30T00:32:46+09:00, 3, 1, WIN, r
77, 2, 190, 2022-01-30T00:37:00+09:00, 13, 7, WIN, r
77, 3, 190, 2022-01-30T00:41:14+09:00, 7, 12, LOSE, r
77, 4, 190, 2022-01-30T00:45:28+09:00, 1, 14, LOSE, r
77, 5, 190, 2022-01-30T00:49:42+09:00, 9, 11, LOSE, r
77, 6, 190, 2022-01-30T00:53:56+09:00, 2, 13, LOSE, r
77, 7, 190, 2022-01-30T00:58:10+09:00, 11, 14, LOSE, r
77, 8, 190, 2022-01-30T01:02:25+09:00, 2, 12, LOSE, r
77, 9, 190, 2022-01-30T01:06:39+09:00, 7, 12, LOSE, r
77, 10, 190, 2022-01-30T01:10:53+09:00, 1, 11, LOSE, r
77, 11, 190, 2022-01-30T01:15:07+09:00, 3, 4, LOSE, r
77, 12, 190, 2022-01-30T01:19:21+09:00, 1, 11, LOSE, r
78, 1, 190, 2022-01-30T03:08:22+09:00, 14, 5, WIN, r
78, 2, 190, 2022-01-30T03:12:37+09:00, 7, 2, WIN, r
78, 3, 190, 2022-01-30T03:16:50+09:00, 3, 9, LOSE, r
78, 4, 190, 2022-01-30T03:21:04+09:00, 15, 8, WIN, r
78, 5, 190, 2022-01-30T03:25:18+09:00, 1, 11, LOSE, r
78, 6, 190, 2022-01-30T03:29:32+09:00, 12, 2, WIN, r
78, 7, 190, 2022-01-30T03:33:46+09:00, 3, 9, LOSE, r
78, 8, 190, 2022-01-30T03:38:01+09:00, 3, 8, LOSE, r
78, 9, 190, 2022-01-30T03:42:15+09:00, 5, 13, LOSE, r
78, 10, 190, 2022-01-30T03:46:29+09:00, 0, 11, LOSE, r
78, 11, 190, 2022-01-30T03:50:43+09:00, 6, 11, LOSE, r
78, 12, 190, 2022-01-30T03:54:57+09:00, 3, 14, LOSE, r
79, 1, 190, 2022-01-30T05:43:49+09:00, 6, 1, WIN, r
79, 2, 190, 2022-01-30T05:48:04+09:00, 7, 10, LOSE, r
79, 3, 190, 2022-01-30T05:52:17+09:00, 1, 11, LOSE, r
79, 4, 190, 2022-01-30T05:56:32+09:00, 5, 8, LOSE, r
79, 5, 190, 2022-01-30T06:00:46+09:00, 11, 12, LOSE, r
79, 6, 190, 2022-01-30T06:05:00+09:00, 1, 11, LOSE, r
79, 7, 190, 2022-01-30T06:09:14+09:00, 0, 10, LOSE, r
79, 8, 190, 2022-01-30T06:13:28+09:00, 8, 11, LOSE, r
79, 9, 190, 2022-01-30T06:17:42+09:00, 2, 12, LOSE, r
79, 10, 190, 2022-01-30T06:21:56+09:00, 4, 16, LOSE, r
79, 11, 190, 2022-01-30T06:26:11+09:00, 2, 12, LOSE, r
79, 12, 190, 2022-01-30T06:30:25+09:00, 3, 11, LOSE, r
80, 1, 190, 2022-01-30T08:19:31+09:00, 6, 1, WIN, r
80, 2, 190, 2022-01-30T08:23:45+09:00, 3, 5, LOSE, r
80, 3, 190, 2022-01-30T08:27:59+09:00, 1, 11, LOSE, r
80, 4, 190, 2022-01-30T08:32:13+09:00, 3, 12, LOSE, r
80, 5, 190, 2022-01-30T08:36:27+09:00, 12, 22, LOSE, r
80, 6, 190, 2022-01-30T08:40:41+09:00, 1, 11, LOSE, r
80, 7, 190, 2022-01-30T08:44:55+09:00, 2, 16, LOSE, r
80, 8, 190, 2022-01-30T08:49:10+09:00, 4, 11, LOSE, r
80, 9, 190, 2022-01-30T08:53:24+09:00, 3, 8, LOSE, r
80, 10, 190, 2022-01-30T08:57:38+09:00, 12, 19, LOSE, r
80, 11, 190, 2022-01-30T09:01:52+09:00, 16, 13, WIN, r
80, 12, 190, 2022-01-30T09:06:06+09:00, 2, 12, LOSE, r
81, 1, 190, 2022-01-30T10:55:09+09:00, 3, 4, LOSE, r
81, 2, 190, 2022-01-30T10:59:23+09:00, 7, 1, WIN, r
81, 3, 190, 2022-01-30T11:03:37+09:00, 7, 12, LOSE, r
81, 4, 190, 2022-01-30T11:07:51+09:00, 3, 14, LOSE, r
81, 5, 190, 2022-01-30T11:12:04+09:00, 4, 15, LOSE, r
81, 6, 190, 2022-01-30T11:16:18+09:00, 1, 11, LOSE, r
81, 7, 190, 2022-01-30T11:20:32+09:00, 5, 15, LOSE, r
81, 8, 190, 2022-01-30T11:24:46+09:00, 4, 6, LOSE, r
81, 9, 190, 2022-01-30T11:29:01+09:00, 3, 8, LOSE, r
81, 10, 190, 2022-01-30T11:33:15+09:00, 13, 19, LOSE, r
81, 11, 190, 2022-01-30T11:37:29+09:00, 6, 12, LOSE, r
81, 12, 190, 2022-01-30T11:41:43+09:00, 1, 11, LOSE, r
82, 1, 190, 2022-01-30T13:30:34+09:00, 6, 1, WIN, r
82, 2, 190, 2022-01-30T13:34:48+09:00, 13, 9, WIN, r
82, 3, 190, 2022-01-30T13:39:02+09:00, 2, 13, LOSE, r
82, 4, 190, 2022-01-30T13:43:16+09:00, 7, 7, LOSE, r
82, 5, 190, 2022-01-30T13:47:30+09:00, 12, 17, LOSE, r
82, 6, 190, 2022-01-30T13:51:44+09:00, 1, 11, LOSE, r
82, 7, 190, 2022-01-30T13:55:58+09:00, 3, 11, LOSE, r
82, 8, 190, 2022-01-30T14:00:12+09:00, 4, 11, LOSE, r
82, 9, 190, 2022-01-30T14:04:26+09:00, 3, 7, LOSE, r
82, 10, 190, 2022-01-30T14:08:41+09:00, 3, 13, LOSE, r
82, 11, 190, 2022-01-30T14:12:55+09:00, 5, 12, LOSE, r
82, 12, 190, 2022-01-30T14:17:09+09:00, 2, 14, LOSE, r
83, 1, 190, 2022-01-30T16:06:09+09:00, 3, 1, WIN, r
83, 2, 190, 2022-01-30T16:10:24+09:00, 4, 9, LOSE, r
83, 3, 190, 2022-01-30T16:14:38+09:00, 5, 4, WIN, r
83, 4, 190, 2022-01-30T16:18:52+09:00, 3, 13, LOSE, r
83, 5, 190, 2022-01-30T16:23:06+09:00, 3, 15, LOSE, r
83, 6, 190, 2022-01-30T16:27:20+09:00, 6, 4, WIN, r
83, 7, 190, 2022-01-30T16:31:34+09:00, 9, 13, LOSE, r
83, 8, 190, 2022-01-30T16:35:48+09:00, 3, 0, WIN, r
83, 9, 190, 2022-01-30T16:40:02+09:00, 16, 6, WIN, r
83, 10, 190, 2022-01-30T16:44:16+09:00, 2, 15, LOSE, r
83, 11, 190, 2022-01-30T16:48:30+09:00, 3, 5, LOSE, r
83, 12, 190, 2022-01-30T16:52:44+09:00, 1, 11, LOSE, r
84, 1, 190, 2022-01-30T18:41:48+09:00, 3, 1, WIN, r
84, 2, 190, 2022-01-30T18:46:02+09:00, 6, 2, WIN, r
84, 3, 190, 2022-01-30T18:50:16+09:00, 2, 13, LOSE, r
84, 4, 190, 2022-01-30T18:54:30+09:00, 1, 11, LOSE, r
84, 5, 190, 2022-01-30T18:58:44+09:00, 1, 11, LOSE, r
84, 6, 190, 2022-01-30T19:02:58+09:00, 2, 12, LOSE, r
84, 7, 190, 2022-01-30T19:07:12+09:00, 2, 12, LOSE, r
84, 8, 190, 2022-01-30T19:11:26+09:00, 4, 11, LOSE, r
84, 9, 190, 2022-01-30T19:15:41+09:00, 2, 7, LOSE, r
84, 10, 190, 2022-01-30T19:19:55+09:00, 1, 11, LOSE, r
84, 11, 190, 2022-01-30T19:24:09+09:00, 3, 10, LOSE, r
84, 12, 190, 2022-01-30T19:28:23+09:00, 6, 12, LOSE, r
85, 1, 190, 2022-01-30T21:17:51+09:00, 4, 11, LOSE, r
85, 2, 190, 2022-01-30T21:22:05+09:00, 4, 9, LOSE, r
85, 3, 190, 2022-01-30T21:26:19+09:00, 3, 9, LOSE, r
85, 4, 190, 2022-01-30T21:30:33+09:00, 4, 11, LOSE, r
85, 5, 190, 2022-01-30T21:34:48+09:00, 13, 14, LOSE, r
85, 6, 190, 2022-01-30T21:39:02+09:00, 2, 9, LOSE, r
85, 7, 190, 2022-01-30T21:43:16+09:00, 3, 9, LOSE, r
85, 8, 190, 2022-01-30T21:47:30+09:00, 3, 0, WIN, r
85, 9, 190, 2022-01-30T21:51:44+09:00, 3, 8, LOSE, r
85, 10, 190, 2022-01-30T21:55:58+09:00, 2, 13, LOSE, r
85, 11, 190, 2022-01-30T22:00:12+09:00, 5, 15, LOSE, r
85, 12, 190, 2022-01-30T22:04:27+09:00, 6, 10, LOSE, r
86, 1, 190, 2022-01-30T23:53:41+09:00, 14, 4, WIN, r
86, 2, 190, 2022-01-30T23:57:55+09:00, 11, 9, WIN, r
86, 3, 190, 2022-01-31T00:02:09+09:00, 4, 13, LOSE, r
86, 4, 190, 2022-01-31T00:06:23+09:00, 16, 10, WIN, r
86, 5, 190, 2022-01-31T00:10:37+09:00, 1, 12, LOSE, r
86, 6, 190, 2022-01-31T00:14:51+09:00, 5, 13, LOSE, r
86, 7, 190, 2022-01-31T00:19:05+09:00, 4, 16, LOSE, r
86, 8, 190, 2022-01-31T00:23:19+09:00, 3, 0, WIN, r
86, 9, 190, 2022-01-31T00:27:33+09:00, 3, 15, LOSE, r
86, 10, 190, 2022-01-31T00:31:48+09:00, 4, 14, LOSE, r
86, 11, 190, 2022-01-31T00:36:02+09:00, 4, 9, LOSE, r
86, 12, 190, 2022-01-31T00:40:16+09:00, 3, 11, LOSE, r
87, 1, 190, 2022-01-31T02:29:15+09:00, 5, 1, WIN, r
87, 2, 190, 2022-01-31T02:33:29+09:00, 6, 3, WIN, r
87, 3, 190, 2022-01-31T02:37:43+09:00, 4, 12, LOSE, r
87, 4, 190, 2022-01-31T02:41:57+09:00, 8, 12, LOSE, r
87, 5, 190, 2022-01-31T02:46:11+09:00, 2, 13, LOSE, r
87, 6, 190, 2022-01-31T02:50:25+09:00, 2, 10, LOSE, r
87, 7, 190, 2022-01-31T02:54:39+09:00, 5, 15, LOSE, r
87, 8, 190, 2022-01-31T02:58:53+09:00, 3, 3, LOSE, r
87, 9, 190, 2022-01-31T03:03:07+09:00, 6, 4, WIN, r
87, 10, 190, 2022-01-31T03:07:21+09:00, 2, 12, LOSE, r
87, 11, 190, 2022-01-31T03:11:35+09:00, 2, 12, LOSE, r
87, 12, 190, 2022-01-31T03:15:49+09:00, 6, 11, LOSE, r
88, 1, 190, 2022-01-31T05:04:59+09:00, 2, 1, WIN, r
88, 2, 190, 2022-01-31T05:09:13+09:00, 5, 2, WIN, r
88, 3, 190, 2022-01-31T05:13:26+09:00, 2, 12, LOSE, r
88, 4, 190, 2022-01-31T05:17:40+09:00, 3, 14, LOSE, r
88, 5, 190, 2022-01-31T05:21:55+09:00, 11, 20, LOSE, r
88, 6, 190, 2022-01-31T05:26:09+09:00, 12, 8, WIN, r
88, 7, 190, 2022-01-31T05:30:23+09:00, 15, 13, WIN, r
88, 8, 190, 2022-01-31T05:34:37+09:00, 4, 6, LOSE, r
88, 9, 190, 2022-01-31T05:38:51+09:00, 5, 7, LOSE, r
88, 10, 190, 2022-01-31T05:43:05+09:00, 2, 13, LOSE, r
88, 11, 190, 2022-01-31T05:47:19+09:00, 2, 9, LOSE, r
88, 12, 190, 2022-01-31T05:51:33+09:00, 2, 10, LOSE, r
89, 1, 190, 2022-01-31T07:40:35+09:00, 3, 1, WIN, r
89, 2, 190, 2022-01-31T07:44:49+09:00, 5, 9, LOSE, r
89, 3, 190, 2022-01-31T07:49:03+09:00, 5, 9, LOSE, r
89, 4, 190, 2022-01-31T07:53:17+09:00, 3, 13, LOSE, r
89, 5, 190, 2022-01-31T07:57:31+09:00, 0, 11, LOSE, r
89, 6, 190, 2022-01-31T08:01:45+09:00, 2, 13, LOSE, r
89, 7, 190, 2022-01-31T08:05:59+09:00, 12, 1, WIN, r
89, 8, 190, 2022-01-31T08:10:13+09:00, 3, 0, WIN, r
89, 9, 190, 2022-01-31T08:14:27+09:00, 3, 11, LOSE, r
89, 10, 190, 2022-01-31T08:18:41+09:00, 11, 14, LOSE, r
89, 11, 190, 2022-01-31T08:22:55+09:00, 4, 14, LOSE, r
89, 12, 190, 2022-01-31T08:26:55+09:00, 4, 11, LOSE, r
90, 1, 190, 2022-01-31T10:16:06+09:00, 15, 4, WIN, r
90, 2, 190, 2022-01-31T10:20:20+09:00, 10, 7, WIN, r
90, 3, 190, 2022-01-31T10:24:34+09:00, 2, 13, LOSE, r
90, 4, 190, 2022-01-31T10:28:48+09:00, 13, 9, WIN, r
90, 5, 190, 2022-01-31T10:33:02+09:00, 10, 13, LOSE, r
90, 6, 190, 2022-01-31T10:37:16+09:00, 10, 13, LOSE, r
90, 7, 190, 2022-01-31T10:41:30+09:00, 2, 16, LOSE, r
90, 8, 190, 2022-01-31T10:45:44+09:00, 3, 0, WIN, r
90, 9, 190, 2022-01-31T10:49:58+09:00, 2, 13, LOSE, r
90, 10, 190, 2022-01-31T10:54:12+09:00, 2, 8, LOSE, r
90, 11, 190, 2022-01-31T10:58:26+09:00, 3, 5, LOSE, r
90, 12, 190, 2022-01-31T11:02:40+09:00, 1, 12, LOSE, r
