iteration, enemy_level, game_time(s), date, my_score, enemy_score, battle_result, my_side
#--> latest commit:23fcb2e3939930cd9bc7c93744108cc4b7db923b 20210205125832 in burger_war_dev
0, 1, 240, 2021-02-05T13:04:34+00:00, 3, 1, WIN, r
0, 2, 240, 2021-02-05T13:09:40+00:00, 13, 5, WIN, r
0, 3, 240, 2021-02-05T13:14:44+00:00, 2, 13, LOSE, r
0, 4, 240, 2021-02-05T13:19:48+00:00, 11, 16, LOSE, r
0, 5, 240, 2021-02-05T13:24:52+00:00, 3, 15, LOSE, r
0, 6, 240, 2021-02-05T13:30:02+00:00, 13, 21, LOSE, r
0, 7, 240, 2021-02-05T13:35:08+00:00, 1, 12, LOSE, r
0, 8, 240, 2021-02-05T13:40:16+00:00, 2, 0, WIN, r
1, 1, 240, 2021-02-05T13:45:37+00:00, 3, 1, WIN, r
1, 2, 240, 2021-02-05T13:50:43+00:00, 8, 2, WIN, r
1, 3, 240, 2021-02-05T13:55:50+00:00, 9, 16, LOSE, r
1, 4, 240, 2021-02-05T14:00:56+00:00, 6, 17, LOSE, r
1, 5, 240, 2021-02-05T14:06:03+00:00, 0, 10, LOSE, r
1, 6, 240, 2021-02-05T14:11:10+00:00, 2, 15, LOSE, r
1, 7, 240, 2021-02-05T14:16:17+00:00, 2, 12, LOSE, r
1, 8, 240, 2021-02-05T14:21:24+00:00, 11, 3, WIN, r
2, 1, 240, 2021-02-05T14:26:42+00:00, 3, 1, WIN, r
2, 2, 240, 2021-02-05T14:31:48+00:00, 8, 13, LOSE, r
2, 3, 240, 2021-02-05T14:36:52+00:00, 3, 13, LOSE, r
2, 4, 240, 2021-02-05T14:41:59+00:00, 3, 13, LOSE, r
2, 5, 240, 2021-02-05T14:47:08+00:00, 8, 19, LOSE, r
2, 6, 240, 2021-02-05T14:52:17+00:00, 7, 18, LOSE, r
2, 7, 240, 2021-02-05T14:57:21+00:00, 1, 13, LOSE, r
2, 8, 240, 2021-02-05T15:02:28+00:00, 2, 3, LOSE, r
3, 1, 240, 2021-02-05T15:07:49+00:00, 5, 1, WIN, r
3, 2, 240, 2021-02-05T15:12:55+00:00, 4, 4, LOSE, r
3, 3, 240, 2021-02-05T15:17:59+00:00, 1, 12, LOSE, r
3, 4, 240, 2021-02-05T15:23:06+00:00, 4, 18, LOSE, r
3, 5, 240, 2021-02-05T15:28:13+00:00, 8, 12, LOSE, r
3, 6, 240, 2021-02-05T15:33:17+00:00, 15, 18, LOSE, r
3, 7, 240, 2021-02-05T15:38:21+00:00, 5, 15, LOSE, r
3, 8, 240, 2021-02-05T15:43:29+00:00, 2, 0, WIN, r
4, 1, 240, 2021-02-05T15:48:50+00:00, 6, 1, WIN, r
4, 2, 240, 2021-02-05T15:53:57+00:00, 12, 2, WIN, r
4, 3, 240, 2021-02-05T15:59:05+00:00, 0, 11, LOSE, r
4, 4, 240, 2021-02-05T16:04:12+00:00, 1, 14, LOSE, r
4, 5, 240, 2021-02-05T16:09:19+00:00, 11, 12, LOSE, r
4, 6, 240, 2021-02-05T16:14:26+00:00, 2, 14, LOSE, r
4, 7, 240, 2021-02-05T16:19:30+00:00, 5, 15, LOSE, r
4, 8, 240, 2021-02-05T16:24:37+00:00, 9, 0, WIN, r
5, 1, 240, 2021-02-05T16:29:58+00:00, 3, 1, WIN, r
5, 2, 240, 2021-02-05T16:35:05+00:00, 1, 12, LOSE, r
5, 3, 240, 2021-02-05T16:40:12+00:00, 2, 13, LOSE, r
5, 4, 240, 2021-02-05T16:45:18+00:00, 3, 6, LOSE, r
5, 5, 240, 2021-02-05T16:50:25+00:00, 1, 11, LOSE, r
5, 6, 240, 2021-02-05T16:55:32+00:00, 3, 14, LOSE, r
5, 7, 240, 2021-02-05T17:00:38+00:00, 2, 13, LOSE, r
5, 8, 240, 2021-02-05T17:05:46+00:00, 3, 7, LOSE, r
6, 1, 240, 2021-02-05T17:11:04+00:00, 18, 8, WIN, r
6, 2, 240, 2021-02-05T17:16:08+00:00, 11, 2, WIN, r
6, 3, 240, 2021-02-05T17:21:15+00:00, 6, 12, LOSE, r
6, 4, 240, 2021-02-05T17:26:21+00:00, 3, 17, LOSE, r
6, 5, 240, 2021-02-05T17:31:28+00:00, 9, 19, LOSE, r
6, 6, 240, 2021-02-05T17:36:37+00:00, 0, 14, LOSE, r
6, 7, 240, 2021-02-05T17:41:41+00:00, 1, 11, LOSE, r
6, 8, 240, 2021-02-05T17:46:48+00:00, 3, 3, LOSE, r
7, 1, 240, 2021-02-05T17:52:08+00:00, 7, 1, WIN, r
7, 2, 240, 2021-02-05T17:57:12+00:00, 11, 12, LOSE, r
7, 3, 240, 2021-02-05T18:02:18+00:00, 0, 10, LOSE, r
7, 4, 240, 2021-02-05T18:07:24+00:00, 2, 12, LOSE, r
7, 5, 240, 2021-02-05T18:12:31+00:00, 4, 15, LOSE, r
7, 6, 240, 2021-02-05T18:17:35+00:00, 1, 15, LOSE, r
7, 7, 240, 2021-02-05T18:22:40+00:00, 12, 17, LOSE, r
7, 8, 240, 2021-02-05T18:27:47+00:00, 3, 3, LOSE, r
8, 1, 240, 2021-02-05T18:33:08+00:00, 3, 1, WIN, r
8, 2, 240, 2021-02-05T18:38:15+00:00, 6, 12, LOSE, r
8, 3, 240, 2021-02-05T18:43:23+00:00, 1, 12, LOSE, r
8, 4, 240, 2021-02-05T18:48:30+00:00, 3, 14, LOSE, r
8, 5, 240, 2021-02-05T18:53:36+00:00, 12, 22, LOSE, r
8, 6, 240, 2021-02-05T18:58:42+00:00, 0, 14, LOSE, r
8, 7, 240, 2021-02-05T19:03:47+00:00, 0, 10, LOSE, r
8, 8, 240, 2021-02-05T19:08:54+00:00, 4, 10, LOSE, r
9, 1, 240, 2021-02-05T19:14:14+00:00, 6, 1, WIN, r
9, 2, 240, 2021-02-05T19:19:21+00:00, 11, 4, WIN, r
9, 3, 240, 2021-02-05T19:24:27+00:00, 2, 12, LOSE, r
9, 4, 240, 2021-02-05T19:29:34+00:00, 2, 13, LOSE, r
9, 5, 240, 2021-02-05T19:34:40+00:00, 2, 12, LOSE, r
9, 6, 240, 2021-02-05T19:39:46+00:00, 1, 11, LOSE, r
9, 7, 240, 2021-02-05T19:44:53+00:00, 2, 12, LOSE, r
9, 8, 240, 2021-02-05T19:50:00+00:00, 11, 11, LOSE, r
10, 1, 240, 2021-02-05T19:55:20+00:00, 5, 1, WIN, r
10, 2, 240, 2021-02-05T20:00:26+00:00, 13, 14, LOSE, r
10, 3, 240, 2021-02-05T20:05:34+00:00, 2, 12, LOSE, r
10, 4, 240, 2021-02-05T20:10:41+00:00, 2, 12, LOSE, r
10, 5, 240, 2021-02-05T20:15:48+00:00, 1, 11, LOSE, r
10, 6, 240, 2021-02-05T20:20:56+00:00, 13, 18, LOSE, r
10, 7, 240, 2021-02-05T20:26:02+00:00, 0, 14, LOSE, r
10, 8, 240, 2021-02-05T20:31:09+00:00, 8, 3, WIN, r
11, 1, 240, 2021-02-05T20:36:30+00:00, 4, 1, WIN, r
11, 2, 240, 2021-02-05T20:41:36+00:00, 12, 1, WIN, r
11, 3, 240, 2021-02-05T20:46:45+00:00, 2, 12, LOSE, r
11, 4, 240, 2021-02-05T20:51:49+00:00, 6, 17, LOSE, r
11, 5, 240, 2021-02-05T20:56:53+00:00, 3, 14, LOSE, r
11, 6, 240, 2021-02-05T21:02:00+00:00, 9, 14, LOSE, r
11, 7, 240, 2021-02-05T21:07:06+00:00, 2, 13, LOSE, r
11, 8, 240, 2021-02-05T21:12:13+00:00, 6, 12, LOSE, r
12, 1, 240, 2021-02-05T21:17:33+00:00, 4, 1, WIN, r
12, 2, 240, 2021-02-05T21:22:39+00:00, 7, 9, LOSE, r
12, 3, 240, 2021-02-05T21:27:46+00:00, 2, 12, LOSE, r
12, 4, 240, 2021-02-05T21:32:53+00:00, 7, 17, LOSE, r
12, 5, 240, 2021-02-05T21:37:57+00:00, 1, 13, LOSE, r
12, 6, 240, 2021-02-05T21:43:04+00:00, 1, 13, LOSE, r
12, 7, 240, 2021-02-05T21:48:10+00:00, 1, 14, LOSE, r
12, 8, 240, 2021-02-05T21:53:20+00:00, 4, 0, WIN, r
13, 1, 240, 2021-02-05T21:58:40+00:00, 5, 1, WIN, r
13, 2, 240, 2021-02-05T22:03:47+00:00, 14, 8, WIN, r
13, 3, 240, 2021-02-05T22:08:53+00:00, 6, 14, LOSE, r
13, 4, 240, 2021-02-05T22:14:00+00:00, 2, 13, LOSE, r
13, 5, 240, 2021-02-05T22:19:04+00:00, 2, 14, LOSE, r
13, 6, 240, 2021-02-05T22:24:08+00:00, 14, 12, WIN, r
13, 7, 240, 2021-02-05T22:29:15+00:00, 1, 14, LOSE, r
13, 8, 240, 2021-02-05T22:34:24+00:00, 2, 12, LOSE, r
14, 1, 240, 2021-02-05T22:39:44+00:00, 7, 4, WIN, r
14, 2, 240, 2021-02-05T22:44:52+00:00, 2, 12, LOSE, r
14, 3, 240, 2021-02-05T22:49:58+00:00, 1, 11, LOSE, r
14, 4, 240, 2021-02-05T22:55:02+00:00, 3, 14, LOSE, r
14, 5, 240, 2021-02-05T23:00:09+00:00, 8, 18, LOSE, r
14, 6, 240, 2021-02-05T23:05:16+00:00, 12, 19, LOSE, r
14, 7, 240, 2021-02-05T23:10:22+00:00, 3, 14, LOSE, r
14, 8, 240, 2021-02-05T23:15:29+00:00, 2, 14, LOSE, r
15, 1, 240, 2021-02-05T23:20:49+00:00, 4, 1, WIN, r
15, 2, 240, 2021-02-05T23:25:56+00:00, 12, 1, WIN, r
15, 3, 240, 2021-02-05T23:31:00+00:00, 1, 12, LOSE, r
15, 4, 240, 2021-02-05T23:36:07+00:00, 3, 14, LOSE, r
15, 5, 240, 2021-02-05T23:41:11+00:00, 12, 14, LOSE, r
15, 6, 240, 2021-02-05T23:46:18+00:00, 17, 17, LOSE, r
15, 7, 240, 2021-02-05T23:51:24+00:00, 3, 14, LOSE, r
15, 8, 240, 2021-02-05T23:56:31+00:00, 3, 13, LOSE, r
16, 1, 240, 2021-02-06T00:01:51+00:00, 5, 1, WIN, r
16, 2, 240, 2021-02-06T00:06:55+00:00, 14, 12, WIN, r
16, 3, 240, 2021-02-06T00:12:01+00:00, 13, 3, WIN, r
16, 4, 240, 2021-02-06T00:17:08+00:00, 4, 16, LOSE, r
16, 5, 240, 2021-02-06T00:22:14+00:00, 8, 19, LOSE, r
16, 6, 240, 2021-02-06T00:27:18+00:00, 1, 13, LOSE, r
16, 7, 240, 2021-02-06T00:32:24+00:00, 2, 13, LOSE, r
16, 8, 240, 2021-02-06T00:37:28+00:00, 3, 4, LOSE, r
17, 1, 240, 2021-02-06T00:42:48+00:00, 6, 4, WIN, r
17, 2, 240, 2021-02-06T00:47:52+00:00, 11, 12, LOSE, r
17, 3, 240, 2021-02-06T00:52:56+00:00, 0, 12, LOSE, r
17, 4, 240, 2021-02-06T00:58:00+00:00, 2, 9, LOSE, r
17, 5, 240, 2021-02-06T01:03:04+00:00, 12, 22, LOSE, r
17, 6, 240, 2021-02-06T01:08:10+00:00, 2, 15, LOSE, r
17, 7, 240, 2021-02-06T01:13:17+00:00, 3, 14, LOSE, r
17, 8, 240, 2021-02-06T01:18:24+00:00, 6, 0, WIN, r
18, 1, 240, 2021-02-06T01:23:43+00:00, 7, 9, LOSE, r
18, 2, 240, 2021-02-06T01:28:49+00:00, 2, 12, LOSE, r
18, 3, 240, 2021-02-06T01:33:56+00:00, 7, 14, LOSE, r
18, 4, 240, 2021-02-06T01:39:02+00:00, 1, 12, LOSE, r
18, 5, 240, 2021-02-06T01:44:06+00:00, 4, 16, LOSE, r
18, 6, 240, 2021-02-06T01:49:13+00:00, 2, 14, LOSE, r
18, 7, 240, 2021-02-06T01:54:17+00:00, 9, 19, LOSE, r
18, 8, 240, 2021-02-06T01:59:24+00:00, 3, 0, WIN, r
19, 1, 240, 2021-02-06T02:04:42+00:00, 4, 1, WIN, r
19, 2, 240, 2021-02-06T02:09:49+00:00, 8, 11, LOSE, r
19, 3, 240, 2021-02-06T02:14:55+00:00, 2, 13, LOSE, r
19, 4, 240, 2021-02-06T02:20:00+00:00, 1, 12, LOSE, r
19, 5, 240, 2021-02-06T02:25:06+00:00, 12, 22, LOSE, r
19, 6, 240, 2021-02-06T02:30:13+00:00, 2, 14, LOSE, r
19, 7, 240, 2021-02-06T02:35:17+00:00, 1, 14, LOSE, r
19, 8, 240, 2021-02-06T02:40:23+00:00, 3, 0, WIN, r
20, 1, 240, 2021-02-06T02:45:40+00:00, 5, 1, WIN, r
20, 2, 240, 2021-02-06T02:50:47+00:00, 7, 14, LOSE, r
20, 3, 240, 2021-02-06T02:55:54+00:00, 1, 12, LOSE, r
20, 4, 240, 2021-02-06T03:01:01+00:00, 6, 16, LOSE, r
20, 5, 240, 2021-02-06T03:06:05+00:00, 3, 17, LOSE, r
20, 6, 240, 2021-02-06T03:11:12+00:00, 0, 11, LOSE, r
20, 7, 240, 2021-02-06T03:16:19+00:00, 10, 18, LOSE, r
20, 8, 240, 2021-02-06T03:21:27+00:00, 3, 0, WIN, r
21, 1, 240, 2021-02-06T03:26:47+00:00, 8, 6, WIN, r
21, 2, 240, 2021-02-06T03:31:54+00:00, 13, 13, LOSE, r
21, 3, 240, 2021-02-06T03:37:00+00:00, 4, 6, LOSE, r
21, 4, 240, 2021-02-06T03:42:07+00:00, 2, 14, LOSE, r
21, 5, 240, 2021-02-06T03:47:11+00:00, 1, 11, LOSE, r
21, 6, 240, 2021-02-06T03:52:18+00:00, 14, 11, WIN, r
21, 7, 240, 2021-02-06T03:57:22+00:00, 12, 19, LOSE, r
21, 8, 240, 2021-02-06T04:02:29+00:00, 0, 3, LOSE, r
22, 1, 240, 2021-02-06T04:07:50+00:00, 6, 1, WIN, r
22, 2, 240, 2021-02-06T04:12:56+00:00, 5, 13, LOSE, r
22, 3, 240, 2021-02-06T04:18:03+00:00, 2, 12, LOSE, r
22, 4, 240, 2021-02-06T04:23:07+00:00, 2, 13, LOSE, r
22, 5, 240, 2021-02-06T04:28:11+00:00, 2, 15, LOSE, r
22, 6, 240, 2021-02-06T04:33:18+00:00, 2, 12, LOSE, r
22, 7, 240, 2021-02-06T04:38:25+00:00, 3, 14, LOSE, r
22, 8, 240, 2021-02-06T04:43:29+00:00, 2, 0, WIN, r
23, 1, 240, 2021-02-06T04:48:49+00:00, 4, 1, WIN, r
23, 2, 240, 2021-02-06T04:53:53+00:00, 15, 14, WIN, r
23, 3, 240, 2021-02-06T04:58:57+00:00, 10, 13, LOSE, r
23, 4, 240, 2021-02-06T05:04:04+00:00, 6, 17, LOSE, r
23, 5, 240, 2021-02-06T05:09:08+00:00, 14, 19, LOSE, r
23, 6, 240, 2021-02-06T05:14:14+00:00, 6, 16, LOSE, r
23, 7, 240, 2021-02-06T05:19:21+00:00, 3, 13, LOSE, r
23, 8, 240, 2021-02-06T05:24:26+00:00, 4, 12, LOSE, r
24, 1, 240, 2021-02-06T05:29:46+00:00, 9, 12, LOSE, r
24, 2, 240, 2021-02-06T05:34:53+00:00, 2, 12, LOSE, r
24, 3, 240, 2021-02-06T05:39:57+00:00, 4, 14, LOSE, r
24, 4, 240, 2021-02-06T05:45:01+00:00, 2, 13, LOSE, r
24, 5, 240, 2021-02-06T05:50:07+00:00, 3, 14, LOSE, r
24, 6, 240, 2021-02-06T05:55:16+00:00, 14, 14, LOSE, r
24, 7, 240, 2021-02-06T06:00:20+00:00, 7, 13, LOSE, r
24, 8, 240, 2021-02-06T06:05:27+00:00, 4, 14, LOSE, r
25, 1, 240, 2021-02-06T06:10:48+00:00, 9, 1, WIN, r
25, 2, 240, 2021-02-06T06:15:54+00:00, 7, 2, WIN, r
25, 3, 240, 2021-02-06T06:20:58+00:00, 5, 13, LOSE, r
25, 4, 240, 2021-02-06T06:26:05+00:00, 13, 19, LOSE, r
25, 5, 240, 2021-02-06T06:31:11+00:00, 2, 12, LOSE, r
25, 6, 240, 2021-02-06T06:36:18+00:00, 2, 12, LOSE, r
25, 7, 240, 2021-02-06T06:41:25+00:00, 8, 19, LOSE, r
25, 8, 240, 2021-02-06T06:46:32+00:00, 4, 0, WIN, r
26, 1, 240, 2021-02-06T06:51:52+00:00, 7, 1, WIN, r
26, 2, 240, 2021-02-06T06:57:01+00:00, 11, 1, WIN, r
26, 3, 240, 2021-02-06T07:02:05+00:00, 4, 14, LOSE, r
26, 4, 240, 2021-02-06T07:07:12+00:00, 2, 12, LOSE, r
26, 5, 240, 2021-02-06T07:12:16+00:00, 1, 11, LOSE, r
26, 6, 240, 2021-02-06T07:17:25+00:00, 9, 19, LOSE, r
26, 7, 240, 2021-02-06T07:22:29+00:00, 1, 14, LOSE, r
26, 8, 240, 2021-02-06T07:27:33+00:00, 3, 3, LOSE, r
27, 1, 240, 2021-02-06T07:32:53+00:00, 4, 1, WIN, r
27, 2, 240, 2021-02-06T07:37:59+00:00, 8, 9, LOSE, r
27, 3, 240, 2021-02-06T07:43:06+00:00, 2, 12, LOSE, r
27, 4, 240, 2021-02-06T07:48:10+00:00, 7, 18, LOSE, r
27, 5, 240, 2021-02-06T07:53:14+00:00, 0, 11, LOSE, r
27, 6, 240, 2021-02-06T07:58:21+00:00, 14, 17, LOSE, r
27, 7, 240, 2021-02-06T08:03:28+00:00, 1, 12, LOSE, r
27, 8, 240, 2021-02-06T08:08:35+00:00, 3, 4, LOSE, r
28, 1, 240, 2021-02-06T08:13:55+00:00, 5, 1, WIN, r
28, 2, 240, 2021-02-06T08:19:03+00:00, 3, 13, LOSE, r
28, 3, 240, 2021-02-06T08:24:09+00:00, 1, 11, LOSE, r
28, 4, 240, 2021-02-06T08:29:15+00:00, 2, 14, LOSE, r
28, 5, 240, 2021-02-06T08:34:19+00:00, 8, 17, LOSE, r
28, 6, 240, 2021-02-06T08:39:23+00:00, 1, 11, LOSE, r
28, 7, 240, 2021-02-06T08:44:27+00:00, 3, 14, LOSE, r
28, 8, 240, 2021-02-06T08:49:34+00:00, 6, 0, WIN, r
29, 1, 240, 2021-02-06T08:54:51+00:00, 4, 1, WIN, r
29, 2, 240, 2021-02-06T08:59:58+00:00, 10, 10, LOSE, r
29, 3, 240, 2021-02-06T09:05:04+00:00, 2, 12, LOSE, r
29, 4, 240, 2021-02-06T09:10:08+00:00, 0, 10, LOSE, r
29, 5, 240, 2021-02-06T09:15:12+00:00, 8, 18, LOSE, r
29, 6, 240, 2021-02-06T09:20:19+00:00, 2, 15, LOSE, r
29, 7, 240, 2021-02-06T09:25:26+00:00, 5, 15, LOSE, r
29, 8, 240, 2021-02-06T09:30:33+00:00, 3, 0, WIN, r
30, 1, 240, 2021-02-06T09:35:54+00:00, 6, 1, WIN, r
30, 2, 240, 2021-02-06T09:41:02+00:00, 2, 12, LOSE, r
30, 3, 240, 2021-02-06T09:46:08+00:00, 3, 14, LOSE, r
30, 4, 240, 2021-02-06T09:51:12+00:00, 1, 11, LOSE, r
30, 5, 240, 2021-02-06T09:56:16+00:00, 1, 11, LOSE, r
30, 6, 240, 2021-02-06T10:01:23+00:00, 2, 12, LOSE, r
30, 7, 240, 2021-02-06T10:06:30+00:00, 2, 14, LOSE, r
30, 8, 240, 2021-02-06T10:11:37+00:00, 1, 0, WIN, r
31, 1, 240, 2021-02-06T10:16:57+00:00, 3, 1, WIN, r
31, 2, 240, 2021-02-06T10:22:04+00:00, 12, 9, WIN, r
31, 3, 240, 2021-02-06T10:27:11+00:00, 1, 11, LOSE, r
31, 4, 240, 2021-02-06T10:32:17+00:00, 6, 17, LOSE, r
31, 5, 240, 2021-02-06T10:37:22+00:00, 11, 18, LOSE, r
31, 6, 240, 2021-02-06T10:42:28+00:00, 4, 16, LOSE, r
31, 7, 240, 2021-02-06T10:47:35+00:00, 2, 14, LOSE, r
31, 8, 240, 2021-02-06T10:52:42+00:00, 9, 3, WIN, r
32, 1, 240, 2021-02-06T10:58:04+00:00, 6, 12, LOSE, r
32, 2, 240, 2021-02-06T11:03:08+00:00, 0, 12, LOSE, r
32, 3, 240, 2021-02-06T11:08:14+00:00, 14, 14, LOSE, r
32, 4, 240, 2021-02-06T11:13:18+00:00, 1, 13, LOSE, r
32, 5, 240, 2021-02-06T11:18:25+00:00, 1, 11, LOSE, r
32, 6, 240, 2021-02-06T11:23:31+00:00, 3, 16, LOSE, r
32, 7, 240, 2021-02-06T11:28:35+00:00, 5, 15, LOSE, r
32, 8, 240, 2021-02-06T11:33:40+00:00, 7, 4, WIN, r
33, 1, 240, 2021-02-06T11:38:56+00:00, 3, 1, WIN, r
33, 2, 240, 2021-02-06T11:44:03+00:00, 8, 2, WIN, r
33, 3, 240, 2021-02-06T11:49:10+00:00, 19, 12, WIN, r
33, 4, 240, 2021-02-06T11:54:17+00:00, 1, 11, LOSE, r
33, 5, 240, 2021-02-06T11:59:23+00:00, 3, 14, LOSE, r
33, 6, 240, 2021-02-06T12:04:27+00:00, 2, 14, LOSE, r
33, 7, 240, 2021-02-06T12:09:36+00:00, 0, 10, LOSE, r
33, 8, 240, 2021-02-06T12:14:43+00:00, 3, 13, LOSE, r
34, 1, 240, 2021-02-06T12:20:03+00:00, 7, 1, WIN, r
34, 2, 240, 2021-02-06T12:25:09+00:00, 1, 13, LOSE, r
34, 3, 240, 2021-02-06T12:30:13+00:00, 8, 15, LOSE, r
34, 4, 240, 2021-02-06T12:35:20+00:00, 3, 13, LOSE, r
34, 5, 240, 2021-02-06T12:40:24+00:00, 1, 14, LOSE, r
34, 6, 240, 2021-02-06T12:45:30+00:00, 5, 15, LOSE, r
34, 7, 240, 2021-02-06T12:50:34+00:00, 9, 19, LOSE, r
34, 8, 240, 2021-02-06T12:55:39+00:00, 2, 12, LOSE, r
35, 1, 240, 2021-02-06T13:00:58+00:00, 5, 1, WIN, r
35, 2, 240, 2021-02-06T13:06:05+00:00, 9, 12, LOSE, r
35, 3, 240, 2021-02-06T13:11:13+00:00, 13, 13, LOSE, r
35, 4, 240, 2021-02-06T13:16:19+00:00, 5, 16, LOSE, r
35, 5, 240, 2021-02-06T13:21:26+00:00, 11, 23, LOSE, r
35, 6, 240, 2021-02-06T13:26:32+00:00, 4, 16, LOSE, r
35, 7, 240, 2021-02-06T13:31:41+00:00, 12, 22, LOSE, r
35, 8, 240, 2021-02-06T13:36:48+00:00, 11, 12, LOSE, r
36, 1, 240, 2021-02-06T13:42:06+00:00, 16, 17, LOSE, r
36, 2, 240, 2021-02-06T13:47:13+00:00, 10, 12, LOSE, r
36, 3, 240, 2021-02-06T13:52:19+00:00, 14, 12, WIN, r
36, 4, 240, 2021-02-06T13:57:23+00:00, 2, 15, LOSE, r
36, 5, 240, 2021-02-06T14:02:30+00:00, 2, 12, LOSE, r
36, 6, 240, 2021-02-06T14:07:34+00:00, 3, 14, LOSE, r
36, 7, 240, 2021-02-06T14:12:41+00:00, 3, 17, LOSE, r
36, 8, 240, 2021-02-06T14:17:48+00:00, 3, 3, LOSE, r
37, 1, 240, 2021-02-06T14:23:10+00:00, 11, 9, WIN, r
37, 2, 240, 2021-02-06T14:28:17+00:00, 8, 5, WIN, r
37, 3, 240, 2021-02-06T14:33:23+00:00, 1, 13, LOSE, r
37, 4, 240, 2021-02-06T14:38:30+00:00, 7, 18, LOSE, r
37, 5, 240, 2021-02-06T14:43:34+00:00, 14, 20, LOSE, r
37, 6, 240, 2021-02-06T14:48:40+00:00, 13, 18, LOSE, r
37, 7, 240, 2021-02-06T14:53:44+00:00, 2, 14, LOSE, r
37, 8, 240, 2021-02-06T14:58:49+00:00, 4, 10, LOSE, r
38, 1, 240, 2021-02-06T15:04:09+00:00, 3, 1, WIN, r
38, 2, 240, 2021-02-06T15:09:15+00:00, 8, 12, LOSE, r
38, 3, 240, 2021-02-06T15:14:24+00:00, 5, 16, LOSE, r
38, 4, 240, 2021-02-06T15:19:30+00:00, 0, 11, LOSE, r
38, 5, 240, 2021-02-06T15:24:38+00:00, 10, 15, LOSE, r
38, 6, 240, 2021-02-06T15:29:45+00:00, 3, 14, LOSE, r
38, 7, 240, 2021-02-06T15:34:52+00:00, 4, 14, LOSE, r
38, 8, 240, 2021-02-06T15:39:59+00:00, 4, 4, LOSE, r
39, 1, 240, 2021-02-06T15:45:20+00:00, 5, 1, WIN, r
39, 2, 240, 2021-02-06T15:50:24+00:00, 5, 13, LOSE, r
39, 3, 240, 2021-02-06T15:55:28+00:00, 2, 12, LOSE, r
39, 4, 240, 2021-02-06T16:00:35+00:00, 7, 17, LOSE, r
39, 5, 240, 2021-02-06T16:05:42+00:00, 8, 19, LOSE, r
39, 6, 240, 2021-02-06T16:10:48+00:00, 1, 13, LOSE, r
39, 7, 240, 2021-02-06T16:15:52+00:00, 0, 11, LOSE, r
39, 8, 240, 2021-02-06T16:21:00+00:00, 2, 0, WIN, r
40, 1, 240, 2021-02-06T16:26:22+00:00, 3, 1, WIN, r
40, 2, 240, 2021-02-06T16:31:27+00:00, 2, 12, LOSE, r
40, 3, 240, 2021-02-06T16:36:33+00:00, 2, 13, LOSE, r
40, 4, 240, 2021-02-06T16:41:39+00:00, 2, 14, LOSE, r
40, 5, 240, 2021-02-06T16:46:44+00:00, 11, 15, LOSE, r
40, 6, 240, 2021-02-06T16:51:50+00:00, 11, 17, LOSE, r
40, 7, 240, 2021-02-06T16:56:57+00:00, 2, 12, LOSE, r
40, 8, 240, 2021-02-06T17:02:04+00:00, 9, 14, LOSE, r
41, 1, 240, 2021-02-06T17:07:24+00:00, 3, 2, WIN, r
41, 2, 240, 2021-02-06T17:12:31+00:00, 11, 12, LOSE, r
41, 3, 240, 2021-02-06T17:17:37+00:00, 2, 12, LOSE, r
41, 4, 240, 2021-02-06T17:22:45+00:00, 5, 18, LOSE, r
41, 5, 240, 2021-02-06T17:27:49+00:00, 3, 15, LOSE, r
41, 6, 240, 2021-02-06T17:32:56+00:00, 1, 11, LOSE, r
41, 7, 240, 2021-02-06T17:38:03+00:00, 2, 15, LOSE, r
41, 8, 240, 2021-02-06T17:43:10+00:00, 3, 0, WIN, r
42, 1, 240, 2021-02-06T17:48:29+00:00, 3, 1, WIN, r
42, 2, 240, 2021-02-06T17:53:35+00:00, 7, 10, LOSE, r
42, 3, 240, 2021-02-06T17:58:42+00:00, 2, 12, LOSE, r
42, 4, 240, 2021-02-06T18:03:47+00:00, 2, 12, LOSE, r
42, 5, 240, 2021-02-06T18:08:53+00:00, 0, 11, LOSE, r
42, 6, 240, 2021-02-06T18:14:00+00:00, 4, 16, LOSE, r
42, 7, 240, 2021-02-06T18:19:04+00:00, 1, 11, LOSE, r
42, 8, 240, 2021-02-06T18:24:12+00:00, 3, 0, WIN, r
43, 1, 240, 2021-02-06T18:29:33+00:00, 4, 1, WIN, r
43, 2, 240, 2021-02-06T18:34:39+00:00, 10, 5, WIN, r
43, 3, 240, 2021-02-06T18:39:46+00:00, 2, 12, LOSE, r
43, 4, 240, 2021-02-06T18:44:50+00:00, 9, 19, LOSE, r
43, 5, 240, 2021-02-06T18:49:54+00:00, 4, 16, LOSE, r
43, 6, 240, 2021-02-06T18:54:58+00:00, 2, 14, LOSE, r
43, 7, 240, 2021-02-06T19:00:04+00:00, 9, 19, LOSE, r
43, 8, 240, 2021-02-06T19:05:12+00:00, 2, 0, WIN, r
44, 1, 240, 2021-02-06T19:10:32+00:00, 8, 2, WIN, r
44, 2, 240, 2021-02-06T19:15:38+00:00, 12, 13, LOSE, r
44, 3, 240, 2021-02-06T19:20:44+00:00, 4, 14, LOSE, r
44, 4, 240, 2021-02-06T19:25:49+00:00, 3, 14, LOSE, r
44, 5, 240, 2021-02-06T19:30:56+00:00, 3, 14, LOSE, r
44, 6, 240, 2021-02-06T19:36:03+00:00, 3, 13, LOSE, r
44, 7, 240, 2021-02-06T19:41:09+00:00, 1, 11, LOSE, r
44, 8, 240, 2021-02-06T19:46:17+00:00, 3, 0, WIN, r
45, 1, 240, 2021-02-06T19:51:35+00:00, 7, 7, LOSE, r
45, 2, 240, 2021-02-06T19:56:42+00:00, 1, 12, LOSE, r
45, 3, 240, 2021-02-06T20:01:49+00:00, 1, 12, LOSE, r
45, 4, 240, 2021-02-06T20:06:53+00:00, 2, 14, LOSE, r
45, 5, 240, 2021-02-06T20:11:59+00:00, 12, 22, LOSE, r
45, 6, 240, 2021-02-06T20:17:05+00:00, 4, 14, LOSE, r
45, 7, 240, 2021-02-06T20:22:12+00:00, 3, 15, LOSE, r
45, 8, 240, 2021-02-06T20:27:20+00:00, 3, 6, LOSE, r
46, 1, 240, 2021-02-06T20:32:37+00:00, 9, 9, LOSE, r
46, 2, 240, 2021-02-06T20:37:41+00:00, 7, 1, WIN, r
46, 3, 240, 2021-02-06T20:42:47+00:00, 2, 12, LOSE, r
46, 4, 240, 2021-02-06T20:47:54+00:00, 6, 17, LOSE, r
46, 5, 240, 2021-02-06T20:53:01+00:00, 0, 10, LOSE, r
46, 6, 240, 2021-02-06T20:58:08+00:00, 3, 13, LOSE, r
46, 7, 240, 2021-02-06T21:03:15+00:00, 1, 11, LOSE, r
46, 8, 240, 2021-02-06T21:08:22+00:00, 4, 0, WIN, r
47, 1, 240, 2021-02-06T21:13:42+00:00, 3, 2, WIN, r
47, 2, 240, 2021-02-06T21:18:48+00:00, 12, 2, WIN, r
47, 3, 240, 2021-02-06T21:23:54+00:00, 2, 13, LOSE, r
47, 4, 240, 2021-02-06T21:29:01+00:00, 2, 14, LOSE, r
47, 5, 240, 2021-02-06T21:34:08+00:00, 1, 11, LOSE, r
47, 6, 240, 2021-02-06T21:39:14+00:00, 2, 12, LOSE, r
47, 7, 240, 2021-02-06T21:44:23+00:00, 17, 6, WIN, r
47, 8, 240, 2021-02-06T21:49:30+00:00, 3, 3, LOSE, r
48, 1, 240, 2021-02-06T21:54:50+00:00, 4, 4, LOSE, r
48, 2, 240, 2021-02-06T21:59:55+00:00, 12, 10, WIN, r
48, 3, 240, 2021-02-06T22:05:01+00:00, 2, 12, LOSE, r
48, 4, 240, 2021-02-06T22:10:08+00:00, 6, 16, LOSE, r
48, 5, 240, 2021-02-06T22:15:12+00:00, 5, 16, LOSE, r
48, 6, 240, 2021-02-06T22:20:18+00:00, 4, 7, LOSE, r
48, 7, 240, 2021-02-06T22:25:25+00:00, 2, 14, LOSE, r
48, 8, 240, 2021-02-06T22:30:29+00:00, 3, 0, WIN, r
49, 1, 240, 2021-02-06T22:35:50+00:00, 4, 1, WIN, r
49, 2, 240, 2021-02-06T22:40:56+00:00, 1, 12, LOSE, r
49, 3, 240, 2021-02-06T22:46:03+00:00, 9, 15, LOSE, r
49, 4, 240, 2021-02-06T22:51:10+00:00, 2, 15, LOSE, r
49, 5, 240, 2021-02-06T22:56:14+00:00, 1, 11, LOSE, r
49, 6, 240, 2021-02-06T23:01:21+00:00, 4, 14, LOSE, r
49, 7, 240, 2021-02-06T23:06:25+00:00, 6, 15, LOSE, r
49, 8, 240, 2021-02-06T23:11:29+00:00, 3, 0, WIN, r
50, 1, 240, 2021-02-06T23:16:49+00:00, 6, 1, WIN, r
50, 2, 240, 2021-02-06T23:21:55+00:00, 5, 11, LOSE, r
50, 3, 240, 2021-02-06T23:27:02+00:00, 13, 14, LOSE, r
50, 4, 240, 2021-02-06T23:32:06+00:00, 5, 15, LOSE, r
50, 5, 240, 2021-02-06T23:37:13+00:00, 2, 12, LOSE, r
50, 6, 240, 2021-02-06T23:42:17+00:00, 15, 16, LOSE, r
50, 7, 240, 2021-02-06T23:47:21+00:00, 1, 14, LOSE, r
50, 8, 240, 2021-02-06T23:52:25+00:00, 3, 3, LOSE, r
51, 1, 240, 2021-02-06T23:57:45+00:00, 3, 1, WIN, r
51, 2, 240, 2021-02-07T00:02:49+00:00, 8, 5, WIN, r
51, 3, 240, 2021-02-07T00:07:56+00:00, 2, 13, LOSE, r
51, 4, 240, 2021-02-07T00:13:02+00:00, 2, 14, LOSE, r
51, 5, 240, 2021-02-07T00:18:09+00:00, 1, 11, LOSE, r
51, 6, 240, 2021-02-07T00:23:15+00:00, 5, 15, LOSE, r
51, 7, 240, 2021-02-07T00:28:20+00:00, 5, 15, LOSE, r
51, 8, 240, 2021-02-07T00:33:24+00:00, 6, 1, WIN, r
52, 1, 240, 2021-02-07T00:38:45+00:00, 6, 1, WIN, r
52, 2, 240, 2021-02-07T00:43:49+00:00, 3, 9, LOSE, r
52, 3, 240, 2021-02-07T00:48:55+00:00, 2, 13, LOSE, r
52, 4, 240, 2021-02-07T00:53:59+00:00, 7, 18, LOSE, r
52, 5, 240, 2021-02-07T00:59:06+00:00, 0, 13, LOSE, r
52, 6, 240, 2021-02-07T01:04:10+00:00, 11, 12, LOSE, r
52, 7, 240, 2021-02-07T01:09:14+00:00, 5, 15, LOSE, r
52, 8, 240, 2021-02-07T01:14:21+00:00, 10, 5, WIN, r
53, 1, 240, 2021-02-07T01:19:41+00:00, 4, 1, WIN, r
53, 2, 240, 2021-02-07T01:24:48+00:00, 13, 10, WIN, r
53, 3, 240, 2021-02-07T01:29:54+00:00, 1, 12, LOSE, r
53, 4, 240, 2021-02-07T01:35:01+00:00, 7, 17, LOSE, r
53, 5, 240, 2021-02-07T01:40:08+00:00, 4, 16, LOSE, r
53, 6, 240, 2021-02-07T01:45:15+00:00, 14, 3, WIN, r
53, 7, 240, 2021-02-07T01:50:22+00:00, 14, 19, LOSE, r
53, 8, 240, 2021-02-07T01:55:27+00:00, 3, 3, LOSE, r
54, 1, 240, 2021-02-07T02:00:47+00:00, 8, 9, LOSE, r
54, 2, 240, 2021-02-07T02:05:53+00:00, 11, 9, WIN, r
54, 3, 240, 2021-02-07T02:10:59+00:00, 0, 10, LOSE, r
54, 4, 240, 2021-02-07T02:16:06+00:00, 0, 11, LOSE, r
54, 5, 240, 2021-02-07T02:21:12+00:00, 10, 21, LOSE, r
54, 6, 240, 2021-02-07T02:26:19+00:00, 4, 16, LOSE, r
54, 7, 240, 2021-02-07T02:31:26+00:00, 6, 16, LOSE, r
54, 8, 240, 2021-02-07T02:36:30+00:00, 3, 14, LOSE, r
55, 1, 240, 2021-02-07T02:41:48+00:00, 5, 1, WIN, r
55, 2, 240, 2021-02-07T02:46:52+00:00, 0, 12, LOSE, r
55, 3, 240, 2021-02-07T02:51:56+00:00, 5, 16, LOSE, r
55, 4, 240, 2021-02-07T02:57:03+00:00, 4, 14, LOSE, r
55, 5, 240, 2021-02-07T03:02:10+00:00, 12, 19, LOSE, r
55, 6, 240, 2021-02-07T03:07:17+00:00, 8, 20, LOSE, r
55, 7, 240, 2021-02-07T03:12:24+00:00, 1, 12, LOSE, r
55, 8, 240, 2021-02-07T03:17:31+00:00, 2, 15, LOSE, r
56, 1, 240, 2021-02-07T03:22:49+00:00, 3, 1, WIN, r
56, 2, 240, 2021-02-07T03:27:53+00:00, 2, 12, LOSE, r
56, 3, 240, 2021-02-07T03:32:59+00:00, 10, 7, WIN, r
56, 4, 240, 2021-02-07T03:38:05+00:00, 1, 13, LOSE, r
56, 5, 240, 2021-02-07T03:43:12+00:00, 12, 22, LOSE, r
56, 6, 240, 2021-02-07T03:48:16+00:00, 4, 16, LOSE, r
56, 7, 240, 2021-02-07T03:53:22+00:00, 3, 14, LOSE, r
56, 8, 240, 2021-02-07T03:58:32+00:00, 2, 3, LOSE, r
57, 1, 240, 2021-02-07T04:03:49+00:00, 7, 1, WIN, r
57, 2, 240, 2021-02-07T04:08:56+00:00, 11, 1, WIN, r
57, 3, 240, 2021-02-07T04:14:02+00:00, 2, 12, LOSE, r
57, 4, 240, 2021-02-07T04:19:08+00:00, 17, 17, LOSE, r
57, 5, 240, 2021-02-07T04:24:15+00:00, 12, 22, LOSE, r
57, 6, 240, 2021-02-07T04:29:21+00:00, 1, 13, LOSE, r
57, 7, 240, 2021-02-07T04:34:28+00:00, 2, 12, LOSE, r
57, 8, 240, 2021-02-07T04:39:36+00:00, 3, 0, WIN, r
58, 1, 240, 2021-02-07T04:44:55+00:00, 5, 1, WIN, r
58, 2, 240, 2021-02-07T04:50:01+00:00, 11, 1, WIN, r
58, 3, 240, 2021-02-07T04:55:08+00:00, 13, 12, WIN, r
58, 4, 240, 2021-02-07T05:00:15+00:00, 5, 16, LOSE, r
58, 5, 240, 2021-02-07T05:05:19+00:00, 13, 18, LOSE, r
58, 6, 240, 2021-02-07T05:10:26+00:00, 3, 14, LOSE, r
58, 7, 240, 2021-02-07T05:15:31+00:00, 1, 15, LOSE, r
58, 8, 240, 2021-02-07T05:20:35+00:00, 3, 3, LOSE, r
59, 1, 240, 2021-02-07T05:25:52+00:00, 6, 1, WIN, r
59, 2, 240, 2021-02-07T05:30:59+00:00, 2, 8, LOSE, r
59, 3, 240, 2021-02-07T05:36:05+00:00, 7, 13, LOSE, r
59, 4, 240, 2021-02-07T05:41:09+00:00, 11, 16, LOSE, r
59, 5, 240, 2021-02-07T05:46:16+00:00, 11, 21, LOSE, r
59, 6, 240, 2021-02-07T05:51:19+00:00, 14, 20, LOSE, r
59, 7, 240, 2021-02-07T05:56:26+00:00, 2, 14, LOSE, r
59, 8, 240, 2021-02-07T06:01:33+00:00, 2, 0, WIN, r
60, 1, 240, 2021-02-07T06:06:55+00:00, 5, 1, WIN, r
60, 2, 240, 2021-02-07T06:12:01+00:00, 1, 12, LOSE, r
60, 3, 240, 2021-02-07T06:17:10+00:00, 2, 12, LOSE, r
60, 4, 240, 2021-02-07T06:22:17+00:00, 1, 11, LOSE, r
60, 5, 240, 2021-02-07T06:27:23+00:00, 1, 11, LOSE, r
60, 6, 240, 2021-02-07T06:32:30+00:00, 9, 17, LOSE, r
60, 7, 240, 2021-02-07T06:37:37+00:00, 3, 13, LOSE, r
60, 8, 240, 2021-02-07T06:42:41+00:00, 5, 0, WIN, r
61, 1, 240, 2021-02-07T06:47:58+00:00, 9, 12, LOSE, r
61, 2, 240, 2021-02-07T06:53:05+00:00, 14, 9, WIN, r
61, 3, 240, 2021-02-07T06:58:11+00:00, 1, 13, LOSE, r
61, 4, 240, 2021-02-07T07:03:18+00:00, 2, 14, LOSE, r
61, 5, 240, 2021-02-07T07:08:22+00:00, 3, 14, LOSE, r
61, 6, 240, 2021-02-07T07:13:30+00:00, 0, 10, LOSE, r
61, 7, 240, 2021-02-07T07:18:37+00:00, 5, 15, LOSE, r
61, 8, 240, 2021-02-07T07:23:44+00:00, 3, 3, LOSE, r
62, 1, 240, 2021-02-07T07:29:05+00:00, 4, 9, LOSE, r
62, 2, 240, 2021-02-07T07:34:11+00:00, 7, 10, LOSE, r
62, 3, 240, 2021-02-07T07:39:18+00:00, 5, 15, LOSE, r
62, 4, 240, 2021-02-07T07:44:25+00:00, 3, 14, LOSE, r
62, 5, 240, 2021-02-07T07:49:32+00:00, 2, 15, LOSE, r
62, 6, 240, 2021-02-07T07:54:38+00:00, 11, 21, LOSE, r
62, 7, 240, 2021-02-07T07:59:42+00:00, 2, 15, LOSE, r
62, 8, 240, 2021-02-07T08:04:47+00:00, 8, 2, WIN, r
63, 1, 240, 2021-02-07T08:10:04+00:00, 3, 1, WIN, r
63, 2, 240, 2021-02-07T08:15:11+00:00, 12, 7, WIN, r
63, 3, 240, 2021-02-07T08:20:17+00:00, 2, 13, LOSE, r
63, 4, 240, 2021-02-07T08:25:24+00:00, 2, 15, LOSE, r
63, 5, 240, 2021-02-07T08:30:32+00:00, 4, 16, LOSE, r
63, 6, 240, 2021-02-07T08:35:39+00:00, 3, 14, LOSE, r
63, 7, 240, 2021-02-07T08:40:47+00:00, 2, 12, LOSE, r
63, 8, 240, 2021-02-07T08:45:55+00:00, 3, 0, WIN, r
64, 1, 240, 2021-02-07T08:51:15+00:00, 4, 2, WIN, r
64, 2, 240, 2021-02-07T08:56:21+00:00, 8, 10, LOSE, r
64, 3, 240, 2021-02-07T09:01:27+00:00, 4, 14, LOSE, r
64, 4, 240, 2021-02-07T09:06:31+00:00, 7, 17, LOSE, r
64, 5, 240, 2021-02-07T09:11:37+00:00, 0, 10, LOSE, r
64, 6, 240, 2021-02-07T09:16:44+00:00, 6, 17, LOSE, r
64, 7, 240, 2021-02-07T09:21:48+00:00, 2, 14, LOSE, r
64, 8, 240, 2021-02-07T09:26:55+00:00, 4, 0, WIN, r
65, 1, 240, 2021-02-07T09:32:15+00:00, 5, 1, WIN, r
65, 2, 240, 2021-02-07T09:37:22+00:00, 8, 5, WIN, r
65, 3, 240, 2021-02-07T09:42:28+00:00, 15, 13, WIN, r
65, 4, 240, 2021-02-07T09:47:32+00:00, 2, 15, LOSE, r
65, 5, 240, 2021-02-07T09:52:40+00:00, 3, 14, LOSE, r
65, 6, 240, 2021-02-07T09:57:44+00:00, 2, 14, LOSE, r
65, 7, 240, 2021-02-07T10:02:50+00:00, 8, 10, LOSE, r
65, 8, 240, 2021-02-07T10:07:55+00:00, 2, 12, LOSE, r
66, 1, 240, 2021-02-07T10:13:15+00:00, 4, 1, WIN, r
66, 2, 240, 2021-02-07T10:18:19+00:00, 4, 10, LOSE, r
66, 3, 240, 2021-02-07T10:23:23+00:00, 2, 12, LOSE, r
66, 4, 240, 2021-02-07T10:28:30+00:00, 3, 6, LOSE, r
66, 5, 240, 2021-02-07T10:33:34+00:00, 14, 17, LOSE, r
66, 6, 240, 2021-02-07T10:38:40+00:00, 13, 18, LOSE, r
66, 7, 240, 2021-02-07T10:43:44+00:00, 6, 17, LOSE, r
66, 8, 240, 2021-02-07T10:48:51+00:00, 7, 11, LOSE, r
67, 1, 240, 2021-02-07T10:54:09+00:00, 3, 1, WIN, r
67, 2, 240, 2021-02-07T10:59:15+00:00, 12, 12, LOSE, r
67, 3, 240, 2021-02-07T11:04:22+00:00, 2, 13, LOSE, r
67, 4, 240, 2021-02-07T11:09:29+00:00, 4, 14, LOSE, r
67, 5, 240, 2021-02-07T11:14:38+00:00, 1, 11, LOSE, r
67, 6, 240, 2021-02-07T11:19:45+00:00, 9, 20, LOSE, r
67, 7, 240, 2021-02-07T11:24:51+00:00, 14, 19, LOSE, r
67, 8, 240, 2021-02-07T11:29:58+00:00, 4, 0, WIN, r
68, 1, 240, 2021-02-07T11:35:19+00:00, 3, 1, WIN, r
68, 2, 240, 2021-02-07T11:40:24+00:00, 2, 12, LOSE, r
68, 3, 240, 2021-02-07T11:45:31+00:00, 4, 14, LOSE, r
68, 4, 240, 2021-02-07T11:50:38+00:00, 2, 12, LOSE, r
68, 5, 240, 2021-02-07T11:55:45+00:00, 0, 12, LOSE, r
68, 6, 240, 2021-02-07T12:00:52+00:00, 12, 22, LOSE, r
68, 7, 240, 2021-02-07T12:05:59+00:00, 6, 17, LOSE, r
68, 8, 240, 2021-02-07T12:11:04+00:00, 4, 4, LOSE, r
69, 1, 240, 2021-02-07T12:16:21+00:00, 7, 1, WIN, r
69, 2, 240, 2021-02-07T12:21:28+00:00, 2, 12, LOSE, r
69, 3, 240, 2021-02-07T12:26:32+00:00, 13, 7, WIN, r
69, 4, 240, 2021-02-07T12:31:35+00:00, 2, 13, LOSE, r
69, 5, 240, 2021-02-07T12:36:42+00:00, 0, 10, LOSE, r
69, 6, 240, 2021-02-07T12:41:47+00:00, 8, 20, LOSE, r
69, 7, 240, 2021-02-07T12:46:51+00:00, 2, 12, LOSE, r
69, 8, 240, 2021-02-07T12:51:59+00:00, 3, 0, WIN, r
70, 1, 240, 2021-02-07T12:57:19+00:00, 10, 0, WIN, r
70, 2, 240, 2021-02-07T13:02:23+00:00, 5, 2, WIN, r
70, 3, 240, 2021-02-07T13:07:29+00:00, 7, 11, LOSE, r
70, 4, 240, 2021-02-07T13:12:33+00:00, 5, 17, LOSE, r
70, 5, 240, 2021-02-07T13:17:40+00:00, 2, 14, LOSE, r
70, 6, 240, 2021-02-07T13:22:47+00:00, 13, 18, LOSE, r
70, 7, 240, 2021-02-07T13:27:51+00:00, 0, 11, LOSE, r
70, 8, 240, 2021-02-07T13:32:58+00:00, 6, 3, WIN, r
71, 1, 240, 2021-02-07T13:38:15+00:00, 4, 1, WIN, r
71, 2, 240, 2021-02-07T13:43:21+00:00, 13, 12, WIN, r
71, 3, 240, 2021-02-07T13:48:28+00:00, 9, 12, LOSE, r
71, 4, 240, 2021-02-07T13:53:35+00:00, 1, 13, LOSE, r
71, 5, 240, 2021-02-07T13:58:42+00:00, 2, 12, LOSE, r
71, 6, 240, 2021-02-07T14:03:49+00:00, 1, 13, LOSE, r
71, 7, 240, 2021-02-07T14:08:55+00:00, 2, 12, LOSE, r
71, 8, 240, 2021-02-07T14:13:59+00:00, 3, 3, LOSE, r
72, 1, 240, 2021-02-07T14:19:20+00:00, 3, 1, WIN, r
72, 2, 240, 2021-02-07T14:24:27+00:00, 9, 10, LOSE, r
72, 3, 240, 2021-02-07T14:29:34+00:00, 11, 11, LOSE, r
72, 4, 240, 2021-02-07T14:34:40+00:00, 9, 16, LOSE, r
72, 5, 240, 2021-02-07T14:39:49+00:00, 10, 21, LOSE, r
72, 6, 240, 2021-02-07T14:44:56+00:00, 14, 17, LOSE, r
72, 7, 240, 2021-02-07T14:50:03+00:00, 14, 20, LOSE, r
72, 8, 240, 2021-02-07T14:55:13+00:00, 4, 0, WIN, r
73, 1, 240, 2021-02-07T15:00:34+00:00, 3, 1, WIN, r
73, 2, 240, 2021-02-07T15:05:40+00:00, 10, 2, WIN, r
73, 3, 240, 2021-02-07T15:10:47+00:00, 1, 11, LOSE, r
73, 4, 240, 2021-02-07T15:15:54+00:00, 2, 14, LOSE, r
73, 5, 240, 2021-02-07T15:21:00+00:00, 0, 10, LOSE, r
73, 6, 240, 2021-02-07T15:26:07+00:00, 2, 14, LOSE, r
73, 7, 240, 2021-02-07T15:31:14+00:00, 3, 14, LOSE, r
73, 8, 240, 2021-02-07T15:36:21+00:00, 3, 4, LOSE, r
74, 1, 240, 2021-02-07T15:41:38+00:00, 5, 1, WIN, r
74, 2, 240, 2021-02-07T15:46:45+00:00, 4, 12, LOSE, r
74, 3, 240, 2021-02-07T15:51:49+00:00, 2, 12, LOSE, r
74, 4, 240, 2021-02-07T15:56:58+00:00, 0, 11, LOSE, r
74, 5, 240, 2021-02-07T16:02:02+00:00, 1, 11, LOSE, r
74, 6, 240, 2021-02-07T16:07:06+00:00, 15, 16, LOSE, r
74, 7, 240, 2021-02-07T16:12:12+00:00, 4, 17, LOSE, r
74, 8, 240, 2021-02-07T16:17:21+00:00, 5, 3, WIN, r
75, 1, 240, 2021-02-07T16:22:41+00:00, 6, 1, WIN, r
75, 2, 240, 2021-02-07T16:27:48+00:00, 8, 7, WIN, r
75, 3, 240, 2021-02-07T16:32:55+00:00, 9, 11, LOSE, r
75, 4, 240, 2021-02-07T16:38:02+00:00, 2, 12, LOSE, r
75, 5, 240, 2021-02-07T16:43:06+00:00, 1, 13, LOSE, r
75, 6, 240, 2021-02-07T16:48:13+00:00, 2, 14, LOSE, r
75, 7, 240, 2021-02-07T16:53:20+00:00, 1, 11, LOSE, r
75, 8, 240, 2021-02-07T16:58:27+00:00, 5, 3, WIN, r
76, 1, 240, 2021-02-07T17:03:47+00:00, 3, 1, WIN, r
76, 2, 240, 2021-02-07T17:08:53+00:00, 3, 13, LOSE, r
76, 3, 240, 2021-02-07T17:13:57+00:00, 2, 12, LOSE, r
76, 4, 240, 2021-02-07T17:19:01+00:00, 3, 13, LOSE, r
76, 5, 240, 2021-02-07T17:24:07+00:00, 2, 14, LOSE, r
76, 6, 240, 2021-02-07T17:29:14+00:00, 0, 11, LOSE, r
76, 7, 240, 2021-02-07T17:34:18+00:00, 7, 19, LOSE, r
76, 8, 240, 2021-02-07T17:39:22+00:00, 3, 6, LOSE, r
77, 1, 240, 2021-02-07T17:44:45+00:00, 5, 1, WIN, r
77, 2, 240, 2021-02-07T17:49:49+00:00, 2, 12, LOSE, r
77, 3, 240, 2021-02-07T17:54:55+00:00, 6, 12, LOSE, r
77, 4, 240, 2021-02-07T18:00:02+00:00, 4, 16, LOSE, r
77, 5, 240, 2021-02-07T18:05:06+00:00, 11, 20, LOSE, r
77, 6, 240, 2021-02-07T18:10:10+00:00, 6, 11, LOSE, r
77, 7, 240, 2021-02-07T18:15:14+00:00, 15, 15, LOSE, r
77, 8, 240, 2021-02-07T18:20:19+00:00, 3, 0, WIN, r
78, 1, 240, 2021-02-07T18:25:36+00:00, 3, 1, WIN, r
78, 2, 240, 2021-02-07T18:30:43+00:00, 7, 13, LOSE, r
78, 3, 240, 2021-02-07T18:35:50+00:00, 4, 14, LOSE, r
78, 4, 240, 2021-02-07T18:40:57+00:00, 1, 15, LOSE, r
78, 5, 240, 2021-02-07T18:46:07+00:00, 4, 18, LOSE, r
78, 6, 240, 2021-02-07T18:51:11+00:00, 6, 16, LOSE, r
78, 7, 240, 2021-02-07T18:56:18+00:00, 2, 15, LOSE, r
78, 8, 240, 2021-02-07T19:01:25+00:00, 4, 10, LOSE, r
79, 1, 240, 2021-02-07T19:06:43+00:00, 6, 1, WIN, r
79, 2, 240, 2021-02-07T19:11:49+00:00, 10, 9, WIN, r
79, 3, 240, 2021-02-07T19:16:56+00:00, 1, 12, LOSE, r
79, 4, 240, 2021-02-07T19:22:02+00:00, 2, 15, LOSE, r
79, 5, 240, 2021-02-07T19:27:06+00:00, 0, 11, LOSE, r
79, 6, 240, 2021-02-07T19:32:13+00:00, 12, 22, LOSE, r
79, 7, 240, 2021-02-07T19:37:17+00:00, 6, 17, LOSE, r
79, 8, 240, 2021-02-07T19:42:21+00:00, 3, 0, WIN, r
80, 1, 240, 2021-02-07T19:47:41+00:00, 9, 1, WIN, r
80, 2, 240, 2021-02-07T19:52:48+00:00, 16, 10, WIN, r
80, 3, 240, 2021-02-07T19:57:54+00:00, 1, 13, LOSE, r
80, 4, 240, 2021-02-07T20:03:01+00:00, 10, 18, LOSE, r
80, 5, 240, 2021-02-07T20:08:07+00:00, 1, 14, LOSE, r
80, 6, 240, 2021-02-07T20:13:13+00:00, 3, 16, LOSE, r
80, 7, 240, 2021-02-07T20:18:20+00:00, 7, 18, LOSE, r
80, 8, 240, 2021-02-07T20:23:25+00:00, 3, 0, WIN, r
81, 1, 240, 2021-02-07T20:28:47+00:00, 8, 1, WIN, r
81, 2, 240, 2021-02-07T20:33:54+00:00, 2, 12, LOSE, r
81, 3, 240, 2021-02-07T20:39:00+00:00, 8, 12, LOSE, r
81, 4, 240, 2021-02-07T20:44:07+00:00, 4, 14, LOSE, r
81, 5, 240, 2021-02-07T20:49:14+00:00, 11, 20, LOSE, r
81, 6, 240, 2021-02-07T20:54:18+00:00, 12, 17, LOSE, r
81, 7, 240, 2021-02-07T20:59:25+00:00, 10, 13, LOSE, r
81, 8, 240, 2021-02-07T21:04:32+00:00, 4, 3, WIN, r
82, 1, 240, 2021-02-07T21:09:52+00:00, 7, 1, WIN, r
82, 2, 240, 2021-02-07T21:14:58+00:00, 3, 13, LOSE, r
82, 3, 240, 2021-02-07T21:20:05+00:00, 8, 15, LOSE, r
82, 4, 240, 2021-02-07T21:25:09+00:00, 2, 13, LOSE, r
82, 5, 240, 2021-02-07T21:30:14+00:00, 12, 22, LOSE, r
82, 6, 240, 2021-02-07T21:35:18+00:00, 15, 16, LOSE, r
82, 7, 240, 2021-02-07T21:40:25+00:00, 2, 12, LOSE, r
82, 8, 240, 2021-02-07T21:45:34+00:00, 10, 4, WIN, r
83, 1, 240, 2021-02-07T21:50:54+00:00, 4, 1, WIN, r
83, 2, 240, 2021-02-07T21:56:01+00:00, 11, 1, WIN, r
83, 3, 240, 2021-02-07T22:01:07+00:00, 3, 14, LOSE, r
83, 4, 240, 2021-02-07T22:06:14+00:00, 2, 14, LOSE, r
83, 5, 240, 2021-02-07T22:11:20+00:00, 0, 11, LOSE, r
83, 6, 240, 2021-02-07T22:16:26+00:00, 7, 11, LOSE, r
83, 7, 240, 2021-02-07T22:21:31+00:00, 13, 18, LOSE, r
83, 8, 240, 2021-02-07T22:26:38+00:00, 2, 0, WIN, r
84, 1, 240, 2021-02-07T22:31:58+00:00, 2, 1, WIN, r
84, 2, 240, 2021-02-07T22:37:04+00:00, 1, 12, LOSE, r
84, 3, 240, 2021-02-07T22:42:08+00:00, 1, 12, LOSE, r
84, 4, 240, 2021-02-07T22:47:15+00:00, 2, 13, LOSE, r
84, 5, 240, 2021-02-07T22:52:21+00:00, 3, 14, LOSE, r
84, 6, 240, 2021-02-07T22:57:28+00:00, 14, 9, WIN, r
84, 7, 240, 2021-02-07T23:02:35+00:00, 1, 13, LOSE, r
84, 8, 240, 2021-02-07T23:07:42+00:00, 1, 0, WIN, r
85, 1, 240, 2021-02-07T23:12:59+00:00, 9, 9, LOSE, r
85, 2, 240, 2021-02-07T23:18:08+00:00, 11, 6, WIN, r
85, 3, 240, 2021-02-07T23:23:15+00:00, 4, 15, LOSE, r
85, 4, 240, 2021-02-07T23:28:19+00:00, 2, 12, LOSE, r
85, 5, 240, 2021-02-07T23:33:25+00:00, 1, 11, LOSE, r
85, 6, 240, 2021-02-07T23:38:29+00:00, 2, 14, LOSE, r
85, 7, 240, 2021-02-07T23:43:36+00:00, 2, 14, LOSE, r
85, 8, 240, 2021-02-07T23:48:40+00:00, 4, 5, LOSE, r
86, 1, 240, 2021-02-07T23:53:58+00:00, 10, 0, WIN, r
86, 2, 240, 2021-02-07T23:59:05+00:00, 12, 10, WIN, r
86, 3, 240, 2021-02-08T00:04:11+00:00, 7, 14, LOSE, r
86, 4, 240, 2021-02-08T00:09:15+00:00, 2, 15, LOSE, r
86, 5, 240, 2021-02-08T00:14:19+00:00, 7, 18, LOSE, r
86, 6, 240, 2021-02-08T00:19:23+00:00, 14, 3, WIN, r
86, 7, 240, 2021-02-08T00:24:28+00:00, 2, 14, LOSE, r
86, 8, 240, 2021-02-08T00:29:37+00:00, 6, 2, WIN, r
87, 1, 240, 2021-02-08T00:34:59+00:00, 6, 1, WIN, r
87, 2, 240, 2021-02-08T00:40:05+00:00, 6, 9, LOSE, r
87, 3, 240, 2021-02-08T00:45:14+00:00, 2, 12, LOSE, r
87, 4, 240, 2021-02-08T00:50:20+00:00, 3, 13, LOSE, r
87, 5, 240, 2021-02-08T00:55:24+00:00, 9, 16, LOSE, r
87, 6, 240, 2021-02-08T01:00:30+00:00, 12, 22, LOSE, r
87, 7, 240, 2021-02-08T01:05:37+00:00, 9, 19, LOSE, r
87, 8, 240, 2021-02-08T01:10:44+00:00, 0, 10, LOSE, r
88, 1, 240, 2021-02-08T01:16:04+00:00, 3, 1, WIN, r
88, 2, 240, 2021-02-08T01:21:11+00:00, 8, 14, LOSE, r
88, 3, 240, 2021-02-08T01:26:17+00:00, 4, 14, LOSE, r
88, 4, 240, 2021-02-08T01:31:24+00:00, 0, 13, LOSE, r
88, 5, 240, 2021-02-08T01:36:31+00:00, 1, 11, LOSE, r
88, 6, 240, 2021-02-08T01:41:40+00:00, 1, 11, LOSE, r
88, 7, 240, 2021-02-08T01:46:47+00:00, 2, 14, LOSE, r
88, 8, 240, 2021-02-08T01:51:51+00:00, 2, 0, WIN, r
89, 1, 240, 2021-02-08T01:57:11+00:00, 5, 1, WIN, r
89, 2, 240, 2021-02-08T02:02:18+00:00, 13, 10, WIN, r
89, 3, 240, 2021-02-08T02:07:22+00:00, 1, 12, LOSE, r
89, 4, 240, 2021-02-08T02:12:29+00:00, 1, 11, LOSE, r
89, 5, 240, 2021-02-08T02:17:35+00:00, 1, 13, LOSE, r
89, 6, 240, 2021-02-08T02:22:41+00:00, 1, 11, LOSE, r
89, 7, 240, 2021-02-08T02:27:45+00:00, 2, 14, LOSE, r
89, 8, 240, 2021-02-08T02:32:50+00:00, 3, 3, LOSE, r
90, 1, 240, 2021-02-08T02:38:12+00:00, 4, 1, WIN, r
90, 2, 240, 2021-02-08T02:43:19+00:00, 7, 10, LOSE, r
90, 3, 240, 2021-02-08T02:48:25+00:00, 7, 13, LOSE, r
90, 4, 240, 2021-02-08T02:53:30+00:00, 1, 12, LOSE, r
90, 5, 240, 2021-02-08T02:58:34+00:00, 15, 13, WIN, r
90, 6, 240, 2021-02-08T03:03:40+00:00, 5, 15, LOSE, r
90, 7, 240, 2021-02-08T03:08:47+00:00, 0, 12, LOSE, r
90, 8, 240, 2021-02-08T03:13:51+00:00, 2, 13, LOSE, r
91, 1, 240, 2021-02-08T03:19:09+00:00, 6, 1, WIN, r
91, 2, 240, 2021-02-08T03:24:13+00:00, 11, 12, LOSE, r
91, 3, 240, 2021-02-08T03:29:17+00:00, 2, 13, LOSE, r
91, 4, 240, 2021-02-08T03:34:24+00:00, 2, 12, LOSE, r
91, 5, 240, 2021-02-08T03:39:31+00:00, 11, 20, LOSE, r
91, 6, 240, 2021-02-08T03:44:37+00:00, 6, 20, LOSE, r
91, 7, 240, 2021-02-08T03:49:44+00:00, 8, 18, LOSE, r
91, 8, 240, 2021-02-08T03:54:51+00:00, 3, 0, WIN, r
92, 1, 240, 2021-02-08T04:00:12+00:00, 6, 1, WIN, r
92, 2, 240, 2021-02-08T04:05:18+00:00, 3, 13, LOSE, r
92, 3, 240, 2021-02-08T04:10:23+00:00, 4, 14, LOSE, r
92, 4, 240, 2021-02-08T04:15:29+00:00, 11, 16, LOSE, r
92, 5, 240, 2021-02-08T04:20:36+00:00, 2, 13, LOSE, r
92, 6, 240, 2021-02-08T04:25:42+00:00, 9, 19, LOSE, r
92, 7, 240, 2021-02-08T04:30:46+00:00, 3, 14, LOSE, r
92, 8, 240, 2021-02-08T04:35:53+00:00, 8, 3, WIN, r
93, 1, 240, 2021-02-08T04:41:14+00:00, 6, 1, WIN, r
93, 2, 240, 2021-02-08T04:46:20+00:00, 11, 10, WIN, r
93, 3, 240, 2021-02-08T04:51:27+00:00, 11, 15, LOSE, r
93, 4, 240, 2021-02-08T04:56:34+00:00, 2, 15, LOSE, r
93, 5, 240, 2021-02-08T05:01:41+00:00, 2, 14, LOSE, r
93, 6, 240, 2021-02-08T05:06:48+00:00, 7, 18, LOSE, r
93, 7, 240, 2021-02-08T05:11:55+00:00, 2, 12, LOSE, r
93, 8, 240, 2021-02-08T05:17:02+00:00, 8, 3, WIN, r
94, 1, 240, 2021-02-08T05:22:22+00:00, 5, 1, WIN, r
94, 2, 240, 2021-02-08T05:27:28+00:00, 8, 2, WIN, r
94, 3, 240, 2021-02-08T05:32:32+00:00, 0, 12, LOSE, r
94, 4, 240, 2021-02-08T05:37:38+00:00, 14, 11, WIN, r
94, 5, 240, 2021-02-08T05:42:45+00:00, 12, 16, LOSE, r
94, 6, 240, 2021-02-08T05:47:52+00:00, 1, 12, LOSE, r
94, 7, 240, 2021-02-08T05:52:56+00:00, 1, 11, LOSE, r
94, 8, 240, 2021-02-08T05:58:03+00:00, 8, 3, WIN, r
#--> latest commit:b7629e0bc1c5e0294a6741f2155cfb753b20613f 20210208055850 in burger_war_dev
95, 1, 240, 2021-02-08T06:04:47+00:00, 8, 7, WIN, r
95, 2, 240, 2021-02-08T06:09:53+00:00, 19, 14, WIN, r
95, 3, 240, 2021-02-08T06:15:00+00:00, 3, 13, LOSE, r
95, 4, 240, 2021-02-08T06:20:04+00:00, 4, 15, LOSE, r
95, 5, 240, 2021-02-08T06:25:09+00:00, 11, 23, LOSE, r
95, 6, 240, 2021-02-08T06:30:15+00:00, 11, 9, WIN, r
95, 7, 240, 2021-02-08T06:35:21+00:00, 2, 13, LOSE, r
95, 8, 240, 2021-02-08T06:40:26+00:00, 3, 0, WIN, r
96, 1, 240, 2021-02-08T06:45:47+00:00, 3, 1, WIN, r
96, 2, 240, 2021-02-08T06:50:54+00:00, 8, 12, LOSE, r
96, 3, 240, 2021-02-08T06:56:02+00:00, 1, 12, LOSE, r
96, 4, 240, 2021-02-08T07:01:09+00:00, 2, 14, LOSE, r
96, 5, 240, 2021-02-08T07:06:16+00:00, 12, 22, LOSE, r
96, 6, 240, 2021-02-08T07:11:23+00:00, 3, 15, LOSE, r
96, 7, 240, 2021-02-08T07:16:27+00:00, 4, 14, LOSE, r
96, 8, 240, 2021-02-08T07:21:32+00:00, 2, 0, WIN, r
97, 1, 240, 2021-02-08T07:26:52+00:00, 3, 1, WIN, r
97, 2, 240, 2021-02-08T07:31:56+00:00, 13, 10, WIN, r
97, 3, 240, 2021-02-08T07:37:03+00:00, 4, 14, LOSE, r
97, 4, 240, 2021-02-08T07:42:10+00:00, 1, 13, LOSE, r
97, 5, 240, 2021-02-08T07:47:17+00:00, 0, 10, LOSE, r
97, 6, 240, 2021-02-08T07:52:20+00:00, 1, 11, LOSE, r
97, 7, 240, 2021-02-08T07:57:27+00:00, 4, 15, LOSE, r
97, 8, 240, 2021-02-08T08:02:35+00:00, 3, 13, LOSE, r
98, 1, 240, 2021-02-08T08:07:56+00:00, 3, 1, WIN, r
98, 2, 240, 2021-02-08T08:13:03+00:00, 10, 13, LOSE, r
98, 3, 240, 2021-02-08T08:18:10+00:00, 17, 12, WIN, r
98, 4, 240, 2021-02-08T08:23:17+00:00, 6, 16, LOSE, r
98, 5, 240, 2021-02-08T08:28:21+00:00, 2, 12, LOSE, r
98, 6, 240, 2021-02-08T08:33:28+00:00, 6, 16, LOSE, r
98, 7, 240, 2021-02-08T08:38:34+00:00, 2, 14, LOSE, r
98, 8, 240, 2021-02-08T08:43:39+00:00, 6, 0, WIN, r
99, 1, 240, 2021-02-08T08:49:02+00:00, 2, 1, WIN, r
99, 2, 240, 2021-02-08T08:54:07+00:00, 11, 9, WIN, r
99, 3, 240, 2021-02-08T08:59:13+00:00, 1, 12, LOSE, r
99, 4, 240, 2021-02-08T09:04:19+00:00, 9, 19, LOSE, r
99, 5, 240, 2021-02-08T09:09:26+00:00, 13, 18, LOSE, r
99, 6, 240, 2021-02-08T09:14:33+00:00, 2, 12, LOSE, r
99, 7, 240, 2021-02-08T09:19:37+00:00, 7, 19, LOSE, r
99, 8, 240, 2021-02-08T09:24:44+00:00, 5, 0, WIN, r
100, 1, 240, 2021-02-08T09:30:05+00:00, 6, 1, WIN, r
100, 2, 240, 2021-02-08T09:35:12+00:00, 13, 2, WIN, r
100, 3, 240, 2021-02-08T09:40:18+00:00, 7, 13, LOSE, r
100, 4, 240, 2021-02-08T09:45:22+00:00, 4, 15, LOSE, r
100, 5, 240, 2021-02-08T09:50:27+00:00, 1, 11, LOSE, r
100, 6, 240, 2021-02-08T09:55:34+00:00, 8, 19, LOSE, r
100, 7, 240, 2021-02-08T10:00:43+00:00, 2, 14, LOSE, r
100, 8, 240, 2021-02-08T10:05:53+00:00, 4, 7, LOSE, r
101, 1, 240, 2021-02-08T10:11:13+00:00, 6, 9, LOSE, r
101, 2, 240, 2021-02-08T10:16:19+00:00, 15, 12, WIN, r
101, 3, 240, 2021-02-08T10:21:26+00:00, 10, 15, LOSE, r
101, 4, 240, 2021-02-08T10:26:33+00:00, 3, 13, LOSE, r
101, 5, 240, 2021-02-08T10:31:37+00:00, 1, 11, LOSE, r
101, 6, 240, 2021-02-08T10:36:41+00:00, 9, 19, LOSE, r
101, 7, 240, 2021-02-08T10:41:48+00:00, 3, 13, LOSE, r
101, 8, 240, 2021-02-08T10:46:56+00:00, 5, 3, WIN, r
102, 1, 240, 2021-02-08T10:52:18+00:00, 3, 1, WIN, r
102, 2, 240, 2021-02-08T10:57:24+00:00, 10, 12, LOSE, r
102, 3, 240, 2021-02-08T11:02:31+00:00, 1, 12, LOSE, r
102, 4, 240, 2021-02-08T11:07:38+00:00, 3, 14, LOSE, r
102, 5, 240, 2021-02-08T11:12:42+00:00, 2, 12, LOSE, r
102, 6, 240, 2021-02-08T11:17:48+00:00, 4, 16, LOSE, r
102, 7, 240, 2021-02-08T11:22:55+00:00, 2, 14, LOSE, r
102, 8, 240, 2021-02-08T11:28:03+00:00, 6, 0, WIN, r
103, 1, 240, 2021-02-08T11:33:23+00:00, 9, 1, WIN, r
103, 2, 240, 2021-02-08T11:38:30+00:00, 14, 4, WIN, r
103, 3, 240, 2021-02-08T11:43:34+00:00, 2, 13, LOSE, r
103, 4, 240, 2021-02-08T11:48:41+00:00, 4, 14, LOSE, r
103, 5, 240, 2021-02-08T11:53:52+00:00, 7, 18, LOSE, r
103, 6, 240, 2021-02-08T11:58:59+00:00, 12, 22, LOSE, r
103, 7, 240, 2021-02-08T12:04:04+00:00, 3, 14, LOSE, r
103, 8, 240, 2021-02-08T12:09:11+00:00, 5, 0, WIN, r
104, 1, 240, 2021-02-08T12:14:32+00:00, 3, 1, WIN, r
104, 2, 240, 2021-02-08T12:19:39+00:00, 11, 5, WIN, r
104, 3, 240, 2021-02-08T12:24:45+00:00, 2, 13, LOSE, r
104, 4, 240, 2021-02-08T12:29:52+00:00, 2, 14, LOSE, r
104, 5, 240, 2021-02-08T12:34:58+00:00, 14, 17, LOSE, r
104, 6, 240, 2021-02-08T12:40:05+00:00, 5, 15, LOSE, r
104, 7, 240, 2021-02-08T12:45:09+00:00, 2, 15, LOSE, r
104, 8, 240, 2021-02-08T12:50:17+00:00, 7, 5, WIN, r
105, 1, 240, 2021-02-08T12:55:39+00:00, 3, 1, WIN, r
105, 2, 240, 2021-02-08T13:00:46+00:00, 11, 13, LOSE, r
105, 3, 240, 2021-02-08T13:05:55+00:00, 2, 12, LOSE, r
105, 4, 240, 2021-02-08T13:11:02+00:00, 3, 15, LOSE, r
105, 5, 240, 2021-02-08T13:16:10+00:00, 16, 15, WIN, r
105, 6, 240, 2021-02-08T13:21:17+00:00, 5, 16, LOSE, r
105, 7, 240, 2021-02-08T13:26:21+00:00, 3, 13, LOSE, r
105, 8, 240, 2021-02-08T13:31:29+00:00, 3, 10, LOSE, r
106, 1, 240, 2021-02-08T13:36:52+00:00, 5, 1, WIN, r
106, 2, 240, 2021-02-08T13:41:56+00:00, 12, 13, LOSE, r
106, 3, 240, 2021-02-08T13:47:05+00:00, 2, 13, LOSE, r
106, 4, 240, 2021-02-08T13:52:09+00:00, 10, 13, LOSE, r
106, 5, 240, 2021-02-08T13:57:13+00:00, 2, 14, LOSE, r
106, 6, 240, 2021-02-08T14:02:20+00:00, 1, 11, LOSE, r
106, 7, 240, 2021-02-08T14:07:24+00:00, 7, 19, LOSE, r
106, 8, 240, 2021-02-08T14:12:31+00:00, 2, 11, LOSE, r
107, 1, 240, 2021-02-08T14:17:49+00:00, 9, 1, WIN, r
107, 2, 240, 2021-02-08T14:22:56+00:00, 7, 5, WIN, r
107, 3, 240, 2021-02-08T14:28:00+00:00, 1, 12, LOSE, r
107, 4, 240, 2021-02-08T14:33:04+00:00, 1, 14, LOSE, r
107, 5, 240, 2021-02-08T14:38:08+00:00, 12, 22, LOSE, r
107, 6, 240, 2021-02-08T14:43:15+00:00, 3, 16, LOSE, r
107, 7, 240, 2021-02-08T14:48:22+00:00, 4, 15, LOSE, r
107, 8, 240, 2021-02-08T14:53:30+00:00, 6, 0, WIN, r
108, 1, 240, 2021-02-08T14:58:52+00:00, 3, 1, WIN, r
108, 2, 240, 2021-02-08T15:03:58+00:00, 10, 13, LOSE, r
108, 3, 240, 2021-02-08T15:09:05+00:00, 2, 13, LOSE, r
108, 4, 240, 2021-02-08T15:14:11+00:00, 9, 19, LOSE, r
108, 5, 240, 2021-02-08T15:19:18+00:00, 1, 11, LOSE, r
108, 6, 240, 2021-02-08T15:24:25+00:00, 13, 16, LOSE, r
108, 7, 240, 2021-02-08T15:29:29+00:00, 4, 15, LOSE, r
108, 8, 240, 2021-02-08T15:34:33+00:00, 4, 0, WIN, r
109, 1, 240, 2021-02-08T15:39:52+00:00, 5, 1, WIN, r
109, 2, 240, 2021-02-08T15:44:59+00:00, 2, 12, LOSE, r
109, 3, 240, 2021-02-08T15:50:04+00:00, 2, 13, LOSE, r
109, 4, 240, 2021-02-08T15:55:08+00:00, 6, 16, LOSE, r
109, 5, 240, 2021-02-08T16:00:12+00:00, 2, 15, LOSE, r
109, 6, 240, 2021-02-08T16:05:19+00:00, 6, 14, LOSE, r
109, 7, 240, 2021-02-08T16:10:26+00:00, 12, 2, WIN, r
109, 8, 240, 2021-02-08T16:15:35+00:00, 6, 6, LOSE, r
110, 1, 240, 2021-02-08T16:20:56+00:00, 3, 1, WIN, r
110, 2, 240, 2021-02-08T16:26:03+00:00, 11, 10, WIN, r
110, 3, 240, 2021-02-08T16:31:07+00:00, 4, 15, LOSE, r
110, 4, 240, 2021-02-08T16:36:13+00:00, 2, 14, LOSE, r
110, 5, 240, 2021-02-08T16:41:20+00:00, 4, 16, LOSE, r
110, 6, 240, 2021-02-08T16:46:28+00:00, 4, 14, LOSE, r
110, 7, 240, 2021-02-08T16:51:32+00:00, 15, 8, WIN, r
110, 8, 240, 2021-02-08T16:56:39+00:00, 3, 14, LOSE, r
111, 1, 240, 2021-02-08T17:01:57+00:00, 5, 1, WIN, r
111, 2, 240, 2021-02-08T17:07:04+00:00, 16, 10, WIN, r
111, 3, 240, 2021-02-08T17:12:11+00:00, 2, 13, LOSE, r
111, 4, 240, 2021-02-08T17:17:18+00:00, 2, 13, LOSE, r
111, 5, 240, 2021-02-08T17:22:23+00:00, 0, 12, LOSE, r
111, 6, 240, 2021-02-08T17:27:27+00:00, 3, 9, LOSE, r
111, 7, 240, 2021-02-08T17:32:34+00:00, 4, 15, LOSE, r
111, 8, 240, 2021-02-08T17:37:39+00:00, 3, 0, WIN, r
#--> latest commit:e4eff31e4723db1e25b8c7303df9bb2763cc33d8 20210208053827 in burger_war_dev
112, 1, 240, 2021-02-08T17:44:26+00:00, 10, 4, WIN, r
112, 2, 240, 2021-02-08T17:49:30+00:00, 6, 7, LOSE, r
112, 3, 240, 2021-02-08T17:54:37+00:00, 4, 14, LOSE, r
112, 4, 240, 2021-02-08T17:59:44+00:00, 3, 16, LOSE, r
112, 5, 240, 2021-02-08T18:04:51+00:00, 13, 18, LOSE, r
112, 6, 240, 2021-02-08T18:09:55+00:00, 6, 17, LOSE, r
112, 7, 240, 2021-02-08T18:14:59+00:00, 4, 15, LOSE, r
112, 8, 240, 2021-02-08T18:20:04+00:00, 3, 3, LOSE, r
113, 1, 240, 2021-02-08T18:25:22+00:00, 3, 1, WIN, r
113, 2, 240, 2021-02-08T18:30:29+00:00, 11, 1, WIN, r
113, 3, 240, 2021-02-08T18:35:33+00:00, 2, 13, LOSE, r
113, 4, 240, 2021-02-08T18:40:37+00:00, 3, 9, LOSE, r
113, 5, 240, 2021-02-08T18:45:44+00:00, 7, 18, LOSE, r
113, 6, 240, 2021-02-08T18:50:50+00:00, 3, 14, LOSE, r
113, 7, 240, 2021-02-08T18:55:54+00:00, 6, 17, LOSE, r
113, 8, 240, 2021-02-08T19:01:02+00:00, 3, 0, WIN, r
114, 1, 240, 2021-02-08T19:06:20+00:00, 4, 2, WIN, r
114, 2, 240, 2021-02-08T19:11:26+00:00, 15, 5, WIN, r
114, 3, 240, 2021-02-08T19:16:30+00:00, 2, 13, LOSE, r
114, 4, 240, 2021-02-08T19:21:37+00:00, 5, 16, LOSE, r
114, 5, 240, 2021-02-08T19:26:44+00:00, 11, 20, LOSE, r
114, 6, 240, 2021-02-08T19:31:50+00:00, 10, 10, LOSE, r
114, 7, 240, 2021-02-08T19:36:55+00:00, 2, 12, LOSE, r
114, 8, 240, 2021-02-08T19:41:59+00:00, 2, 0, WIN, r
115, 1, 240, 2021-02-08T19:47:21+00:00, 4, 1, WIN, r
115, 2, 240, 2021-02-08T19:52:28+00:00, 13, 13, LOSE, r
115, 3, 240, 2021-02-08T19:57:34+00:00, 3, 14, LOSE, r
115, 4, 240, 2021-02-08T20:02:38+00:00, 7, 18, LOSE, r
115, 5, 240, 2021-02-08T20:07:43+00:00, 2, 14, LOSE, r
115, 6, 240, 2021-02-08T20:12:49+00:00, 0, 11, LOSE, r
115, 7, 240, 2021-02-08T20:17:54+00:00, 12, 17, LOSE, r
115, 8, 240, 2021-02-08T20:23:03+00:00, 2, 4, LOSE, r
116, 1, 240, 2021-02-08T20:28:21+00:00, 6, 12, LOSE, r
116, 2, 240, 2021-02-08T20:33:28+00:00, 0, 10, LOSE, r
116, 3, 240, 2021-02-08T20:38:32+00:00, 18, 13, WIN, r
116, 4, 240, 2021-02-08T20:43:36+00:00, 1, 12, LOSE, r
116, 5, 240, 2021-02-08T20:48:40+00:00, 8, 20, LOSE, r
116, 6, 240, 2021-02-08T20:53:47+00:00, 9, 20, LOSE, r
116, 7, 240, 2021-02-08T20:58:54+00:00, 12, 19, LOSE, r
116, 8, 240, 2021-02-08T21:04:02+00:00, 12, 2, WIN, r
117, 1, 240, 2021-02-08T21:09:24+00:00, 6, 1, WIN, r
117, 2, 240, 2021-02-08T21:14:31+00:00, 2, 12, LOSE, r
117, 3, 240, 2021-02-08T21:19:38+00:00, 2, 12, LOSE, r
117, 4, 240, 2021-02-08T21:24:42+00:00, 0, 12, LOSE, r
117, 5, 240, 2021-02-08T21:29:51+00:00, 6, 16, LOSE, r
117, 6, 240, 2021-02-08T21:34:55+00:00, 6, 5, WIN, r
117, 7, 240, 2021-02-08T21:40:02+00:00, 5, 15, LOSE, r
117, 8, 240, 2021-02-08T21:45:09+00:00, 1, 13, LOSE, r
118, 1, 240, 2021-02-08T21:50:28+00:00, 6, 1, WIN, r
118, 2, 240, 2021-02-08T21:55:32+00:00, 13, 9, WIN, r
118, 3, 240, 2021-02-08T22:00:39+00:00, 2, 13, LOSE, r
118, 4, 240, 2021-02-08T22:05:49+00:00, 2, 14, LOSE, r
118, 5, 240, 2021-02-08T22:10:55+00:00, 14, 11, WIN, r
118, 6, 240, 2021-02-08T22:16:02+00:00, 9, 19, LOSE, r
118, 7, 240, 2021-02-08T22:21:09+00:00, 3, 17, LOSE, r
118, 8, 240, 2021-02-08T22:26:16+00:00, 2, 3, LOSE, r
119, 1, 240, 2021-02-08T22:31:35+00:00, 7, 1, WIN, r
119, 2, 240, 2021-02-08T22:36:39+00:00, 2, 12, LOSE, r
119, 3, 240, 2021-02-08T22:41:47+00:00, 1, 13, LOSE, r
119, 4, 240, 2021-02-08T22:46:51+00:00, 3, 13, LOSE, r
119, 5, 240, 2021-02-08T22:51:58+00:00, 1, 14, LOSE, r
119, 6, 240, 2021-02-08T22:57:05+00:00, 4, 16, LOSE, r
119, 7, 240, 2021-02-08T23:02:12+00:00, 5, 16, LOSE, r
119, 8, 240, 2021-02-08T23:07:19+00:00, 2, 0, WIN, r
120, 1, 240, 2021-02-08T23:12:40+00:00, 6, 12, LOSE, r
120, 2, 240, 2021-02-08T23:17:46+00:00, 2, 13, LOSE, r
120, 3, 240, 2021-02-08T23:22:38+00:00, 2, 12, LOSE, r
120, 4, 240, 2021-02-08T23:27:43+00:00, 4, 14, LOSE, r
120, 5, 240, 2021-02-08T23:32:50+00:00, 12, 22, LOSE, r
120, 6, 240, 2021-02-08T23:37:55+00:00, 14, 20, LOSE, r
120, 7, 240, 2021-02-08T23:42:59+00:00, 2, 12, LOSE, r
120, 8, 240, 2021-02-08T23:48:06+00:00, 8, 3, WIN, r
121, 1, 240, 2021-02-08T23:53:24+00:00, 2, 1, WIN, r
121, 2, 240, 2021-02-08T23:58:31+00:00, 10, 13, LOSE, r
121, 3, 240, 2021-02-09T00:03:35+00:00, 8, 5, WIN, r
121, 4, 240, 2021-02-09T00:08:40+00:00, 2, 13, LOSE, r
121, 5, 240, 2021-02-09T00:13:47+00:00, 0, 10, LOSE, r
121, 6, 240, 2021-02-09T00:18:53+00:00, 0, 11, LOSE, r
121, 7, 240, 2021-02-09T00:24:00+00:00, 1, 12, LOSE, r
121, 8, 240, 2021-02-09T00:29:10+00:00, 3, 3, LOSE, r
122, 1, 240, 2021-02-09T00:34:33+00:00, 8, 4, WIN, r
122, 2, 240, 2021-02-09T00:39:40+00:00, 15, 6, WIN, r
122, 3, 240, 2021-02-09T00:44:47+00:00, 2, 12, LOSE, r
122, 4, 240, 2021-02-09T00:49:51+00:00, 1, 14, LOSE, r
122, 5, 240, 2021-02-09T00:54:58+00:00, 2, 14, LOSE, r
122, 6, 240, 2021-02-09T01:00:05+00:00, 4, 14, LOSE, r
122, 7, 240, 2021-02-09T01:05:12+00:00, 2, 12, LOSE, r
122, 8, 240, 2021-02-09T01:10:16+00:00, 4, 14, LOSE, r
123, 1, 240, 2021-02-09T01:15:36+00:00, 2, 1, WIN, r
123, 2, 240, 2021-02-09T01:20:40+00:00, 6, 5, WIN, r
123, 3, 240, 2021-02-09T01:25:44+00:00, 9, 13, LOSE, r
123, 4, 240, 2021-02-09T01:30:51+00:00, 2, 14, LOSE, r
123, 5, 240, 2021-02-09T01:35:58+00:00, 7, 17, LOSE, r
123, 6, 240, 2021-02-09T01:41:02+00:00, 11, 17, LOSE, r
123, 7, 240, 2021-02-09T01:46:07+00:00, 7, 18, LOSE, r
123, 8, 240, 2021-02-09T01:51:14+00:00, 2, 0, WIN, r
124, 1, 240, 2021-02-09T01:56:36+00:00, 3, 1, WIN, r
124, 2, 240, 2021-02-09T02:01:40+00:00, 2, 13, LOSE, r
124, 3, 240, 2021-02-09T02:06:47+00:00, 1, 11, LOSE, r
124, 4, 240, 2021-02-09T02:11:53+00:00, 3, 17, LOSE, r
124, 5, 240, 2021-02-09T02:16:57+00:00, 9, 19, LOSE, r
124, 6, 240, 2021-02-09T02:22:01+00:00, 15, 14, WIN, r
124, 7, 240, 2021-02-09T02:27:08+00:00, 8, 18, LOSE, r
124, 8, 240, 2021-02-09T02:32:15+00:00, 4, 4, LOSE, r
125, 1, 240, 2021-02-09T02:37:37+00:00, 3, 1, WIN, r
125, 2, 240, 2021-02-09T02:42:43+00:00, 10, 13, LOSE, r
125, 3, 240, 2021-02-09T02:47:50+00:00, 2, 12, LOSE, r
125, 4, 240, 2021-02-09T02:52:57+00:00, 2, 13, LOSE, r
125, 5, 240, 2021-02-09T02:58:04+00:00, 5, 16, LOSE, r
125, 6, 240, 2021-02-09T03:03:10+00:00, 2, 14, LOSE, r
125, 7, 240, 2021-02-09T03:08:14+00:00, 9, 19, LOSE, r
125, 8, 240, 2021-02-09T03:13:21+00:00, 6, 14, LOSE, r
126, 1, 240, 2021-02-09T03:18:41+00:00, 4, 1, WIN, r
126, 2, 240, 2021-02-09T03:23:47+00:00, 2, 12, LOSE, r
126, 3, 240, 2021-02-09T03:28:54+00:00, 2, 12, LOSE, r
126, 4, 240, 2021-02-09T03:33:58+00:00, 1, 11, LOSE, r
126, 5, 240, 2021-02-09T03:39:04+00:00, 4, 16, LOSE, r
126, 6, 240, 2021-02-09T03:44:08+00:00, 8, 19, LOSE, r
126, 7, 240, 2021-02-09T03:49:12+00:00, 10, 15, LOSE, r
126, 8, 240, 2021-02-09T03:54:17+00:00, 3, 0, WIN, r
127, 1, 240, 2021-02-09T03:59:36+00:00, 5, 6, LOSE, r
127, 2, 240, 2021-02-09T04:04:42+00:00, 5, 13, LOSE, r
127, 3, 240, 2021-02-09T04:09:48+00:00, 2, 12, LOSE, r
127, 4, 240, 2021-02-09T04:14:55+00:00, 2, 15, LOSE, r
127, 5, 240, 2021-02-09T04:19:59+00:00, 11, 18, LOSE, r
127, 6, 240, 2021-02-09T04:25:03+00:00, 5, 16, LOSE, r
127, 7, 240, 2021-02-09T04:30:10+00:00, 3, 14, LOSE, r
127, 8, 240, 2021-02-09T04:35:17+00:00, 3, 0, WIN, r
128, 1, 240, 2021-02-09T04:40:36+00:00, 3, 1, WIN, r
128, 2, 240, 2021-02-09T04:45:42+00:00, 11, 9, WIN, r
128, 3, 240, 2021-02-09T04:50:46+00:00, 4, 14, LOSE, r
128, 4, 240, 2021-02-09T04:55:50+00:00, 0, 14, LOSE, r
128, 5, 240, 2021-02-09T05:00:57+00:00, 1, 14, LOSE, r
128, 6, 240, 2021-02-09T05:06:01+00:00, 1, 11, LOSE, r
128, 7, 240, 2021-02-09T05:11:08+00:00, 3, 15, LOSE, r
128, 8, 240, 2021-02-09T05:16:13+00:00, 3, 3, LOSE, r
129, 1, 240, 2021-02-09T05:21:35+00:00, 5, 1, WIN, r
129, 2, 240, 2021-02-09T05:26:39+00:00, 11, 4, WIN, r
129, 3, 240, 2021-02-09T05:31:43+00:00, 2, 13, LOSE, r
129, 4, 240, 2021-02-09T05:36:47+00:00, 1, 14, LOSE, r
129, 5, 240, 2021-02-09T05:41:52+00:00, 3, 14, LOSE, r
129, 6, 240, 2021-02-09T05:46:59+00:00, 2, 14, LOSE, r
129, 7, 240, 2021-02-09T05:52:06+00:00, 4, 14, LOSE, r
129, 8, 240, 2021-02-09T05:57:13+00:00, 2, 0, WIN, r
130, 1, 240, 2021-02-09T06:02:35+00:00, 6, 4, WIN, r
130, 2, 240, 2021-02-09T06:07:39+00:00, 2, 13, LOSE, r
130, 3, 240, 2021-02-09T06:12:46+00:00, 2, 13, LOSE, r
130, 4, 240, 2021-02-09T06:17:50+00:00, 2, 14, LOSE, r
130, 5, 240, 2021-02-09T06:22:57+00:00, 12, 14, LOSE, r
130, 6, 240, 2021-02-09T06:28:05+00:00, 13, 21, LOSE, r
130, 7, 240, 2021-02-09T06:33:14+00:00, 4, 14, LOSE, r
130, 8, 240, 2021-02-09T06:38:21+00:00, 4, 0, WIN, r
131, 1, 240, 2021-02-09T06:43:42+00:00, 3, 1, WIN, r
131, 2, 240, 2021-02-09T06:48:48+00:00, 16, 9, WIN, r
131, 3, 240, 2021-02-09T06:53:54+00:00, 1, 12, LOSE, r
131, 4, 240, 2021-02-09T06:59:01+00:00, 12, 19, LOSE, r
131, 5, 240, 2021-02-09T07:04:07+00:00, 9, 19, LOSE, r
131, 6, 240, 2021-02-09T07:09:14+00:00, 14, 20, LOSE, r
131, 7, 240, 2021-02-09T07:14:20+00:00, 0, 12, LOSE, r
131, 8, 240, 2021-02-09T07:19:27+00:00, 4, 3, WIN, r
132, 1, 240, 2021-02-09T07:24:48+00:00, 8, 1, WIN, r
132, 2, 240, 2021-02-09T07:29:54+00:00, 14, 13, WIN, r
132, 3, 240, 2021-02-09T07:34:58+00:00, 2, 12, LOSE, r
132, 4, 240, 2021-02-09T07:40:05+00:00, 2, 12, LOSE, r
132, 5, 240, 2021-02-09T07:45:11+00:00, 1, 11, LOSE, r
132, 6, 240, 2021-02-09T07:50:18+00:00, 1, 11, LOSE, r
132, 7, 240, 2021-02-09T07:55:24+00:00, 3, 16, LOSE, r
132, 8, 240, 2021-02-09T08:00:31+00:00, 2, 3, LOSE, r
133, 1, 240, 2021-02-09T08:05:52+00:00, 3, 1, WIN, r
133, 2, 240, 2021-02-09T08:10:59+00:00, 9, 9, LOSE, r
133, 3, 240, 2021-02-09T08:16:05+00:00, 16, 13, WIN, r
133, 4, 240, 2021-02-09T08:21:12+00:00, 1, 11, LOSE, r
133, 5, 240, 2021-02-09T08:26:18+00:00, 2, 12, LOSE, r
133, 6, 240, 2021-02-09T08:31:22+00:00, 3, 14, LOSE, r
133, 7, 240, 2021-02-09T08:36:28+00:00, 14, 17, LOSE, r
133, 8, 240, 2021-02-09T08:41:35+00:00, 2, 0, WIN, r
134, 1, 240, 2021-02-09T08:46:53+00:00, 3, 1, WIN, r
134, 2, 240, 2021-02-09T08:52:00+00:00, 6, 13, LOSE, r
134, 3, 240, 2021-02-09T08:57:06+00:00, 8, 15, LOSE, r
134, 4, 240, 2021-02-09T09:02:13+00:00, 7, 18, LOSE, r
134, 5, 240, 2021-02-09T09:07:20+00:00, 5, 15, LOSE, r
134, 6, 240, 2021-02-09T09:12:26+00:00, 3, 14, LOSE, r
134, 7, 240, 2021-02-09T09:17:35+00:00, 1, 11, LOSE, r
134, 8, 240, 2021-02-09T09:22:42+00:00, 5, 0, WIN, r
135, 1, 240, 2021-02-09T09:28:02+00:00, 15, 12, WIN, r
135, 2, 240, 2021-02-09T09:33:08+00:00, 8, 5, WIN, r
135, 3, 240, 2021-02-09T09:38:14+00:00, 14, 4, WIN, r
135, 4, 240, 2021-02-09T09:43:21+00:00, 3, 14, LOSE, r
135, 5, 240, 2021-02-09T09:48:25+00:00, 1, 12, LOSE, r
135, 6, 240, 2021-02-09T09:53:29+00:00, 13, 13, LOSE, r
135, 7, 240, 2021-02-09T09:58:35+00:00, 2, 14, LOSE, r
135, 8, 240, 2021-02-09T10:03:45+00:00, 3, 0, WIN, r
136, 1, 240, 2021-02-09T10:09:06+00:00, 6, 1, WIN, r
136, 2, 240, 2021-02-09T10:14:12+00:00, 8, 2, WIN, r
136, 3, 240, 2021-02-09T10:19:19+00:00, 3, 13, LOSE, r
136, 4, 240, 2021-02-09T10:24:25+00:00, 1, 11, LOSE, r
136, 5, 240, 2021-02-09T10:29:32+00:00, 13, 10, WIN, r
136, 6, 240, 2021-02-09T10:34:38+00:00, 5, 15, LOSE, r
136, 7, 240, 2021-02-09T10:39:42+00:00, 2, 12, LOSE, r
136, 8, 240, 2021-02-09T10:44:49+00:00, 6, 15, LOSE, r
137, 1, 240, 2021-02-09T10:50:10+00:00, 8, 13, LOSE, r
137, 2, 240, 2021-02-09T10:55:16+00:00, 13, 13, LOSE, r
137, 3, 240, 2021-02-09T11:00:23+00:00, 2, 12, LOSE, r
137, 4, 240, 2021-02-09T11:05:29+00:00, 3, 13, LOSE, r
137, 5, 240, 2021-02-09T11:10:35+00:00, 8, 18, LOSE, r
137, 6, 240, 2021-02-09T11:15:42+00:00, 2, 12, LOSE, r
137, 7, 240, 2021-02-09T11:20:49+00:00, 2, 13, LOSE, r
137, 8, 240, 2021-02-09T11:25:56+00:00, 8, 3, WIN, r
138, 1, 240, 2021-02-09T11:31:16+00:00, 3, 1, WIN, r
138, 2, 240, 2021-02-09T11:36:23+00:00, 15, 13, WIN, r
138, 3, 240, 2021-02-09T11:41:29+00:00, 1, 12, LOSE, r
138, 4, 240, 2021-02-09T11:46:36+00:00, 2, 13, LOSE, r
138, 5, 240, 2021-02-09T11:51:42+00:00, 0, 10, LOSE, r
138, 6, 240, 2021-02-09T11:56:49+00:00, 12, 22, LOSE, r
138, 7, 240, 2021-02-09T12:01:56+00:00, 0, 11, LOSE, r
138, 8, 240, 2021-02-09T12:07:02+00:00, 3, 2, WIN, r
